TpTrace Verbose: 0 : 22364, 1, 2022/08/08, 21:30:31.919, 16807568325640, vstest.console.dll, Version: 17.2.0-release-20220408-11 Current process architecture: X64
TpTrace Information: 0 : 22364, 1, 2022/08/08, 21:30:31.930, 16807568440080, vstest.console.dll, FilePatternParser: The given file D:\Workspace\Projects\Sparky_UnitTesting\SparkyNUnitTest\bin\Debug\net6.0\fine-code-coverage\build-output\SparkyNUnitTest.dll is a full path.
TpTrace Verbose: 0 : 22364, 1, 2022/08/08, 21:30:31.943, 16807568563194, vstest.console.dll, TestPluginCache.DiscoverTestExtensions: finding test extensions in assemblies ends with: RuntimeProvider.dll TPluginInfo: Microsoft.VisualStudio.TestPlatform.Common.ExtensionFramework.Utilities.TestRuntimePluginInformation TExtension: Microsoft.VisualStudio.TestPlatform.ObjectModel.Host.ITestRuntimeProvider
TpTrace Verbose: 0 : 22364, 1, 2022/08/08, 21:30:32.027, 16807569410017, vstest.console.dll, TestPluginCache.GetExtensionPaths: Filtered extension paths: 
TpTrace Verbose: 0 : 22364, 1, 2022/08/08, 21:30:32.028, 16807569418579, vstest.console.dll, TestPluginCache.GetExtensionPaths: Added default extension paths: C:\Program Files\dotnet\sdk\6.0.302\Extensions\DumpMinitool.exe
C:\Program Files\dotnet\sdk\6.0.302\Extensions\DumpMinitool.x86.exe
C:\Program Files\dotnet\sdk\6.0.302\Extensions\Microsoft.Diagnostics.NETCore.Client.dll
C:\Program Files\dotnet\sdk\6.0.302\Extensions\Microsoft.TestPlatform.Extensions.BlameDataCollector.dll
C:\Program Files\dotnet\sdk\6.0.302\Extensions\Microsoft.TestPlatform.Extensions.EventLogCollector.dll
C:\Program Files\dotnet\sdk\6.0.302\Extensions\Microsoft.TestPlatform.TestHostRuntimeProvider.dll
C:\Program Files\dotnet\sdk\6.0.302\Extensions\Microsoft.VisualStudio.TestPlatform.Extensions.Html.TestLogger.dll
C:\Program Files\dotnet\sdk\6.0.302\Extensions\Microsoft.VisualStudio.TestPlatform.Extensions.Trx.TestLogger.dll
TpTrace Verbose: 0 : 22364, 1, 2022/08/08, 21:30:32.029, 16807569421800, vstest.console.dll, TestPluginCache.GetExtensionPaths: Added unfilterableExtensionPaths: 
TpTrace Information: 0 : 22364, 1, 2022/08/08, 21:30:32.036, 16807569494658, vstest.console.dll, AssemblyResolver.ctor: Creating AssemblyResolver with searchDirectories C:\Program Files\dotnet\sdk\6.0.302\Extensions,C:\Program Files\dotnet\sdk\6.0.302
TpTrace Verbose: 0 : 22364, 1, 2022/08/08, 21:30:32.042, 16807569556278, vstest.console.dll, TestPluginCache.DiscoverTestExtensions: Discovering the extensions using extension path.
TpTrace Verbose: 0 : 22364, 1, 2022/08/08, 21:30:32.043, 16807569567019, vstest.console.dll, TestPluginCache.GetExtensionPaths: Filtered extension paths: 
TpTrace Verbose: 0 : 22364, 1, 2022/08/08, 21:30:32.044, 16807569571855, vstest.console.dll, TestPluginCache.GetExtensionPaths: Added default extension paths: C:\Program Files\dotnet\sdk\6.0.302\Extensions\DumpMinitool.exe
C:\Program Files\dotnet\sdk\6.0.302\Extensions\DumpMinitool.x86.exe
C:\Program Files\dotnet\sdk\6.0.302\Extensions\Microsoft.Diagnostics.NETCore.Client.dll
C:\Program Files\dotnet\sdk\6.0.302\Extensions\Microsoft.TestPlatform.Extensions.BlameDataCollector.dll
C:\Program Files\dotnet\sdk\6.0.302\Extensions\Microsoft.TestPlatform.Extensions.EventLogCollector.dll
C:\Program Files\dotnet\sdk\6.0.302\Extensions\Microsoft.TestPlatform.TestHostRuntimeProvider.dll
C:\Program Files\dotnet\sdk\6.0.302\Extensions\Microsoft.VisualStudio.TestPlatform.Extensions.Html.TestLogger.dll
C:\Program Files\dotnet\sdk\6.0.302\Extensions\Microsoft.VisualStudio.TestPlatform.Extensions.Trx.TestLogger.dll
TpTrace Verbose: 0 : 22364, 1, 2022/08/08, 21:30:32.044, 16807569576173, vstest.console.dll, TestPluginCache.GetExtensionPaths: Added unfilterableExtensionPaths: 
TpTrace Verbose: 0 : 22364, 1, 2022/08/08, 21:30:32.045, 16807569582729, vstest.console.dll, TestPluginCache.DiscoverTestExtensions: Discovering the extensions using allExtensionPaths: C:\Program Files\dotnet\sdk\6.0.302\Extensions\DumpMinitool.exe
C:\Program Files\dotnet\sdk\6.0.302\Extensions\DumpMinitool.x86.exe
C:\Program Files\dotnet\sdk\6.0.302\Extensions\Microsoft.Diagnostics.NETCore.Client.dll
C:\Program Files\dotnet\sdk\6.0.302\Extensions\Microsoft.TestPlatform.Extensions.BlameDataCollector.dll
C:\Program Files\dotnet\sdk\6.0.302\Extensions\Microsoft.TestPlatform.Extensions.EventLogCollector.dll
C:\Program Files\dotnet\sdk\6.0.302\Extensions\Microsoft.TestPlatform.TestHostRuntimeProvider.dll
C:\Program Files\dotnet\sdk\6.0.302\Extensions\Microsoft.VisualStudio.TestPlatform.Extensions.Html.TestLogger.dll
C:\Program Files\dotnet\sdk\6.0.302\Extensions\Microsoft.VisualStudio.TestPlatform.Extensions.Trx.TestLogger.dll
TpTrace Information: 0 : 22364, 1, 2022/08/08, 21:30:32.092, 16807570052247, vstest.console.dll, AssemblyResolver.AddSearchDirectories: Adding more searchDirectories C:\Program Files\dotnet\sdk\6.0.302\Extensions,C:\Program Files\dotnet\sdk\6.0.302
TpTrace Information: 0 : 22364, 1, 2022/08/08, 21:30:32.092, 16807570058951, vstest.console.dll, AssemblyResolver.AddSearchDirectories: Adding more searchDirectories C:\Program Files\dotnet\sdk\6.0.302\Extensions,C:\Program Files\dotnet\sdk\6.0.302
TpTrace Information: 0 : 22364, 1, 2022/08/08, 21:30:32.093, 16807570064838, vstest.console.dll, AssemblyResolver.AddSearchDirectories: Adding more searchDirectories C:\Program Files\dotnet\sdk\6.0.302\Extensions,C:\Program Files\dotnet\sdk\6.0.302
TpTrace Information: 0 : 22364, 1, 2022/08/08, 21:30:32.093, 16807570070412, vstest.console.dll, AssemblyResolver.AddSearchDirectories: Adding more searchDirectories C:\Program Files\dotnet\sdk\6.0.302\Extensions,C:\Program Files\dotnet\sdk\6.0.302
TpTrace Information: 0 : 22364, 1, 2022/08/08, 21:30:32.094, 16807570076060, vstest.console.dll, AssemblyResolver.AddSearchDirectories: Adding more searchDirectories C:\Program Files\dotnet\sdk\6.0.302\Extensions,C:\Program Files\dotnet\sdk\6.0.302
TpTrace Information: 0 : 22364, 1, 2022/08/08, 21:30:32.094, 16807570080040, vstest.console.dll, AssemblyResolver.AddSearchDirectories: Adding more searchDirectories C:\Program Files\dotnet\sdk\6.0.302\Extensions,C:\Program Files\dotnet\sdk\6.0.302
TpTrace Information: 0 : 22364, 1, 2022/08/08, 21:30:32.095, 16807570083758, vstest.console.dll, AssemblyResolver.AddSearchDirectories: Adding more searchDirectories C:\Program Files\dotnet\sdk\6.0.302\Extensions,C:\Program Files\dotnet\sdk\6.0.302
TpTrace Information: 0 : 22364, 1, 2022/08/08, 21:30:32.095, 16807570088535, vstest.console.dll, AssemblyResolver.AddSearchDirectories: Adding more searchDirectories C:\Program Files\dotnet\sdk\6.0.302\Extensions,C:\Program Files\dotnet\sdk\6.0.302
TpTrace Information: 0 : 22364, 1, 2022/08/08, 21:30:32.097, 16807570107742, vstest.console.dll, AssemblyResolver.OnResolve: DumpMinitool: Resolving assembly.
TpTrace Information: 0 : 22364, 1, 2022/08/08, 21:30:32.098, 16807570112528, vstest.console.dll, AssemblyResolver.OnResolve: DumpMinitool: Searching in: 'C:\Program Files\dotnet\sdk\6.0.302\Extensions'.
TpTrace Information: 0 : 22364, 1, 2022/08/08, 21:30:32.098, 16807570118256, vstest.console.dll, AssemblyResolver.OnResolve: DumpMinitool: Assembly path does not exist: 'C:\Program Files\dotnet\sdk\6.0.302\Extensions\DumpMinitool.dll', returning.
TpTrace Information: 0 : 22364, 1, 2022/08/08, 21:30:32.101, 16807570146864, vstest.console.dll, AssemblyResolver.OnResolve: DumpMinitool: Loading assembly 'C:\Program Files\dotnet\sdk\6.0.302\Extensions\DumpMinitool.exe'.
TpTrace Information: 0 : 22364, 1, 2022/08/08, 21:30:32.105, 16807570181944, vstest.console.dll, AssemblyResolver.OnResolve: Resolved assembly: DumpMinitool, from path: C:\Program Files\dotnet\sdk\6.0.302\Extensions\DumpMinitool.exe
TpTrace Verbose: 0 : 22364, 1, 2022/08/08, 21:30:32.127, 16807570409804, vstest.console.dll, MetadataReaderExtensionsHelper: Discovering extensions inside assembly 'DumpMinitool, Version=15.0.0.0, Culture=neutral, PublicKeyToken=b03f5f7f11d50a3a' file path 'C:\Program Files\dotnet\sdk\6.0.302\Extensions\DumpMinitool.exe'
TpTrace Information: 0 : 22364, 1, 2022/08/08, 21:30:32.145, 16807570586776, vstest.console.dll, AssemblyResolver.OnResolve: DumpMinitool.x86: Resolving assembly.
TpTrace Information: 0 : 22364, 1, 2022/08/08, 21:30:32.145, 16807570590141, vstest.console.dll, AssemblyResolver.OnResolve: DumpMinitool.x86: Searching in: 'C:\Program Files\dotnet\sdk\6.0.302\Extensions'.
TpTrace Information: 0 : 22364, 1, 2022/08/08, 21:30:32.146, 16807570593592, vstest.console.dll, AssemblyResolver.OnResolve: DumpMinitool.x86: Assembly path does not exist: 'C:\Program Files\dotnet\sdk\6.0.302\Extensions\DumpMinitool.x86.dll', returning.
TpTrace Information: 0 : 22364, 1, 2022/08/08, 21:30:32.147, 16807570605843, vstest.console.dll, AssemblyResolver.OnResolve: DumpMinitool.x86: Loading assembly 'C:\Program Files\dotnet\sdk\6.0.302\Extensions\DumpMinitool.x86.exe'.
TpTrace Information: 0 : 22364, 1, 2022/08/08, 21:30:32.149, 16807570626907, vstest.console.dll, AssemblyResolver.OnResolve: Resolved assembly: DumpMinitool.x86, from path: C:\Program Files\dotnet\sdk\6.0.302\Extensions\DumpMinitool.x86.exe
TpTrace Verbose: 0 : 22364, 1, 2022/08/08, 21:30:32.149, 16807570629492, vstest.console.dll, MetadataReaderExtensionsHelper: Discovering extensions inside assembly 'DumpMinitool.x86, Version=15.0.0.0, Culture=neutral, PublicKeyToken=b03f5f7f11d50a3a' file path 'C:\Program Files\dotnet\sdk\6.0.302\Extensions\DumpMinitool.x86.exe'
TpTrace Information: 0 : 22364, 1, 2022/08/08, 21:30:32.151, 16807570647845, vstest.console.dll, AssemblyResolver.OnResolve: Microsoft.Diagnostics.NETCore.Client: Resolving assembly.
TpTrace Information: 0 : 22364, 1, 2022/08/08, 21:30:32.151, 16807570649562, vstest.console.dll, AssemblyResolver.OnResolve: Microsoft.Diagnostics.NETCore.Client: Searching in: 'C:\Program Files\dotnet\sdk\6.0.302\Extensions'.
TpTrace Information: 0 : 22364, 1, 2022/08/08, 21:30:32.152, 16807570659985, vstest.console.dll, AssemblyResolver.OnResolve: Microsoft.Diagnostics.NETCore.Client: Loading assembly 'C:\Program Files\dotnet\sdk\6.0.302\Extensions\Microsoft.Diagnostics.NETCore.Client.dll'.
TpTrace Information: 0 : 22364, 1, 2022/08/08, 21:30:32.154, 16807570680885, vstest.console.dll, AssemblyResolver.OnResolve: Resolved assembly: Microsoft.Diagnostics.NETCore.Client, from path: C:\Program Files\dotnet\sdk\6.0.302\Extensions\Microsoft.Diagnostics.NETCore.Client.dll
TpTrace Verbose: 0 : 22364, 1, 2022/08/08, 21:30:32.155, 16807570685968, vstest.console.dll, MetadataReaderExtensionsHelper: Discovering extensions inside assembly 'Microsoft.Diagnostics.NETCore.Client, Version=0.2.5.801, Culture=neutral, PublicKeyToken=31bf3856ad364e35' file path 'C:\Program Files\dotnet\sdk\6.0.302\Extensions\Microsoft.Diagnostics.NETCore.Client.dll'
TpTrace Information: 0 : 22364, 1, 2022/08/08, 21:30:32.175, 16807570881393, vstest.console.dll, AssemblyResolver.OnResolve: Microsoft.Bcl.AsyncInterfaces: Resolving assembly.
TpTrace Information: 0 : 22364, 1, 2022/08/08, 21:30:32.175, 16807570883303, vstest.console.dll, AssemblyResolver.OnResolve: Microsoft.Bcl.AsyncInterfaces: Searching in: 'C:\Program Files\dotnet\sdk\6.0.302\Extensions'.
TpTrace Information: 0 : 22364, 1, 2022/08/08, 21:30:32.175, 16807570885999, vstest.console.dll, AssemblyResolver.OnResolve: Microsoft.Bcl.AsyncInterfaces: Assembly path does not exist: 'C:\Program Files\dotnet\sdk\6.0.302\Extensions\Microsoft.Bcl.AsyncInterfaces.dll', returning.
TpTrace Information: 0 : 22364, 1, 2022/08/08, 21:30:32.175, 16807570888068, vstest.console.dll, AssemblyResolver.OnResolve: Microsoft.Bcl.AsyncInterfaces: Assembly path does not exist: 'C:\Program Files\dotnet\sdk\6.0.302\Extensions\Microsoft.Bcl.AsyncInterfaces.exe', returning.
TpTrace Information: 0 : 22364, 1, 2022/08/08, 21:30:32.175, 16807570888931, vstest.console.dll, AssemblyResolver.OnResolve: Microsoft.Bcl.AsyncInterfaces: Searching in: 'C:\Program Files\dotnet\sdk\6.0.302'.
TpTrace Information: 0 : 22364, 1, 2022/08/08, 21:30:32.175, 16807570890497, vstest.console.dll, AssemblyResolver.OnResolve: Microsoft.Bcl.AsyncInterfaces: Assembly path does not exist: 'C:\Program Files\dotnet\sdk\6.0.302\Microsoft.Bcl.AsyncInterfaces.dll', returning.
TpTrace Information: 0 : 22364, 1, 2022/08/08, 21:30:32.176, 16807570895232, vstest.console.dll, AssemblyResolver.OnResolve: Microsoft.Bcl.AsyncInterfaces: Assembly path does not exist: 'C:\Program Files\dotnet\sdk\6.0.302\Microsoft.Bcl.AsyncInterfaces.exe', returning.
TpTrace Information: 0 : 22364, 1, 2022/08/08, 21:30:32.176, 16807570897593, vstest.console.dll, AssemblyResolver.OnResolve: Microsoft.Bcl.AsyncInterfaces: Failed to load assembly.
TpTrace Verbose: 0 : 22364, 1, 2022/08/08, 21:30:32.176, 16807570899718, vstest.console.dll, CurrentDomainAssemblyResolve: Resolving assembly 'Microsoft.Bcl.AsyncInterfaces'.
TpTrace Information: 0 : 22364, 1, 2022/08/08, 21:30:32.177, 16807570902430, vstest.console.dll, AssemblyResolver.OnResolve: Microsoft.Bcl.AsyncInterfaces: Resolving assembly.
TpTrace Information: 0 : 22364, 1, 2022/08/08, 21:30:32.177, 16807570904148, vstest.console.dll, AssemblyResolver.OnResolve: Microsoft.Bcl.AsyncInterfaces: Resolved from cache.
TpTrace Verbose: 0 : 22364, 1, 2022/08/08, 21:30:32.177, 16807570905814, vstest.console.dll, CurrentDomainAssemblyResolve: Resolving assembly 'Microsoft.Bcl.AsyncInterfaces'.
TpTrace Verbose: 0 : 22364, 1, 2022/08/08, 21:30:32.177, 16807570907880, vstest.console.dll, CurrentDomainAssemblyResolve: Failed to resolve assembly 'Microsoft.Bcl.AsyncInterfaces'.
TpTrace Verbose: 0 : 22364, 1, 2022/08/08, 21:30:32.179, 16807570922039, vstest.console.dll, CurrentDomainAssemblyResolve: Failed to resolve assembly 'Microsoft.Bcl.AsyncInterfaces'.
TpTrace Warning: 0 : 22364, 1, 2022/08/08, 21:30:32.214, 16807571271643, vstest.console.dll, TestPluginDiscoverer: Failed to get types from assembly 'Microsoft.Diagnostics.NETCore.Client, Version=0.2.5.801, Culture=neutral, PublicKeyToken=31bf3856ad364e35'. Error: System.Reflection.ReflectionTypeLoadException: Unable to load one or more of the requested types.
Could not load file or assembly 'Microsoft.Bcl.AsyncInterfaces, Version=1.0.0.0, Culture=neutral, PublicKeyToken=cc7b13ffcd2ddd51'. The system cannot find the file specified.
   at System.Reflection.RuntimeModule.GetTypes(RuntimeModule module)
   at System.Reflection.Assembly.GetTypes()
   at Microsoft.VisualStudio.TestPlatform.Common.ExtensionFramework.TestPluginDiscoverer.GetTestExtensionsFromAssembly[TPluginInfo,TExtension](Assembly assembly, Dictionary`2 pluginInfos, String filePath)
System.IO.FileNotFoundException: Could not load file or assembly 'Microsoft.Bcl.AsyncInterfaces, Version=1.0.0.0, Culture=neutral, PublicKeyToken=cc7b13ffcd2ddd51'. The system cannot find the file specified.
File name: 'Microsoft.Bcl.AsyncInterfaces, Version=1.0.0.0, Culture=neutral, PublicKeyToken=cc7b13ffcd2ddd51'
 ---> System.IO.FileNotFoundException: Could not load file or assembly 'Microsoft.Bcl.AsyncInterfaces, Culture=neutral, PublicKeyToken=null'. The system cannot find the file specified.
File name: 'Microsoft.Bcl.AsyncInterfaces, Culture=neutral, PublicKeyToken=null'
   at System.Reflection.RuntimeAssembly.InternalLoad(ObjectHandleOnStack assemblyName, ObjectHandleOnStack requestingAssembly, StackCrawlMarkHandle stackMark, Boolean throwOnFileNotFound, ObjectHandleOnStack assemblyLoadContext, ObjectHandleOnStack retAssembly)
   at System.Reflection.RuntimeAssembly.InternalLoad(AssemblyName assemblyName, RuntimeAssembly requestingAssembly, StackCrawlMark& stackMark, Boolean throwOnFileNotFound, AssemblyLoadContext assemblyLoadContext)
   at System.Reflection.Assembly.Load(AssemblyName assemblyRef)
   at Microsoft.VisualStudio.TestPlatform.Common.ExtensionFramework.TestPluginCache.CurrentDomainAssemblyResolve(Object sender, AssemblyResolveEventArgs args)
   at Microsoft.VisualStudio.TestPlatform.PlatformAbstractions.PlatformAssemblyResolver.AssemblyResolverEvent(Object sender, Object eventArgs)
   at System.Runtime.Loader.AssemblyLoadContext.GetFirstResolvedAssemblyFromResolvingEvent(AssemblyName assemblyName)
   at System.Runtime.Loader.AssemblyLoadContext.ResolveUsingEvent(AssemblyName assemblyName)
   at System.Runtime.Loader.AssemblyLoadContext.ResolveUsingResolvingEvent(IntPtr gchManagedAssemblyLoadContext, AssemblyName assemblyName)
TpTrace Warning: 0 : 22364, 1, 2022/08/08, 21:30:32.214, 16807571278817, vstest.console.dll, LoaderExceptions: System.IO.FileNotFoundException: Could not load file or assembly 'Microsoft.Bcl.AsyncInterfaces, Version=1.0.0.0, Culture=neutral, PublicKeyToken=cc7b13ffcd2ddd51'. The system cannot find the file specified.
File name: 'Microsoft.Bcl.AsyncInterfaces, Version=1.0.0.0, Culture=neutral, PublicKeyToken=cc7b13ffcd2ddd51'
 ---> System.IO.FileNotFoundException: Could not load file or assembly 'Microsoft.Bcl.AsyncInterfaces, Culture=neutral, PublicKeyToken=null'. The system cannot find the file specified.
File name: 'Microsoft.Bcl.AsyncInterfaces, Culture=neutral, PublicKeyToken=null'
   at System.Reflection.RuntimeAssembly.InternalLoad(ObjectHandleOnStack assemblyName, ObjectHandleOnStack requestingAssembly, StackCrawlMarkHandle stackMark, Boolean throwOnFileNotFound, ObjectHandleOnStack assemblyLoadContext, ObjectHandleOnStack retAssembly)
   at System.Reflection.RuntimeAssembly.InternalLoad(AssemblyName assemblyName, RuntimeAssembly requestingAssembly, StackCrawlMark& stackMark, Boolean throwOnFileNotFound, AssemblyLoadContext assemblyLoadContext)
   at System.Reflection.Assembly.Load(AssemblyName assemblyRef)
   at Microsoft.VisualStudio.TestPlatform.Common.ExtensionFramework.TestPluginCache.CurrentDomainAssemblyResolve(Object sender, AssemblyResolveEventArgs args)
   at Microsoft.VisualStudio.TestPlatform.PlatformAbstractions.PlatformAssemblyResolver.AssemblyResolverEvent(Object sender, Object eventArgs)
   at System.Runtime.Loader.AssemblyLoadContext.GetFirstResolvedAssemblyFromResolvingEvent(AssemblyName assemblyName)
   at System.Runtime.Loader.AssemblyLoadContext.ResolveUsingEvent(AssemblyName assemblyName)
   at System.Runtime.Loader.AssemblyLoadContext.ResolveUsingResolvingEvent(IntPtr gchManagedAssemblyLoadContext, AssemblyName assemblyName)
TpTrace Information: 0 : 22364, 1, 2022/08/08, 21:30:32.215, 16807571281611, vstest.console.dll, AssemblyResolver.OnResolve: Microsoft.TestPlatform.Extensions.BlameDataCollector: Resolving assembly.
TpTrace Information: 0 : 22364, 1, 2022/08/08, 21:30:32.215, 16807571282649, vstest.console.dll, AssemblyResolver.OnResolve: Microsoft.TestPlatform.Extensions.BlameDataCollector: Searching in: 'C:\Program Files\dotnet\sdk\6.0.302\Extensions'.
TpTrace Information: 0 : 22364, 1, 2022/08/08, 21:30:32.216, 16807571294530, vstest.console.dll, AssemblyResolver.OnResolve: Microsoft.TestPlatform.Extensions.BlameDataCollector: Loading assembly 'C:\Program Files\dotnet\sdk\6.0.302\Extensions\Microsoft.TestPlatform.Extensions.BlameDataCollector.dll'.
TpTrace Information: 0 : 22364, 1, 2022/08/08, 21:30:32.218, 16807571314087, vstest.console.dll, AssemblyResolver.OnResolve: Resolved assembly: Microsoft.TestPlatform.Extensions.BlameDataCollector, from path: C:\Program Files\dotnet\sdk\6.0.302\Extensions\Microsoft.TestPlatform.Extensions.BlameDataCollector.dll
TpTrace Verbose: 0 : 22364, 1, 2022/08/08, 21:30:32.218, 16807571316663, vstest.console.dll, MetadataReaderExtensionsHelper: Discovering extensions inside assembly 'Microsoft.TestPlatform.Extensions.BlameDataCollector, Version=15.0.0.0, Culture=neutral, PublicKeyToken=b03f5f7f11d50a3a' file path 'C:\Program Files\dotnet\sdk\6.0.302\Extensions\Microsoft.TestPlatform.Extensions.BlameDataCollector.dll'
TpTrace Information: 0 : 22364, 1, 2022/08/08, 21:30:32.222, 16807571353893, vstest.console.dll, AssemblyResolver.OnResolve: Microsoft.TestPlatform.Extensions.EventLogCollector: Resolving assembly.
TpTrace Information: 0 : 22364, 1, 2022/08/08, 21:30:32.222, 16807571355260, vstest.console.dll, AssemblyResolver.OnResolve: Microsoft.TestPlatform.Extensions.EventLogCollector: Searching in: 'C:\Program Files\dotnet\sdk\6.0.302\Extensions'.
TpTrace Information: 0 : 22364, 1, 2022/08/08, 21:30:32.223, 16807571363755, vstest.console.dll, AssemblyResolver.OnResolve: Microsoft.TestPlatform.Extensions.EventLogCollector: Loading assembly 'C:\Program Files\dotnet\sdk\6.0.302\Extensions\Microsoft.TestPlatform.Extensions.EventLogCollector.dll'.
TpTrace Information: 0 : 22364, 1, 2022/08/08, 21:30:32.224, 16807571376331, vstest.console.dll, AssemblyResolver.OnResolve: Resolved assembly: Microsoft.TestPlatform.Extensions.EventLogCollector, from path: C:\Program Files\dotnet\sdk\6.0.302\Extensions\Microsoft.TestPlatform.Extensions.EventLogCollector.dll
TpTrace Verbose: 0 : 22364, 1, 2022/08/08, 21:30:32.224, 16807571378374, vstest.console.dll, MetadataReaderExtensionsHelper: Discovering extensions inside assembly 'Microsoft.TestPlatform.Extensions.EventLogCollector, Version=15.0.0.0, Culture=neutral, PublicKeyToken=b03f5f7f11d50a3a' file path 'C:\Program Files\dotnet\sdk\6.0.302\Extensions\Microsoft.TestPlatform.Extensions.EventLogCollector.dll'
TpTrace Information: 0 : 22364, 1, 2022/08/08, 21:30:32.226, 16807571398699, vstest.console.dll, AssemblyResolver.OnResolve: Microsoft.TestPlatform.TestHostRuntimeProvider: Resolving assembly.
TpTrace Information: 0 : 22364, 1, 2022/08/08, 21:30:32.226, 16807571400447, vstest.console.dll, AssemblyResolver.OnResolve: Microsoft.TestPlatform.TestHostRuntimeProvider: Searching in: 'C:\Program Files\dotnet\sdk\6.0.302\Extensions'.
TpTrace Information: 0 : 22364, 1, 2022/08/08, 21:30:32.227, 16807571409947, vstest.console.dll, AssemblyResolver.OnResolve: Microsoft.TestPlatform.TestHostRuntimeProvider: Loading assembly 'C:\Program Files\dotnet\sdk\6.0.302\Extensions\Microsoft.TestPlatform.TestHostRuntimeProvider.dll'.
TpTrace Information: 0 : 22364, 1, 2022/08/08, 21:30:32.229, 16807571423312, vstest.console.dll, AssemblyResolver.OnResolve: Resolved assembly: Microsoft.TestPlatform.TestHostRuntimeProvider, from path: C:\Program Files\dotnet\sdk\6.0.302\Extensions\Microsoft.TestPlatform.TestHostRuntimeProvider.dll
TpTrace Verbose: 0 : 22364, 1, 2022/08/08, 21:30:32.229, 16807571425315, vstest.console.dll, MetadataReaderExtensionsHelper: Discovering extensions inside assembly 'Microsoft.TestPlatform.TestHostRuntimeProvider, Version=15.0.0.0, Culture=neutral, PublicKeyToken=b03f5f7f11d50a3a' file path 'C:\Program Files\dotnet\sdk\6.0.302\Extensions\Microsoft.TestPlatform.TestHostRuntimeProvider.dll'
TpTrace Information: 0 : 22364, 1, 2022/08/08, 21:30:32.232, 16807571456767, vstest.console.dll, GetTestExtensionFromType: Register extension with identifier data 'HostProvider://DefaultTestHost' and type 'Microsoft.VisualStudio.TestPlatform.CrossPlatEngine.Hosting.DefaultTestHostManager, Microsoft.TestPlatform.TestHostRuntimeProvider, Version=15.0.0.0, Culture=neutral, PublicKeyToken=b03f5f7f11d50a3a' inside file 'C:\Program Files\dotnet\sdk\6.0.302\Extensions\Microsoft.TestPlatform.TestHostRuntimeProvider.dll'
TpTrace Information: 0 : 22364, 1, 2022/08/08, 21:30:32.232, 16807571459053, vstest.console.dll, GetTestExtensionFromType: Register extension with identifier data 'HostProvider://DotnetTestHost' and type 'Microsoft.VisualStudio.TestPlatform.CrossPlatEngine.Hosting.DotnetTestHostManager, Microsoft.TestPlatform.TestHostRuntimeProvider, Version=15.0.0.0, Culture=neutral, PublicKeyToken=b03f5f7f11d50a3a' inside file 'C:\Program Files\dotnet\sdk\6.0.302\Extensions\Microsoft.TestPlatform.TestHostRuntimeProvider.dll'
TpTrace Information: 0 : 22364, 1, 2022/08/08, 21:30:32.232, 16807571460379, vstest.console.dll, AssemblyResolver.OnResolve: Microsoft.VisualStudio.TestPlatform.Extensions.Html.TestLogger: Resolving assembly.
TpTrace Information: 0 : 22364, 1, 2022/08/08, 21:30:32.232, 16807571461009, vstest.console.dll, AssemblyResolver.OnResolve: Microsoft.VisualStudio.TestPlatform.Extensions.Html.TestLogger: Searching in: 'C:\Program Files\dotnet\sdk\6.0.302\Extensions'.
TpTrace Information: 0 : 22364, 1, 2022/08/08, 21:30:32.233, 16807571470443, vstest.console.dll, AssemblyResolver.OnResolve: Microsoft.VisualStudio.TestPlatform.Extensions.Html.TestLogger: Loading assembly 'C:\Program Files\dotnet\sdk\6.0.302\Extensions\Microsoft.VisualStudio.TestPlatform.Extensions.Html.TestLogger.dll'.
TpTrace Information: 0 : 22364, 1, 2022/08/08, 21:30:32.235, 16807571488430, vstest.console.dll, AssemblyResolver.OnResolve: Resolved assembly: Microsoft.VisualStudio.TestPlatform.Extensions.Html.TestLogger, from path: C:\Program Files\dotnet\sdk\6.0.302\Extensions\Microsoft.VisualStudio.TestPlatform.Extensions.Html.TestLogger.dll
TpTrace Verbose: 0 : 22364, 1, 2022/08/08, 21:30:32.235, 16807571490417, vstest.console.dll, MetadataReaderExtensionsHelper: Discovering extensions inside assembly 'Microsoft.VisualStudio.TestPlatform.Extensions.Html.TestLogger, Version=15.0.0.0, Culture=neutral, PublicKeyToken=b03f5f7f11d50a3a' file path 'C:\Program Files\dotnet\sdk\6.0.302\Extensions\Microsoft.VisualStudio.TestPlatform.Extensions.Html.TestLogger.dll'
TpTrace Information: 0 : 22364, 1, 2022/08/08, 21:30:32.237, 16807571504474, vstest.console.dll, AssemblyResolver.OnResolve: Microsoft.VisualStudio.TestPlatform.Extensions.Trx.TestLogger: Resolving assembly.
TpTrace Information: 0 : 22364, 1, 2022/08/08, 21:30:32.237, 16807571505638, vstest.console.dll, AssemblyResolver.OnResolve: Microsoft.VisualStudio.TestPlatform.Extensions.Trx.TestLogger: Searching in: 'C:\Program Files\dotnet\sdk\6.0.302\Extensions'.
TpTrace Information: 0 : 22364, 1, 2022/08/08, 21:30:32.238, 16807571513629, vstest.console.dll, AssemblyResolver.OnResolve: Microsoft.VisualStudio.TestPlatform.Extensions.Trx.TestLogger: Loading assembly 'C:\Program Files\dotnet\sdk\6.0.302\Extensions\Microsoft.VisualStudio.TestPlatform.Extensions.Trx.TestLogger.dll'.
TpTrace Information: 0 : 22364, 1, 2022/08/08, 21:30:32.239, 16807571530694, vstest.console.dll, AssemblyResolver.OnResolve: Resolved assembly: Microsoft.VisualStudio.TestPlatform.Extensions.Trx.TestLogger, from path: C:\Program Files\dotnet\sdk\6.0.302\Extensions\Microsoft.VisualStudio.TestPlatform.Extensions.Trx.TestLogger.dll
TpTrace Verbose: 0 : 22364, 1, 2022/08/08, 21:30:32.240, 16807571533238, vstest.console.dll, MetadataReaderExtensionsHelper: Discovering extensions inside assembly 'Microsoft.VisualStudio.TestPlatform.Extensions.Trx.TestLogger, Version=15.0.0.0, Culture=neutral, PublicKeyToken=b03f5f7f11d50a3a' file path 'C:\Program Files\dotnet\sdk\6.0.302\Extensions\Microsoft.VisualStudio.TestPlatform.Extensions.Trx.TestLogger.dll'
TpTrace Verbose: 0 : 22364, 1, 2022/08/08, 21:30:32.242, 16807571551975, vstest.console.dll, TestPluginCache: Discovered the extensions using extension path ''.
TpTrace Verbose: 0 : 22364, 1, 2022/08/08, 21:30:32.242, 16807571553196, vstest.console.dll, TestPluginCache: Discoverers are ''.
TpTrace Verbose: 0 : 22364, 1, 2022/08/08, 21:30:32.242, 16807571553771, vstest.console.dll, TestPluginCache: Executors are ''.
TpTrace Verbose: 0 : 22364, 1, 2022/08/08, 21:30:32.242, 16807571554170, vstest.console.dll, TestPluginCache: Executors2 are ''.
TpTrace Verbose: 0 : 22364, 1, 2022/08/08, 21:30:32.242, 16807571554562, vstest.console.dll, TestPluginCache: Setting providers are ''.
TpTrace Verbose: 0 : 22364, 1, 2022/08/08, 21:30:32.242, 16807571554951, vstest.console.dll, TestPluginCache: Loggers are ''.
TpTrace Verbose: 0 : 22364, 1, 2022/08/08, 21:30:32.242, 16807571557620, vstest.console.dll, TestPluginCache: TestHosts are 'HostProvider://DefaultTestHost,HostProvider://DotnetTestHost'.
TpTrace Verbose: 0 : 22364, 1, 2022/08/08, 21:30:32.242, 16807571558252, vstest.console.dll, TestPluginCache: DataCollectors are ''.
TpTrace Information: 0 : 22364, 1, 2022/08/08, 21:30:32.260, 16807571737173, vstest.console.dll, RunTestsArgumentProcessor:Execute: Test run is starting.
TpTrace Verbose: 0 : 22364, 1, 2022/08/08, 21:30:32.260, 16807571738264, vstest.console.dll, RunTestsArgumentProcessor:Execute: Queuing Test run.
TpTrace Information: 0 : 22364, 1, 2022/08/08, 21:30:32.260, 16807571741013, vstest.console.dll, TestRequestManager.RunTests: run tests started.
TpTrace Information: 0 : 22364, 1, 2022/08/08, 21:30:32.265, 16807571786026, vstest.console.dll, AssemblyMetadataProvider.GetFrameWork: Determined framework:'.NETCoreApp,Version=v6.0' for source: 'D:\Workspace\Projects\Sparky_UnitTesting\SparkyNUnitTest\bin\Debug\net6.0\fine-code-coverage\build-output\SparkyNUnitTest.dll'
TpTrace Information: 0 : 22364, 1, 2022/08/08, 21:30:32.265, 16807571788679, vstest.console.dll, Determined framework for all sources: .NETCoreApp,Version=v6.0
TpTrace Verbose: 0 : 22364, 1, 2022/08/08, 21:30:32.266, 16807571794786, vstest.console.dll, TestRequestManager.UpdateRunSettingsIfRequired: Default architecture: X64 IsDefaultTargetArchitecture: True, Current process architecture: X64 OperatingSystem: Windows.
TpTrace Information: 0 : 22364, 1, 2022/08/08, 21:30:32.267, 16807571803233, vstest.console.dll, AssemblyMetadataProvider.GetArchitecture: Determined architecture:AnyCPU info for assembly: D:\Workspace\Projects\Sparky_UnitTesting\SparkyNUnitTest\bin\Debug\net6.0\fine-code-coverage\build-output\SparkyNUnitTest.dll
TpTrace Information: 0 : 22364, 1, 2022/08/08, 21:30:32.267, 16807571806150, vstest.console.dll, Determined platform for source 'D:\Workspace\Projects\Sparky_UnitTesting\SparkyNUnitTest\bin\Debug\net6.0\fine-code-coverage\build-output\SparkyNUnitTest.dll' is 'AnyCPU'
TpTrace Information: 0 : 22364, 1, 2022/08/08, 21:30:32.270, 16807571839104, vstest.console.dll, Determined platform for all sources: X64
TpTrace Information: 0 : 22364, 1, 2022/08/08, 21:30:32.270, 16807571840639, vstest.console.dll, Infered platform 'X64'.
TpTrace Information: 0 : 22364, 1, 2022/08/08, 21:30:32.271, 16807571841502, vstest.console.dll, Platform update to 'X64' required.
TpTrace Information: 0 : 22364, 1, 2022/08/08, 21:30:32.275, 16807571888773, vstest.console.dll, Compatible sources list: 
TpTrace Information: 0 : 22364, 1, 2022/08/08, 21:30:32.275, 16807571890496, vstest.console.dll, D:\Workspace\Projects\Sparky_UnitTesting\SparkyNUnitTest\bin\Debug\net6.0\fine-code-coverage\build-output\SparkyNUnitTest.dll
TpTrace Information: 0 : 22364, 1, 2022/08/08, 21:30:32.280, 16807571936428, vstest.console.dll, InferRunSettingsHelper.IsTestSettingsEnabled: Unable to navigate to RunSettings/MSTest. Current node: RunSettings
TpTrace Information: 0 : 22364, 1, 2022/08/08, 21:30:32.281, 16807571950021, vstest.console.dll, AssemblyResolver.OnResolve: Microsoft.VisualStudio.TestPlatform.Fakes: Resolving assembly.
TpTrace Information: 0 : 22364, 1, 2022/08/08, 21:30:32.282, 16807571951512, vstest.console.dll, AssemblyResolver.OnResolve: Microsoft.VisualStudio.TestPlatform.Fakes: Searching in: 'C:\Program Files\dotnet\sdk\6.0.302\Extensions'.
TpTrace Information: 0 : 22364, 1, 2022/08/08, 21:30:32.282, 16807571953518, vstest.console.dll, AssemblyResolver.OnResolve: Microsoft.VisualStudio.TestPlatform.Fakes: Assembly path does not exist: 'C:\Program Files\dotnet\sdk\6.0.302\Extensions\Microsoft.VisualStudio.TestPlatform.Fakes.dll', returning.
TpTrace Information: 0 : 22364, 1, 2022/08/08, 21:30:32.282, 16807571955051, vstest.console.dll, AssemblyResolver.OnResolve: Microsoft.VisualStudio.TestPlatform.Fakes: Assembly path does not exist: 'C:\Program Files\dotnet\sdk\6.0.302\Extensions\Microsoft.VisualStudio.TestPlatform.Fakes.exe', returning.
TpTrace Information: 0 : 22364, 1, 2022/08/08, 21:30:32.282, 16807571955821, vstest.console.dll, AssemblyResolver.OnResolve: Microsoft.VisualStudio.TestPlatform.Fakes: Searching in: 'C:\Program Files\dotnet\sdk\6.0.302'.
TpTrace Information: 0 : 22364, 1, 2022/08/08, 21:30:32.282, 16807571957185, vstest.console.dll, AssemblyResolver.OnResolve: Microsoft.VisualStudio.TestPlatform.Fakes: Assembly path does not exist: 'C:\Program Files\dotnet\sdk\6.0.302\Microsoft.VisualStudio.TestPlatform.Fakes.dll', returning.
TpTrace Information: 0 : 22364, 1, 2022/08/08, 21:30:32.283, 16807571961462, vstest.console.dll, AssemblyResolver.OnResolve: Microsoft.VisualStudio.TestPlatform.Fakes: Assembly path does not exist: 'C:\Program Files\dotnet\sdk\6.0.302\Microsoft.VisualStudio.TestPlatform.Fakes.exe', returning.
TpTrace Information: 0 : 22364, 1, 2022/08/08, 21:30:32.283, 16807571962448, vstest.console.dll, AssemblyResolver.OnResolve: Microsoft.VisualStudio.TestPlatform.Fakes: Failed to load assembly.
TpTrace Information: 0 : 22364, 1, 2022/08/08, 21:30:32.283, 16807571967657, vstest.console.dll, Failed to load assembly Microsoft.VisualStudio.TestPlatform.Fakes, Version=17.0.0.0, Culture=neutral. Reason:System.IO.FileNotFoundException: Could not load file or assembly 'Microsoft.VisualStudio.TestPlatform.Fakes, Version=17.0.0.0, Culture=neutral, PublicKeyToken=null'. The system cannot find the file specified.
File name: 'Microsoft.VisualStudio.TestPlatform.Fakes, Version=17.0.0.0, Culture=neutral, PublicKeyToken=null'
   at System.Reflection.RuntimeAssembly.InternalLoad(ObjectHandleOnStack assemblyName, ObjectHandleOnStack requestingAssembly, StackCrawlMarkHandle stackMark, Boolean throwOnFileNotFound, ObjectHandleOnStack assemblyLoadContext, ObjectHandleOnStack retAssembly)
   at System.Reflection.RuntimeAssembly.InternalLoad(AssemblyName assemblyName, RuntimeAssembly requestingAssembly, StackCrawlMark& stackMark, Boolean throwOnFileNotFound, AssemblyLoadContext assemblyLoadContext)
   at System.Reflection.Assembly.Load(AssemblyName assemblyRef)
   at Microsoft.VisualStudio.TestPlatform.Common.Utilities.FakesUtilities.LoadTestPlatformAssembly()
TpTrace Verbose: 0 : 22364, 1, 2022/08/08, 21:30:32.292, 16807572054153, vstest.console.dll, TestPluginCache.DiscoverTestExtensions: finding test extensions in assemblies ends with: TestLogger.dll TPluginInfo: Microsoft.VisualStudio.TestPlatform.Common.ExtensionFramework.Utilities.TestLoggerPluginInformation TExtension: Microsoft.VisualStudio.TestPlatform.ObjectModel.Client.ITestLogger
TpTrace Verbose: 0 : 22364, 1, 2022/08/08, 21:30:32.292, 16807572056501, vstest.console.dll, TestPluginCache.GetExtensionPaths: Filtered extension paths: 
TpTrace Verbose: 0 : 22364, 1, 2022/08/08, 21:30:32.292, 16807572057534, vstest.console.dll, TestPluginCache.GetExtensionPaths: Added default extension paths: C:\Program Files\dotnet\sdk\6.0.302\Extensions\DumpMinitool.exe
C:\Program Files\dotnet\sdk\6.0.302\Extensions\DumpMinitool.x86.exe
C:\Program Files\dotnet\sdk\6.0.302\Extensions\Microsoft.Diagnostics.NETCore.Client.dll
C:\Program Files\dotnet\sdk\6.0.302\Extensions\Microsoft.TestPlatform.Extensions.BlameDataCollector.dll
C:\Program Files\dotnet\sdk\6.0.302\Extensions\Microsoft.TestPlatform.Extensions.EventLogCollector.dll
C:\Program Files\dotnet\sdk\6.0.302\Extensions\Microsoft.TestPlatform.TestHostRuntimeProvider.dll
C:\Program Files\dotnet\sdk\6.0.302\Extensions\Microsoft.VisualStudio.TestPlatform.Extensions.Html.TestLogger.dll
C:\Program Files\dotnet\sdk\6.0.302\Extensions\Microsoft.VisualStudio.TestPlatform.Extensions.Trx.TestLogger.dll
TpTrace Verbose: 0 : 22364, 1, 2022/08/08, 21:30:32.292, 16807572058470, vstest.console.dll, TestPluginCache.GetExtensionPaths: Added unfilterableExtensionPaths: 
TpTrace Information: 0 : 22364, 1, 2022/08/08, 21:30:32.293, 16807572061896, vstest.console.dll, AssemblyResolver.AddSearchDirectories: Adding more searchDirectories C:\Program Files\dotnet\sdk\6.0.302\Extensions,C:\Program Files\dotnet\sdk\6.0.302
TpTrace Verbose: 0 : 22364, 1, 2022/08/08, 21:30:32.293, 16807572063041, vstest.console.dll, TestPluginCache.DiscoverTestExtensions: Discovering the extensions using extension path.
TpTrace Verbose: 0 : 22364, 1, 2022/08/08, 21:30:32.293, 16807572064032, vstest.console.dll, TestPluginCache.GetExtensionPaths: Filtered extension paths: 
TpTrace Verbose: 0 : 22364, 1, 2022/08/08, 21:30:32.293, 16807572064938, vstest.console.dll, TestPluginCache.GetExtensionPaths: Added default extension paths: C:\Program Files\dotnet\sdk\6.0.302\Extensions\DumpMinitool.exe
C:\Program Files\dotnet\sdk\6.0.302\Extensions\DumpMinitool.x86.exe
C:\Program Files\dotnet\sdk\6.0.302\Extensions\Microsoft.Diagnostics.NETCore.Client.dll
C:\Program Files\dotnet\sdk\6.0.302\Extensions\Microsoft.TestPlatform.Extensions.BlameDataCollector.dll
C:\Program Files\dotnet\sdk\6.0.302\Extensions\Microsoft.TestPlatform.Extensions.EventLogCollector.dll
C:\Program Files\dotnet\sdk\6.0.302\Extensions\Microsoft.TestPlatform.TestHostRuntimeProvider.dll
C:\Program Files\dotnet\sdk\6.0.302\Extensions\Microsoft.VisualStudio.TestPlatform.Extensions.Html.TestLogger.dll
C:\Program Files\dotnet\sdk\6.0.302\Extensions\Microsoft.VisualStudio.TestPlatform.Extensions.Trx.TestLogger.dll
TpTrace Verbose: 0 : 22364, 1, 2022/08/08, 21:30:32.293, 16807572066191, vstest.console.dll, TestPluginCache.GetExtensionPaths: Added unfilterableExtensionPaths: 
TpTrace Verbose: 0 : 22364, 1, 2022/08/08, 21:30:32.293, 16807572067194, vstest.console.dll, TestPluginCache.DiscoverTestExtensions: Discovering the extensions using allExtensionPaths: C:\Program Files\dotnet\sdk\6.0.302\Extensions\DumpMinitool.exe
C:\Program Files\dotnet\sdk\6.0.302\Extensions\DumpMinitool.x86.exe
C:\Program Files\dotnet\sdk\6.0.302\Extensions\Microsoft.Diagnostics.NETCore.Client.dll
C:\Program Files\dotnet\sdk\6.0.302\Extensions\Microsoft.TestPlatform.Extensions.BlameDataCollector.dll
C:\Program Files\dotnet\sdk\6.0.302\Extensions\Microsoft.TestPlatform.Extensions.EventLogCollector.dll
C:\Program Files\dotnet\sdk\6.0.302\Extensions\Microsoft.TestPlatform.TestHostRuntimeProvider.dll
C:\Program Files\dotnet\sdk\6.0.302\Extensions\Microsoft.VisualStudio.TestPlatform.Extensions.Html.TestLogger.dll
C:\Program Files\dotnet\sdk\6.0.302\Extensions\Microsoft.VisualStudio.TestPlatform.Extensions.Trx.TestLogger.dll
TpTrace Information: 0 : 22364, 1, 2022/08/08, 21:30:32.293, 16807572068485, vstest.console.dll, AssemblyResolver.AddSearchDirectories: Adding more searchDirectories C:\Program Files\dotnet\sdk\6.0.302\Extensions,C:\Program Files\dotnet\sdk\6.0.302
TpTrace Information: 0 : 22364, 1, 2022/08/08, 21:30:32.293, 16807572069463, vstest.console.dll, AssemblyResolver.AddSearchDirectories: Adding more searchDirectories C:\Program Files\dotnet\sdk\6.0.302\Extensions,C:\Program Files\dotnet\sdk\6.0.302
TpTrace Information: 0 : 22364, 1, 2022/08/08, 21:30:32.293, 16807572070357, vstest.console.dll, AssemblyResolver.AddSearchDirectories: Adding more searchDirectories C:\Program Files\dotnet\sdk\6.0.302\Extensions,C:\Program Files\dotnet\sdk\6.0.302
TpTrace Information: 0 : 22364, 1, 2022/08/08, 21:30:32.294, 16807572071248, vstest.console.dll, AssemblyResolver.AddSearchDirectories: Adding more searchDirectories C:\Program Files\dotnet\sdk\6.0.302\Extensions,C:\Program Files\dotnet\sdk\6.0.302
TpTrace Information: 0 : 22364, 1, 2022/08/08, 21:30:32.294, 16807572072152, vstest.console.dll, AssemblyResolver.AddSearchDirectories: Adding more searchDirectories C:\Program Files\dotnet\sdk\6.0.302\Extensions,C:\Program Files\dotnet\sdk\6.0.302
TpTrace Information: 0 : 22364, 1, 2022/08/08, 21:30:32.294, 16807572072908, vstest.console.dll, AssemblyResolver.AddSearchDirectories: Adding more searchDirectories C:\Program Files\dotnet\sdk\6.0.302\Extensions,C:\Program Files\dotnet\sdk\6.0.302
TpTrace Information: 0 : 22364, 1, 2022/08/08, 21:30:32.294, 16807572073794, vstest.console.dll, AssemblyResolver.AddSearchDirectories: Adding more searchDirectories C:\Program Files\dotnet\sdk\6.0.302\Extensions,C:\Program Files\dotnet\sdk\6.0.302
TpTrace Information: 0 : 22364, 1, 2022/08/08, 21:30:32.294, 16807572074670, vstest.console.dll, AssemblyResolver.AddSearchDirectories: Adding more searchDirectories C:\Program Files\dotnet\sdk\6.0.302\Extensions,C:\Program Files\dotnet\sdk\6.0.302
TpTrace Verbose: 0 : 22364, 1, 2022/08/08, 21:30:32.294, 16807572078601, vstest.console.dll, MetadataReaderExtensionsHelper: Discovering extensions inside assembly 'DumpMinitool, Version=15.0.0.0, Culture=neutral, PublicKeyToken=b03f5f7f11d50a3a' file path 'C:\Program Files\dotnet\sdk\6.0.302\Extensions\DumpMinitool.exe'
TpTrace Verbose: 0 : 22364, 1, 2022/08/08, 21:30:32.295, 16807572089799, vstest.console.dll, MetadataReaderExtensionsHelper: Discovering extensions inside assembly 'DumpMinitool.x86, Version=15.0.0.0, Culture=neutral, PublicKeyToken=b03f5f7f11d50a3a' file path 'C:\Program Files\dotnet\sdk\6.0.302\Extensions\DumpMinitool.x86.exe'
TpTrace Verbose: 0 : 22364, 1, 2022/08/08, 21:30:32.296, 16807572099919, vstest.console.dll, MetadataReaderExtensionsHelper: Discovering extensions inside assembly 'Microsoft.Diagnostics.NETCore.Client, Version=0.2.5.801, Culture=neutral, PublicKeyToken=31bf3856ad364e35' file path 'C:\Program Files\dotnet\sdk\6.0.302\Extensions\Microsoft.Diagnostics.NETCore.Client.dll'
TpTrace Information: 0 : 22364, 1, 2022/08/08, 21:30:32.298, 16807572111532, vstest.console.dll, AssemblyResolver.OnResolve: Microsoft.Bcl.AsyncInterfaces: Resolving assembly.
TpTrace Information: 0 : 22364, 1, 2022/08/08, 21:30:32.298, 16807572112953, vstest.console.dll, AssemblyResolver.OnResolve: Microsoft.Bcl.AsyncInterfaces: Resolved from cache.
TpTrace Verbose: 0 : 22364, 1, 2022/08/08, 21:30:32.298, 16807572113799, vstest.console.dll, CurrentDomainAssemblyResolve: Resolving assembly 'Microsoft.Bcl.AsyncInterfaces'.
TpTrace Information: 0 : 22364, 1, 2022/08/08, 21:30:32.298, 16807572114966, vstest.console.dll, AssemblyResolver.OnResolve: Microsoft.Bcl.AsyncInterfaces: Resolving assembly.
TpTrace Information: 0 : 22364, 1, 2022/08/08, 21:30:32.298, 16807572115938, vstest.console.dll, AssemblyResolver.OnResolve: Microsoft.Bcl.AsyncInterfaces: Resolved from cache.
TpTrace Verbose: 0 : 22364, 1, 2022/08/08, 21:30:32.298, 16807572116691, vstest.console.dll, CurrentDomainAssemblyResolve: Resolving assembly 'Microsoft.Bcl.AsyncInterfaces'.
TpTrace Verbose: 0 : 22364, 1, 2022/08/08, 21:30:32.298, 16807572117419, vstest.console.dll, CurrentDomainAssemblyResolve: Failed to resolve assembly 'Microsoft.Bcl.AsyncInterfaces'.
TpTrace Verbose: 0 : 22364, 1, 2022/08/08, 21:30:32.298, 16807572120874, vstest.console.dll, CurrentDomainAssemblyResolve: Failed to resolve assembly 'Microsoft.Bcl.AsyncInterfaces'.
TpTrace Warning: 0 : 22364, 1, 2022/08/08, 21:30:32.300, 16807572132643, vstest.console.dll, TestPluginDiscoverer: Failed to get types from assembly 'Microsoft.Diagnostics.NETCore.Client, Version=0.2.5.801, Culture=neutral, PublicKeyToken=31bf3856ad364e35'. Error: System.Reflection.ReflectionTypeLoadException: Unable to load one or more of the requested types.
Could not load file or assembly 'Microsoft.Bcl.AsyncInterfaces, Version=1.0.0.0, Culture=neutral, PublicKeyToken=cc7b13ffcd2ddd51'. The system cannot find the file specified.
   at System.Reflection.RuntimeModule.GetTypes(RuntimeModule module)
   at System.Reflection.Assembly.GetTypes()
   at Microsoft.VisualStudio.TestPlatform.Common.ExtensionFramework.TestPluginDiscoverer.GetTestExtensionsFromAssembly[TPluginInfo,TExtension](Assembly assembly, Dictionary`2 pluginInfos, String filePath)
System.IO.FileNotFoundException: Could not load file or assembly 'Microsoft.Bcl.AsyncInterfaces, Version=1.0.0.0, Culture=neutral, PublicKeyToken=cc7b13ffcd2ddd51'. The system cannot find the file specified.
File name: 'Microsoft.Bcl.AsyncInterfaces, Version=1.0.0.0, Culture=neutral, PublicKeyToken=cc7b13ffcd2ddd51'
 ---> System.IO.FileNotFoundException: Could not load file or assembly 'Microsoft.Bcl.AsyncInterfaces, Culture=neutral, PublicKeyToken=null'. The system cannot find the file specified.
File name: 'Microsoft.Bcl.AsyncInterfaces, Culture=neutral, PublicKeyToken=null'
   at System.Reflection.RuntimeAssembly.InternalLoad(ObjectHandleOnStack assemblyName, ObjectHandleOnStack requestingAssembly, StackCrawlMarkHandle stackMark, Boolean throwOnFileNotFound, ObjectHandleOnStack assemblyLoadContext, ObjectHandleOnStack retAssembly)
   at System.Reflection.RuntimeAssembly.InternalLoad(AssemblyName assemblyName, RuntimeAssembly requestingAssembly, StackCrawlMark& stackMark, Boolean throwOnFileNotFound, AssemblyLoadContext assemblyLoadContext)
   at System.Reflection.Assembly.Load(AssemblyName assemblyRef)
   at Microsoft.VisualStudio.TestPlatform.Common.ExtensionFramework.TestPluginCache.CurrentDomainAssemblyResolve(Object sender, AssemblyResolveEventArgs args)
   at Microsoft.VisualStudio.TestPlatform.PlatformAbstractions.PlatformAssemblyResolver.AssemblyResolverEvent(Object sender, Object eventArgs)
   at System.Runtime.Loader.AssemblyLoadContext.GetFirstResolvedAssemblyFromResolvingEvent(AssemblyName assemblyName)
   at System.Runtime.Loader.AssemblyLoadContext.ResolveUsingEvent(AssemblyName assemblyName)
   at System.Runtime.Loader.AssemblyLoadContext.ResolveUsingResolvingEvent(IntPtr gchManagedAssemblyLoadContext, AssemblyName assemblyName)
TpTrace Warning: 0 : 22364, 1, 2022/08/08, 21:30:32.300, 16807572138402, vstest.console.dll, LoaderExceptions: System.IO.FileNotFoundException: Could not load file or assembly 'Microsoft.Bcl.AsyncInterfaces, Version=1.0.0.0, Culture=neutral, PublicKeyToken=cc7b13ffcd2ddd51'. The system cannot find the file specified.
File name: 'Microsoft.Bcl.AsyncInterfaces, Version=1.0.0.0, Culture=neutral, PublicKeyToken=cc7b13ffcd2ddd51'
 ---> System.IO.FileNotFoundException: Could not load file or assembly 'Microsoft.Bcl.AsyncInterfaces, Culture=neutral, PublicKeyToken=null'. The system cannot find the file specified.
File name: 'Microsoft.Bcl.AsyncInterfaces, Culture=neutral, PublicKeyToken=null'
   at System.Reflection.RuntimeAssembly.InternalLoad(ObjectHandleOnStack assemblyName, ObjectHandleOnStack requestingAssembly, StackCrawlMarkHandle stackMark, Boolean throwOnFileNotFound, ObjectHandleOnStack assemblyLoadContext, ObjectHandleOnStack retAssembly)
   at System.Reflection.RuntimeAssembly.InternalLoad(AssemblyName assemblyName, RuntimeAssembly requestingAssembly, StackCrawlMark& stackMark, Boolean throwOnFileNotFound, AssemblyLoadContext assemblyLoadContext)
   at System.Reflection.Assembly.Load(AssemblyName assemblyRef)
   at Microsoft.VisualStudio.TestPlatform.Common.ExtensionFramework.TestPluginCache.CurrentDomainAssemblyResolve(Object sender, AssemblyResolveEventArgs args)
   at Microsoft.VisualStudio.TestPlatform.PlatformAbstractions.PlatformAssemblyResolver.AssemblyResolverEvent(Object sender, Object eventArgs)
   at System.Runtime.Loader.AssemblyLoadContext.GetFirstResolvedAssemblyFromResolvingEvent(AssemblyName assemblyName)
   at System.Runtime.Loader.AssemblyLoadContext.ResolveUsingEvent(AssemblyName assemblyName)
   at System.Runtime.Loader.AssemblyLoadContext.ResolveUsingResolvingEvent(IntPtr gchManagedAssemblyLoadContext, AssemblyName assemblyName)
TpTrace Verbose: 0 : 22364, 1, 2022/08/08, 21:30:32.301, 16807572141222, vstest.console.dll, MetadataReaderExtensionsHelper: Discovering extensions inside assembly 'Microsoft.TestPlatform.Extensions.BlameDataCollector, Version=15.0.0.0, Culture=neutral, PublicKeyToken=b03f5f7f11d50a3a' file path 'C:\Program Files\dotnet\sdk\6.0.302\Extensions\Microsoft.TestPlatform.Extensions.BlameDataCollector.dll'
TpTrace Information: 0 : 22364, 1, 2022/08/08, 21:30:32.302, 16807572152217, vstest.console.dll, GetTestExtensionFromType: Register extension with identifier data 'logger://Microsoft/TestPlatform/Extensions/Blame/v1' and type 'Microsoft.TestPlatform.Extensions.BlameDataCollector.BlameLogger, Microsoft.TestPlatform.Extensions.BlameDataCollector, Version=15.0.0.0, Culture=neutral, PublicKeyToken=b03f5f7f11d50a3a' inside file 'C:\Program Files\dotnet\sdk\6.0.302\Extensions\Microsoft.TestPlatform.Extensions.BlameDataCollector.dll'
TpTrace Verbose: 0 : 22364, 1, 2022/08/08, 21:30:32.302, 16807572153466, vstest.console.dll, MetadataReaderExtensionsHelper: Discovering extensions inside assembly 'Microsoft.TestPlatform.Extensions.EventLogCollector, Version=15.0.0.0, Culture=neutral, PublicKeyToken=b03f5f7f11d50a3a' file path 'C:\Program Files\dotnet\sdk\6.0.302\Extensions\Microsoft.TestPlatform.Extensions.EventLogCollector.dll'
TpTrace Verbose: 0 : 22364, 1, 2022/08/08, 21:30:32.303, 16807572162065, vstest.console.dll, MetadataReaderExtensionsHelper: Discovering extensions inside assembly 'Microsoft.TestPlatform.TestHostRuntimeProvider, Version=15.0.0.0, Culture=neutral, PublicKeyToken=b03f5f7f11d50a3a' file path 'C:\Program Files\dotnet\sdk\6.0.302\Extensions\Microsoft.TestPlatform.TestHostRuntimeProvider.dll'
TpTrace Verbose: 0 : 22364, 1, 2022/08/08, 21:30:32.303, 16807572170854, vstest.console.dll, MetadataReaderExtensionsHelper: Discovering extensions inside assembly 'Microsoft.VisualStudio.TestPlatform.Extensions.Html.TestLogger, Version=15.0.0.0, Culture=neutral, PublicKeyToken=b03f5f7f11d50a3a' file path 'C:\Program Files\dotnet\sdk\6.0.302\Extensions\Microsoft.VisualStudio.TestPlatform.Extensions.Html.TestLogger.dll'
TpTrace Information: 0 : 22364, 1, 2022/08/08, 21:30:32.304, 16807572179446, vstest.console.dll, GetTestExtensionFromType: Register extension with identifier data 'logger://Microsoft/TestPlatform/HtmlLogger/v1' and type 'Microsoft.VisualStudio.TestPlatform.Extensions.HtmlLogger.HtmlLogger, Microsoft.VisualStudio.TestPlatform.Extensions.Html.TestLogger, Version=15.0.0.0, Culture=neutral, PublicKeyToken=b03f5f7f11d50a3a' inside file 'C:\Program Files\dotnet\sdk\6.0.302\Extensions\Microsoft.VisualStudio.TestPlatform.Extensions.Html.TestLogger.dll'
TpTrace Verbose: 0 : 22364, 1, 2022/08/08, 21:30:32.304, 16807572180710, vstest.console.dll, MetadataReaderExtensionsHelper: Discovering extensions inside assembly 'Microsoft.VisualStudio.TestPlatform.Extensions.Trx.TestLogger, Version=15.0.0.0, Culture=neutral, PublicKeyToken=b03f5f7f11d50a3a' file path 'C:\Program Files\dotnet\sdk\6.0.302\Extensions\Microsoft.VisualStudio.TestPlatform.Extensions.Trx.TestLogger.dll'
TpTrace Information: 0 : 22364, 1, 2022/08/08, 21:30:32.305, 16807572189227, vstest.console.dll, GetTestExtensionFromType: Register extension with identifier data 'logger://Microsoft/TestPlatform/TrxLogger/v1' and type 'Microsoft.VisualStudio.TestPlatform.Extensions.TrxLogger.TrxLogger, Microsoft.VisualStudio.TestPlatform.Extensions.Trx.TestLogger, Version=15.0.0.0, Culture=neutral, PublicKeyToken=b03f5f7f11d50a3a' inside file 'C:\Program Files\dotnet\sdk\6.0.302\Extensions\Microsoft.VisualStudio.TestPlatform.Extensions.Trx.TestLogger.dll'
TpTrace Verbose: 0 : 22364, 1, 2022/08/08, 21:30:32.305, 16807572190620, vstest.console.dll, TestPluginCache: Discovered the extensions using extension path ''.
TpTrace Verbose: 0 : 22364, 1, 2022/08/08, 21:30:32.305, 16807572191152, vstest.console.dll, TestPluginCache: Discoverers are ''.
TpTrace Verbose: 0 : 22364, 1, 2022/08/08, 21:30:32.306, 16807572191549, vstest.console.dll, TestPluginCache: Executors are ''.
TpTrace Verbose: 0 : 22364, 1, 2022/08/08, 21:30:32.306, 16807572191953, vstest.console.dll, TestPluginCache: Executors2 are ''.
TpTrace Verbose: 0 : 22364, 1, 2022/08/08, 21:30:32.306, 16807572192752, vstest.console.dll, TestPluginCache: Setting providers are ''.
TpTrace Verbose: 0 : 22364, 1, 2022/08/08, 21:30:32.306, 16807572193859, vstest.console.dll, TestPluginCache: Loggers are 'logger://Microsoft/TestPlatform/Extensions/Blame/v1,logger://Microsoft/TestPlatform/HtmlLogger/v1,logger://Microsoft/TestPlatform/TrxLogger/v1'.
TpTrace Verbose: 0 : 22364, 1, 2022/08/08, 21:30:32.306, 16807572194613, vstest.console.dll, TestPluginCache: TestHosts are 'HostProvider://DefaultTestHost,HostProvider://DotnetTestHost'.
TpTrace Verbose: 0 : 22364, 1, 2022/08/08, 21:30:32.306, 16807572195060, vstest.console.dll, TestPluginCache: DataCollectors are ''.
TpTrace Information: 0 : 22364, 1, 2022/08/08, 21:30:32.307, 16807572205681, vstest.console.dll, TestPluginManager.CreateTestExtension: Attempting to load test extension: Microsoft.TestPlatform.Extensions.BlameDataCollector.BlameLogger
TpTrace Information: 0 : 22364, 1, 2022/08/08, 21:30:32.316, 16807572292729, vstest.console.dll, TestPluginManager.CreateTestExtension: Attempting to load test extension: Microsoft.VisualStudio.TestPlatform.CrossPlatEngine.Hosting.DefaultTestHostManager
TpTrace Information: 0 : 22364, 1, 2022/08/08, 21:30:32.317, 16807572309028, vstest.console.dll, TestPluginManager.CreateTestExtension: Attempting to load test extension: Microsoft.VisualStudio.TestPlatform.CrossPlatEngine.Hosting.DotnetTestHostManager
TpTrace Verbose: 0 : 22364, 1, 2022/08/08, 21:30:32.318, 16807572316445, vstest.console.dll, TestEngine: Initializing Parallel Execution as MaxCpuCount is set to: 1
TpTrace Information: 0 : 22364, 1, 2022/08/08, 21:30:32.319, 16807572322849, vstest.console.dll, InferRunSettingsHelper.IsTestSettingsEnabled: Unable to navigate to RunSettings/MSTest. Current node: RunSettings
TpTrace Verbose: 0 : 22364, 1, 2022/08/08, 21:30:32.320, 16807572338934, vstest.console.dll, TestRequestSender is acting as server.
TpTrace Verbose: 0 : 22364, 1, 2022/08/08, 21:30:32.322, 16807572355187, vstest.console.dll, TestEngine.GetExecutionManager: Chosen execution manager 'Microsoft.VisualStudio.TestPlatform.CrossPlatEngine.Client.Parallel.ParallelProxyExecutionManager, Microsoft.TestPlatform.CrossPlatEngine, Version=15.0.0.0, Culture=neutral, PublicKeyToken=b03f5f7f11d50a3a' ParallelLevel '1' Shared host 'False'
TpTrace Verbose: 0 : 22364, 5, 2022/08/08, 21:30:32.326, 16807572395173, vstest.console.dll, DataCollectionRequestSender.InitializeCommunication : Initialize communication. 
TpTrace Information: 0 : 22364, 5, 2022/08/08, 21:30:32.336, 16807572492539, vstest.console.dll, Listening on Endpoint : 127.0.0.1:57557
TpTrace Verbose: 0 : 22364, 5, 2022/08/08, 21:30:32.346, 16807572597562, vstest.console.dll, DotnetDataCollectionLauncher: Full path of dotnet.exe is C:\Program Files\dotnet\dotnet.exe
TpTrace Verbose: 0 : 22364, 5, 2022/08/08, 21:30:32.346, 16807572600271, vstest.console.dll, DotnetDataCollectionLauncher: Adding  --runtimeconfig "C:\Program Files\dotnet\sdk\6.0.302\datacollector.runtimeconfig.json" in args
TpTrace Verbose: 0 : 22364, 5, 2022/08/08, 21:30:32.347, 16807572601462, vstest.console.dll, DotnetDataCollectionLauncher: Adding  --depsfile "C:\Program Files\dotnet\sdk\6.0.302\datacollector.deps.json" in args
TpTrace Information: 0 : 22364, 5, 2022/08/08, 21:30:32.360, 16807572734535, vstest.console.dll, ProxyDataCollectionManager.Initialize: Launched datacollector processId: 9672 port: 57557
TpTrace Information: 0 : 22364, 5, 2022/08/08, 21:30:32.360, 16807572738255, vstest.console.dll, ProxyDataCollectionManager.Initialize: waiting for connection with timeout: 90 seconds
TpTrace Verbose: 0 : 22364, 5, 2022/08/08, 21:30:32.360, 16807572740252, vstest.console.dll, DataCollectionRequestSender.WaitForRequestHandlerConnection : Waiting for connection with timeout: 90000
TpTrace Information: 0 : 22364, 8, 2022/08/08, 21:30:32.948, 16807578619251, vstest.console.dll, Using the buffer size of 16384 bytes
TpTrace Verbose: 0 : 22364, 5, 2022/08/08, 21:30:32.948, 16807578619502, vstest.console.dll, SocketCommunicationManager.WaitForClientConnection took: 587 ms, with 90000 ms timeout, and finished with True.
TpTrace Information: 0 : 22364, 8, 2022/08/08, 21:30:32.948, 16807578620839, vstest.console.dll, Accepted Client request and set the flag
TpTrace Verbose: 0 : 22364, 5, 2022/08/08, 21:30:32.949, 16807578622707, vstest.console.dll, ProxyDataCollectionManager.InvokeDataCollectionServiceAction: Starting.
TpTrace Information: 0 : 22364, 5, 2022/08/08, 21:30:32.949, 16807578624302, vstest.console.dll, ProxyDataCollectionManager.BeforeTestRunStart: Get environment variable and port for datacollector processId: 9672 port: 57557
TpTrace Verbose: 0 : 22364, 5, 2022/08/08, 21:30:32.949, 16807578626611, vstest.console.dll, DataCollectionRequestSender.SendBeforeTestRunStartAndGetResult: Send BeforeTestRunStart message with settingsXml <RunSettings><RunConfiguration><ResultsDirectory>D:\Workspace\Projects\Sparky_UnitTesting\SparkyNUnitTest\bin\Debug\net6.0\fine-code-coverage\coverage-tool-output</ResultsDirectory><TargetPlatform>X64</TargetPlatform><TargetFrameworkVersion>.NETCoreApp,Version=v6.0</TargetFrameworkVersion><DesignMode>False</DesignMode><CollectSourceInformation>False</CollectSourceInformation><TestAdaptersPaths>C:\Program Files\dotnet\sdk\6.0.302\Extensions</TestAdaptersPaths></RunConfiguration><LoggerRunSettings><Loggers><Logger friendlyName="blame" enabled="True" /><Logger friendlyName="Console" uri="logger://microsoft/TestPlatform/ConsoleLogger/v1" assemblyQualifiedName="Microsoft.VisualStudio.TestPlatform.CommandLine.Internal.ConsoleLogger, vstest.console, Version=15.0.0.0, Culture=neutral, PublicKeyToken=b03f5f7f11d50a3a" codeBase="C:\Program Files\dotnet\sdk\6.0.302\vstest.console.dll" enabled="True" /></Loggers></LoggerRunSettings><DataCollectionRunSettings><DataCollectors><DataCollector friendlyName="blame" enabled="True"><Configuration><ResultsDirectory>D:\Workspace\Projects\Sparky_UnitTesting\SparkyNUnitTest\bin\Debug\net6.0\fine-code-coverage\coverage-tool-output</ResultsDirectory></Configuration></DataCollector></DataCollectors></DataCollectionRunSettings></RunSettings> and sources System.Linq.Enumerable+Concat2Iterator`1[System.String]: 
TpTrace Verbose: 0 : 22364, 5, 2022/08/08, 21:30:33.088, 16807580019472, vstest.console.dll, DataCollectionRequestSender.SendBeforeTestRunStartAndGetResult: Received message: (DataCollection.SendMessage) -> {
  "FriendlyName": null,
  "Uri": null,
  "TestCaseId": "00000000-0000-0000-0000-000000000000",
  "Message": "Logging DataCollector Diagnostics in file: D:\\Workspace\\Projects\\Sparky_UnitTesting\\SparkyNUnitTest\\bin\\Debug\\net6.0\\fine-code-coverage\\coverage-tool-output\\diagnostics.datacollector.22-08-08_21-30-32_34602_5.log",
  "Level": 0
}
TpTrace Verbose: 0 : 22364, 5, 2022/08/08, 21:30:33.257, 16807581702122, vstest.console.dll, DataCollectionRequestSender.SendBeforeTestRunStartAndGetResult: Received message: (DataCollection.BeforeTestRunStartResult) -> {
  "EnvironmentVariables": {},
  "DataCollectionEventsPort": 57560
}
TpTrace Information: 0 : 22364, 5, 2022/08/08, 21:30:33.266, 16807581796405, vstest.console.dll, ProxyDataCollectionManager.BeforeTestRunStart: SendBeforeTestRunStartAndGetResult successful, env variable from datacollector:   and testhost port: 57560
TpTrace Information: 0 : 22364, 5, 2022/08/08, 21:30:33.266, 16807581798871, vstest.console.dll, ProxyDataCollectionManager.InvokeDataCollectionServiceAction: Completed.
TpTrace Verbose: 0 : 22364, 1, 2022/08/08, 21:30:33.267, 16807581801535, vstest.console.dll, TestRunRequest.ExecuteAsync: Creating test run request.
TpTrace Verbose: 0 : 22364, 1, 2022/08/08, 21:30:33.267, 16807581807350, vstest.console.dll, TestRunRequest.ExecuteAsync: Starting.
TpTrace Information: 0 : 22364, 1, 2022/08/08, 21:30:33.268, 16807581815790, vstest.console.dll, TestRunRequest.ExecuteAsync: Starting run with settings:TestRunCriteria:
   KeepAlive=False,FrequencyOfRunStatsChangeEvent=10,RunStatsChangeEventTimeout=00:00:01.5000000,TestCaseFilter=,TestExecutorLauncher=
   Settingsxml=<RunSettings>
  <RunConfiguration>
    <ResultsDirectory>D:\Workspace\Projects\Sparky_UnitTesting\SparkyNUnitTest\bin\Debug\net6.0\fine-code-coverage\coverage-tool-output</ResultsDirectory>
    <TargetPlatform>X64</TargetPlatform>
    <TargetFrameworkVersion>.NETCoreApp,Version=v6.0</TargetFrameworkVersion>
    <DesignMode>False</DesignMode>
    <CollectSourceInformation>False</CollectSourceInformation>
  </RunConfiguration>
  <LoggerRunSettings>
    <Loggers>
      <Logger friendlyName="blame" enabled="True" />
      <Logger friendlyName="Console" uri="logger://microsoft/TestPlatform/ConsoleLogger/v1" assemblyQualifiedName="Microsoft.VisualStudio.TestPlatform.CommandLine.Internal.ConsoleLogger, vstest.console, Version=15.0.0.0, Culture=neutral, PublicKeyToken=b03f5f7f11d50a3a" codeBase="C:\Program Files\dotnet\sdk\6.0.302\vstest.console.dll" enabled="True" />
    </Loggers>
  </LoggerRunSettings>
  <DataCollectionRunSettings>
    <DataCollectors>
      <DataCollector friendlyName="blame" enabled="True">
        <Configuration>
          <ResultsDirectory>D:\Workspace\Projects\Sparky_UnitTesting\SparkyNUnitTest\bin\Debug\net6.0\fine-code-coverage\coverage-tool-output</ResultsDirectory>
        </Configuration>
      </DataCollector>
    </DataCollectors>
  </DataCollectionRunSettings>
</RunSettings>

TpTrace Verbose: 0 : 22364, 1, 2022/08/08, 21:30:33.268, 16807581817275, vstest.console.dll, TestRunRequest.ExecuteAsync: Wait for the first run request is over.
TpTrace Verbose: 0 : 22364, 1, 2022/08/08, 21:30:33.269, 16807581823515, vstest.console.dll, MulticastDelegateUtilities.SafeInvoke: TestRun.TestRunStart: Invoking callbacks was skipped because there are no subscribers.
TpTrace Verbose: 0 : 22364, 1, 2022/08/08, 21:30:33.269, 16807581827616, vstest.console.dll, ParallelProxyExecutionManager: Start execution. Total sources: 1
TpTrace Verbose: 0 : 22364, 4, 2022/08/08, 21:30:33.269, 16807581827647, vstest.console.dll, MulticastDelegateUtilities.SafeInvoke: InternalTestLoggerEvents.SendTestRunStart: Invoking callback 1/1 for Microsoft.VisualStudio.TestPlatform.CommandLine.Internal.ConsoleLogger.TestRunStartHandler, took 0 ms.
TpTrace Information: 0 : 22364, 1, 2022/08/08, 21:30:33.271, 16807581842783, vstest.console.dll, ProxyParallelExecutionManager: Triggering test run for next source: D:\Workspace\Projects\Sparky_UnitTesting\SparkyNUnitTest\bin\Debug\net6.0\fine-code-coverage\build-output\SparkyNUnitTest.dll
TpTrace Verbose: 0 : 22364, 5, 2022/08/08, 21:30:33.271, 16807581845966, vstest.console.dll, ParallelProxyExecutionManager: Execution started. Started clients: 1
TpTrace Verbose: 0 : 22364, 1, 2022/08/08, 21:30:33.271, 16807581846952, vstest.console.dll, ProxyParallelExecutionManager: No sources available for execution.
TpTrace Information: 0 : 22364, 1, 2022/08/08, 21:30:33.271, 16807581848632, vstest.console.dll, TestRunRequest.ExecuteAsync: Started.
TpTrace Verbose: 0 : 22364, 1, 2022/08/08, 21:30:33.271, 16807581850343, vstest.console.dll, TestRunRequest.WaitForCompletion: Waiting with timeout -1.
TpTrace Verbose: 0 : 22364, 5, 2022/08/08, 21:30:33.272, 16807581853216, vstest.console.dll, TestRunRequest:SendTestRunMessage: Starting.
TpTrace Verbose: 0 : 22364, 4, 2022/08/08, 21:30:33.272, 16807581856148, vstest.console.dll, MulticastDelegateUtilities.SafeInvoke: InternalTestLoggerEvents.SendTestRunMessage: Invoking callback 1/1 for Microsoft.VisualStudio.TestPlatform.CommandLine.Internal.ConsoleLogger.TestMessageHandler, took 0 ms.
TpTrace Verbose: 0 : 22364, 5, 2022/08/08, 21:30:33.272, 16807581856151, vstest.console.dll, MulticastDelegateUtilities.SafeInvoke: TestRun.LogMessages: Invoking callback 1/1 for Microsoft.VisualStudio.TestPlatform.CommandLine.TestRunResultAggregator.TestRunMessageHandler, took 0 ms.
TpTrace Information: 0 : 22364, 5, 2022/08/08, 21:30:33.272, 16807581858794, vstest.console.dll, TestRunRequest:SendTestRunMessage: Completed.
TpTrace Verbose: 0 : 22364, 5, 2022/08/08, 21:30:33.273, 16807581864330, vstest.console.dll, ProxyExecutionManager: Test host is always Lazy initialize.
TpTrace Verbose: 0 : 22364, 5, 2022/08/08, 21:30:33.273, 16807581869763, vstest.console.dll, TestRequestSender.InitializeCommunication: initialize communication. 
TpTrace Information: 0 : 22364, 5, 2022/08/08, 21:30:33.275, 16807581882176, vstest.console.dll, SocketServer.Start: Listening on endpoint : 127.0.0.1:57561
TpTrace Verbose: 0 : 22364, 5, 2022/08/08, 21:30:33.276, 16807581898521, vstest.console.dll, DotnetTestHostmanager.GetTestHostProcessStartInfo: Platform environment 'X64' target architecture 'X64' framework '.NETCoreApp,Version=v6.0' OS 'Windows'
TpTrace Verbose: 0 : 22364, 5, 2022/08/08, 21:30:33.277, 16807581903173, vstest.console.dll, DotnetTestHostmanager: Adding  --runtimeconfig "D:\Workspace\Projects\Sparky_UnitTesting\SparkyNUnitTest\bin\Debug\net6.0\fine-code-coverage\build-output\SparkyNUnitTest.runtimeconfig.json" in args
TpTrace Verbose: 0 : 22364, 5, 2022/08/08, 21:30:33.277, 16807581904931, vstest.console.dll, DotnetTestHostmanager: Adding  --depsfile "D:\Workspace\Projects\Sparky_UnitTesting\SparkyNUnitTest\bin\Debug\net6.0\fine-code-coverage\build-output\SparkyNUnitTest.deps.json" in args
TpTrace Verbose: 0 : 22364, 5, 2022/08/08, 21:30:33.278, 16807581912856, vstest.console.dll, DotnetTestHostmanager.IsWinOnArm: Current PROCESSOR_ARCHITECTURE from environment variable 'AMD64'
TpTrace Verbose: 0 : 22364, 5, 2022/08/08, 21:30:33.278, 16807581915572, vstest.console.dll, DotnetTestHostmanager.IsWinOnArm: Is Windows on ARM 'False'
TpTrace Verbose: 0 : 22364, 5, 2022/08/08, 21:30:33.278, 16807581917317, vstest.console.dll, DotnetTestHostManager: testhost.exe found at path: D:\Workspace\Projects\Sparky_UnitTesting\SparkyNUnitTest\bin\Debug\net6.0\fine-code-coverage\build-output\testhost.exe
TpTrace Verbose: 0 : 22364, 5, 2022/08/08, 21:30:33.278, 16807581918556, vstest.console.dll, DotnetTestHostmanager: Full path of host exe is D:\Workspace\Projects\Sparky_UnitTesting\SparkyNUnitTest\bin\Debug\net6.0\fine-code-coverage\build-output\testhost.exe
TpTrace Verbose: 0 : 22364, 5, 2022/08/08, 21:30:33.279, 16807581921731, vstest.console.dll, DotnetTestHostmanager.LaunchTestHostAsync: Found 'VSTEST_WINAPPHOST_DOTNET_ROOT' in env variables, value 'C:\Program Files\dotnet', forwarding to 'DOTNET_ROOT'
TpTrace Verbose: 0 : 22364, 7, 2022/08/08, 21:30:33.280, 16807581933442, vstest.console.dll, DotnetTestHostManager: Starting process 'D:\Workspace\Projects\Sparky_UnitTesting\SparkyNUnitTest\bin\Debug\net6.0\fine-code-coverage\build-output\testhost.exe' with command line ' --runtimeconfig "D:\Workspace\Projects\Sparky_UnitTesting\SparkyNUnitTest\bin\Debug\net6.0\fine-code-coverage\build-output\SparkyNUnitTest.runtimeconfig.json" --depsfile "D:\Workspace\Projects\Sparky_UnitTesting\SparkyNUnitTest\bin\Debug\net6.0\fine-code-coverage\build-output\SparkyNUnitTest.deps.json" --port 57561 --endpoint 127.0.0.1:057561 --role client --parentprocessid 22364 --diag "D:\Workspace\Projects\Sparky_UnitTesting\SparkyNUnitTest\bin\Debug\net6.0\fine-code-coverage\coverage-tool-output\diagnostics.host.22-08-08_21-30-33_27598_5.log" --tracelevel 4 --datacollectionport 57560 --telemetryoptedin false'
TpTrace Verbose: 0 : 22364, 7, 2022/08/08, 21:30:33.452, 16807583655568, vstest.console.dll, MulticastDelegateUtilities.SafeInvoke: HostProviderEvents.OnHostLaunched: Invoking callback 1/2 for Microsoft.VisualStudio.TestPlatform.CrossPlatEngine.Client.ProxyExecutionManagerWithDataCollection.TestHostLaunchedHandler, took 3 ms.
TpTrace Verbose: 0 : 22364, 7, 2022/08/08, 21:30:33.452, 16807583657745, vstest.console.dll, Test Runtime launched
TpTrace Verbose: 0 : 22364, 7, 2022/08/08, 21:30:33.452, 16807583659251, vstest.console.dll, MulticastDelegateUtilities.SafeInvoke: HostProviderEvents.OnHostLaunched: Invoking callback 2/2 for Microsoft.VisualStudio.TestPlatform.CrossPlatEngine.Client.ProxyOperationManager.TestHostManagerHostLaunched, took 0 ms.
TpTrace Verbose: 0 : 22364, 5, 2022/08/08, 21:30:33.453, 16807583669181, vstest.console.dll, TestRequestSender.WaitForRequestHandlerConnection: waiting for connection with timeout: 90000.
TpTrace Verbose: 0 : 22364, 5, 2022/08/08, 21:30:34.132, 16807590458394, vstest.console.dll, TestRequestSender.WaitForRequestHandlerConnection: waiting took 678 ms, with timeout 90000 ms, and result 0, which is success.
TpTrace Verbose: 0 : 22364, 7, 2022/08/08, 21:30:34.132, 16807590458688, vstest.console.dll, MulticastDelegateUtilities.SafeInvoke: SocketServer: ClientConnected: Invoking callback 1/1 for Microsoft.VisualStudio.TestPlatform.CommunicationUtilities.TestRequestSender.<InitializeCommunication>b__23_0, took 0 ms.
TpTrace Verbose: 0 : 22364, 7, 2022/08/08, 21:30:34.132, 16807590460903, vstest.console.dll, SocketServer.OnClientConnected: Client connected for endPoint: 127.0.0.1:57561, starting MessageLoopAsync:
TpTrace Verbose: 0 : 22364, 7, 2022/08/08, 21:30:34.133, 16807590463659, vstest.console.dll, TcpClientExtensions.MessageLoopAsync: Polling on remoteEndPoint: 127.0.0.1:57562 localEndPoint: 127.0.0.1:57561
TpTrace Verbose: 0 : 22364, 5, 2022/08/08, 21:30:34.134, 16807590474639, vstest.console.dll, TestRequestSender.CheckVersionWithTestHost: Sending check version message: {"MessageType":"ProtocolVersion","Payload":6}
TpTrace Verbose: 0 : 22364, 7, 2022/08/08, 21:30:34.331, 16807592441850, vstest.console.dll, TcpClientExtensions.MessageLoopAsync: NotifyDataAvailable remoteEndPoint: 127.0.0.1:57562 localEndPoint: 127.0.0.1:57561
TpTrace Verbose: 0 : 22364, 7, 2022/08/08, 21:30:34.331, 16807592444647, vstest.console.dll, TestRequestSender.CheckVersionWithTestHost: onMessageReceived received message: (ProtocolVersion) -> 5
TpTrace Verbose: 0 : 22364, 7, 2022/08/08, 21:30:34.331, 16807592448597, vstest.console.dll, MulticastDelegateUtilities.SafeInvoke: LengthPrefixCommunicationChannel: MessageReceived: Invoking callback 1/1 for Microsoft.VisualStudio.TestPlatform.CommunicationUtilities.TestRequestSender+<>c__DisplayClass25_0.<CheckVersionWithTestHost>b__0, took 0 ms.
TpTrace Verbose: 0 : 22364, 5, 2022/08/08, 21:30:34.331, 16807592449798, vstest.console.dll, TestPluginCache.GetExtensionPaths: Filtered extension paths: 
TpTrace Verbose: 0 : 22364, 7, 2022/08/08, 21:30:34.331, 16807592449936, vstest.console.dll, TcpClientExtensions.MessageLoopAsync: Polling on remoteEndPoint: 127.0.0.1:57562 localEndPoint: 127.0.0.1:57561
TpTrace Verbose: 0 : 22364, 5, 2022/08/08, 21:30:34.331, 16807592450921, vstest.console.dll, TestPluginCache.GetExtensionPaths: Added default extension paths: C:\Program Files\dotnet\sdk\6.0.302\Extensions\DumpMinitool.exe
C:\Program Files\dotnet\sdk\6.0.302\Extensions\DumpMinitool.x86.exe
C:\Program Files\dotnet\sdk\6.0.302\Extensions\Microsoft.Diagnostics.NETCore.Client.dll
C:\Program Files\dotnet\sdk\6.0.302\Extensions\Microsoft.TestPlatform.Extensions.BlameDataCollector.dll
C:\Program Files\dotnet\sdk\6.0.302\Extensions\Microsoft.TestPlatform.Extensions.EventLogCollector.dll
C:\Program Files\dotnet\sdk\6.0.302\Extensions\Microsoft.TestPlatform.TestHostRuntimeProvider.dll
C:\Program Files\dotnet\sdk\6.0.302\Extensions\Microsoft.VisualStudio.TestPlatform.Extensions.Html.TestLogger.dll
C:\Program Files\dotnet\sdk\6.0.302\Extensions\Microsoft.VisualStudio.TestPlatform.Extensions.Trx.TestLogger.dll
TpTrace Verbose: 0 : 22364, 5, 2022/08/08, 21:30:34.332, 16807592452237, vstest.console.dll, TestPluginCache.GetExtensionPaths: Added unfilterableExtensionPaths: 
TpTrace Verbose: 0 : 22364, 5, 2022/08/08, 21:30:34.336, 16807592496008, vstest.console.dll, TestRequestSender.InitializeExecution: Sending initialize execution with message: {"Version":5,"MessageType":"TestExecution.Initialize","Payload":["D:\\Workspace\\Projects\\Sparky_UnitTesting\\SparkyNUnitTest\\bin\\Debug\\net6.0\\fine-code-coverage\\build-output\\NUnit3.TestAdapter.dll"]}
TpTrace Warning: 0 : 22364, 5, 2022/08/08, 21:30:34.337, 16807592501408, vstest.console.dll, InferRunSettingsHelper.MakeRunsettingsCompatible: Removing the following settings: TargetPlatform from RunSettings file. To use those settings please move to latest version of Microsoft.NET.Test.Sdk
TpTrace Verbose: 0 : 22364, 7, 2022/08/08, 21:30:34.348, 16807592612297, vstest.console.dll, TcpClientExtensions.MessageLoopAsync: NotifyDataAvailable remoteEndPoint: 127.0.0.1:57562 localEndPoint: 127.0.0.1:57561
TpTrace Verbose: 0 : 22364, 7, 2022/08/08, 21:30:34.348, 16807592615006, vstest.console.dll, TestRequestSender.OnExecutionMessageReceived: Received message: {"Version":5,"MessageType":"TestSession.Message","Payload":{"MessageLevel":0,"Message":"Logging TestHost Diagnostics in file: D:\\Workspace\\Projects\\Sparky_UnitTesting\\SparkyNUnitTest\\bin\\Debug\\net6.0\\fine-code-coverage\\coverage-tool-output\\diagnostics.host.22-08-08_21-30-33_27598_5.log"}}
TpTrace Verbose: 0 : 22364, 7, 2022/08/08, 21:30:34.356, 16807592699538, vstest.console.dll, TestRunRequest:SendTestRunMessage: Starting.
TpTrace Verbose: 0 : 22364, 5, 2022/08/08, 21:30:34.356, 16807592699953, vstest.console.dll, TestRequestSender.StartTestRun: Sending test run with message: {"Version":5,"MessageType":"TestExecution.StartWithSources","Payload":{"AdapterSourceMap":{"_none_":["D:\\Workspace\\Projects\\Sparky_UnitTesting\\SparkyNUnitTest\\bin\\Debug\\net6.0\\fine-code-coverage\\build-output\\SparkyNUnitTest.dll"]},"RunSettings":"<RunSettings>\r\n  <RunConfiguration>\r\n    <ResultsDirectory>D:\\Workspace\\Projects\\Sparky_UnitTesting\\SparkyNUnitTest\\bin\\Debug\\net6.0\\fine-code-coverage\\coverage-tool-output</ResultsDirectory>\r\n    <TargetFrameworkVersion>.NETCoreApp,Version=v6.0</TargetFrameworkVersion>\r\n    <DesignMode>False</DesignMode>\r\n    <CollectSourceInformation>False</CollectSourceInformation>\r\n  </RunConfiguration>\r\n  <LoggerRunSettings>\r\n    <Loggers>\r\n      <Logger friendlyName=\"blame\" enabled=\"True\" />\r\n      <Logger friendlyName=\"Console\" uri=\"logger://microsoft/TestPlatform/ConsoleLogger/v1\" assemblyQualifiedName=\"Microsoft.VisualStudio.TestPlatform.CommandLine.Internal.ConsoleLogger, vstest.console, Version=15.0.0.0, Culture=neutral, PublicKeyToken=b03f5f7f11d50a3a\" codeBase=\"C:\\Program Files\\dotnet\\sdk\\6.0.302\\vstest.console.dll\" enabled=\"True\" />\r\n    </Loggers>\r\n  </LoggerRunSettings>\r\n  <DataCollectionRunSettings>\r\n    <DataCollectors>\r\n      <DataCollector friendlyName=\"blame\" enabled=\"True\">\r\n        <Configuration>\r\n          <ResultsDirectory>D:\\Workspace\\Projects\\Sparky_UnitTesting\\SparkyNUnitTest\\bin\\Debug\\net6.0\\fine-code-coverage\\coverage-tool-output</ResultsDirectory>\r\n        </Configuration>\r\n      </DataCollector>\r\n    </DataCollectors>\r\n  </DataCollectionRunSettings>\r\n</RunSettings>","TestExecutionContext":{"FrequencyOfRunStatsChangeEvent":10,"RunStatsChangeEventTimeout":"00:00:01.5000000","InIsolation":false,"KeepAlive":false,"AreTestCaseLevelEventsRequired":false,"IsDebug":false,"TestCaseFilter":null,"FilterOptions":null},"Package":null}}
TpTrace Verbose: 0 : 22364, 7, 2022/08/08, 21:30:34.357, 16807592702100, vstest.console.dll, MulticastDelegateUtilities.SafeInvoke: TestRun.LogMessages: Invoking callback 1/1 for Microsoft.VisualStudio.TestPlatform.CommandLine.TestRunResultAggregator.TestRunMessageHandler, took 0 ms.
TpTrace Verbose: 0 : 22364, 4, 2022/08/08, 21:30:34.357, 16807592702218, vstest.console.dll, MulticastDelegateUtilities.SafeInvoke: InternalTestLoggerEvents.SendTestRunMessage: Invoking callback 1/1 for Microsoft.VisualStudio.TestPlatform.CommandLine.Internal.ConsoleLogger.TestMessageHandler, took 0 ms.
TpTrace Information: 0 : 22364, 7, 2022/08/08, 21:30:34.357, 16807592703447, vstest.console.dll, TestRunRequest:SendTestRunMessage: Completed.
TpTrace Verbose: 0 : 22364, 7, 2022/08/08, 21:30:34.357, 16807592705149, vstest.console.dll, MulticastDelegateUtilities.SafeInvoke: LengthPrefixCommunicationChannel: MessageReceived: Invoking callback 1/1 for Microsoft.VisualStudio.TestPlatform.CommunicationUtilities.TestRequestSender+<>c__DisplayClass30_0.<StartTestRun>b__1, took 9 ms.
TpTrace Verbose: 0 : 22364, 7, 2022/08/08, 21:30:34.357, 16807592705831, vstest.console.dll, TcpClientExtensions.MessageLoopAsync: Polling on remoteEndPoint: 127.0.0.1:57562 localEndPoint: 127.0.0.1:57561
TpTrace Verbose: 0 : 22364, 7, 2022/08/08, 21:30:34.710, 16807596232996, vstest.console.dll, TcpClientExtensions.MessageLoopAsync: NotifyDataAvailable remoteEndPoint: 127.0.0.1:57562 localEndPoint: 127.0.0.1:57561
TpTrace Verbose: 0 : 22364, 7, 2022/08/08, 21:30:34.710, 16807596235116, vstest.console.dll, TestRequestSender.OnExecutionMessageReceived: Received message: {"Version":5,"MessageType":"TestSession.Message","Payload":{"MessageLevel":0,"Message":"NUnit Adapter 4.2.0.0: Test execution started"}}
TpTrace Verbose: 0 : 22364, 7, 2022/08/08, 21:30:34.710, 16807596238520, vstest.console.dll, TestRunRequest:SendTestRunMessage: Starting.
TpTrace Verbose: 0 : 22364, 7, 2022/08/08, 21:30:34.710, 16807596239782, vstest.console.dll, MulticastDelegateUtilities.SafeInvoke: TestRun.LogMessages: Invoking callback 1/1 for Microsoft.VisualStudio.TestPlatform.CommandLine.TestRunResultAggregator.TestRunMessageHandler, took 0 ms.
TpTrace Verbose: 0 : 22364, 4, 2022/08/08, 21:30:34.710, 16807596239875, vstest.console.dll, MulticastDelegateUtilities.SafeInvoke: InternalTestLoggerEvents.SendTestRunMessage: Invoking callback 1/1 for Microsoft.VisualStudio.TestPlatform.CommandLine.Internal.ConsoleLogger.TestMessageHandler, took 0 ms.
TpTrace Information: 0 : 22364, 7, 2022/08/08, 21:30:34.710, 16807596240560, vstest.console.dll, TestRunRequest:SendTestRunMessage: Completed.
TpTrace Verbose: 0 : 22364, 7, 2022/08/08, 21:30:34.711, 16807596241979, vstest.console.dll, MulticastDelegateUtilities.SafeInvoke: LengthPrefixCommunicationChannel: MessageReceived: Invoking callback 1/1 for Microsoft.VisualStudio.TestPlatform.CommunicationUtilities.TestRequestSender+<>c__DisplayClass30_0.<StartTestRun>b__1, took 0 ms.
TpTrace Verbose: 0 : 22364, 7, 2022/08/08, 21:30:34.711, 16807596243083, vstest.console.dll, TcpClientExtensions.MessageLoopAsync: Polling on remoteEndPoint: 127.0.0.1:57562 localEndPoint: 127.0.0.1:57561
TpTrace Verbose: 0 : 22364, 7, 2022/08/08, 21:30:34.782, 16807596958823, vstest.console.dll, TcpClientExtensions.MessageLoopAsync: NotifyDataAvailable remoteEndPoint: 127.0.0.1:57562 localEndPoint: 127.0.0.1:57561
TpTrace Verbose: 0 : 22364, 7, 2022/08/08, 21:30:34.783, 16807596961214, vstest.console.dll, TestRequestSender.OnExecutionMessageReceived: Received message: {"Version":5,"MessageType":"TestSession.Message","Payload":{"MessageLevel":0,"Message":"Running all tests in D:\\Workspace\\Projects\\Sparky_UnitTesting\\SparkyNUnitTest\\bin\\Debug\\net6.0\\fine-code-coverage\\build-output\\SparkyNUnitTest.dll"}}
TpTrace Verbose: 0 : 22364, 7, 2022/08/08, 21:30:34.783, 16807596964649, vstest.console.dll, TestRunRequest:SendTestRunMessage: Starting.
TpTrace Verbose: 0 : 22364, 7, 2022/08/08, 21:30:34.783, 16807596966028, vstest.console.dll, MulticastDelegateUtilities.SafeInvoke: TestRun.LogMessages: Invoking callback 1/1 for Microsoft.VisualStudio.TestPlatform.CommandLine.TestRunResultAggregator.TestRunMessageHandler, took 0 ms.
TpTrace Information: 0 : 22364, 7, 2022/08/08, 21:30:34.783, 16807596966709, vstest.console.dll, TestRunRequest:SendTestRunMessage: Completed.
TpTrace Verbose: 0 : 22364, 7, 2022/08/08, 21:30:34.783, 16807596967305, vstest.console.dll, MulticastDelegateUtilities.SafeInvoke: LengthPrefixCommunicationChannel: MessageReceived: Invoking callback 1/1 for Microsoft.VisualStudio.TestPlatform.CommunicationUtilities.TestRequestSender+<>c__DisplayClass30_0.<StartTestRun>b__1, took 0 ms.
TpTrace Verbose: 0 : 22364, 7, 2022/08/08, 21:30:34.783, 16807596967983, vstest.console.dll, TcpClientExtensions.MessageLoopAsync: Polling on remoteEndPoint: 127.0.0.1:57562 localEndPoint: 127.0.0.1:57561
TpTrace Verbose: 0 : 22364, 4, 2022/08/08, 21:30:34.783, 16807596969057, vstest.console.dll, MulticastDelegateUtilities.SafeInvoke: InternalTestLoggerEvents.SendTestRunMessage: Invoking callback 1/1 for Microsoft.VisualStudio.TestPlatform.CommandLine.Internal.ConsoleLogger.TestMessageHandler, took 0 ms.
TpTrace Verbose: 0 : 22364, 7, 2022/08/08, 21:30:35.036, 16807599500308, vstest.console.dll, TcpClientExtensions.MessageLoopAsync: NotifyDataAvailable remoteEndPoint: 127.0.0.1:57562 localEndPoint: 127.0.0.1:57561
TpTrace Verbose: 0 : 22364, 7, 2022/08/08, 21:30:35.037, 16807599501921, vstest.console.dll, TestRequestSender.OnExecutionMessageReceived: Received message: {"Version":5,"MessageType":"TestSession.Message","Payload":{"MessageLevel":0,"Message":"   NUnit3TestExecutor discovered 39 of 39 NUnit test cases using Current Discovery mode, Non-Explicit run"}}
TpTrace Verbose: 0 : 22364, 7, 2022/08/08, 21:30:35.037, 16807599504833, vstest.console.dll, TestRunRequest:SendTestRunMessage: Starting.
TpTrace Verbose: 0 : 22364, 7, 2022/08/08, 21:30:35.037, 16807599506025, vstest.console.dll, MulticastDelegateUtilities.SafeInvoke: TestRun.LogMessages: Invoking callback 1/1 for Microsoft.VisualStudio.TestPlatform.CommandLine.TestRunResultAggregator.TestRunMessageHandler, took 0 ms.
TpTrace Verbose: 0 : 22364, 4, 2022/08/08, 21:30:35.037, 16807599506269, vstest.console.dll, MulticastDelegateUtilities.SafeInvoke: InternalTestLoggerEvents.SendTestRunMessage: Invoking callback 1/1 for Microsoft.VisualStudio.TestPlatform.CommandLine.Internal.ConsoleLogger.TestMessageHandler, took 0 ms.
TpTrace Information: 0 : 22364, 7, 2022/08/08, 21:30:35.037, 16807599506825, vstest.console.dll, TestRunRequest:SendTestRunMessage: Completed.
TpTrace Verbose: 0 : 22364, 7, 2022/08/08, 21:30:35.037, 16807599508796, vstest.console.dll, MulticastDelegateUtilities.SafeInvoke: LengthPrefixCommunicationChannel: MessageReceived: Invoking callback 1/1 for Microsoft.VisualStudio.TestPlatform.CommunicationUtilities.TestRequestSender+<>c__DisplayClass30_0.<StartTestRun>b__1, took 0 ms.
TpTrace Verbose: 0 : 22364, 7, 2022/08/08, 21:30:35.037, 16807599509464, vstest.console.dll, TcpClientExtensions.MessageLoopAsync: Polling on remoteEndPoint: 127.0.0.1:57562 localEndPoint: 127.0.0.1:57561
TpTrace Verbose: 0 : 22364, 7, 2022/08/08, 21:30:35.378, 16807602914703, vstest.console.dll, TcpClientExtensions.MessageLoopAsync: NotifyDataAvailable remoteEndPoint: 127.0.0.1:57562 localEndPoint: 127.0.0.1:57561
TpTrace Verbose: 0 : 22364, 7, 2022/08/08, 21:30:35.378, 16807602919325, vstest.console.dll, TestRequestSender.OnExecutionMessageReceived: Received message: {"Version":5,"MessageType":"TestExecution.StatsChange","Payload":{"NewTestResults":[{"TestCase":{"Id":"ad648493-9e2b-94c7-e555-38b8d417bda4","FullyQualifiedName":"Sparky.BankAccountNUnitTests.BankLogDummy_LogMockString_ReturnTrue","DisplayName":"BankLogDummy_LogMockString_ReturnTrue","ExecutorUri":"executor://NUnit3TestExecutor","Source":"D:\\Workspace\\Projects\\Sparky_UnitTesting\\SparkyNUnitTest\\bin\\Debug\\net6.0\\fine-code-coverage\\build-output\\SparkyNUnitTest.dll","CodeFilePath":null,"LineNumber":0,"Properties":[{"Key":{"Id":"NUnit.Seed","Label":"Seed","Category":"","Description":"","Attributes":0,"ValueType":"System.String"},"Value":"582323643"}]},"Attachments":[],"Outcome":1,"ErrorMessage":null,"ErrorStackTrace":null,"DisplayName":"BankLogDummy_LogMockString_ReturnTrue","Messages":[],"ComputerName":"SHREYAN","Duration":"00:00:00.1660970","StartTime":"2022-08-08T16:00:35.0848897+00:00","EndTime":"2022-08-08T16:00:35.2508817+00:00","Properties":[{"Key":{"Id":"NUnit.Seed","Label":"Seed","Category":"","Description":"","Attributes":0,"ValueType":"System.String"},"Value":"582323643"}]},{"TestCase":{"Id":"ed1afb3c-458c-f40a-95ad-58d2ccd8b6d0","FullyQualifiedName":"Sparky.BankAccountNUnitTests.BankLogDummy_LogMockStringOutputStr_ReturnTrue","DisplayName":"BankLogDummy_LogMockStringOutputStr_ReturnTrue","ExecutorUri":"executor://NUnit3TestExecutor","Source":"D:\\Workspace\\Projects\\Sparky_UnitTesting\\SparkyNUnitTest\\bin\\Debug\\net6.0\\fine-code-coverage\\build-output\\SparkyNUnitTest.dll","CodeFilePath":null,"LineNumber":0,"Properties":[{"Key":{"Id":"NUnit.Seed","Label":"Seed","Category":"","Description":"","Attributes":0,"ValueType":"System.String"},"Value":"1092752984"}]},"Attachments":[],"Outcome":1,"ErrorMessage":null,"ErrorStackTrace":null,"DisplayName":"BankLogDummy_LogMockStringOutputStr_ReturnTrue","Messages":[],"ComputerName":"SHREYAN","Duration":"00:00:00.0131430","StartTime":"2022-08-08T16:00:35.2530108+00:00","EndTime":"2022-08-08T16:00:35.2661534+00:00","Properties":[{"Key":{"Id":"NUnit.Seed","Label":"Seed","Category":"","Description":"","Attributes":0,"ValueType":"System.String"},"Value":"1092752984"}]},{"TestCase":{"Id":"0219eea3-5315-930b-37a7-862e5a31335a","FullyQualifiedName":"Sparky.BankAccountNUnitTests.BankLogDummy_LogRefChecker_ReturnTrue","DisplayName":"BankLogDummy_LogRefChecker_ReturnTrue","ExecutorUri":"executor://NUnit3TestExecutor","Source":"D:\\Workspace\\Projects\\Sparky_UnitTesting\\SparkyNUnitTest\\bin\\Debug\\net6.0\\fine-code-coverage\\build-output\\SparkyNUnitTest.dll","CodeFilePath":null,"LineNumber":0,"Properties":[{"Key":{"Id":"NUnit.Seed","Label":"Seed","Category":"","Description":"","Attributes":0,"ValueType":"System.String"},"Value":"966488664"}]},"Attachments":[],"Outcome":1,"ErrorMessage":null,"ErrorStackTrace":null,"DisplayName":"BankLogDummy_LogRefChecker_ReturnTrue","Messages":[],"ComputerName":"SHREYAN","Duration":"00:00:00.0025730","StartTime":"2022-08-08T16:00:35.2661957+00:00","EndTime":"2022-08-08T16:00:35.2687687+00:00","Properties":[{"Key":{"Id":"NUnit.Seed","Label":"Seed","Category":"","Description":"","Attributes":0,"ValueType":"System.String"},"Value":"966488664"}]},{"TestCase":{"Id":"cee70364-c0df-a887-7fba-68998e270a31","FullyQualifiedName":"Sparky.BankAccountNUnitTests.BankLogDummy_SetAndCheckSeverityAndLogTypeMock_MockTest","DisplayName":"BankLogDummy_SetAndCheckSeverityAndLogTypeMock_MockTest","ExecutorUri":"executor://NUnit3TestExecutor","Source":"D:\\Workspace\\Projects\\Sparky_UnitTesting\\SparkyNUnitTest\\bin\\Debug\\net6.0\\fine-code-coverage\\build-output\\SparkyNUnitTest.dll","CodeFilePath":null,"LineNumber":0,"Properties":[{"Key":{"Id":"NUnit.Seed","Label":"Seed","Category":"","Description":"","Attributes":0,"ValueType":"System.String"},"Value":"885429206"}]},"Attachments":[],"Outcome":1,"ErrorMessage":null,"ErrorStackTrace":null,"DisplayName":"BankLogDummy_SetAndCheckSeverityAndLogTypeMock_MockTest","Messages":[],"ComputerName":"SHREYAN","Duration":"00:00:00.0201440","StartTime":"2022-08-08T16:00:35.2687974+00:00","EndTime":"2022-08-08T16:00:35.2889407+00:00","Properties":[{"Key":{"Id":"NUnit.Seed","Label":"Seed","Category":"","Description":"","Attributes":0,"ValueType":"System.String"},"Value":"885429206"}]},{"TestCase":{"Id":"6517932d-38f2-b4f3-6833-3c1d421f38ba","FullyQualifiedName":"Sparky.BankAccountNUnitTests.BankLogDummy_VerifyExample","DisplayName":"BankLogDummy_VerifyExample","ExecutorUri":"executor://NUnit3TestExecutor","Source":"D:\\Workspace\\Projects\\Sparky_UnitTesting\\SparkyNUnitTest\\bin\\Debug\\net6.0\\fine-code-coverage\\build-output\\SparkyNUnitTest.dll","CodeFilePath":null,"LineNumber":0,"Properties":[{"Key":{"Id":"NUnit.Seed","Label":"Seed","Category":"","Description":"","Attributes":0,"ValueType":"System.String"},"Value":"865479699"}]},"Attachments":[],"Outcome":1,"ErrorMessage":null,"ErrorStackTrace":null,"DisplayName":"BankLogDummy_VerifyExample","Messages":[],"ComputerName":"SHREYAN","Duration":"00:00:00.0236059","StartTime":"2022-08-08T16:00:35.2889761+00:00","EndTime":"2022-08-08T16:00:35.3125823+00:00","Properties":[{"Key":{"Id":"NUnit.Seed","Label":"Seed","Category":"","Description":"","Attributes":0,"ValueType":"System.String"},"Value":"865479699"}]},{"TestCase":{"Id":"aef1f58d-7e27-60c0-11fb-81d38d0080f2","FullyQualifiedName":"Sparky.BankAccountNUnitTests.BankWithdraw_Withdraw100With200Balance_ReturnTrue(200,100)","DisplayName":"BankWithdraw_Withdraw100With200Balance_ReturnTrue(200,100)","ExecutorUri":"executor://NUnit3TestExecutor","Source":"D:\\Workspace\\Projects\\Sparky_UnitTesting\\SparkyNUnitTest\\bin\\Debug\\net6.0\\fine-code-coverage\\build-output\\SparkyNUnitTest.dll","CodeFilePath":null,"LineNumber":0,"Properties":[{"Key":{"Id":"NUnit.Seed","Label":"Seed","Category":"","Description":"","Attributes":0,"ValueType":"System.String"},"Value":"1995687522"}]},"Attachments":[],"Outcome":1,"ErrorMessage":null,"ErrorStackTrace":null,"DisplayName":"BankWithdraw_Withdraw100With200Balance_ReturnTrue(200,100)","Messages":[],"ComputerName":"SHREYAN","Duration":"00:00:00.0049650","StartTime":"2022-08-08T16:00:35.3126433+00:00","EndTime":"2022-08-08T16:00:35.3176081+00:00","Properties":[{"Key":{"Id":"NUnit.Seed","Label":"Seed","Category":"","Description":"","Attributes":0,"ValueType":"System.String"},"Value":"1995687522"}]},{"TestCase":{"Id":"feb108c8-1821-cc24-505e-47d7a161d0a4","FullyQualifiedName":"Sparky.BankAccountNUnitTests.BankWithdraw_Withdraw100With200Balance_ReturnTrue(200,150)","DisplayName":"BankWithdraw_Withdraw100With200Balance_ReturnTrue(200,150)","ExecutorUri":"executor://NUnit3TestExecutor","Source":"D:\\Workspace\\Projects\\Sparky_UnitTesting\\SparkyNUnitTest\\bin\\Debug\\net6.0\\fine-code-coverage\\build-output\\SparkyNUnitTest.dll","CodeFilePath":null,"LineNumber":0,"Properties":[{"Key":{"Id":"NUnit.Seed","Label":"Seed","Category":"","Description":"","Attributes":0,"ValueType":"System.String"},"Value":"1712984583"}]},"Attachments":[],"Outcome":1,"ErrorMessage":null,"ErrorStackTrace":null,"DisplayName":"BankWithdraw_Withdraw100With200Balance_ReturnTrue(200,150)","Messages":[],"ComputerName":"SHREYAN","Duration":"00:00:00.0008970","StartTime":"2022-08-08T16:00:35.3176527+00:00","EndTime":"2022-08-08T16:00:35.3185491+00:00","Properties":[{"Key":{"Id":"NUnit.Seed","Label":"Seed","Category":"","Description":"","Attributes":0,"ValueType":"System.String"},"Value":"1712984583"}]},{"TestCase":{"Id":"59d8df3d-e91f-f1a3-e6e8-fc100d88e297","FullyQualifiedName":"Sparky.BankAccountNUnitTests.BankWithdraw_WithdrawMoreThanBalanceWith200Balance_ReturnTrue(200,300)","DisplayName":"BankWithdraw_WithdrawMoreThanBalanceWith200Balance_ReturnTrue(200,300)","ExecutorUri":"executor://NUnit3TestExecutor","Source":"D:\\Workspace\\Projects\\Sparky_UnitTesting\\SparkyNUnitTest\\bin\\Debug\\net6.0\\fine-code-coverage\\build-output\\SparkyNUnitTest.dll","CodeFilePath":null,"LineNumber":0,"Properties":[{"Key":{"Id":"NUnit.Seed","Label":"Seed","Category":"","Description":"","Attributes":0,"ValueType":"System.String"},"Value":"917946278"}]},"Attachments":[],"Outcome":1,"ErrorMessage":null,"ErrorStackTrace":null,"DisplayName":"BankWithdraw_WithdrawMoreThanBalanceWith200Balance_ReturnTrue(200,300)","Messages":[],"ComputerName":"SHREYAN","Duration":"00:00:00.0060360","StartTime":"2022-08-08T16:00:35.3210155+00:00","EndTime":"2022-08-08T16:00:35.3270506+00:00","Properties":[{"Key":{"Id":"NUnit.Seed","Label":"Seed","Category":"","Description":"","Attributes":0,"ValueType":"System.String"},"Value":"917946278"}]},{"TestCase":{"Id":"ab45baa7-d84e-76b4-bf91-7e9bad052e27","FullyQualifiedName":"Sparky.BankAccountNUnitTests.BankWithdraw_WithdrawMoreThanBalanceWith200Balance_ReturnTrue(200,400)","DisplayName":"BankWithdraw_WithdrawMoreThanBalanceWith200Balance_ReturnTrue(200,400)","ExecutorUri":"executor://NUnit3TestExecutor","Source":"D:\\Workspace\\Projects\\Sparky_UnitTesting\\SparkyNUnitTest\\bin\\Debug\\net6.0\\fine-code-coverage\\build-output\\SparkyNUnitTest.dll","CodeFilePath":null,"LineNumber":0,"Properties":[{"Key":{"Id":"NUnit.Seed","Label":"Seed","Category":"","Description":"","Attributes":0,"ValueType":"System.String"},"Value":"1493551737"}]},"Attachments":[],"Outcome":1,"ErrorMessage":null,"ErrorStackTrace":null,"DisplayName":"BankWithdraw_WithdrawMoreThanBalanceWith200Balance_ReturnTrue(200,400)","Messages":[],"ComputerName":"SHREYAN","Duration":"00:00:00.0023609","StartTime":"2022-08-08T16:00:35.3270776+00:00","EndTime":"2022-08-08T16:00:35.3294386+00:00","Properties":[{"Key":{"Id":"NUnit.Seed","Label":"Seed","Category":"","Description":"","Attributes":0,"ValueType":"System.String"},"Value":"1493551737"}]}],"TestRunStatistics":{"ExecutedTests":9,"Stats":{"Passed":9}},"ActiveTests":[{"Id":"8974de3e-5394-bff0-5721-4232c4f60ffe","FullyQualifiedName":"Sparky.BankAccountNUnitTests.Deposit_Add100_ReturnTrue","DisplayName":"Deposit_Add100_ReturnTrue","ExecutorUri":"executor://NUnit3TestExecutor","Source":"D:\\Workspace\\Projects\\Sparky_UnitTesting\\SparkyNUnitTest\\bin\\Debug\\net6.0\\fine-code-coverage\\build-output\\SparkyNUnitTest.dll","CodeFilePath":null,"LineNumber":0,"Properties":[{"Key":{"Id":"NUnit.Seed","Label":"Seed","Category":"","Description":"","Attributes":0,"ValueType":"System.String"},"Value":"331207059"}]}]}}
TpTrace Verbose: 0 : 22364, 7, 2022/08/08, 21:30:35.530, 16807604434767, vstest.console.dll, TestRunRequest:SendTestRunStatsChange: Starting.
TpTrace Verbose: 0 : 22364, 7, 2022/08/08, 21:30:35.530, 16807604436748, vstest.console.dll, InProgress is Deposit_Add100_ReturnTrue
TpTrace Verbose: 0 : 22364, 7, 2022/08/08, 21:30:35.530, 16807604439259, vstest.console.dll, MulticastDelegateUtilities.SafeInvoke: TestRun.RunStatsChanged: Invoking callbacks was skipped because there are no subscribers.
TpTrace Information: 0 : 22364, 7, 2022/08/08, 21:30:35.530, 16807604439826, vstest.console.dll, TestRunRequest:SendTestRunStatsChange: Completed.
TpTrace Verbose: 0 : 22364, 7, 2022/08/08, 21:30:35.530, 16807604440288, vstest.console.dll, MulticastDelegateUtilities.SafeInvoke: LengthPrefixCommunicationChannel: MessageReceived: Invoking callback 1/1 for Microsoft.VisualStudio.TestPlatform.CommunicationUtilities.TestRequestSender+<>c__DisplayClass30_0.<StartTestRun>b__1, took 152 ms.
TpTrace Verbose: 0 : 22364, 7, 2022/08/08, 21:30:35.530, 16807604440717, vstest.console.dll, TcpClientExtensions.MessageLoopAsync: Polling on remoteEndPoint: 127.0.0.1:57562 localEndPoint: 127.0.0.1:57561
TpTrace Verbose: 0 : 22364, 7, 2022/08/08, 21:30:35.531, 16807604441261, vstest.console.dll, TcpClientExtensions.MessageLoopAsync: NotifyDataAvailable remoteEndPoint: 127.0.0.1:57562 localEndPoint: 127.0.0.1:57561
TpTrace Verbose: 0 : 22364, 7, 2022/08/08, 21:30:35.531, 16807604444092, vstest.console.dll, TestRequestSender.OnExecutionMessageReceived: Received message: {"Version":5,"MessageType":"TestExecution.StatsChange","Payload":{"NewTestResults":[{"TestCase":{"Id":"8974de3e-5394-bff0-5721-4232c4f60ffe","FullyQualifiedName":"Sparky.BankAccountNUnitTests.Deposit_Add100_ReturnTrue","DisplayName":"Deposit_Add100_ReturnTrue","ExecutorUri":"executor://NUnit3TestExecutor","Source":"D:\\Workspace\\Projects\\Sparky_UnitTesting\\SparkyNUnitTest\\bin\\Debug\\net6.0\\fine-code-coverage\\build-output\\SparkyNUnitTest.dll","CodeFilePath":null,"LineNumber":0,"Properties":[{"Key":{"Id":"NUnit.Seed","Label":"Seed","Category":"","Description":"","Attributes":0,"ValueType":"System.String"},"Value":"331207059"}]},"Attachments":[],"Outcome":1,"ErrorMessage":null,"ErrorStackTrace":null,"DisplayName":"Deposit_Add100_ReturnTrue","Messages":[],"ComputerName":"SHREYAN","Duration":"00:00:00.0032980","StartTime":"2022-08-08T16:00:35.3294972+00:00","EndTime":"2022-08-08T16:00:35.332795+00:00","Properties":[{"Key":{"Id":"NUnit.Seed","Label":"Seed","Category":"","Description":"","Attributes":0,"ValueType":"System.String"},"Value":"331207059"}]},{"TestCase":{"Id":"6c9cf45c-aac6-66b3-77ea-a2f0fc27b64c","FullyQualifiedName":"Sparky.CalculatorNUnitTests.AddNumbers_InputTwoDouble_GetCorrectAddition(5.4d,10.5d)","DisplayName":"AddNumbers_InputTwoDouble_GetCorrectAddition(5.4d,10.5d)","ExecutorUri":"executor://NUnit3TestExecutor","Source":"D:\\Workspace\\Projects\\Sparky_UnitTesting\\SparkyNUnitTest\\bin\\Debug\\net6.0\\fine-code-coverage\\build-output\\SparkyNUnitTest.dll","CodeFilePath":null,"LineNumber":0,"Properties":[{"Key":{"Id":"NUnit.Seed","Label":"Seed","Category":"","Description":"","Attributes":0,"ValueType":"System.String"},"Value":"2016864838"}]},"Attachments":[],"Outcome":1,"ErrorMessage":null,"ErrorStackTrace":null,"DisplayName":"AddNumbers_InputTwoDouble_GetCorrectAddition(5.4d,10.5d)","Messages":[],"ComputerName":"SHREYAN","Duration":"00:00:00.0021810","StartTime":"2022-08-08T16:00:35.3342314+00:00","EndTime":"2022-08-08T16:00:35.3364116+00:00","Properties":[{"Key":{"Id":"NUnit.Seed","Label":"Seed","Category":"","Description":"","Attributes":0,"ValueType":"System.String"},"Value":"2016864838"}]},{"TestCase":{"Id":"def47dd3-7645-37d6-91b3-352cf839db44","FullyQualifiedName":"Sparky.CalculatorNUnitTests.AddNumbers_InputTwoDouble_GetCorrectAddition(5.43d,10.53d)","DisplayName":"AddNumbers_InputTwoDouble_GetCorrectAddition(5.43d,10.53d)","ExecutorUri":"executor://NUnit3TestExecutor","Source":"D:\\Workspace\\Projects\\Sparky_UnitTesting\\SparkyNUnitTest\\bin\\Debug\\net6.0\\fine-code-coverage\\build-output\\SparkyNUnitTest.dll","CodeFilePath":null,"LineNumber":0,"Properties":[{"Key":{"Id":"NUnit.Seed","Label":"Seed","Category":"","Description":"","Attributes":0,"ValueType":"System.String"},"Value":"593242812"}]},"Attachments":[],"Outcome":1,"ErrorMessage":null,"ErrorStackTrace":null,"DisplayName":"AddNumbers_InputTwoDouble_GetCorrectAddition(5.43d,10.53d)","Messages":[],"ComputerName":"SHREYAN","Duration":"00:00:00.0000530","StartTime":"2022-08-08T16:00:35.3364753+00:00","EndTime":"2022-08-08T16:00:35.3365282+00:00","Properties":[{"Key":{"Id":"NUnit.Seed","Label":"Seed","Category":"","Description":"","Attributes":0,"ValueType":"System.String"},"Value":"593242812"}]},{"TestCase":{"Id":"c44abe54-d1b2-b997-1e96-f5244c3b0142","FullyQualifiedName":"Sparky.CalculatorNUnitTests.AddNumbers_InputTwoDouble_GetCorrectAddition(5.49d,10.59d)","DisplayName":"AddNumbers_InputTwoDouble_GetCorrectAddition(5.49d,10.59d)","ExecutorUri":"executor://NUnit3TestExecutor","Source":"D:\\Workspace\\Projects\\Sparky_UnitTesting\\SparkyNUnitTest\\bin\\Debug\\net6.0\\fine-code-coverage\\build-output\\SparkyNUnitTest.dll","CodeFilePath":null,"LineNumber":0,"Properties":[{"Key":{"Id":"NUnit.Seed","Label":"Seed","Category":"","Description":"","Attributes":0,"ValueType":"System.String"},"Value":"694243578"}]},"Attachments":[],"Outcome":1,"ErrorMessage":null,"ErrorStackTrace":null,"DisplayName":"AddNumbers_InputTwoDouble_GetCorrectAddition(5.49d,10.59d)","Messages":[],"ComputerName":"SHREYAN","Duration":"00:00:00.0000300","StartTime":"2022-08-08T16:00:35.336539+00:00","EndTime":"2022-08-08T16:00:35.3365687+00:00","Properties":[{"Key":{"Id":"NUnit.Seed","Label":"Seed","Category":"","Description":"","Attributes":0,"ValueType":"System.String"},"Value":"694243578"}]},{"TestCase":{"Id":"ed27403c-44dc-ea90-67be-5fd45125b35e","FullyQualifiedName":"Sparky.CalculatorNUnitTests.AddNumbers_InputTwoInt_GetCorrectAddition","DisplayName":"AddNumbers_InputTwoInt_GetCorrectAddition","ExecutorUri":"executor://NUnit3TestExecutor","Source":"D:\\Workspace\\Projects\\Sparky_UnitTesting\\SparkyNUnitTest\\bin\\Debug\\net6.0\\fine-code-coverage\\build-output\\SparkyNUnitTest.dll","CodeFilePath":null,"LineNumber":0,"Properties":[{"Key":{"Id":"NUnit.Seed","Label":"Seed","Category":"","Description":"","Attributes":0,"ValueType":"System.String"},"Value":"1144068162"}]},"Attachments":[],"Outcome":1,"ErrorMessage":null,"ErrorStackTrace":null,"DisplayName":"AddNumbers_InputTwoInt_GetCorrectAddition","Messages":[],"ComputerName":"SHREYAN","Duration":"00:00:00.0002770","StartTime":"2022-08-08T16:00:35.3365945+00:00","EndTime":"2022-08-08T16:00:35.3368708+00:00","Properties":[{"Key":{"Id":"NUnit.Seed","Label":"Seed","Category":"","Description":"","Attributes":0,"ValueType":"System.String"},"Value":"1144068162"}]},{"TestCase":{"Id":"28f11ed7-225f-d742-71d6-588d8fee74dc","FullyQualifiedName":"Sparky.CalculatorNUnitTests.IsOddChecker_InputEvenInt_ReturnFalse","DisplayName":"IsOddChecker_InputEvenInt_ReturnFalse","ExecutorUri":"executor://NUnit3TestExecutor","Source":"D:\\Workspace\\Projects\\Sparky_UnitTesting\\SparkyNUnitTest\\bin\\Debug\\net6.0\\fine-code-coverage\\build-output\\SparkyNUnitTest.dll","CodeFilePath":null,"LineNumber":0,"Properties":[{"Key":{"Id":"NUnit.Seed","Label":"Seed","Category":"","Description":"","Attributes":0,"ValueType":"System.String"},"Value":"2115437606"}]},"Attachments":[],"Outcome":1,"ErrorMessage":null,"ErrorStackTrace":null,"DisplayName":"IsOddChecker_InputEvenInt_ReturnFalse","Messages":[],"ComputerName":"SHREYAN","Duration":"00:00:00.0099840","StartTime":"2022-08-08T16:00:35.3368855+00:00","EndTime":"2022-08-08T16:00:35.3468689+00:00","Properties":[{"Key":{"Id":"NUnit.Seed","Label":"Seed","Category":"","Description":"","Attributes":0,"ValueType":"System.String"},"Value":"2115437606"}]},{"TestCase":{"Id":"2549adae-fd28-8159-803a-f312a5092f9b","FullyQualifiedName":"Sparky.CalculatorNUnitTests.IsOddChecker_InputInt_ReturnTrueIfOdd(10)","DisplayName":"IsOddChecker_InputInt_ReturnTrueIfOdd(10)","ExecutorUri":"executor://NUnit3TestExecutor","Source":"D:\\Workspace\\Projects\\Sparky_UnitTesting\\SparkyNUnitTest\\bin\\Debug\\net6.0\\fine-code-coverage\\build-output\\SparkyNUnitTest.dll","CodeFilePath":null,"LineNumber":0,"Properties":[{"Key":{"Id":"NUnit.Seed","Label":"Seed","Category":"","Description":"","Attributes":0,"ValueType":"System.String"},"Value":"551331587"}]},"Attachments":[],"Outcome":1,"ErrorMessage":null,"ErrorStackTrace":null,"DisplayName":"IsOddChecker_InputInt_ReturnTrueIfOdd(10)","Messages":[],"ComputerName":"SHREYAN","Duration":"00:00:00.0002410","StartTime":"2022-08-08T16:00:35.3469216+00:00","EndTime":"2022-08-08T16:00:35.347162+00:00","Properties":[{"Key":{"Id":"NUnit.Seed","Label":"Seed","Category":"","Description":"","Attributes":0,"ValueType":"System.String"},"Value":"551331587"}]},{"TestCase":{"Id":"cdf7ac1b-aec9-1378-99a6-7cbd385841bb","FullyQualifiedName":"Sparky.CalculatorNUnitTests.IsOddChecker_InputInt_ReturnTrueIfOdd(11)","DisplayName":"IsOddChecker_InputInt_ReturnTrueIfOdd(11)","ExecutorUri":"executor://NUnit3TestExecutor","Source":"D:\\Workspace\\Projects\\Sparky_UnitTesting\\SparkyNUnitTest\\bin\\Debug\\net6.0\\fine-code-coverage\\build-output\\SparkyNUnitTest.dll","CodeFilePath":null,"LineNumber":0,"Properties":[{"Key":{"Id":"NUnit.Seed","Label":"Seed","Category":"","Description":"","Attributes":0,"ValueType":"System.String"},"Value":"200920974"}]},"Attachments":[],"Outcome":1,"ErrorMessage":null,"ErrorStackTrace":null,"DisplayName":"IsOddChecker_InputInt_ReturnTrueIfOdd(11)","Messages":[],"ComputerName":"SHREYAN","Duration":"00:00:00.0000400","StartTime":"2022-08-08T16:00:35.3471771+00:00","EndTime":"2022-08-08T16:00:35.3472174+00:00","Properties":[{"Key":{"Id":"NUnit.Seed","Label":"Seed","Category":"","Description":"","Attributes":0,"ValueType":"System.String"},"Value":"200920974"}]},{"TestCase":{"Id":"d915c4a2-09c8-3260-c08c-bb1cc3d4806e","FullyQualifiedName":"Sparky.CalculatorNUnitTests.IsOddChecker_InputOddInt_ReturnTrue(11)","DisplayName":"IsOddChecker_InputOddInt_ReturnTrue(11)","ExecutorUri":"executor://NUnit3TestExecutor","Source":"D:\\Workspace\\Projects\\Sparky_UnitTesting\\SparkyNUnitTest\\bin\\Debug\\net6.0\\fine-code-coverage\\build-output\\SparkyNUnitTest.dll","CodeFilePath":null,"LineNumber":0,"Properties":[{"Key":{"Id":"NUnit.Seed","Label":"Seed","Category":"","Description":"","Attributes":0,"ValueType":"System.String"},"Value":"1312773338"}]},"Attachments":[],"Outcome":1,"ErrorMessage":null,"ErrorStackTrace":null,"DisplayName":"IsOddChecker_InputOddInt_ReturnTrue(11)","Messages":[],"ComputerName":"SHREYAN","Duration":"00:00:00.0002130","StartTime":"2022-08-08T16:00:35.3472769+00:00","EndTime":"2022-08-08T16:00:35.3474893+00:00","Properties":[{"Key":{"Id":"NUnit.Seed","Label":"Seed","Category":"","Description":"","Attributes":0,"ValueType":"System.String"},"Value":"1312773338"}]}],"TestRunStatistics":{"ExecutedTests":18,"Stats":{"Passed":18}},"ActiveTests":[{"Id":"7e0bfa66-a88d-5d03-ac4b-c31c9b1c11f5","FullyQualifiedName":"Sparky.CalculatorNUnitTests.IsOddChecker_InputOddInt_ReturnTrue(13)","DisplayName":"IsOddChecker_InputOddInt_ReturnTrue(13)","ExecutorUri":"executor://NUnit3TestExecutor","Source":"D:\\Workspace\\Projects\\Sparky_UnitTesting\\SparkyNUnitTest\\bin\\Debug\\net6.0\\fine-code-coverage\\build-output\\SparkyNUnitTest.dll","CodeFilePath":null,"LineNumber":0,"Properties":[{"Key":{"Id":"NUnit.Seed","Label":"Seed","Category":"","Description":"","Attributes":0,"ValueType":"System.String"},"Value":"1547618186"}]}]}}
TpTrace Verbose: 0 : 22364, 7, 2022/08/08, 21:30:35.534, 16807604480993, vstest.console.dll, TestRunRequest:SendTestRunStatsChange: Starting.
TpTrace Verbose: 0 : 22364, 7, 2022/08/08, 21:30:35.535, 16807604482016, vstest.console.dll, InProgress is IsOddChecker_InputOddInt_ReturnTrue(13)
TpTrace Verbose: 0 : 22364, 7, 2022/08/08, 21:30:35.535, 16807604482801, vstest.console.dll, MulticastDelegateUtilities.SafeInvoke: TestRun.RunStatsChanged: Invoking callbacks was skipped because there are no subscribers.
TpTrace Information: 0 : 22364, 7, 2022/08/08, 21:30:35.535, 16807604483211, vstest.console.dll, TestRunRequest:SendTestRunStatsChange: Completed.
TpTrace Verbose: 0 : 22364, 7, 2022/08/08, 21:30:35.535, 16807604483649, vstest.console.dll, MulticastDelegateUtilities.SafeInvoke: LengthPrefixCommunicationChannel: MessageReceived: Invoking callback 1/1 for Microsoft.VisualStudio.TestPlatform.CommunicationUtilities.TestRequestSender+<>c__DisplayClass30_0.<StartTestRun>b__1, took 3 ms.
TpTrace Verbose: 0 : 22364, 7, 2022/08/08, 21:30:35.535, 16807604484118, vstest.console.dll, TcpClientExtensions.MessageLoopAsync: Polling on remoteEndPoint: 127.0.0.1:57562 localEndPoint: 127.0.0.1:57561
TpTrace Verbose: 0 : 22364, 7, 2022/08/08, 21:30:35.535, 16807604484679, vstest.console.dll, TcpClientExtensions.MessageLoopAsync: NotifyDataAvailable remoteEndPoint: 127.0.0.1:57562 localEndPoint: 127.0.0.1:57561
TpTrace Verbose: 0 : 22364, 4, 2022/08/08, 21:30:35.535, 16807604483845, vstest.console.dll, MulticastDelegateUtilities.SafeInvoke: InternalTestLoggerEvents.SendTestResult: Invoking callback 1/1 for Microsoft.VisualStudio.TestPlatform.CommandLine.Internal.ConsoleLogger.TestResultHandler, took 4 ms.
TpTrace Verbose: 0 : 22364, 4, 2022/08/08, 21:30:35.535, 16807604486399, vstest.console.dll, MulticastDelegateUtilities.SafeInvoke: InternalTestLoggerEvents.SendTestResult: Invoking callback 1/1 for Microsoft.VisualStudio.TestPlatform.CommandLine.Internal.ConsoleLogger.TestResultHandler, took 0 ms.
TpTrace Verbose: 0 : 22364, 4, 2022/08/08, 21:30:35.535, 16807604487532, vstest.console.dll, MulticastDelegateUtilities.SafeInvoke: InternalTestLoggerEvents.SendTestResult: Invoking callback 1/1 for Microsoft.VisualStudio.TestPlatform.CommandLine.Internal.ConsoleLogger.TestResultHandler, took 0 ms.
TpTrace Verbose: 0 : 22364, 7, 2022/08/08, 21:30:35.535, 16807604488256, vstest.console.dll, TestRequestSender.OnExecutionMessageReceived: Received message: {"Version":5,"MessageType":"TestExecution.StatsChange","Payload":{"NewTestResults":[{"TestCase":{"Id":"7e0bfa66-a88d-5d03-ac4b-c31c9b1c11f5","FullyQualifiedName":"Sparky.CalculatorNUnitTests.IsOddChecker_InputOddInt_ReturnTrue(13)","DisplayName":"IsOddChecker_InputOddInt_ReturnTrue(13)","ExecutorUri":"executor://NUnit3TestExecutor","Source":"D:\\Workspace\\Projects\\Sparky_UnitTesting\\SparkyNUnitTest\\bin\\Debug\\net6.0\\fine-code-coverage\\build-output\\SparkyNUnitTest.dll","CodeFilePath":null,"LineNumber":0,"Properties":[{"Key":{"Id":"NUnit.Seed","Label":"Seed","Category":"","Description":"","Attributes":0,"ValueType":"System.String"},"Value":"1547618186"}]},"Attachments":[],"Outcome":1,"ErrorMessage":null,"ErrorStackTrace":null,"DisplayName":"IsOddChecker_InputOddInt_ReturnTrue(13)","Messages":[],"ComputerName":"SHREYAN","Duration":"00:00:00.0000340","StartTime":"2022-08-08T16:00:35.3475047+00:00","EndTime":"2022-08-08T16:00:35.3475386+00:00","Properties":[{"Key":{"Id":"NUnit.Seed","Label":"Seed","Category":"","Description":"","Attributes":0,"ValueType":"System.String"},"Value":"1547618186"}]},{"TestCase":{"Id":"bfe83e76-af03-23bc-48ed-dd1fa6a4b8b5","FullyQualifiedName":"Sparky.CalculatorNUnitTests.IsOddChecker_InputOddInt_ReturnTrue(17)","DisplayName":"IsOddChecker_InputOddInt_ReturnTrue(17)","ExecutorUri":"executor://NUnit3TestExecutor","Source":"D:\\Workspace\\Projects\\Sparky_UnitTesting\\SparkyNUnitTest\\bin\\Debug\\net6.0\\fine-code-coverage\\build-output\\SparkyNUnitTest.dll","CodeFilePath":null,"LineNumber":0,"Properties":[{"Key":{"Id":"NUnit.Seed","Label":"Seed","Category":"","Description":"","Attributes":0,"ValueType":"System.String"},"Value":"1000983513"}]},"Attachments":[],"Outcome":1,"ErrorMessage":null,"ErrorStackTrace":null,"DisplayName":"IsOddChecker_InputOddInt_ReturnTrue(17)","Messages":[],"ComputerName":"SHREYAN","Duration":"00:00:00.0000240","StartTime":"2022-08-08T16:00:35.3475492+00:00","EndTime":"2022-08-08T16:00:35.3475729+00:00","Properties":[{"Key":{"Id":"NUnit.Seed","Label":"Seed","Category":"","Description":"","Attributes":0,"ValueType":"System.String"},"Value":"1000983513"}]},{"TestCase":{"Id":"4813d047-0f12-e0fd-d42c-3b2173fae535","FullyQualifiedName":"Sparky.CalculatorNUnitTests.OddRanger_InputMinAndMaxRange_ReturnsValidOddNumberRange","DisplayName":"OddRanger_InputMinAndMaxRange_ReturnsValidOddNumberRange","ExecutorUri":"executor://NUnit3TestExecutor","Source":"D:\\Workspace\\Projects\\Sparky_UnitTesting\\SparkyNUnitTest\\bin\\Debug\\net6.0\\fine-code-coverage\\build-output\\SparkyNUnitTest.dll","CodeFilePath":null,"LineNumber":0,"Properties":[{"Key":{"Id":"NUnit.Seed","Label":"Seed","Category":"","Description":"","Attributes":0,"ValueType":"System.String"},"Value":"264895783"}]},"Attachments":[],"Outcome":1,"ErrorMessage":null,"ErrorStackTrace":null,"DisplayName":"OddRanger_InputMinAndMaxRange_ReturnsValidOddNumberRange","Messages":[],"ComputerName":"SHREYAN","Duration":"00:00:00.0174300","StartTime":"2022-08-08T16:00:35.347596+00:00","EndTime":"2022-08-08T16:00:35.3650257+00:00","Properties":[{"Key":{"Id":"NUnit.Seed","Label":"Seed","Category":"","Description":"","Attributes":0,"ValueType":"System.String"},"Value":"264895783"}]},{"TestCase":{"Id":"00ab01bd-b629-11fc-76c9-dd888f106729","FullyQualifiedName":"Sparky.CustomerNUnitTests.CombineName_InputFirstAndLastName_ReturnFullName","DisplayName":"CombineName_InputFirstAndLastName_ReturnFullName","ExecutorUri":"executor://NUnit3TestExecutor","Source":"D:\\Workspace\\Projects\\Sparky_UnitTesting\\SparkyNUnitTest\\bin\\Debug\\net6.0\\fine-code-coverage\\build-output\\SparkyNUnitTest.dll","CodeFilePath":null,"LineNumber":0,"Properties":[{"Key":{"Id":"NUnit.Seed","Label":"Seed","Category":"","Description":"","Attributes":0,"ValueType":"System.String"},"Value":"1653796480"}]},"Attachments":[],"Outcome":1,"ErrorMessage":null,"ErrorStackTrace":null,"DisplayName":"CombineName_InputFirstAndLastName_ReturnFullName","Messages":[],"ComputerName":"SHREYAN","Duration":"00:00:00.0065870","StartTime":"2022-08-08T16:00:35.3651903+00:00","EndTime":"2022-08-08T16:00:35.3717773+00:00","Properties":[{"Key":{"Id":"NUnit.Seed","Label":"Seed","Category":"","Description":"","Attributes":0,"ValueType":"System.String"},"Value":"1653796480"}]},{"TestCase":{"Id":"ccc714f6-8702-8348-27ad-d2091c4b664c","FullyQualifiedName":"Sparky.CustomerNUnitTests.CustomerType_InputOrderTotal_ReturnCustomerTypeAsBasicIfOrderTotalLessThan100","DisplayName":"CustomerType_InputOrderTotal_ReturnCustomerTypeAsBasicIfOrderTotalLessThan100","ExecutorUri":"executor://NUnit3TestExecutor","Source":"D:\\Workspace\\Projects\\Sparky_UnitTesting\\SparkyNUnitTest\\bin\\Debug\\net6.0\\fine-code-coverage\\build-output\\SparkyNUnitTest.dll","CodeFilePath":null,"LineNumber":0,"Properties":[{"Key":{"Id":"NUnit.Seed","Label":"Seed","Category":"","Description":"","Attributes":0,"ValueType":"System.String"},"Value":"1994950121"}]},"Attachments":[],"Outcome":1,"ErrorMessage":null,"ErrorStackTrace":null,"DisplayName":"CustomerType_InputOrderTotal_ReturnCustomerTypeAsBasicIfOrderTotalLessThan100","Messages":[],"ComputerName":"SHREYAN","Duration":"00:00:00.0046560","StartTime":"2022-08-08T16:00:35.3718035+00:00","EndTime":"2022-08-08T16:00:35.3764591+00:00","Properties":[{"Key":{"Id":"NUnit.Seed","Label":"Seed","Category":"","Description":"","Attributes":0,"ValueType":"System.String"},"Value":"1994950121"}]},{"TestCase":{"Id":"504865c7-719d-d172-2d9a-92e962663d5b","FullyQualifiedName":"Sparky.CustomerNUnitTests.CustomerType_InputOrderTotal_ReturnCustomerTypeAsPlatinumIfOrderTotalMoreThan100","DisplayName":"CustomerType_InputOrderTotal_ReturnCustomerTypeAsPlatinumIfOrderTotalMoreThan100","ExecutorUri":"executor://NUnit3TestExecutor","Source":"D:\\Workspace\\Projects\\Sparky_UnitTesting\\SparkyNUnitTest\\bin\\Debug\\net6.0\\fine-code-coverage\\build-output\\SparkyNUnitTest.dll","CodeFilePath":null,"LineNumber":0,"Properties":[{"Key":{"Id":"NUnit.Seed","Label":"Seed","Category":"","Description":"","Attributes":0,"ValueType":"System.String"},"Value":"1651365017"}]},"Attachments":[],"Outcome":1,"ErrorMessage":null,"ErrorStackTrace":null,"DisplayName":"CustomerType_InputOrderTotal_ReturnCustomerTypeAsPlatinumIfOrderTotalMoreThan100","Messages":[],"ComputerName":"SHREYAN","Duration":"00:00:00.0002350","StartTime":"2022-08-08T16:00:35.3764857+00:00","EndTime":"2022-08-08T16:00:35.3767207+00:00","Properties":[{"Key":{"Id":"NUnit.Seed","Label":"Seed","Category":"","Description":"","Attributes":0,"ValueType":"System.String"},"Value":"1651365017"}]},{"TestCase":{"Id":"97698aff-d044-2c75-b0ee-0e6d042820ec","FullyQualifiedName":"Sparky.CustomerNUnitTests.DiscountCheck_DefaultCustomer_ReturnDiscountInRange","DisplayName":"DiscountCheck_DefaultCustomer_ReturnDiscountInRange","ExecutorUri":"executor://NUnit3TestExecutor","Source":"D:\\Workspace\\Projects\\Sparky_UnitTesting\\SparkyNUnitTest\\bin\\Debug\\net6.0\\fine-code-coverage\\build-output\\SparkyNUnitTest.dll","CodeFilePath":null,"LineNumber":0,"Properties":[{"Key":{"Id":"NUnit.Seed","Label":"Seed","Category":"","Description":"","Attributes":0,"ValueType":"System.String"},"Value":"1540388832"}]},"Attachments":[],"Outcome":1,"ErrorMessage":null,"ErrorStackTrace":null,"DisplayName":"DiscountCheck_DefaultCustomer_ReturnDiscountInRange","Messages":[],"ComputerName":"SHREYAN","Duration":"00:00:00.0007249","StartTime":"2022-08-08T16:00:35.3767369+00:00","EndTime":"2022-08-08T16:00:35.3774619+00:00","Properties":[{"Key":{"Id":"NUnit.Seed","Label":"Seed","Category":"","Description":"","Attributes":0,"ValueType":"System.String"},"Value":"1540388832"}]},{"TestCase":{"Id":"61a7a5cd-abb1-188c-1d18-77b57bab72b3","FullyQualifiedName":"Sparky.CustomerNUnitTests.GreetChecker_EmptyFirstName_ThrowsException","DisplayName":"GreetChecker_EmptyFirstName_ThrowsException","ExecutorUri":"executor://NUnit3TestExecutor","Source":"D:\\Workspace\\Projects\\Sparky_UnitTesting\\SparkyNUnitTest\\bin\\Debug\\net6.0\\fine-code-coverage\\build-output\\SparkyNUnitTest.dll","CodeFilePath":null,"LineNumber":0,"Properties":[{"Key":{"Id":"NUnit.Seed","Label":"Seed","Category":"","Description":"","Attributes":0,"ValueType":"System.String"},"Value":"671883082"}]},"Attachments":[],"Outcome":1,"ErrorMessage":null,"ErrorStackTrace":null,"DisplayName":"GreetChecker_EmptyFirstName_ThrowsException","Messages":[],"ComputerName":"SHREYAN","Duration":"00:00:00.0142410","StartTime":"2022-08-08T16:00:35.3774807+00:00","EndTime":"2022-08-08T16:00:35.3917217+00:00","Properties":[{"Key":{"Id":"NUnit.Seed","Label":"Seed","Category":"","Description":"","Attributes":0,"ValueType":"System.String"},"Value":"671883082"}]},{"TestCase":{"Id":"1a81baf6-0b9b-f68a-8729-2f567d113902","FullyQualifiedName":"Sparky.CustomerNUnitTests.GreetingMsg_NotGreeted_ReturnsNull","DisplayName":"GreetingMsg_NotGreeted_ReturnsNull","ExecutorUri":"executor://NUnit3TestExecutor","Source":"D:\\Workspace\\Projects\\Sparky_UnitTesting\\SparkyNUnitTest\\bin\\Debug\\net6.0\\fine-code-coverage\\build-output\\SparkyNUnitTest.dll","CodeFilePath":null,"LineNumber":0,"Properties":[{"Key":{"Id":"NUnit.Seed","Label":"Seed","Category":"","Description":"","Attributes":0,"ValueType":"System.String"},"Value":"2057345202"}]},"Attachments":[],"Outcome":1,"ErrorMessage":null,"ErrorStackTrace":null,"DisplayName":"GreetingMsg_NotGreeted_ReturnsNull","Messages":[],"ComputerName":"SHREYAN","Duration":"00:00:00.0007030","StartTime":"2022-08-08T16:00:35.3917504+00:00","EndTime":"2022-08-08T16:00:35.3924532+00:00","Properties":[{"Key":{"Id":"NUnit.Seed","Label":"Seed","Category":"","Description":"","Attributes":0,"ValueType":"System.String"},"Value":"2057345202"}]}],"TestRunStatistics":{"ExecutedTests":27,"Stats":{"Passed":27}},"ActiveTests":[{"Id":"30e06008-112b-e219-a790-211649ae4158","FullyQualifiedName":"Sparky.CustomerNUnitTests.GreetMessage_GreetWithoutLastName_ReturnsNotNull","DisplayName":"GreetMessage_GreetWithoutLastName_ReturnsNotNull","ExecutorUri":"executor://NUnit3TestExecutor","Source":"D:\\Workspace\\Projects\\Sparky_UnitTesting\\SparkyNUnitTest\\bin\\Debug\\net6.0\\fine-code-coverage\\build-output\\SparkyNUnitTest.dll","CodeFilePath":null,"LineNumber":0,"Properties":[{"Key":{"Id":"NUnit.Seed","Label":"Seed","Category":"","Description":"","Attributes":0,"ValueType":"System.String"},"Value":"884814996"}]}]}}
TpTrace Verbose: 0 : 22364, 4, 2022/08/08, 21:30:35.535, 16807604488620, vstest.console.dll, MulticastDelegateUtilities.SafeInvoke: InternalTestLoggerEvents.SendTestResult: Invoking callback 1/1 for Microsoft.VisualStudio.TestPlatform.CommandLine.Internal.ConsoleLogger.TestResultHandler, took 0 ms.
TpTrace Verbose: 0 : 22364, 4, 2022/08/08, 21:30:35.536, 16807604491817, vstest.console.dll, MulticastDelegateUtilities.SafeInvoke: InternalTestLoggerEvents.SendTestResult: Invoking callback 1/1 for Microsoft.VisualStudio.TestPlatform.CommandLine.Internal.ConsoleLogger.TestResultHandler, took 0 ms.
TpTrace Verbose: 0 : 22364, 4, 2022/08/08, 21:30:35.536, 16807604492943, vstest.console.dll, MulticastDelegateUtilities.SafeInvoke: InternalTestLoggerEvents.SendTestResult: Invoking callback 1/1 for Microsoft.VisualStudio.TestPlatform.CommandLine.Internal.ConsoleLogger.TestResultHandler, took 0 ms.
TpTrace Verbose: 0 : 22364, 4, 2022/08/08, 21:30:35.536, 16807604493882, vstest.console.dll, MulticastDelegateUtilities.SafeInvoke: InternalTestLoggerEvents.SendTestResult: Invoking callback 1/1 for Microsoft.VisualStudio.TestPlatform.CommandLine.Internal.ConsoleLogger.TestResultHandler, took 0 ms.
TpTrace Verbose: 0 : 22364, 4, 2022/08/08, 21:30:35.536, 16807604494757, vstest.console.dll, MulticastDelegateUtilities.SafeInvoke: InternalTestLoggerEvents.SendTestResult: Invoking callback 1/1 for Microsoft.VisualStudio.TestPlatform.CommandLine.Internal.ConsoleLogger.TestResultHandler, took 0 ms.
TpTrace Verbose: 0 : 22364, 4, 2022/08/08, 21:30:35.536, 16807604495734, vstest.console.dll, MulticastDelegateUtilities.SafeInvoke: InternalTestLoggerEvents.SendTestResult: Invoking callback 1/1 for Microsoft.VisualStudio.TestPlatform.CommandLine.Internal.ConsoleLogger.TestResultHandler, took 0 ms.
TpTrace Verbose: 0 : 22364, 4, 2022/08/08, 21:30:35.536, 16807604496708, vstest.console.dll, MulticastDelegateUtilities.SafeInvoke: InternalTestLoggerEvents.SendTestResult: Invoking callback 1/1 for Microsoft.VisualStudio.TestPlatform.CommandLine.Internal.ConsoleLogger.TestResultHandler, took 0 ms.
TpTrace Verbose: 0 : 22364, 4, 2022/08/08, 21:30:35.536, 16807604497536, vstest.console.dll, MulticastDelegateUtilities.SafeInvoke: InternalTestLoggerEvents.SendTestResult: Invoking callback 1/1 for Microsoft.VisualStudio.TestPlatform.CommandLine.Internal.ConsoleLogger.TestResultHandler, took 0 ms.
TpTrace Verbose: 0 : 22364, 4, 2022/08/08, 21:30:35.536, 16807604498460, vstest.console.dll, MulticastDelegateUtilities.SafeInvoke: InternalTestLoggerEvents.SendTestResult: Invoking callback 1/1 for Microsoft.VisualStudio.TestPlatform.CommandLine.Internal.ConsoleLogger.TestResultHandler, took 0 ms.
TpTrace Verbose: 0 : 22364, 4, 2022/08/08, 21:30:35.536, 16807604499322, vstest.console.dll, MulticastDelegateUtilities.SafeInvoke: InternalTestLoggerEvents.SendTestResult: Invoking callback 1/1 for Microsoft.VisualStudio.TestPlatform.CommandLine.Internal.ConsoleLogger.TestResultHandler, took 0 ms.
TpTrace Verbose: 0 : 22364, 4, 2022/08/08, 21:30:35.536, 16807604500203, vstest.console.dll, MulticastDelegateUtilities.SafeInvoke: InternalTestLoggerEvents.SendTestResult: Invoking callback 1/1 for Microsoft.VisualStudio.TestPlatform.CommandLine.Internal.ConsoleLogger.TestResultHandler, took 0 ms.
TpTrace Verbose: 0 : 22364, 4, 2022/08/08, 21:30:35.536, 16807604500967, vstest.console.dll, MulticastDelegateUtilities.SafeInvoke: InternalTestLoggerEvents.SendTestResult: Invoking callback 1/1 for Microsoft.VisualStudio.TestPlatform.CommandLine.Internal.ConsoleLogger.TestResultHandler, took 0 ms.
TpTrace Verbose: 0 : 22364, 4, 2022/08/08, 21:30:35.537, 16807604501643, vstest.console.dll, MulticastDelegateUtilities.SafeInvoke: InternalTestLoggerEvents.SendTestResult: Invoking callback 1/1 for Microsoft.VisualStudio.TestPlatform.CommandLine.Internal.ConsoleLogger.TestResultHandler, took 0 ms.
TpTrace Verbose: 0 : 22364, 7, 2022/08/08, 21:30:35.540, 16807604531779, vstest.console.dll, TestRunRequest:SendTestRunStatsChange: Starting.
TpTrace Verbose: 0 : 22364, 7, 2022/08/08, 21:30:35.540, 16807604532829, vstest.console.dll, InProgress is GreetMessage_GreetWithoutLastName_ReturnsNotNull
TpTrace Verbose: 0 : 22364, 7, 2022/08/08, 21:30:35.540, 16807604533549, vstest.console.dll, MulticastDelegateUtilities.SafeInvoke: TestRun.RunStatsChanged: Invoking callbacks was skipped because there are no subscribers.
TpTrace Information: 0 : 22364, 7, 2022/08/08, 21:30:35.540, 16807604534067, vstest.console.dll, TestRunRequest:SendTestRunStatsChange: Completed.
TpTrace Verbose: 0 : 22364, 7, 2022/08/08, 21:30:35.540, 16807604534512, vstest.console.dll, MulticastDelegateUtilities.SafeInvoke: LengthPrefixCommunicationChannel: MessageReceived: Invoking callback 1/1 for Microsoft.VisualStudio.TestPlatform.CommunicationUtilities.TestRequestSender+<>c__DisplayClass30_0.<StartTestRun>b__1, took 4 ms.
TpTrace Verbose: 0 : 22364, 7, 2022/08/08, 21:30:35.540, 16807604534922, vstest.console.dll, TcpClientExtensions.MessageLoopAsync: Polling on remoteEndPoint: 127.0.0.1:57562 localEndPoint: 127.0.0.1:57561
TpTrace Verbose: 0 : 22364, 7, 2022/08/08, 21:30:35.540, 16807604535884, vstest.console.dll, TcpClientExtensions.MessageLoopAsync: NotifyDataAvailable remoteEndPoint: 127.0.0.1:57562 localEndPoint: 127.0.0.1:57561
TpTrace Verbose: 0 : 22364, 4, 2022/08/08, 21:30:35.540, 16807604538554, vstest.console.dll, MulticastDelegateUtilities.SafeInvoke: InternalTestLoggerEvents.SendTestResult: Invoking callback 1/1 for Microsoft.VisualStudio.TestPlatform.CommandLine.Internal.ConsoleLogger.TestResultHandler, took 3 ms.
TpTrace Verbose: 0 : 22364, 7, 2022/08/08, 21:30:35.540, 16807604539270, vstest.console.dll, TestRequestSender.OnExecutionMessageReceived: Received message: {"Version":5,"MessageType":"TestExecution.StatsChange","Payload":{"NewTestResults":[{"TestCase":{"Id":"30e06008-112b-e219-a790-211649ae4158","FullyQualifiedName":"Sparky.CustomerNUnitTests.GreetMessage_GreetWithoutLastName_ReturnsNotNull","DisplayName":"GreetMessage_GreetWithoutLastName_ReturnsNotNull","ExecutorUri":"executor://NUnit3TestExecutor","Source":"D:\\Workspace\\Projects\\Sparky_UnitTesting\\SparkyNUnitTest\\bin\\Debug\\net6.0\\fine-code-coverage\\build-output\\SparkyNUnitTest.dll","CodeFilePath":null,"LineNumber":0,"Properties":[{"Key":{"Id":"NUnit.Seed","Label":"Seed","Category":"","Description":"","Attributes":0,"ValueType":"System.String"},"Value":"884814996"}]},"Attachments":[],"Outcome":1,"ErrorMessage":null,"ErrorStackTrace":null,"DisplayName":"GreetMessage_GreetWithoutLastName_ReturnsNotNull","Messages":[],"ComputerName":"SHREYAN","Duration":"00:00:00.0005910","StartTime":"2022-08-08T16:00:35.392481+00:00","EndTime":"2022-08-08T16:00:35.3930714+00:00","Properties":[{"Key":{"Id":"NUnit.Seed","Label":"Seed","Category":"","Description":"","Attributes":0,"ValueType":"System.String"},"Value":"884814996"}]},{"TestCase":{"Id":"f4003d2c-b422-51da-c4a9-1da7da3a76e8","FullyQualifiedName":"Sparky.FiboNUnitTests.FiboChecker_Input1_returnsFiboSeries","DisplayName":"FiboChecker_Input1_returnsFiboSeries","ExecutorUri":"executor://NUnit3TestExecutor","Source":"D:\\Workspace\\Projects\\Sparky_UnitTesting\\SparkyNUnitTest\\bin\\Debug\\net6.0\\fine-code-coverage\\build-output\\SparkyNUnitTest.dll","CodeFilePath":null,"LineNumber":0,"Properties":[{"Key":{"Id":"NUnit.Seed","Label":"Seed","Category":"","Description":"","Attributes":0,"ValueType":"System.String"},"Value":"2111789160"}]},"Attachments":[],"Outcome":1,"ErrorMessage":null,"ErrorStackTrace":null,"DisplayName":"FiboChecker_Input1_returnsFiboSeries","Messages":[],"ComputerName":"SHREYAN","Duration":"00:00:00.0010680","StartTime":"2022-08-08T16:00:35.3932958+00:00","EndTime":"2022-08-08T16:00:35.394364+00:00","Properties":[{"Key":{"Id":"NUnit.Seed","Label":"Seed","Category":"","Description":"","Attributes":0,"ValueType":"System.String"},"Value":"2111789160"}]},{"TestCase":{"Id":"41f889e4-2a44-a73f-e07e-55bd4669efb6","FullyQualifiedName":"Sparky.FiboNUnitTests.FiboChecker_Input6_returnsFiboSeries","DisplayName":"FiboChecker_Input6_returnsFiboSeries","ExecutorUri":"executor://NUnit3TestExecutor","Source":"D:\\Workspace\\Projects\\Sparky_UnitTesting\\SparkyNUnitTest\\bin\\Debug\\net6.0\\fine-code-coverage\\build-output\\SparkyNUnitTest.dll","CodeFilePath":null,"LineNumber":0,"Properties":[{"Key":{"Id":"NUnit.Seed","Label":"Seed","Category":"","Description":"","Attributes":0,"ValueType":"System.String"},"Value":"143970405"}]},"Attachments":[],"Outcome":1,"ErrorMessage":null,"ErrorStackTrace":null,"DisplayName":"FiboChecker_Input6_returnsFiboSeries","Messages":[],"ComputerName":"SHREYAN","Duration":"00:00:00.0004770","StartTime":"2022-08-08T16:00:35.3943874+00:00","EndTime":"2022-08-08T16:00:35.3948642+00:00","Properties":[{"Key":{"Id":"NUnit.Seed","Label":"Seed","Category":"","Description":"","Attributes":0,"ValueType":"System.String"},"Value":"143970405"}]},{"TestCase":{"Id":"d6287db1-6b7b-b19c-44fe-eb8ed4300e71","FullyQualifiedName":"Sparky.GradingCalculatorNUnitTests.GetGrade_InputScoreAndAttendance_GetProperGrade(95,90)","DisplayName":"GetGrade_InputScoreAndAttendance_GetProperGrade(95,90)","ExecutorUri":"executor://NUnit3TestExecutor","Source":"D:\\Workspace\\Projects\\Sparky_UnitTesting\\SparkyNUnitTest\\bin\\Debug\\net6.0\\fine-code-coverage\\build-output\\SparkyNUnitTest.dll","CodeFilePath":null,"LineNumber":0,"Properties":[{"Key":{"Id":"NUnit.Seed","Label":"Seed","Category":"","Description":"","Attributes":0,"ValueType":"System.String"},"Value":"1640066636"}]},"Attachments":[],"Outcome":1,"ErrorMessage":null,"ErrorStackTrace":null,"DisplayName":"GetGrade_InputScoreAndAttendance_GetProperGrade(95,90)","Messages":[],"ComputerName":"SHREYAN","Duration":"00:00:00.0006950","StartTime":"2022-08-08T16:00:35.3950322+00:00","EndTime":"2022-08-08T16:00:35.395727+00:00","Properties":[{"Key":{"Id":"NUnit.Seed","Label":"Seed","Category":"","Description":"","Attributes":0,"ValueType":"System.String"},"Value":"1640066636"}]},{"TestCase":{"Id":"5ce3512a-b0af-9563-da14-1ed368b75e64","FullyQualifiedName":"Sparky.GradingCalculatorNUnitTests.GetGrade_InputScoreAndAttendance_GetProperGrade(85,90)","DisplayName":"GetGrade_InputScoreAndAttendance_GetProperGrade(85,90)","ExecutorUri":"executor://NUnit3TestExecutor","Source":"D:\\Workspace\\Projects\\Sparky_UnitTesting\\SparkyNUnitTest\\bin\\Debug\\net6.0\\fine-code-coverage\\build-output\\SparkyNUnitTest.dll","CodeFilePath":null,"LineNumber":0,"Properties":[{"Key":{"Id":"NUnit.Seed","Label":"Seed","Category":"","Description":"","Attributes":0,"ValueType":"System.String"},"Value":"1600665937"}]},"Attachments":[],"Outcome":1,"ErrorMessage":null,"ErrorStackTrace":null,"DisplayName":"GetGrade_InputScoreAndAttendance_GetProperGrade(85,90)","Messages":[],"ComputerName":"SHREYAN","Duration":"00:00:00.0000360","StartTime":"2022-08-08T16:00:35.3957474+00:00","EndTime":"2022-08-08T16:00:35.3957836+00:00","Properties":[{"Key":{"Id":"NUnit.Seed","Label":"Seed","Category":"","Description":"","Attributes":0,"ValueType":"System.String"},"Value":"1600665937"}]},{"TestCase":{"Id":"9a78ed04-ea27-24b3-ab77-a2b91e53e06a","FullyQualifiedName":"Sparky.GradingCalculatorNUnitTests.GetGrade_InputScoreAndAttendance_GetProperGrade(65,90)","DisplayName":"GetGrade_InputScoreAndAttendance_GetProperGrade(65,90)","ExecutorUri":"executor://NUnit3TestExecutor","Source":"D:\\Workspace\\Projects\\Sparky_UnitTesting\\SparkyNUnitTest\\bin\\Debug\\net6.0\\fine-code-coverage\\build-output\\SparkyNUnitTest.dll","CodeFilePath":null,"LineNumber":0,"Properties":[{"Key":{"Id":"NUnit.Seed","Label":"Seed","Category":"","Description":"","Attributes":0,"ValueType":"System.String"},"Value":"1871319667"}]},"Attachments":[],"Outcome":1,"ErrorMessage":null,"ErrorStackTrace":null,"DisplayName":"GetGrade_InputScoreAndAttendance_GetProperGrade(65,90)","Messages":[],"ComputerName":"SHREYAN","Duration":"00:00:00.0000180","StartTime":"2022-08-08T16:00:35.3957941+00:00","EndTime":"2022-08-08T16:00:35.3958115+00:00","Properties":[{"Key":{"Id":"NUnit.Seed","Label":"Seed","Category":"","Description":"","Attributes":0,"ValueType":"System.String"},"Value":"1871319667"}]},{"TestCase":{"Id":"46f20f6d-da8f-8bd9-3666-84936019245b","FullyQualifiedName":"Sparky.GradingCalculatorNUnitTests.GetGrade_InputScoreAndAttendance_GetProperGrade(95,65)","DisplayName":"GetGrade_InputScoreAndAttendance_GetProperGrade(95,65)","ExecutorUri":"executor://NUnit3TestExecutor","Source":"D:\\Workspace\\Projects\\Sparky_UnitTesting\\SparkyNUnitTest\\bin\\Debug\\net6.0\\fine-code-coverage\\build-output\\SparkyNUnitTest.dll","CodeFilePath":null,"LineNumber":0,"Properties":[{"Key":{"Id":"NUnit.Seed","Label":"Seed","Category":"","Description":"","Attributes":0,"ValueType":"System.String"},"Value":"2144665197"}]},"Attachments":[],"Outcome":1,"ErrorMessage":null,"ErrorStackTrace":null,"DisplayName":"GetGrade_InputScoreAndAttendance_GetProperGrade(95,65)","Messages":[],"ComputerName":"SHREYAN","Duration":"00:00:00.0000150","StartTime":"2022-08-08T16:00:35.3958209+00:00","EndTime":"2022-08-08T16:00:35.3958353+00:00","Properties":[{"Key":{"Id":"NUnit.Seed","Label":"Seed","Category":"","Description":"","Attributes":0,"ValueType":"System.String"},"Value":"2144665197"}]},{"TestCase":{"Id":"be7ef7a2-2cc6-6f53-df78-d290f2d1ee0f","FullyQualifiedName":"Sparky.GradingCalculatorNUnitTests.GetGrade_InputScoreAndAttendance_GetProperGrade(95,55)","DisplayName":"GetGrade_InputScoreAndAttendance_GetProperGrade(95,55)","ExecutorUri":"executor://NUnit3TestExecutor","Source":"D:\\Workspace\\Projects\\Sparky_UnitTesting\\SparkyNUnitTest\\bin\\Debug\\net6.0\\fine-code-coverage\\build-output\\SparkyNUnitTest.dll","CodeFilePath":null,"LineNumber":0,"Properties":[{"Key":{"Id":"NUnit.Seed","Label":"Seed","Category":"","Description":"","Attributes":0,"ValueType":"System.String"},"Value":"248017096"}]},"Attachments":[],"Outcome":1,"ErrorMessage":null,"ErrorStackTrace":null,"DisplayName":"GetGrade_InputScoreAndAttendance_GetProperGrade(95,55)","Messages":[],"ComputerName":"SHREYAN","Duration":"00:00:00.0000150","StartTime":"2022-08-08T16:00:35.3958446+00:00","EndTime":"2022-08-08T16:00:35.395859+00:00","Properties":[{"Key":{"Id":"NUnit.Seed","Label":"Seed","Category":"","Description":"","Attributes":0,"ValueType":"System.String"},"Value":"248017096"}]},{"TestCase":{"Id":"95a76124-2e76-199b-4079-0cf36c5e3436","FullyQualifiedName":"Sparky.GradingCalculatorNUnitTests.GetGrade_InputScoreAndAttendance_GetProperGrade(65,55)","DisplayName":"GetGrade_InputScoreAndAttendance_GetProperGrade(65,55)","ExecutorUri":"executor://NUnit3TestExecutor","Source":"D:\\Workspace\\Projects\\Sparky_UnitTesting\\SparkyNUnitTest\\bin\\Debug\\net6.0\\fine-code-coverage\\build-output\\SparkyNUnitTest.dll","CodeFilePath":null,"LineNumber":0,"Properties":[{"Key":{"Id":"NUnit.Seed","Label":"Seed","Category":"","Description":"","Attributes":0,"ValueType":"System.String"},"Value":"2021236672"}]},"Attachments":[],"Outcome":1,"ErrorMessage":null,"ErrorStackTrace":null,"DisplayName":"GetGrade_InputScoreAndAttendance_GetProperGrade(65,55)","Messages":[],"ComputerName":"SHREYAN","Duration":"00:00:00.0000140","StartTime":"2022-08-08T16:00:35.395868+00:00","EndTime":"2022-08-08T16:00:35.3958822+00:00","Properties":[{"Key":{"Id":"NUnit.Seed","Label":"Seed","Category":"","Description":"","Attributes":0,"ValueType":"System.String"},"Value":"2021236672"}]}],"TestRunStatistics":{"ExecutedTests":36,"Stats":{"Passed":36}},"ActiveTests":[{"Id":"e3cf993f-ee48-8d8e-100d-8abd2025d73c","FullyQualifiedName":"Sparky.GradingCalculatorNUnitTests.GetGrade_InputScoreAndAttendance_GetProperGrade(50,90)","DisplayName":"GetGrade_InputScoreAndAttendance_GetProperGrade(50,90)","ExecutorUri":"executor://NUnit3TestExecutor","Source":"D:\\Workspace\\Projects\\Sparky_UnitTesting\\SparkyNUnitTest\\bin\\Debug\\net6.0\\fine-code-coverage\\build-output\\SparkyNUnitTest.dll","CodeFilePath":null,"LineNumber":0,"Properties":[{"Key":{"Id":"NUnit.Seed","Label":"Seed","Category":"","Description":"","Attributes":0,"ValueType":"System.String"},"Value":"1652746228"}]}]}}
TpTrace Verbose: 0 : 22364, 4, 2022/08/08, 21:30:35.540, 16807604540099, vstest.console.dll, MulticastDelegateUtilities.SafeInvoke: InternalTestLoggerEvents.SendTestResult: Invoking callback 1/1 for Microsoft.VisualStudio.TestPlatform.CommandLine.Internal.ConsoleLogger.TestResultHandler, took 0 ms.
TpTrace Verbose: 0 : 22364, 4, 2022/08/08, 21:30:35.541, 16807604543966, vstest.console.dll, MulticastDelegateUtilities.SafeInvoke: InternalTestLoggerEvents.SendTestResult: Invoking callback 1/1 for Microsoft.VisualStudio.TestPlatform.CommandLine.Internal.ConsoleLogger.TestResultHandler, took 0 ms.
TpTrace Verbose: 0 : 22364, 4, 2022/08/08, 21:30:35.541, 16807604544919, vstest.console.dll, MulticastDelegateUtilities.SafeInvoke: InternalTestLoggerEvents.SendTestResult: Invoking callback 1/1 for Microsoft.VisualStudio.TestPlatform.CommandLine.Internal.ConsoleLogger.TestResultHandler, took 0 ms.
TpTrace Verbose: 0 : 22364, 4, 2022/08/08, 21:30:35.541, 16807604545755, vstest.console.dll, MulticastDelegateUtilities.SafeInvoke: InternalTestLoggerEvents.SendTestResult: Invoking callback 1/1 for Microsoft.VisualStudio.TestPlatform.CommandLine.Internal.ConsoleLogger.TestResultHandler, took 0 ms.
TpTrace Verbose: 0 : 22364, 4, 2022/08/08, 21:30:35.541, 16807604546895, vstest.console.dll, MulticastDelegateUtilities.SafeInvoke: InternalTestLoggerEvents.SendTestResult: Invoking callback 1/1 for Microsoft.VisualStudio.TestPlatform.CommandLine.Internal.ConsoleLogger.TestResultHandler, took 0 ms.
TpTrace Verbose: 0 : 22364, 4, 2022/08/08, 21:30:35.541, 16807604547866, vstest.console.dll, MulticastDelegateUtilities.SafeInvoke: InternalTestLoggerEvents.SendTestResult: Invoking callback 1/1 for Microsoft.VisualStudio.TestPlatform.CommandLine.Internal.ConsoleLogger.TestResultHandler, took 0 ms.
TpTrace Verbose: 0 : 22364, 4, 2022/08/08, 21:30:35.541, 16807604548719, vstest.console.dll, MulticastDelegateUtilities.SafeInvoke: InternalTestLoggerEvents.SendTestResult: Invoking callback 1/1 for Microsoft.VisualStudio.TestPlatform.CommandLine.Internal.ConsoleLogger.TestResultHandler, took 0 ms.
TpTrace Verbose: 0 : 22364, 4, 2022/08/08, 21:30:35.541, 16807604549703, vstest.console.dll, MulticastDelegateUtilities.SafeInvoke: InternalTestLoggerEvents.SendTestResult: Invoking callback 1/1 for Microsoft.VisualStudio.TestPlatform.CommandLine.Internal.ConsoleLogger.TestResultHandler, took 0 ms.
TpTrace Verbose: 0 : 22364, 4, 2022/08/08, 21:30:35.541, 16807604550624, vstest.console.dll, MulticastDelegateUtilities.SafeInvoke: InternalTestLoggerEvents.SendTestResult: Invoking callback 1/1 for Microsoft.VisualStudio.TestPlatform.CommandLine.Internal.ConsoleLogger.TestResultHandler, took 0 ms.
TpTrace Verbose: 0 : 22364, 4, 2022/08/08, 21:30:35.542, 16807604551497, vstest.console.dll, MulticastDelegateUtilities.SafeInvoke: InternalTestLoggerEvents.SendTestResult: Invoking callback 1/1 for Microsoft.VisualStudio.TestPlatform.CommandLine.Internal.ConsoleLogger.TestResultHandler, took 0 ms.
TpTrace Verbose: 0 : 22364, 7, 2022/08/08, 21:30:35.544, 16807604580289, vstest.console.dll, TestRunRequest:SendTestRunStatsChange: Starting.
TpTrace Verbose: 0 : 22364, 7, 2022/08/08, 21:30:35.544, 16807604581062, vstest.console.dll, InProgress is GetGrade_InputScoreAndAttendance_GetProperGrade(50,90)
TpTrace Verbose: 0 : 22364, 7, 2022/08/08, 21:30:35.545, 16807604581901, vstest.console.dll, MulticastDelegateUtilities.SafeInvoke: TestRun.RunStatsChanged: Invoking callbacks was skipped because there are no subscribers.
TpTrace Information: 0 : 22364, 7, 2022/08/08, 21:30:35.545, 16807604582556, vstest.console.dll, TestRunRequest:SendTestRunStatsChange: Completed.
TpTrace Verbose: 0 : 22364, 4, 2022/08/08, 21:30:35.545, 16807604582188, vstest.console.dll, MulticastDelegateUtilities.SafeInvoke: InternalTestLoggerEvents.SendTestResult: Invoking callback 1/1 for Microsoft.VisualStudio.TestPlatform.CommandLine.Internal.ConsoleLogger.TestResultHandler, took 0 ms.
TpTrace Verbose: 0 : 22364, 7, 2022/08/08, 21:30:35.545, 16807604583133, vstest.console.dll, MulticastDelegateUtilities.SafeInvoke: LengthPrefixCommunicationChannel: MessageReceived: Invoking callback 1/1 for Microsoft.VisualStudio.TestPlatform.CommunicationUtilities.TestRequestSender+<>c__DisplayClass30_0.<StartTestRun>b__1, took 4 ms.
TpTrace Verbose: 0 : 22364, 7, 2022/08/08, 21:30:35.545, 16807604584762, vstest.console.dll, TcpClientExtensions.MessageLoopAsync: Polling on remoteEndPoint: 127.0.0.1:57562 localEndPoint: 127.0.0.1:57561
TpTrace Verbose: 0 : 22364, 4, 2022/08/08, 21:30:35.545, 16807604583923, vstest.console.dll, MulticastDelegateUtilities.SafeInvoke: InternalTestLoggerEvents.SendTestResult: Invoking callback 1/1 for Microsoft.VisualStudio.TestPlatform.CommandLine.Internal.ConsoleLogger.TestResultHandler, took 0 ms.
TpTrace Verbose: 0 : 22364, 7, 2022/08/08, 21:30:35.545, 16807604585517, vstest.console.dll, TcpClientExtensions.MessageLoopAsync: NotifyDataAvailable remoteEndPoint: 127.0.0.1:57562 localEndPoint: 127.0.0.1:57561
TpTrace Verbose: 0 : 22364, 4, 2022/08/08, 21:30:35.545, 16807604586448, vstest.console.dll, MulticastDelegateUtilities.SafeInvoke: InternalTestLoggerEvents.SendTestResult: Invoking callback 1/1 for Microsoft.VisualStudio.TestPlatform.CommandLine.Internal.ConsoleLogger.TestResultHandler, took 0 ms.
TpTrace Verbose: 0 : 22364, 7, 2022/08/08, 21:30:35.545, 16807604587310, vstest.console.dll, TestRequestSender.OnExecutionMessageReceived: Received message: {"Version":5,"MessageType":"TestSession.Message","Payload":{"MessageLevel":0,"Message":"NUnit Adapter 4.2.0.0: Test execution complete"}}
TpTrace Verbose: 0 : 22364, 4, 2022/08/08, 21:30:35.545, 16807604588068, vstest.console.dll, MulticastDelegateUtilities.SafeInvoke: InternalTestLoggerEvents.SendTestResult: Invoking callback 1/1 for Microsoft.VisualStudio.TestPlatform.CommandLine.Internal.ConsoleLogger.TestResultHandler, took 0 ms.
TpTrace Verbose: 0 : 22364, 7, 2022/08/08, 21:30:35.545, 16807604591132, vstest.console.dll, TestRunRequest:SendTestRunMessage: Starting.
TpTrace Verbose: 0 : 22364, 4, 2022/08/08, 21:30:35.546, 16807604591318, vstest.console.dll, MulticastDelegateUtilities.SafeInvoke: InternalTestLoggerEvents.SendTestResult: Invoking callback 1/1 for Microsoft.VisualStudio.TestPlatform.CommandLine.Internal.ConsoleLogger.TestResultHandler, took 0 ms.
TpTrace Verbose: 0 : 22364, 4, 2022/08/08, 21:30:35.546, 16807604592619, vstest.console.dll, MulticastDelegateUtilities.SafeInvoke: InternalTestLoggerEvents.SendTestResult: Invoking callback 1/1 for Microsoft.VisualStudio.TestPlatform.CommandLine.Internal.ConsoleLogger.TestResultHandler, took 0 ms.
TpTrace Verbose: 0 : 22364, 4, 2022/08/08, 21:30:35.546, 16807604593191, vstest.console.dll, MulticastDelegateUtilities.SafeInvoke: InternalTestLoggerEvents.SendTestResult: Invoking callback 1/1 for Microsoft.VisualStudio.TestPlatform.CommandLine.Internal.ConsoleLogger.TestResultHandler, took 0 ms.
TpTrace Verbose: 0 : 22364, 7, 2022/08/08, 21:30:35.546, 16807604591908, vstest.console.dll, MulticastDelegateUtilities.SafeInvoke: TestRun.LogMessages: Invoking callback 1/1 for Microsoft.VisualStudio.TestPlatform.CommandLine.TestRunResultAggregator.TestRunMessageHandler, took 0 ms.
TpTrace Information: 0 : 22364, 7, 2022/08/08, 21:30:35.546, 16807604594231, vstest.console.dll, TestRunRequest:SendTestRunMessage: Completed.
TpTrace Verbose: 0 : 22364, 4, 2022/08/08, 21:30:35.546, 16807604593721, vstest.console.dll, MulticastDelegateUtilities.SafeInvoke: InternalTestLoggerEvents.SendTestResult: Invoking callback 1/1 for Microsoft.VisualStudio.TestPlatform.CommandLine.Internal.ConsoleLogger.TestResultHandler, took 0 ms.
TpTrace Verbose: 0 : 22364, 4, 2022/08/08, 21:30:35.546, 16807604595534, vstest.console.dll, MulticastDelegateUtilities.SafeInvoke: InternalTestLoggerEvents.SendTestResult: Invoking callback 1/1 for Microsoft.VisualStudio.TestPlatform.CommandLine.Internal.ConsoleLogger.TestResultHandler, took 0 ms.
TpTrace Verbose: 0 : 22364, 4, 2022/08/08, 21:30:35.546, 16807604596220, vstest.console.dll, MulticastDelegateUtilities.SafeInvoke: InternalTestLoggerEvents.SendTestRunMessage: Invoking callback 1/1 for Microsoft.VisualStudio.TestPlatform.CommandLine.Internal.ConsoleLogger.TestMessageHandler, took 0 ms.
TpTrace Verbose: 0 : 22364, 7, 2022/08/08, 21:30:35.546, 16807604594837, vstest.console.dll, MulticastDelegateUtilities.SafeInvoke: LengthPrefixCommunicationChannel: MessageReceived: Invoking callback 1/1 for Microsoft.VisualStudio.TestPlatform.CommunicationUtilities.TestRequestSender+<>c__DisplayClass30_0.<StartTestRun>b__1, took 0 ms.
TpTrace Verbose: 0 : 22364, 7, 2022/08/08, 21:30:35.546, 16807604597271, vstest.console.dll, TcpClientExtensions.MessageLoopAsync: Polling on remoteEndPoint: 127.0.0.1:57562 localEndPoint: 127.0.0.1:57561
TpTrace Verbose: 0 : 22364, 7, 2022/08/08, 21:30:35.546, 16807604597858, vstest.console.dll, TcpClientExtensions.MessageLoopAsync: NotifyDataAvailable remoteEndPoint: 127.0.0.1:57562 localEndPoint: 127.0.0.1:57561
TpTrace Verbose: 0 : 22364, 7, 2022/08/08, 21:30:35.546, 16807604599639, vstest.console.dll, TestRequestSender.OnExecutionMessageReceived: Received message: {"Version":5,"MessageType":"TestExecution.Completed","Payload":{"TestRunCompleteArgs":{"TestRunStatistics":{"ExecutedTests":39,"Stats":{"Passed":39}},"IsCanceled":false,"IsAborted":false,"Error":null,"AttachmentSets":[],"ElapsedTimeInRunningTests":"00:00:00.8268128","Metrics":{}},"LastRunTests":{"NewTestResults":[{"TestCase":{"Id":"e3cf993f-ee48-8d8e-100d-8abd2025d73c","FullyQualifiedName":"Sparky.GradingCalculatorNUnitTests.GetGrade_InputScoreAndAttendance_GetProperGrade(50,90)","DisplayName":"GetGrade_InputScoreAndAttendance_GetProperGrade(50,90)","ExecutorUri":"executor://NUnit3TestExecutor","Source":"D:\\Workspace\\Projects\\Sparky_UnitTesting\\SparkyNUnitTest\\bin\\Debug\\net6.0\\fine-code-coverage\\build-output\\SparkyNUnitTest.dll","CodeFilePath":null,"LineNumber":0,"Properties":[{"Key":{"Id":"NUnit.Seed","Label":"Seed","Category":"","Description":"","Attributes":0,"ValueType":"System.String"},"Value":"1652746228"}]},"Attachments":[],"Outcome":1,"ErrorMessage":null,"ErrorStackTrace":null,"DisplayName":"GetGrade_InputScoreAndAttendance_GetProperGrade(50,90)","Messages":[],"ComputerName":"SHREYAN","Duration":"00:00:00.0000140","StartTime":"2022-08-08T16:00:35.3958913+00:00","EndTime":"2022-08-08T16:00:35.3959052+00:00","Properties":[{"Key":{"Id":"NUnit.Seed","Label":"Seed","Category":"","Description":"","Attributes":0,"ValueType":"System.String"},"Value":"1652746228"}]},{"TestCase":{"Id":"498ebce6-5929-2cdc-7e9e-f0736081bf42","FullyQualifiedName":"Sparky.ProductNUnitTests.GetProductPrice_PlatinumCustomer_ReturnPriceWith20Discount","DisplayName":"GetProductPrice_PlatinumCustomer_ReturnPriceWith20Discount","ExecutorUri":"executor://NUnit3TestExecutor","Source":"D:\\Workspace\\Projects\\Sparky_UnitTesting\\SparkyNUnitTest\\bin\\Debug\\net6.0\\fine-code-coverage\\build-output\\SparkyNUnitTest.dll","CodeFilePath":null,"LineNumber":0,"Properties":[{"Key":{"Id":"NUnit.Seed","Label":"Seed","Category":"","Description":"","Attributes":0,"ValueType":"System.String"},"Value":"1800867021"}]},"Attachments":[],"Outcome":1,"ErrorMessage":null,"ErrorStackTrace":null,"DisplayName":"GetProductPrice_PlatinumCustomer_ReturnPriceWith20Discount","Messages":[],"ComputerName":"SHREYAN","Duration":"00:00:00.0010630","StartTime":"2022-08-08T16:00:35.3960463+00:00","EndTime":"2022-08-08T16:00:35.3971086+00:00","Properties":[{"Key":{"Id":"NUnit.Seed","Label":"Seed","Category":"","Description":"","Attributes":0,"ValueType":"System.String"},"Value":"1800867021"}]},{"TestCase":{"Id":"2cd23aa0-ef9c-aafd-4049-cda3e042874f","FullyQualifiedName":"Sparky.ProductNUnitTests.GetProductPriceMOQAbuse_PlatinumCustomer_ReturnPriceWith20Discount","DisplayName":"GetProductPriceMOQAbuse_PlatinumCustomer_ReturnPriceWith20Discount","ExecutorUri":"executor://NUnit3TestExecutor","Source":"D:\\Workspace\\Projects\\Sparky_UnitTesting\\SparkyNUnitTest\\bin\\Debug\\net6.0\\fine-code-coverage\\build-output\\SparkyNUnitTest.dll","CodeFilePath":null,"LineNumber":0,"Properties":[{"Key":{"Id":"NUnit.Seed","Label":"Seed","Category":"","Description":"","Attributes":0,"ValueType":"System.String"},"Value":"1471158484"}]},"Attachments":[],"Outcome":1,"ErrorMessage":null,"ErrorStackTrace":null,"DisplayName":"GetProductPriceMOQAbuse_PlatinumCustomer_ReturnPriceWith20Discount","Messages":[],"ComputerName":"SHREYAN","Duration":"00:00:00.0047360","StartTime":"2022-08-08T16:00:35.3971358+00:00","EndTime":"2022-08-08T16:00:35.4018714+00:00","Properties":[{"Key":{"Id":"NUnit.Seed","Label":"Seed","Category":"","Description":"","Attributes":0,"ValueType":"System.String"},"Value":"1471158484"}]}],"TestRunStatistics":{"ExecutedTests":39,"Stats":{"Passed":39}},"ActiveTests":[]},"RunAttachments":[],"ExecutorUris":["executor://nunit3testexecutor/"]}}
TpTrace Verbose: 0 : 22364, 7, 2022/08/08, 21:30:35.547, 16807604603443, vstest.console.dll, TestRequestSender.EndSession: Sending end session.
TpTrace Verbose: 0 : 22364, 7, 2022/08/08, 21:30:35.547, 16807604606586, vstest.console.dll, ProxyOperationManager.Close: waiting for test host to exit for 100 ms
TpTrace Warning: 0 : 22364, 11, 2022/08/08, 21:30:35.594, 16807605074390, vstest.console.dll, TestHostManagerCallbacks.ErrorReceivedCallback Test host standard error line: 
TpTrace Verbose: 0 : 22364, 11, 2022/08/08, 21:30:35.605, 16807605186559, vstest.console.dll, TestHostProvider.ExitCallBack: Host exited starting callback.
TpTrace Information: 0 : 22364, 11, 2022/08/08, 21:30:35.606, 16807605194426, vstest.console.dll, TestHostManagerCallbacks.ExitCallBack: Testhost processId: 11160 exited with exitcode: 0 error: ''
TpTrace Verbose: 0 : 22364, 11, 2022/08/08, 21:30:35.606, 16807605195729, vstest.console.dll, DotnetTestHostManager.OnHostExited: invoking OnHostExited callback
TpTrace Verbose: 0 : 22364, 11, 2022/08/08, 21:30:35.606, 16807605196821, vstest.console.dll, CrossPlatEngine.TestHostManagerHostExited: calling on client process exit callback.
TpTrace Information: 0 : 22364, 11, 2022/08/08, 21:30:35.606, 16807605198269, vstest.console.dll, TestRequestSender.OnClientProcessExit: Test host process exited. Standard error: 
TpTrace Information: 0 : 22364, 7, 2022/08/08, 21:30:35.606, 16807605198885, vstest.console.dll, SocketServer.Stop: Stop server endPoint: 127.0.0.1:57561
TpTrace Information: 0 : 22364, 7, 2022/08/08, 21:30:35.606, 16807605200069, vstest.console.dll, SocketServer.Stop: Cancellation requested. Stopping message loop.
TpTrace Information: 0 : 22364, 11, 2022/08/08, 21:30:35.606, 16807605199270, vstest.console.dll, SocketServer.Stop: Stop server endPoint: 127.0.0.1:57561
TpTrace Information: 0 : 22364, 11, 2022/08/08, 21:30:35.607, 16807605201778, vstest.console.dll, SocketServer.Stop: Cancellation requested. Stopping message loop.
TpTrace Verbose: 0 : 22364, 11, 2022/08/08, 21:30:35.607, 16807605202473, vstest.console.dll, MulticastDelegateUtilities.SafeInvoke: HostProviderEvents.OnHostExited: Invoking callback 1/1 for Microsoft.VisualStudio.TestPlatform.CrossPlatEngine.Client.ProxyOperationManager.TestHostManagerHostExited, took 0 ms.
TpTrace Information: 0 : 22364, 7, 2022/08/08, 21:30:35.607, 16807605203082, vstest.console.dll, Closing the connection
TpTrace Verbose: 0 : 22364, 7, 2022/08/08, 21:30:35.608, 16807605213605, vstest.console.dll, ProxyDataCollectionManager.InvokeDataCollectionServiceAction: Starting.
TpTrace Information: 0 : 22364, 7, 2022/08/08, 21:30:35.608, 16807605214928, vstest.console.dll, ProxyDataCollectionManager.AfterTestRunEnd: Get attachment set and invoked data collectors processId: 9672 port: 57557
TpTrace Verbose: 0 : 22364, 7, 2022/08/08, 21:30:35.608, 16807605215922, vstest.console.dll, DataCollectionRequestSender.SendAfterTestRunStartAndGetResult: Send AfterTestRunEnd message with isCancelled: False
TpTrace Verbose: 0 : 22364, 7, 2022/08/08, 21:30:35.618, 16807605318575, vstest.console.dll, DataCollectionRequestSender.SendAfterTestRunStartAndGetResult: Received message: (DataCollection.AfterTestRunEndResult) -> {
  "AttachmentSets": [],
  "InvokedDataCollectors": [
    {
      "Uri": "datacollector://Microsoft/TestPlatform/Extensions/Blame/v1",
      "FriendlyName": "Blame",
      "AssemblyQualifiedName": "Microsoft.TestPlatform.Extensions.BlameDataCollector.BlameCollector, Microsoft.TestPlatform.Extensions.BlameDataCollector, Version=15.0.0.0, Culture=neutral, PublicKeyToken=b03f5f7f11d50a3a",
      "FilePath": "C:\\Program Files\\dotnet\\sdk\\6.0.302\\Extensions\\Microsoft.TestPlatform.Extensions.BlameDataCollector.dll",
      "HasAttachmentProcessor": false
    }
  ],
  "Metrics": {}
}
TpTrace Warning: 0 : 22364, 10, 2022/08/08, 21:30:35.624, 16807605377044, vstest.console.dll, DataCollectionLauncher.ErrorReceivedCallback datacollector standard error line: 
TpTrace Information: 0 : 22364, 7, 2022/08/08, 21:30:35.630, 16807605431992, vstest.console.dll, ProxyDataCollectionManager.InvokeDataCollectionServiceAction: Completed.
TpTrace Information: 0 : 22364, 10, 2022/08/08, 21:30:35.643, 16807605567941, vstest.console.dll, DataCollectionLauncher.ExitCallBack: Data collector exited with exitcode: 0 error: ''
TpTrace Verbose: 0 : 22364, 7, 2022/08/08, 21:30:35.774, 16807606871845, vstest.console.dll, TestRunRequest:SendTestRunStatsChange: Starting.
TpTrace Verbose: 0 : 22364, 7, 2022/08/08, 21:30:35.774, 16807606873645, vstest.console.dll, MulticastDelegateUtilities.SafeInvoke: TestRun.RunStatsChanged: Invoking callbacks was skipped because there are no subscribers.
TpTrace Information: 0 : 22364, 7, 2022/08/08, 21:30:35.774, 16807606874382, vstest.console.dll, TestRunRequest:SendTestRunStatsChange: Completed.
TpTrace Verbose: 0 : 22364, 4, 2022/08/08, 21:30:35.774, 16807606874480, vstest.console.dll, MulticastDelegateUtilities.SafeInvoke: InternalTestLoggerEvents.SendTestResult: Invoking callback 1/1 for Microsoft.VisualStudio.TestPlatform.CommandLine.Internal.ConsoleLogger.TestResultHandler, took 0 ms.
TpTrace Verbose: 0 : 22364, 4, 2022/08/08, 21:30:35.774, 16807606876434, vstest.console.dll, MulticastDelegateUtilities.SafeInvoke: InternalTestLoggerEvents.SendTestResult: Invoking callback 1/1 for Microsoft.VisualStudio.TestPlatform.CommandLine.Internal.ConsoleLogger.TestResultHandler, took 0 ms.
TpTrace Verbose: 0 : 22364, 4, 2022/08/08, 21:30:35.774, 16807606878238, vstest.console.dll, MulticastDelegateUtilities.SafeInvoke: InternalTestLoggerEvents.SendTestResult: Invoking callback 1/1 for Microsoft.VisualStudio.TestPlatform.CommandLine.Internal.ConsoleLogger.TestResultHandler, took 0 ms.
TpTrace Verbose: 0 : 22364, 7, 2022/08/08, 21:30:35.774, 16807606880116, vstest.console.dll, ParallelProxyExecutionManager: HandlePartialRunComplete: Total completed clients = 1, Run complete = True, Run canceled: False.
TpTrace Verbose: 0 : 22364, 4, 2022/08/08, 21:30:35.804, 16807607172966, vstest.console.dll, MulticastDelegateUtilities.SafeInvoke: InternalTestLoggerEvents.SendTestRunComplete: Invoking callback 1/2 for Microsoft.TestPlatform.Extensions.BlameDataCollector.BlameLogger.TestRunCompleteHandler, took 0 ms.
TpTrace Verbose: 0 : 22364, 4, 2022/08/08, 21:30:35.814, 16807607271586, vstest.console.dll, MulticastDelegateUtilities.SafeInvoke: InternalTestLoggerEvents.SendTestRunComplete: Invoking callback 2/2 for Microsoft.VisualStudio.TestPlatform.CommandLine.Internal.ConsoleLogger.TestRunCompleteHandler, took 9 ms.
TpTrace Verbose: 0 : 22364, 7, 2022/08/08, 21:30:35.814, 16807607276063, vstest.console.dll, TestRunRequest:TestRunComplete: Starting. IsAborted:False IsCanceled:False.
TpTrace Verbose: 0 : 22364, 7, 2022/08/08, 21:30:35.815, 16807607287812, vstest.console.dll, TestLoggerManager.HandleTestRunComplete: Ignoring as the object is disposed.
TpTrace Verbose: 0 : 22364, 7, 2022/08/08, 21:30:35.816, 16807607291648, vstest.console.dll, MulticastDelegateUtilities.SafeInvoke: TestRun.TestRunComplete: Invoking callback 1/2 for Microsoft.VisualStudio.TestPlatform.CommandLine.TestRunResultAggregator.TestRunCompletionHandler, took 0 ms.
TpTrace Verbose: 0 : 22364, 7, 2022/08/08, 21:30:35.816, 16807607292996, vstest.console.dll, MulticastDelegateUtilities.SafeInvoke: TestRun.TestRunComplete: Invoking callback 2/2 for Microsoft.VisualStudio.TestPlatform.CommandLine.Processors.RunTestsArgumentExecutor+TestRunRequestEventsRegistrar.TestRunRequest_OnRunCompletion, took 0 ms.
TpTrace Information: 0 : 22364, 7, 2022/08/08, 21:30:35.816, 16807607294518, vstest.console.dll, TestRunRequest:TestRunComplete: Completed.
TpTrace Verbose: 0 : 22364, 1, 2022/08/08, 21:30:35.816, 16807607294712, vstest.console.dll, TestRunRequest.Dispose: Starting.
TpTrace Verbose: 0 : 22364, 7, 2022/08/08, 21:30:35.816, 16807607295222, vstest.console.dll, TestRequestSender.SetOperationComplete: Setting operation complete.
TpTrace Information: 0 : 22364, 1, 2022/08/08, 21:30:35.816, 16807607296577, vstest.console.dll, TestRunRequest.Dispose: Completed.
TpTrace Information: 0 : 22364, 7, 2022/08/08, 21:30:35.816, 16807607296943, vstest.console.dll, SocketServer.Stop: Stop server endPoint: 127.0.0.1:57561
TpTrace Information: 0 : 22364, 1, 2022/08/08, 21:30:35.816, 16807607297845, vstest.console.dll, TestRequestManager.RunTests: run tests completed.
TpTrace Information: 0 : 22364, 7, 2022/08/08, 21:30:35.816, 16807607298251, vstest.console.dll, SocketServer.Stop: Cancellation requested. Stopping message loop.
TpTrace Verbose: 0 : 22364, 7, 2022/08/08, 21:30:35.816, 16807607299634, vstest.console.dll, MulticastDelegateUtilities.SafeInvoke: LengthPrefixCommunicationChannel: MessageReceived: Invoking callback 1/1 for Microsoft.VisualStudio.TestPlatform.CommunicationUtilities.TestRequestSender+<>c__DisplayClass30_0.<StartTestRun>b__1, took 270 ms.
TpTrace Information: 0 : 22364, 1, 2022/08/08, 21:30:35.816, 16807607299775, vstest.console.dll, RunTestsArgumentProcessor:Execute: Test run is completed.
TpTrace Information: 0 : 22364, 7, 2022/08/08, 21:30:35.816, 16807607300413, vstest.console.dll, SocketServer.PrivateStop: Stopping server endPoint: 127.0.0.1:57561 error: 
TpTrace Verbose: 0 : 22364, 1, 2022/08/08, 21:30:35.817, 16807607302596, vstest.console.dll, Executor.Execute: Exiting with exit code of 0
TpTrace Verbose: 0 : 22364, 7, 2022/08/08, 21:30:35.817, 16807607307135, vstest.console.dll, LengthPrefixCommunicationChannel.Dispose: Dispose reader and writer.
TpTrace Information: 0 : 22364, 7, 2022/08/08, 21:30:35.817, 16807607308765, vstest.console.dll, SocketServer.Stop: Raise disconnected event endPoint: 127.0.0.1:57561 error: 
