TpTrace Verbose: 0 : 2104, 1, 2022/08/08, 21:30:41.853, 16807667662876, vstest.console.dll, Version: 17.2.0-release-20220408-11 Current process architecture: X64
TpTrace Information: 0 : 2104, 1, 2022/08/08, 21:30:41.868, 16807667812172, vstest.console.dll, FilePatternParser: The given file D:\Workspace\Projects\Sparky_UnitTesting\SparkyXUnitTests\bin\Debug\net6.0\fine-code-coverage\build-output\SparkyXUnitTests.dll is a full path.
TpTrace Verbose: 0 : 2104, 1, 2022/08/08, 21:30:41.880, 16807667933183, vstest.console.dll, TestPluginCache.DiscoverTestExtensions: finding test extensions in assemblies ends with: RuntimeProvider.dll TPluginInfo: Microsoft.VisualStudio.TestPlatform.Common.ExtensionFramework.Utilities.TestRuntimePluginInformation TExtension: Microsoft.VisualStudio.TestPlatform.ObjectModel.Host.ITestRuntimeProvider
TpTrace Verbose: 0 : 2104, 1, 2022/08/08, 21:30:41.961, 16807668750028, vstest.console.dll, TestPluginCache.GetExtensionPaths: Filtered extension paths: 
TpTrace Verbose: 0 : 2104, 1, 2022/08/08, 21:30:41.962, 16807668754332, vstest.console.dll, TestPluginCache.GetExtensionPaths: Added default extension paths: C:\Program Files\dotnet\sdk\6.0.302\Extensions\DumpMinitool.exe
C:\Program Files\dotnet\sdk\6.0.302\Extensions\DumpMinitool.x86.exe
C:\Program Files\dotnet\sdk\6.0.302\Extensions\Microsoft.Diagnostics.NETCore.Client.dll
C:\Program Files\dotnet\sdk\6.0.302\Extensions\Microsoft.TestPlatform.Extensions.BlameDataCollector.dll
C:\Program Files\dotnet\sdk\6.0.302\Extensions\Microsoft.TestPlatform.Extensions.EventLogCollector.dll
C:\Program Files\dotnet\sdk\6.0.302\Extensions\Microsoft.TestPlatform.TestHostRuntimeProvider.dll
C:\Program Files\dotnet\sdk\6.0.302\Extensions\Microsoft.VisualStudio.TestPlatform.Extensions.Html.TestLogger.dll
C:\Program Files\dotnet\sdk\6.0.302\Extensions\Microsoft.VisualStudio.TestPlatform.Extensions.Trx.TestLogger.dll
TpTrace Verbose: 0 : 2104, 1, 2022/08/08, 21:30:41.962, 16807668755933, vstest.console.dll, TestPluginCache.GetExtensionPaths: Added unfilterableExtensionPaths: 
TpTrace Information: 0 : 2104, 1, 2022/08/08, 21:30:41.965, 16807668788672, vstest.console.dll, AssemblyResolver.ctor: Creating AssemblyResolver with searchDirectories C:\Program Files\dotnet\sdk\6.0.302\Extensions,C:\Program Files\dotnet\sdk\6.0.302
TpTrace Verbose: 0 : 2104, 1, 2022/08/08, 21:30:41.969, 16807668824543, vstest.console.dll, TestPluginCache.DiscoverTestExtensions: Discovering the extensions using extension path.
TpTrace Verbose: 0 : 2104, 1, 2022/08/08, 21:30:41.971, 16807668841658, vstest.console.dll, TestPluginCache.GetExtensionPaths: Filtered extension paths: 
TpTrace Verbose: 0 : 2104, 1, 2022/08/08, 21:30:41.971, 16807668846691, vstest.console.dll, TestPluginCache.GetExtensionPaths: Added default extension paths: C:\Program Files\dotnet\sdk\6.0.302\Extensions\DumpMinitool.exe
C:\Program Files\dotnet\sdk\6.0.302\Extensions\DumpMinitool.x86.exe
C:\Program Files\dotnet\sdk\6.0.302\Extensions\Microsoft.Diagnostics.NETCore.Client.dll
C:\Program Files\dotnet\sdk\6.0.302\Extensions\Microsoft.TestPlatform.Extensions.BlameDataCollector.dll
C:\Program Files\dotnet\sdk\6.0.302\Extensions\Microsoft.TestPlatform.Extensions.EventLogCollector.dll
C:\Program Files\dotnet\sdk\6.0.302\Extensions\Microsoft.TestPlatform.TestHostRuntimeProvider.dll
C:\Program Files\dotnet\sdk\6.0.302\Extensions\Microsoft.VisualStudio.TestPlatform.Extensions.Html.TestLogger.dll
C:\Program Files\dotnet\sdk\6.0.302\Extensions\Microsoft.VisualStudio.TestPlatform.Extensions.Trx.TestLogger.dll
TpTrace Verbose: 0 : 2104, 1, 2022/08/08, 21:30:41.971, 16807668848608, vstest.console.dll, TestPluginCache.GetExtensionPaths: Added unfilterableExtensionPaths: 
TpTrace Verbose: 0 : 2104, 1, 2022/08/08, 21:30:41.972, 16807668852020, vstest.console.dll, TestPluginCache.DiscoverTestExtensions: Discovering the extensions using allExtensionPaths: C:\Program Files\dotnet\sdk\6.0.302\Extensions\DumpMinitool.exe
C:\Program Files\dotnet\sdk\6.0.302\Extensions\DumpMinitool.x86.exe
C:\Program Files\dotnet\sdk\6.0.302\Extensions\Microsoft.Diagnostics.NETCore.Client.dll
C:\Program Files\dotnet\sdk\6.0.302\Extensions\Microsoft.TestPlatform.Extensions.BlameDataCollector.dll
C:\Program Files\dotnet\sdk\6.0.302\Extensions\Microsoft.TestPlatform.Extensions.EventLogCollector.dll
C:\Program Files\dotnet\sdk\6.0.302\Extensions\Microsoft.TestPlatform.TestHostRuntimeProvider.dll
C:\Program Files\dotnet\sdk\6.0.302\Extensions\Microsoft.VisualStudio.TestPlatform.Extensions.Html.TestLogger.dll
C:\Program Files\dotnet\sdk\6.0.302\Extensions\Microsoft.VisualStudio.TestPlatform.Extensions.Trx.TestLogger.dll
TpTrace Information: 0 : 2104, 1, 2022/08/08, 21:30:41.972, 16807668859380, vstest.console.dll, AssemblyResolver.AddSearchDirectories: Adding more searchDirectories C:\Program Files\dotnet\sdk\6.0.302\Extensions,C:\Program Files\dotnet\sdk\6.0.302
TpTrace Information: 0 : 2104, 1, 2022/08/08, 21:30:41.973, 16807668862070, vstest.console.dll, AssemblyResolver.AddSearchDirectories: Adding more searchDirectories C:\Program Files\dotnet\sdk\6.0.302\Extensions,C:\Program Files\dotnet\sdk\6.0.302
TpTrace Information: 0 : 2104, 1, 2022/08/08, 21:30:41.973, 16807668863852, vstest.console.dll, AssemblyResolver.AddSearchDirectories: Adding more searchDirectories C:\Program Files\dotnet\sdk\6.0.302\Extensions,C:\Program Files\dotnet\sdk\6.0.302
TpTrace Information: 0 : 2104, 1, 2022/08/08, 21:30:41.973, 16807668865654, vstest.console.dll, AssemblyResolver.AddSearchDirectories: Adding more searchDirectories C:\Program Files\dotnet\sdk\6.0.302\Extensions,C:\Program Files\dotnet\sdk\6.0.302
TpTrace Information: 0 : 2104, 1, 2022/08/08, 21:30:41.973, 16807668867313, vstest.console.dll, AssemblyResolver.AddSearchDirectories: Adding more searchDirectories C:\Program Files\dotnet\sdk\6.0.302\Extensions,C:\Program Files\dotnet\sdk\6.0.302
TpTrace Information: 0 : 2104, 1, 2022/08/08, 21:30:41.973, 16807668868887, vstest.console.dll, AssemblyResolver.AddSearchDirectories: Adding more searchDirectories C:\Program Files\dotnet\sdk\6.0.302\Extensions,C:\Program Files\dotnet\sdk\6.0.302
TpTrace Information: 0 : 2104, 1, 2022/08/08, 21:30:41.973, 16807668870774, vstest.console.dll, AssemblyResolver.AddSearchDirectories: Adding more searchDirectories C:\Program Files\dotnet\sdk\6.0.302\Extensions,C:\Program Files\dotnet\sdk\6.0.302
TpTrace Information: 0 : 2104, 1, 2022/08/08, 21:30:41.974, 16807668872403, vstest.console.dll, AssemblyResolver.AddSearchDirectories: Adding more searchDirectories C:\Program Files\dotnet\sdk\6.0.302\Extensions,C:\Program Files\dotnet\sdk\6.0.302
TpTrace Information: 0 : 2104, 1, 2022/08/08, 21:30:41.975, 16807668887501, vstest.console.dll, AssemblyResolver.OnResolve: DumpMinitool: Resolving assembly.
TpTrace Information: 0 : 2104, 1, 2022/08/08, 21:30:41.976, 16807668891688, vstest.console.dll, AssemblyResolver.OnResolve: DumpMinitool: Searching in: 'C:\Program Files\dotnet\sdk\6.0.302\Extensions'.
TpTrace Information: 0 : 2104, 1, 2022/08/08, 21:30:41.976, 16807668896814, vstest.console.dll, AssemblyResolver.OnResolve: DumpMinitool: Assembly path does not exist: 'C:\Program Files\dotnet\sdk\6.0.302\Extensions\DumpMinitool.dll', returning.
TpTrace Information: 0 : 2104, 1, 2022/08/08, 21:30:41.991, 16807669044223, vstest.console.dll, AssemblyResolver.OnResolve: DumpMinitool: Loading assembly 'C:\Program Files\dotnet\sdk\6.0.302\Extensions\DumpMinitool.exe'.
TpTrace Information: 0 : 2104, 1, 2022/08/08, 21:30:41.998, 16807669117386, vstest.console.dll, AssemblyResolver.OnResolve: Resolved assembly: DumpMinitool, from path: C:\Program Files\dotnet\sdk\6.0.302\Extensions\DumpMinitool.exe
TpTrace Verbose: 0 : 2104, 1, 2022/08/08, 21:30:42.021, 16807669342627, vstest.console.dll, MetadataReaderExtensionsHelper: Discovering extensions inside assembly 'DumpMinitool, Version=15.0.0.0, Culture=neutral, PublicKeyToken=b03f5f7f11d50a3a' file path 'C:\Program Files\dotnet\sdk\6.0.302\Extensions\DumpMinitool.exe'
TpTrace Information: 0 : 2104, 1, 2022/08/08, 21:30:42.039, 16807669524559, vstest.console.dll, AssemblyResolver.OnResolve: DumpMinitool.x86: Resolving assembly.
TpTrace Information: 0 : 2104, 1, 2022/08/08, 21:30:42.039, 16807669527896, vstest.console.dll, AssemblyResolver.OnResolve: DumpMinitool.x86: Searching in: 'C:\Program Files\dotnet\sdk\6.0.302\Extensions'.
TpTrace Information: 0 : 2104, 1, 2022/08/08, 21:30:42.039, 16807669530162, vstest.console.dll, AssemblyResolver.OnResolve: DumpMinitool.x86: Assembly path does not exist: 'C:\Program Files\dotnet\sdk\6.0.302\Extensions\DumpMinitool.x86.dll', returning.
TpTrace Information: 0 : 2104, 1, 2022/08/08, 21:30:42.040, 16807669538326, vstest.console.dll, AssemblyResolver.OnResolve: DumpMinitool.x86: Loading assembly 'C:\Program Files\dotnet\sdk\6.0.302\Extensions\DumpMinitool.x86.exe'.
TpTrace Information: 0 : 2104, 1, 2022/08/08, 21:30:42.042, 16807669561135, vstest.console.dll, AssemblyResolver.OnResolve: Resolved assembly: DumpMinitool.x86, from path: C:\Program Files\dotnet\sdk\6.0.302\Extensions\DumpMinitool.x86.exe
TpTrace Verbose: 0 : 2104, 1, 2022/08/08, 21:30:42.043, 16807669564328, vstest.console.dll, MetadataReaderExtensionsHelper: Discovering extensions inside assembly 'DumpMinitool.x86, Version=15.0.0.0, Culture=neutral, PublicKeyToken=b03f5f7f11d50a3a' file path 'C:\Program Files\dotnet\sdk\6.0.302\Extensions\DumpMinitool.x86.exe'
TpTrace Information: 0 : 2104, 1, 2022/08/08, 21:30:42.049, 16807669621498, vstest.console.dll, AssemblyResolver.OnResolve: Microsoft.Diagnostics.NETCore.Client: Resolving assembly.
TpTrace Information: 0 : 2104, 1, 2022/08/08, 21:30:42.049, 16807669625478, vstest.console.dll, AssemblyResolver.OnResolve: Microsoft.Diagnostics.NETCore.Client: Searching in: 'C:\Program Files\dotnet\sdk\6.0.302\Extensions'.
TpTrace Information: 0 : 2104, 1, 2022/08/08, 21:30:42.053, 16807669665121, vstest.console.dll, AssemblyResolver.OnResolve: Microsoft.Diagnostics.NETCore.Client: Loading assembly 'C:\Program Files\dotnet\sdk\6.0.302\Extensions\Microsoft.Diagnostics.NETCore.Client.dll'.
TpTrace Information: 0 : 2104, 1, 2022/08/08, 21:30:42.055, 16807669681330, vstest.console.dll, AssemblyResolver.OnResolve: Resolved assembly: Microsoft.Diagnostics.NETCore.Client, from path: C:\Program Files\dotnet\sdk\6.0.302\Extensions\Microsoft.Diagnostics.NETCore.Client.dll
TpTrace Verbose: 0 : 2104, 1, 2022/08/08, 21:30:42.055, 16807669683338, vstest.console.dll, MetadataReaderExtensionsHelper: Discovering extensions inside assembly 'Microsoft.Diagnostics.NETCore.Client, Version=0.2.5.801, Culture=neutral, PublicKeyToken=31bf3856ad364e35' file path 'C:\Program Files\dotnet\sdk\6.0.302\Extensions\Microsoft.Diagnostics.NETCore.Client.dll'
TpTrace Information: 0 : 2104, 1, 2022/08/08, 21:30:42.072, 16807669855364, vstest.console.dll, AssemblyResolver.OnResolve: Microsoft.Bcl.AsyncInterfaces: Resolving assembly.
TpTrace Information: 0 : 2104, 1, 2022/08/08, 21:30:42.072, 16807669858294, vstest.console.dll, AssemblyResolver.OnResolve: Microsoft.Bcl.AsyncInterfaces: Searching in: 'C:\Program Files\dotnet\sdk\6.0.302\Extensions'.
TpTrace Information: 0 : 2104, 1, 2022/08/08, 21:30:42.072, 16807669860486, vstest.console.dll, AssemblyResolver.OnResolve: Microsoft.Bcl.AsyncInterfaces: Assembly path does not exist: 'C:\Program Files\dotnet\sdk\6.0.302\Extensions\Microsoft.Bcl.AsyncInterfaces.dll', returning.
TpTrace Information: 0 : 2104, 1, 2022/08/08, 21:30:42.073, 16807669861956, vstest.console.dll, AssemblyResolver.OnResolve: Microsoft.Bcl.AsyncInterfaces: Assembly path does not exist: 'C:\Program Files\dotnet\sdk\6.0.302\Extensions\Microsoft.Bcl.AsyncInterfaces.exe', returning.
TpTrace Information: 0 : 2104, 1, 2022/08/08, 21:30:42.073, 16807669862768, vstest.console.dll, AssemblyResolver.OnResolve: Microsoft.Bcl.AsyncInterfaces: Searching in: 'C:\Program Files\dotnet\sdk\6.0.302'.
TpTrace Information: 0 : 2104, 1, 2022/08/08, 21:30:42.073, 16807669864170, vstest.console.dll, AssemblyResolver.OnResolve: Microsoft.Bcl.AsyncInterfaces: Assembly path does not exist: 'C:\Program Files\dotnet\sdk\6.0.302\Microsoft.Bcl.AsyncInterfaces.dll', returning.
TpTrace Information: 0 : 2104, 1, 2022/08/08, 21:30:42.073, 16807669865453, vstest.console.dll, AssemblyResolver.OnResolve: Microsoft.Bcl.AsyncInterfaces: Assembly path does not exist: 'C:\Program Files\dotnet\sdk\6.0.302\Microsoft.Bcl.AsyncInterfaces.exe', returning.
TpTrace Information: 0 : 2104, 1, 2022/08/08, 21:30:42.073, 16807669866456, vstest.console.dll, AssemblyResolver.OnResolve: Microsoft.Bcl.AsyncInterfaces: Failed to load assembly.
TpTrace Verbose: 0 : 2104, 1, 2022/08/08, 21:30:42.073, 16807669868298, vstest.console.dll, CurrentDomainAssemblyResolve: Resolving assembly 'Microsoft.Bcl.AsyncInterfaces'.
TpTrace Information: 0 : 2104, 1, 2022/08/08, 21:30:42.073, 16807669870632, vstest.console.dll, AssemblyResolver.OnResolve: Microsoft.Bcl.AsyncInterfaces: Resolving assembly.
TpTrace Information: 0 : 2104, 1, 2022/08/08, 21:30:42.074, 16807669871583, vstest.console.dll, AssemblyResolver.OnResolve: Microsoft.Bcl.AsyncInterfaces: Resolved from cache.
TpTrace Verbose: 0 : 2104, 1, 2022/08/08, 21:30:42.074, 16807669872466, vstest.console.dll, CurrentDomainAssemblyResolve: Resolving assembly 'Microsoft.Bcl.AsyncInterfaces'.
TpTrace Verbose: 0 : 2104, 1, 2022/08/08, 21:30:42.074, 16807669873520, vstest.console.dll, CurrentDomainAssemblyResolve: Failed to resolve assembly 'Microsoft.Bcl.AsyncInterfaces'.
TpTrace Verbose: 0 : 2104, 1, 2022/08/08, 21:30:42.075, 16807669883267, vstest.console.dll, CurrentDomainAssemblyResolve: Failed to resolve assembly 'Microsoft.Bcl.AsyncInterfaces'.
TpTrace Warning: 0 : 2104, 1, 2022/08/08, 21:30:42.113, 16807670268820, vstest.console.dll, TestPluginDiscoverer: Failed to get types from assembly 'Microsoft.Diagnostics.NETCore.Client, Version=0.2.5.801, Culture=neutral, PublicKeyToken=31bf3856ad364e35'. Error: System.Reflection.ReflectionTypeLoadException: Unable to load one or more of the requested types.
Could not load file or assembly 'Microsoft.Bcl.AsyncInterfaces, Version=1.0.0.0, Culture=neutral, PublicKeyToken=cc7b13ffcd2ddd51'. The system cannot find the file specified.
   at System.Reflection.RuntimeModule.GetTypes(RuntimeModule module)
   at System.Reflection.Assembly.GetTypes()
   at Microsoft.VisualStudio.TestPlatform.Common.ExtensionFramework.TestPluginDiscoverer.GetTestExtensionsFromAssembly[TPluginInfo,TExtension](Assembly assembly, Dictionary`2 pluginInfos, String filePath)
System.IO.FileNotFoundException: Could not load file or assembly 'Microsoft.Bcl.AsyncInterfaces, Version=1.0.0.0, Culture=neutral, PublicKeyToken=cc7b13ffcd2ddd51'. The system cannot find the file specified.
File name: 'Microsoft.Bcl.AsyncInterfaces, Version=1.0.0.0, Culture=neutral, PublicKeyToken=cc7b13ffcd2ddd51'
 ---> System.IO.FileNotFoundException: Could not load file or assembly 'Microsoft.Bcl.AsyncInterfaces, Culture=neutral, PublicKeyToken=null'. The system cannot find the file specified.
File name: 'Microsoft.Bcl.AsyncInterfaces, Culture=neutral, PublicKeyToken=null'
   at System.Reflection.RuntimeAssembly.InternalLoad(ObjectHandleOnStack assemblyName, ObjectHandleOnStack requestingAssembly, StackCrawlMarkHandle stackMark, Boolean throwOnFileNotFound, ObjectHandleOnStack assemblyLoadContext, ObjectHandleOnStack retAssembly)
   at System.Reflection.RuntimeAssembly.InternalLoad(AssemblyName assemblyName, RuntimeAssembly requestingAssembly, StackCrawlMark& stackMark, Boolean throwOnFileNotFound, AssemblyLoadContext assemblyLoadContext)
   at System.Reflection.Assembly.Load(AssemblyName assemblyRef)
   at Microsoft.VisualStudio.TestPlatform.Common.ExtensionFramework.TestPluginCache.CurrentDomainAssemblyResolve(Object sender, AssemblyResolveEventArgs args)
   at Microsoft.VisualStudio.TestPlatform.PlatformAbstractions.PlatformAssemblyResolver.AssemblyResolverEvent(Object sender, Object eventArgs)
   at System.Runtime.Loader.AssemblyLoadContext.GetFirstResolvedAssemblyFromResolvingEvent(AssemblyName assemblyName)
   at System.Runtime.Loader.AssemblyLoadContext.ResolveUsingEvent(AssemblyName assemblyName)
   at System.Runtime.Loader.AssemblyLoadContext.ResolveUsingResolvingEvent(IntPtr gchManagedAssemblyLoadContext, AssemblyName assemblyName)
TpTrace Warning: 0 : 2104, 1, 2022/08/08, 21:30:42.114, 16807670276076, vstest.console.dll, LoaderExceptions: System.IO.FileNotFoundException: Could not load file or assembly 'Microsoft.Bcl.AsyncInterfaces, Version=1.0.0.0, Culture=neutral, PublicKeyToken=cc7b13ffcd2ddd51'. The system cannot find the file specified.
File name: 'Microsoft.Bcl.AsyncInterfaces, Version=1.0.0.0, Culture=neutral, PublicKeyToken=cc7b13ffcd2ddd51'
 ---> System.IO.FileNotFoundException: Could not load file or assembly 'Microsoft.Bcl.AsyncInterfaces, Culture=neutral, PublicKeyToken=null'. The system cannot find the file specified.
File name: 'Microsoft.Bcl.AsyncInterfaces, Culture=neutral, PublicKeyToken=null'
   at System.Reflection.RuntimeAssembly.InternalLoad(ObjectHandleOnStack assemblyName, ObjectHandleOnStack requestingAssembly, StackCrawlMarkHandle stackMark, Boolean throwOnFileNotFound, ObjectHandleOnStack assemblyLoadContext, ObjectHandleOnStack retAssembly)
   at System.Reflection.RuntimeAssembly.InternalLoad(AssemblyName assemblyName, RuntimeAssembly requestingAssembly, StackCrawlMark& stackMark, Boolean throwOnFileNotFound, AssemblyLoadContext assemblyLoadContext)
   at System.Reflection.Assembly.Load(AssemblyName assemblyRef)
   at Microsoft.VisualStudio.TestPlatform.Common.ExtensionFramework.TestPluginCache.CurrentDomainAssemblyResolve(Object sender, AssemblyResolveEventArgs args)
   at Microsoft.VisualStudio.TestPlatform.PlatformAbstractions.PlatformAssemblyResolver.AssemblyResolverEvent(Object sender, Object eventArgs)
   at System.Runtime.Loader.AssemblyLoadContext.GetFirstResolvedAssemblyFromResolvingEvent(AssemblyName assemblyName)
   at System.Runtime.Loader.AssemblyLoadContext.ResolveUsingEvent(AssemblyName assemblyName)
   at System.Runtime.Loader.AssemblyLoadContext.ResolveUsingResolvingEvent(IntPtr gchManagedAssemblyLoadContext, AssemblyName assemblyName)
TpTrace Information: 0 : 2104, 1, 2022/08/08, 21:30:42.114, 16807670278624, vstest.console.dll, AssemblyResolver.OnResolve: Microsoft.TestPlatform.Extensions.BlameDataCollector: Resolving assembly.
TpTrace Information: 0 : 2104, 1, 2022/08/08, 21:30:42.114, 16807670279544, vstest.console.dll, AssemblyResolver.OnResolve: Microsoft.TestPlatform.Extensions.BlameDataCollector: Searching in: 'C:\Program Files\dotnet\sdk\6.0.302\Extensions'.
TpTrace Information: 0 : 2104, 1, 2022/08/08, 21:30:42.117, 16807670301399, vstest.console.dll, AssemblyResolver.OnResolve: Microsoft.TestPlatform.Extensions.BlameDataCollector: Loading assembly 'C:\Program Files\dotnet\sdk\6.0.302\Extensions\Microsoft.TestPlatform.Extensions.BlameDataCollector.dll'.
TpTrace Information: 0 : 2104, 1, 2022/08/08, 21:30:42.118, 16807670317013, vstest.console.dll, AssemblyResolver.OnResolve: Resolved assembly: Microsoft.TestPlatform.Extensions.BlameDataCollector, from path: C:\Program Files\dotnet\sdk\6.0.302\Extensions\Microsoft.TestPlatform.Extensions.BlameDataCollector.dll
TpTrace Verbose: 0 : 2104, 1, 2022/08/08, 21:30:42.119, 16807670329981, vstest.console.dll, MetadataReaderExtensionsHelper: Discovering extensions inside assembly 'Microsoft.TestPlatform.Extensions.BlameDataCollector, Version=15.0.0.0, Culture=neutral, PublicKeyToken=b03f5f7f11d50a3a' file path 'C:\Program Files\dotnet\sdk\6.0.302\Extensions\Microsoft.TestPlatform.Extensions.BlameDataCollector.dll'
TpTrace Information: 0 : 2104, 1, 2022/08/08, 21:30:42.122, 16807670355831, vstest.console.dll, AssemblyResolver.OnResolve: Microsoft.TestPlatform.Extensions.EventLogCollector: Resolving assembly.
TpTrace Information: 0 : 2104, 1, 2022/08/08, 21:30:42.122, 16807670358173, vstest.console.dll, AssemblyResolver.OnResolve: Microsoft.TestPlatform.Extensions.EventLogCollector: Searching in: 'C:\Program Files\dotnet\sdk\6.0.302\Extensions'.
TpTrace Information: 0 : 2104, 1, 2022/08/08, 21:30:42.129, 16807670430530, vstest.console.dll, AssemblyResolver.OnResolve: Microsoft.TestPlatform.Extensions.EventLogCollector: Loading assembly 'C:\Program Files\dotnet\sdk\6.0.302\Extensions\Microsoft.TestPlatform.Extensions.EventLogCollector.dll'.
TpTrace Information: 0 : 2104, 1, 2022/08/08, 21:30:42.131, 16807670442434, vstest.console.dll, AssemblyResolver.OnResolve: Resolved assembly: Microsoft.TestPlatform.Extensions.EventLogCollector, from path: C:\Program Files\dotnet\sdk\6.0.302\Extensions\Microsoft.TestPlatform.Extensions.EventLogCollector.dll
TpTrace Verbose: 0 : 2104, 1, 2022/08/08, 21:30:42.131, 16807670444822, vstest.console.dll, MetadataReaderExtensionsHelper: Discovering extensions inside assembly 'Microsoft.TestPlatform.Extensions.EventLogCollector, Version=15.0.0.0, Culture=neutral, PublicKeyToken=b03f5f7f11d50a3a' file path 'C:\Program Files\dotnet\sdk\6.0.302\Extensions\Microsoft.TestPlatform.Extensions.EventLogCollector.dll'
TpTrace Information: 0 : 2104, 1, 2022/08/08, 21:30:42.134, 16807670478918, vstest.console.dll, AssemblyResolver.OnResolve: Microsoft.TestPlatform.TestHostRuntimeProvider: Resolving assembly.
TpTrace Information: 0 : 2104, 1, 2022/08/08, 21:30:42.134, 16807670480454, vstest.console.dll, AssemblyResolver.OnResolve: Microsoft.TestPlatform.TestHostRuntimeProvider: Searching in: 'C:\Program Files\dotnet\sdk\6.0.302\Extensions'.
TpTrace Information: 0 : 2104, 1, 2022/08/08, 21:30:42.136, 16807670492015, vstest.console.dll, AssemblyResolver.OnResolve: Microsoft.TestPlatform.TestHostRuntimeProvider: Loading assembly 'C:\Program Files\dotnet\sdk\6.0.302\Extensions\Microsoft.TestPlatform.TestHostRuntimeProvider.dll'.
TpTrace Information: 0 : 2104, 1, 2022/08/08, 21:30:42.139, 16807670524667, vstest.console.dll, AssemblyResolver.OnResolve: Resolved assembly: Microsoft.TestPlatform.TestHostRuntimeProvider, from path: C:\Program Files\dotnet\sdk\6.0.302\Extensions\Microsoft.TestPlatform.TestHostRuntimeProvider.dll
TpTrace Verbose: 0 : 2104, 1, 2022/08/08, 21:30:42.139, 16807670526580, vstest.console.dll, MetadataReaderExtensionsHelper: Discovering extensions inside assembly 'Microsoft.TestPlatform.TestHostRuntimeProvider, Version=15.0.0.0, Culture=neutral, PublicKeyToken=b03f5f7f11d50a3a' file path 'C:\Program Files\dotnet\sdk\6.0.302\Extensions\Microsoft.TestPlatform.TestHostRuntimeProvider.dll'
TpTrace Information: 0 : 2104, 1, 2022/08/08, 21:30:42.144, 16807670572032, vstest.console.dll, GetTestExtensionFromType: Register extension with identifier data 'HostProvider://DefaultTestHost' and type 'Microsoft.VisualStudio.TestPlatform.CrossPlatEngine.Hosting.DefaultTestHostManager, Microsoft.TestPlatform.TestHostRuntimeProvider, Version=15.0.0.0, Culture=neutral, PublicKeyToken=b03f5f7f11d50a3a' inside file 'C:\Program Files\dotnet\sdk\6.0.302\Extensions\Microsoft.TestPlatform.TestHostRuntimeProvider.dll'
TpTrace Information: 0 : 2104, 1, 2022/08/08, 21:30:42.144, 16807670574571, vstest.console.dll, GetTestExtensionFromType: Register extension with identifier data 'HostProvider://DotnetTestHost' and type 'Microsoft.VisualStudio.TestPlatform.CrossPlatEngine.Hosting.DotnetTestHostManager, Microsoft.TestPlatform.TestHostRuntimeProvider, Version=15.0.0.0, Culture=neutral, PublicKeyToken=b03f5f7f11d50a3a' inside file 'C:\Program Files\dotnet\sdk\6.0.302\Extensions\Microsoft.TestPlatform.TestHostRuntimeProvider.dll'
TpTrace Information: 0 : 2104, 1, 2022/08/08, 21:30:42.144, 16807670576906, vstest.console.dll, AssemblyResolver.OnResolve: Microsoft.VisualStudio.TestPlatform.Extensions.Html.TestLogger: Resolving assembly.
TpTrace Information: 0 : 2104, 1, 2022/08/08, 21:30:42.144, 16807670577972, vstest.console.dll, AssemblyResolver.OnResolve: Microsoft.VisualStudio.TestPlatform.Extensions.Html.TestLogger: Searching in: 'C:\Program Files\dotnet\sdk\6.0.302\Extensions'.
TpTrace Information: 0 : 2104, 1, 2022/08/08, 21:30:42.147, 16807670610992, vstest.console.dll, AssemblyResolver.OnResolve: Microsoft.VisualStudio.TestPlatform.Extensions.Html.TestLogger: Loading assembly 'C:\Program Files\dotnet\sdk\6.0.302\Extensions\Microsoft.VisualStudio.TestPlatform.Extensions.Html.TestLogger.dll'.
TpTrace Information: 0 : 2104, 1, 2022/08/08, 21:30:42.149, 16807670628399, vstest.console.dll, AssemblyResolver.OnResolve: Resolved assembly: Microsoft.VisualStudio.TestPlatform.Extensions.Html.TestLogger, from path: C:\Program Files\dotnet\sdk\6.0.302\Extensions\Microsoft.VisualStudio.TestPlatform.Extensions.Html.TestLogger.dll
TpTrace Verbose: 0 : 2104, 1, 2022/08/08, 21:30:42.149, 16807670630260, vstest.console.dll, MetadataReaderExtensionsHelper: Discovering extensions inside assembly 'Microsoft.VisualStudio.TestPlatform.Extensions.Html.TestLogger, Version=15.0.0.0, Culture=neutral, PublicKeyToken=b03f5f7f11d50a3a' file path 'C:\Program Files\dotnet\sdk\6.0.302\Extensions\Microsoft.VisualStudio.TestPlatform.Extensions.Html.TestLogger.dll'
TpTrace Information: 0 : 2104, 1, 2022/08/08, 21:30:42.151, 16807670644659, vstest.console.dll, AssemblyResolver.OnResolve: Microsoft.VisualStudio.TestPlatform.Extensions.Trx.TestLogger: Resolving assembly.
TpTrace Information: 0 : 2104, 1, 2022/08/08, 21:30:42.151, 16807670645954, vstest.console.dll, AssemblyResolver.OnResolve: Microsoft.VisualStudio.TestPlatform.Extensions.Trx.TestLogger: Searching in: 'C:\Program Files\dotnet\sdk\6.0.302\Extensions'.
TpTrace Information: 0 : 2104, 1, 2022/08/08, 21:30:42.152, 16807670654608, vstest.console.dll, AssemblyResolver.OnResolve: Microsoft.VisualStudio.TestPlatform.Extensions.Trx.TestLogger: Loading assembly 'C:\Program Files\dotnet\sdk\6.0.302\Extensions\Microsoft.VisualStudio.TestPlatform.Extensions.Trx.TestLogger.dll'.
TpTrace Information: 0 : 2104, 1, 2022/08/08, 21:30:42.153, 16807670670897, vstest.console.dll, AssemblyResolver.OnResolve: Resolved assembly: Microsoft.VisualStudio.TestPlatform.Extensions.Trx.TestLogger, from path: C:\Program Files\dotnet\sdk\6.0.302\Extensions\Microsoft.VisualStudio.TestPlatform.Extensions.Trx.TestLogger.dll
TpTrace Verbose: 0 : 2104, 1, 2022/08/08, 21:30:42.154, 16807670672727, vstest.console.dll, MetadataReaderExtensionsHelper: Discovering extensions inside assembly 'Microsoft.VisualStudio.TestPlatform.Extensions.Trx.TestLogger, Version=15.0.0.0, Culture=neutral, PublicKeyToken=b03f5f7f11d50a3a' file path 'C:\Program Files\dotnet\sdk\6.0.302\Extensions\Microsoft.VisualStudio.TestPlatform.Extensions.Trx.TestLogger.dll'
TpTrace Verbose: 0 : 2104, 1, 2022/08/08, 21:30:42.156, 16807670692206, vstest.console.dll, TestPluginCache: Discovered the extensions using extension path ''.
TpTrace Verbose: 0 : 2104, 1, 2022/08/08, 21:30:42.156, 16807670693585, vstest.console.dll, TestPluginCache: Discoverers are ''.
TpTrace Verbose: 0 : 2104, 1, 2022/08/08, 21:30:42.156, 16807670694511, vstest.console.dll, TestPluginCache: Executors are ''.
TpTrace Verbose: 0 : 2104, 1, 2022/08/08, 21:30:42.156, 16807670695082, vstest.console.dll, TestPluginCache: Executors2 are ''.
TpTrace Verbose: 0 : 2104, 1, 2022/08/08, 21:30:42.156, 16807670695613, vstest.console.dll, TestPluginCache: Setting providers are ''.
TpTrace Verbose: 0 : 2104, 1, 2022/08/08, 21:30:42.156, 16807670696160, vstest.console.dll, TestPluginCache: Loggers are ''.
TpTrace Verbose: 0 : 2104, 1, 2022/08/08, 21:30:42.156, 16807670698907, vstest.console.dll, TestPluginCache: TestHosts are 'HostProvider://DefaultTestHost,HostProvider://DotnetTestHost'.
TpTrace Verbose: 0 : 2104, 1, 2022/08/08, 21:30:42.156, 16807670699642, vstest.console.dll, TestPluginCache: DataCollectors are ''.
TpTrace Information: 0 : 2104, 1, 2022/08/08, 21:30:42.182, 16807670954087, vstest.console.dll, RunTestsArgumentProcessor:Execute: Test run is starting.
TpTrace Verbose: 0 : 2104, 1, 2022/08/08, 21:30:42.182, 16807670955388, vstest.console.dll, RunTestsArgumentProcessor:Execute: Queuing Test run.
TpTrace Information: 0 : 2104, 1, 2022/08/08, 21:30:42.182, 16807670959457, vstest.console.dll, TestRequestManager.RunTests: run tests started.
TpTrace Information: 0 : 2104, 1, 2022/08/08, 21:30:42.187, 16807671003021, vstest.console.dll, AssemblyMetadataProvider.GetFrameWork: Determined framework:'.NETCoreApp,Version=v6.0' for source: 'D:\Workspace\Projects\Sparky_UnitTesting\SparkyXUnitTests\bin\Debug\net6.0\fine-code-coverage\build-output\SparkyXUnitTests.dll'
TpTrace Information: 0 : 2104, 1, 2022/08/08, 21:30:42.187, 16807671007824, vstest.console.dll, Determined framework for all sources: .NETCoreApp,Version=v6.0
TpTrace Verbose: 0 : 2104, 1, 2022/08/08, 21:30:42.189, 16807671025141, vstest.console.dll, TestRequestManager.UpdateRunSettingsIfRequired: Default architecture: X64 IsDefaultTargetArchitecture: True, Current process architecture: X64 OperatingSystem: Windows.
TpTrace Information: 0 : 2104, 1, 2022/08/08, 21:30:42.189, 16807671031009, vstest.console.dll, AssemblyMetadataProvider.GetArchitecture: Determined architecture:AnyCPU info for assembly: D:\Workspace\Projects\Sparky_UnitTesting\SparkyXUnitTests\bin\Debug\net6.0\fine-code-coverage\build-output\SparkyXUnitTests.dll
TpTrace Information: 0 : 2104, 1, 2022/08/08, 21:30:42.190, 16807671034610, vstest.console.dll, Determined platform for source 'D:\Workspace\Projects\Sparky_UnitTesting\SparkyXUnitTests\bin\Debug\net6.0\fine-code-coverage\build-output\SparkyXUnitTests.dll' is 'AnyCPU'
TpTrace Information: 0 : 2104, 1, 2022/08/08, 21:30:42.194, 16807671072340, vstest.console.dll, Determined platform for all sources: X64
TpTrace Information: 0 : 2104, 1, 2022/08/08, 21:30:42.194, 16807671074254, vstest.console.dll, Infered platform 'X64'.
TpTrace Information: 0 : 2104, 1, 2022/08/08, 21:30:42.194, 16807671074956, vstest.console.dll, Platform update to 'X64' required.
TpTrace Information: 0 : 2104, 1, 2022/08/08, 21:30:42.200, 16807671133329, vstest.console.dll, Compatible sources list: 
TpTrace Information: 0 : 2104, 1, 2022/08/08, 21:30:42.200, 16807671135038, vstest.console.dll, D:\Workspace\Projects\Sparky_UnitTesting\SparkyXUnitTests\bin\Debug\net6.0\fine-code-coverage\build-output\SparkyXUnitTests.dll
TpTrace Information: 0 : 2104, 1, 2022/08/08, 21:30:42.210, 16807671234441, vstest.console.dll, InferRunSettingsHelper.IsTestSettingsEnabled: Unable to navigate to RunSettings/MSTest. Current node: RunSettings
TpTrace Information: 0 : 2104, 1, 2022/08/08, 21:30:42.212, 16807671252530, vstest.console.dll, AssemblyResolver.OnResolve: Microsoft.VisualStudio.TestPlatform.Fakes: Resolving assembly.
TpTrace Information: 0 : 2104, 1, 2022/08/08, 21:30:42.212, 16807671255030, vstest.console.dll, AssemblyResolver.OnResolve: Microsoft.VisualStudio.TestPlatform.Fakes: Searching in: 'C:\Program Files\dotnet\sdk\6.0.302\Extensions'.
TpTrace Information: 0 : 2104, 1, 2022/08/08, 21:30:42.212, 16807671256957, vstest.console.dll, AssemblyResolver.OnResolve: Microsoft.VisualStudio.TestPlatform.Fakes: Assembly path does not exist: 'C:\Program Files\dotnet\sdk\6.0.302\Extensions\Microsoft.VisualStudio.TestPlatform.Fakes.dll', returning.
TpTrace Information: 0 : 2104, 1, 2022/08/08, 21:30:42.212, 16807671258347, vstest.console.dll, AssemblyResolver.OnResolve: Microsoft.VisualStudio.TestPlatform.Fakes: Assembly path does not exist: 'C:\Program Files\dotnet\sdk\6.0.302\Extensions\Microsoft.VisualStudio.TestPlatform.Fakes.exe', returning.
TpTrace Information: 0 : 2104, 1, 2022/08/08, 21:30:42.212, 16807671259046, vstest.console.dll, AssemblyResolver.OnResolve: Microsoft.VisualStudio.TestPlatform.Fakes: Searching in: 'C:\Program Files\dotnet\sdk\6.0.302'.
TpTrace Information: 0 : 2104, 1, 2022/08/08, 21:30:42.212, 16807671260306, vstest.console.dll, AssemblyResolver.OnResolve: Microsoft.VisualStudio.TestPlatform.Fakes: Assembly path does not exist: 'C:\Program Files\dotnet\sdk\6.0.302\Microsoft.VisualStudio.TestPlatform.Fakes.dll', returning.
TpTrace Information: 0 : 2104, 1, 2022/08/08, 21:30:42.213, 16807671261674, vstest.console.dll, AssemblyResolver.OnResolve: Microsoft.VisualStudio.TestPlatform.Fakes: Assembly path does not exist: 'C:\Program Files\dotnet\sdk\6.0.302\Microsoft.VisualStudio.TestPlatform.Fakes.exe', returning.
TpTrace Information: 0 : 2104, 1, 2022/08/08, 21:30:42.213, 16807671262350, vstest.console.dll, AssemblyResolver.OnResolve: Microsoft.VisualStudio.TestPlatform.Fakes: Failed to load assembly.
TpTrace Information: 0 : 2104, 1, 2022/08/08, 21:30:42.213, 16807671267379, vstest.console.dll, Failed to load assembly Microsoft.VisualStudio.TestPlatform.Fakes, Version=17.0.0.0, Culture=neutral. Reason:System.IO.FileNotFoundException: Could not load file or assembly 'Microsoft.VisualStudio.TestPlatform.Fakes, Version=17.0.0.0, Culture=neutral, PublicKeyToken=null'. The system cannot find the file specified.
File name: 'Microsoft.VisualStudio.TestPlatform.Fakes, Version=17.0.0.0, Culture=neutral, PublicKeyToken=null'
   at System.Reflection.RuntimeAssembly.InternalLoad(ObjectHandleOnStack assemblyName, ObjectHandleOnStack requestingAssembly, StackCrawlMarkHandle stackMark, Boolean throwOnFileNotFound, ObjectHandleOnStack assemblyLoadContext, ObjectHandleOnStack retAssembly)
   at System.Reflection.RuntimeAssembly.InternalLoad(AssemblyName assemblyName, RuntimeAssembly requestingAssembly, StackCrawlMark& stackMark, Boolean throwOnFileNotFound, AssemblyLoadContext assemblyLoadContext)
   at System.Reflection.Assembly.Load(AssemblyName assemblyRef)
   at Microsoft.VisualStudio.TestPlatform.Common.Utilities.FakesUtilities.LoadTestPlatformAssembly()
TpTrace Verbose: 0 : 2104, 1, 2022/08/08, 21:30:42.229, 16807671422429, vstest.console.dll, TestPluginCache.DiscoverTestExtensions: finding test extensions in assemblies ends with: TestLogger.dll TPluginInfo: Microsoft.VisualStudio.TestPlatform.Common.ExtensionFramework.Utilities.TestLoggerPluginInformation TExtension: Microsoft.VisualStudio.TestPlatform.ObjectModel.Client.ITestLogger
TpTrace Verbose: 0 : 2104, 1, 2022/08/08, 21:30:42.229, 16807671424835, vstest.console.dll, TestPluginCache.GetExtensionPaths: Filtered extension paths: 
TpTrace Verbose: 0 : 2104, 1, 2022/08/08, 21:30:42.229, 16807671425815, vstest.console.dll, TestPluginCache.GetExtensionPaths: Added default extension paths: C:\Program Files\dotnet\sdk\6.0.302\Extensions\DumpMinitool.exe
C:\Program Files\dotnet\sdk\6.0.302\Extensions\DumpMinitool.x86.exe
C:\Program Files\dotnet\sdk\6.0.302\Extensions\Microsoft.Diagnostics.NETCore.Client.dll
C:\Program Files\dotnet\sdk\6.0.302\Extensions\Microsoft.TestPlatform.Extensions.BlameDataCollector.dll
C:\Program Files\dotnet\sdk\6.0.302\Extensions\Microsoft.TestPlatform.Extensions.EventLogCollector.dll
C:\Program Files\dotnet\sdk\6.0.302\Extensions\Microsoft.TestPlatform.TestHostRuntimeProvider.dll
C:\Program Files\dotnet\sdk\6.0.302\Extensions\Microsoft.VisualStudio.TestPlatform.Extensions.Html.TestLogger.dll
C:\Program Files\dotnet\sdk\6.0.302\Extensions\Microsoft.VisualStudio.TestPlatform.Extensions.Trx.TestLogger.dll
TpTrace Verbose: 0 : 2104, 1, 2022/08/08, 21:30:42.229, 16807671426602, vstest.console.dll, TestPluginCache.GetExtensionPaths: Added unfilterableExtensionPaths: 
TpTrace Information: 0 : 2104, 1, 2022/08/08, 21:30:42.229, 16807671429540, vstest.console.dll, AssemblyResolver.AddSearchDirectories: Adding more searchDirectories C:\Program Files\dotnet\sdk\6.0.302\Extensions,C:\Program Files\dotnet\sdk\6.0.302
TpTrace Verbose: 0 : 2104, 1, 2022/08/08, 21:30:42.229, 16807671430741, vstest.console.dll, TestPluginCache.DiscoverTestExtensions: Discovering the extensions using extension path.
TpTrace Verbose: 0 : 2104, 1, 2022/08/08, 21:30:42.230, 16807671431881, vstest.console.dll, TestPluginCache.GetExtensionPaths: Filtered extension paths: 
TpTrace Verbose: 0 : 2104, 1, 2022/08/08, 21:30:42.230, 16807671432846, vstest.console.dll, TestPluginCache.GetExtensionPaths: Added default extension paths: C:\Program Files\dotnet\sdk\6.0.302\Extensions\DumpMinitool.exe
C:\Program Files\dotnet\sdk\6.0.302\Extensions\DumpMinitool.x86.exe
C:\Program Files\dotnet\sdk\6.0.302\Extensions\Microsoft.Diagnostics.NETCore.Client.dll
C:\Program Files\dotnet\sdk\6.0.302\Extensions\Microsoft.TestPlatform.Extensions.BlameDataCollector.dll
C:\Program Files\dotnet\sdk\6.0.302\Extensions\Microsoft.TestPlatform.Extensions.EventLogCollector.dll
C:\Program Files\dotnet\sdk\6.0.302\Extensions\Microsoft.TestPlatform.TestHostRuntimeProvider.dll
C:\Program Files\dotnet\sdk\6.0.302\Extensions\Microsoft.VisualStudio.TestPlatform.Extensions.Html.TestLogger.dll
C:\Program Files\dotnet\sdk\6.0.302\Extensions\Microsoft.VisualStudio.TestPlatform.Extensions.Trx.TestLogger.dll
TpTrace Verbose: 0 : 2104, 1, 2022/08/08, 21:30:42.230, 16807671434791, vstest.console.dll, TestPluginCache.GetExtensionPaths: Added unfilterableExtensionPaths: 
TpTrace Verbose: 0 : 2104, 1, 2022/08/08, 21:30:42.230, 16807671435872, vstest.console.dll, TestPluginCache.DiscoverTestExtensions: Discovering the extensions using allExtensionPaths: C:\Program Files\dotnet\sdk\6.0.302\Extensions\DumpMinitool.exe
C:\Program Files\dotnet\sdk\6.0.302\Extensions\DumpMinitool.x86.exe
C:\Program Files\dotnet\sdk\6.0.302\Extensions\Microsoft.Diagnostics.NETCore.Client.dll
C:\Program Files\dotnet\sdk\6.0.302\Extensions\Microsoft.TestPlatform.Extensions.BlameDataCollector.dll
C:\Program Files\dotnet\sdk\6.0.302\Extensions\Microsoft.TestPlatform.Extensions.EventLogCollector.dll
C:\Program Files\dotnet\sdk\6.0.302\Extensions\Microsoft.TestPlatform.TestHostRuntimeProvider.dll
C:\Program Files\dotnet\sdk\6.0.302\Extensions\Microsoft.VisualStudio.TestPlatform.Extensions.Html.TestLogger.dll
C:\Program Files\dotnet\sdk\6.0.302\Extensions\Microsoft.VisualStudio.TestPlatform.Extensions.Trx.TestLogger.dll
TpTrace Information: 0 : 2104, 1, 2022/08/08, 21:30:42.230, 16807671437220, vstest.console.dll, AssemblyResolver.AddSearchDirectories: Adding more searchDirectories C:\Program Files\dotnet\sdk\6.0.302\Extensions,C:\Program Files\dotnet\sdk\6.0.302
TpTrace Information: 0 : 2104, 1, 2022/08/08, 21:30:42.230, 16807671438202, vstest.console.dll, AssemblyResolver.AddSearchDirectories: Adding more searchDirectories C:\Program Files\dotnet\sdk\6.0.302\Extensions,C:\Program Files\dotnet\sdk\6.0.302
TpTrace Information: 0 : 2104, 1, 2022/08/08, 21:30:42.230, 16807671439042, vstest.console.dll, AssemblyResolver.AddSearchDirectories: Adding more searchDirectories C:\Program Files\dotnet\sdk\6.0.302\Extensions,C:\Program Files\dotnet\sdk\6.0.302
TpTrace Information: 0 : 2104, 1, 2022/08/08, 21:30:42.230, 16807671439812, vstest.console.dll, AssemblyResolver.AddSearchDirectories: Adding more searchDirectories C:\Program Files\dotnet\sdk\6.0.302\Extensions,C:\Program Files\dotnet\sdk\6.0.302
TpTrace Information: 0 : 2104, 1, 2022/08/08, 21:30:42.230, 16807671440556, vstest.console.dll, AssemblyResolver.AddSearchDirectories: Adding more searchDirectories C:\Program Files\dotnet\sdk\6.0.302\Extensions,C:\Program Files\dotnet\sdk\6.0.302
TpTrace Information: 0 : 2104, 1, 2022/08/08, 21:30:42.231, 16807671441228, vstest.console.dll, AssemblyResolver.AddSearchDirectories: Adding more searchDirectories C:\Program Files\dotnet\sdk\6.0.302\Extensions,C:\Program Files\dotnet\sdk\6.0.302
TpTrace Information: 0 : 2104, 1, 2022/08/08, 21:30:42.231, 16807671442101, vstest.console.dll, AssemblyResolver.AddSearchDirectories: Adding more searchDirectories C:\Program Files\dotnet\sdk\6.0.302\Extensions,C:\Program Files\dotnet\sdk\6.0.302
TpTrace Information: 0 : 2104, 1, 2022/08/08, 21:30:42.231, 16807671442915, vstest.console.dll, AssemblyResolver.AddSearchDirectories: Adding more searchDirectories C:\Program Files\dotnet\sdk\6.0.302\Extensions,C:\Program Files\dotnet\sdk\6.0.302
TpTrace Verbose: 0 : 2104, 1, 2022/08/08, 21:30:42.231, 16807671446091, vstest.console.dll, MetadataReaderExtensionsHelper: Discovering extensions inside assembly 'DumpMinitool, Version=15.0.0.0, Culture=neutral, PublicKeyToken=b03f5f7f11d50a3a' file path 'C:\Program Files\dotnet\sdk\6.0.302\Extensions\DumpMinitool.exe'
TpTrace Verbose: 0 : 2104, 1, 2022/08/08, 21:30:42.232, 16807671459202, vstest.console.dll, MetadataReaderExtensionsHelper: Discovering extensions inside assembly 'DumpMinitool.x86, Version=15.0.0.0, Culture=neutral, PublicKeyToken=b03f5f7f11d50a3a' file path 'C:\Program Files\dotnet\sdk\6.0.302\Extensions\DumpMinitool.x86.exe'
TpTrace Verbose: 0 : 2104, 1, 2022/08/08, 21:30:42.233, 16807671468957, vstest.console.dll, MetadataReaderExtensionsHelper: Discovering extensions inside assembly 'Microsoft.Diagnostics.NETCore.Client, Version=0.2.5.801, Culture=neutral, PublicKeyToken=31bf3856ad364e35' file path 'C:\Program Files\dotnet\sdk\6.0.302\Extensions\Microsoft.Diagnostics.NETCore.Client.dll'
TpTrace Information: 0 : 2104, 1, 2022/08/08, 21:30:42.234, 16807671480480, vstest.console.dll, AssemblyResolver.OnResolve: Microsoft.Bcl.AsyncInterfaces: Resolving assembly.
TpTrace Information: 0 : 2104, 1, 2022/08/08, 21:30:42.235, 16807671482570, vstest.console.dll, AssemblyResolver.OnResolve: Microsoft.Bcl.AsyncInterfaces: Resolved from cache.
TpTrace Verbose: 0 : 2104, 1, 2022/08/08, 21:30:42.235, 16807671483315, vstest.console.dll, CurrentDomainAssemblyResolve: Resolving assembly 'Microsoft.Bcl.AsyncInterfaces'.
TpTrace Information: 0 : 2104, 1, 2022/08/08, 21:30:42.235, 16807671484390, vstest.console.dll, AssemblyResolver.OnResolve: Microsoft.Bcl.AsyncInterfaces: Resolving assembly.
TpTrace Information: 0 : 2104, 1, 2022/08/08, 21:30:42.235, 16807671485020, vstest.console.dll, AssemblyResolver.OnResolve: Microsoft.Bcl.AsyncInterfaces: Resolved from cache.
TpTrace Verbose: 0 : 2104, 1, 2022/08/08, 21:30:42.235, 16807671485653, vstest.console.dll, CurrentDomainAssemblyResolve: Resolving assembly 'Microsoft.Bcl.AsyncInterfaces'.
TpTrace Verbose: 0 : 2104, 1, 2022/08/08, 21:30:42.235, 16807671486253, vstest.console.dll, CurrentDomainAssemblyResolve: Failed to resolve assembly 'Microsoft.Bcl.AsyncInterfaces'.
TpTrace Verbose: 0 : 2104, 1, 2022/08/08, 21:30:42.235, 16807671488863, vstest.console.dll, CurrentDomainAssemblyResolve: Failed to resolve assembly 'Microsoft.Bcl.AsyncInterfaces'.
TpTrace Warning: 0 : 2104, 1, 2022/08/08, 21:30:42.236, 16807671501004, vstest.console.dll, TestPluginDiscoverer: Failed to get types from assembly 'Microsoft.Diagnostics.NETCore.Client, Version=0.2.5.801, Culture=neutral, PublicKeyToken=31bf3856ad364e35'. Error: System.Reflection.ReflectionTypeLoadException: Unable to load one or more of the requested types.
Could not load file or assembly 'Microsoft.Bcl.AsyncInterfaces, Version=1.0.0.0, Culture=neutral, PublicKeyToken=cc7b13ffcd2ddd51'. The system cannot find the file specified.
   at System.Reflection.RuntimeModule.GetTypes(RuntimeModule module)
   at System.Reflection.Assembly.GetTypes()
   at Microsoft.VisualStudio.TestPlatform.Common.ExtensionFramework.TestPluginDiscoverer.GetTestExtensionsFromAssembly[TPluginInfo,TExtension](Assembly assembly, Dictionary`2 pluginInfos, String filePath)
System.IO.FileNotFoundException: Could not load file or assembly 'Microsoft.Bcl.AsyncInterfaces, Version=1.0.0.0, Culture=neutral, PublicKeyToken=cc7b13ffcd2ddd51'. The system cannot find the file specified.
File name: 'Microsoft.Bcl.AsyncInterfaces, Version=1.0.0.0, Culture=neutral, PublicKeyToken=cc7b13ffcd2ddd51'
 ---> System.IO.FileNotFoundException: Could not load file or assembly 'Microsoft.Bcl.AsyncInterfaces, Culture=neutral, PublicKeyToken=null'. The system cannot find the file specified.
File name: 'Microsoft.Bcl.AsyncInterfaces, Culture=neutral, PublicKeyToken=null'
   at System.Reflection.RuntimeAssembly.InternalLoad(ObjectHandleOnStack assemblyName, ObjectHandleOnStack requestingAssembly, StackCrawlMarkHandle stackMark, Boolean throwOnFileNotFound, ObjectHandleOnStack assemblyLoadContext, ObjectHandleOnStack retAssembly)
   at System.Reflection.RuntimeAssembly.InternalLoad(AssemblyName assemblyName, RuntimeAssembly requestingAssembly, StackCrawlMark& stackMark, Boolean throwOnFileNotFound, AssemblyLoadContext assemblyLoadContext)
   at System.Reflection.Assembly.Load(AssemblyName assemblyRef)
   at Microsoft.VisualStudio.TestPlatform.Common.ExtensionFramework.TestPluginCache.CurrentDomainAssemblyResolve(Object sender, AssemblyResolveEventArgs args)
   at Microsoft.VisualStudio.TestPlatform.PlatformAbstractions.PlatformAssemblyResolver.AssemblyResolverEvent(Object sender, Object eventArgs)
   at System.Runtime.Loader.AssemblyLoadContext.GetFirstResolvedAssemblyFromResolvingEvent(AssemblyName assemblyName)
   at System.Runtime.Loader.AssemblyLoadContext.ResolveUsingEvent(AssemblyName assemblyName)
   at System.Runtime.Loader.AssemblyLoadContext.ResolveUsingResolvingEvent(IntPtr gchManagedAssemblyLoadContext, AssemblyName assemblyName)
TpTrace Warning: 0 : 2104, 1, 2022/08/08, 21:30:42.237, 16807671505092, vstest.console.dll, LoaderExceptions: System.IO.FileNotFoundException: Could not load file or assembly 'Microsoft.Bcl.AsyncInterfaces, Version=1.0.0.0, Culture=neutral, PublicKeyToken=cc7b13ffcd2ddd51'. The system cannot find the file specified.
File name: 'Microsoft.Bcl.AsyncInterfaces, Version=1.0.0.0, Culture=neutral, PublicKeyToken=cc7b13ffcd2ddd51'
 ---> System.IO.FileNotFoundException: Could not load file or assembly 'Microsoft.Bcl.AsyncInterfaces, Culture=neutral, PublicKeyToken=null'. The system cannot find the file specified.
File name: 'Microsoft.Bcl.AsyncInterfaces, Culture=neutral, PublicKeyToken=null'
   at System.Reflection.RuntimeAssembly.InternalLoad(ObjectHandleOnStack assemblyName, ObjectHandleOnStack requestingAssembly, StackCrawlMarkHandle stackMark, Boolean throwOnFileNotFound, ObjectHandleOnStack assemblyLoadContext, ObjectHandleOnStack retAssembly)
   at System.Reflection.RuntimeAssembly.InternalLoad(AssemblyName assemblyName, RuntimeAssembly requestingAssembly, StackCrawlMark& stackMark, Boolean throwOnFileNotFound, AssemblyLoadContext assemblyLoadContext)
   at System.Reflection.Assembly.Load(AssemblyName assemblyRef)
   at Microsoft.VisualStudio.TestPlatform.Common.ExtensionFramework.TestPluginCache.CurrentDomainAssemblyResolve(Object sender, AssemblyResolveEventArgs args)
   at Microsoft.VisualStudio.TestPlatform.PlatformAbstractions.PlatformAssemblyResolver.AssemblyResolverEvent(Object sender, Object eventArgs)
   at System.Runtime.Loader.AssemblyLoadContext.GetFirstResolvedAssemblyFromResolvingEvent(AssemblyName assemblyName)
   at System.Runtime.Loader.AssemblyLoadContext.ResolveUsingEvent(AssemblyName assemblyName)
   at System.Runtime.Loader.AssemblyLoadContext.ResolveUsingResolvingEvent(IntPtr gchManagedAssemblyLoadContext, AssemblyName assemblyName)
TpTrace Verbose: 0 : 2104, 1, 2022/08/08, 21:30:42.237, 16807671506980, vstest.console.dll, MetadataReaderExtensionsHelper: Discovering extensions inside assembly 'Microsoft.TestPlatform.Extensions.BlameDataCollector, Version=15.0.0.0, Culture=neutral, PublicKeyToken=b03f5f7f11d50a3a' file path 'C:\Program Files\dotnet\sdk\6.0.302\Extensions\Microsoft.TestPlatform.Extensions.BlameDataCollector.dll'
TpTrace Information: 0 : 2104, 1, 2022/08/08, 21:30:42.239, 16807671524727, vstest.console.dll, GetTestExtensionFromType: Register extension with identifier data 'logger://Microsoft/TestPlatform/Extensions/Blame/v1' and type 'Microsoft.TestPlatform.Extensions.BlameDataCollector.BlameLogger, Microsoft.TestPlatform.Extensions.BlameDataCollector, Version=15.0.0.0, Culture=neutral, PublicKeyToken=b03f5f7f11d50a3a' inside file 'C:\Program Files\dotnet\sdk\6.0.302\Extensions\Microsoft.TestPlatform.Extensions.BlameDataCollector.dll'
TpTrace Verbose: 0 : 2104, 1, 2022/08/08, 21:30:42.239, 16807671527084, vstest.console.dll, MetadataReaderExtensionsHelper: Discovering extensions inside assembly 'Microsoft.TestPlatform.Extensions.EventLogCollector, Version=15.0.0.0, Culture=neutral, PublicKeyToken=b03f5f7f11d50a3a' file path 'C:\Program Files\dotnet\sdk\6.0.302\Extensions\Microsoft.TestPlatform.Extensions.EventLogCollector.dll'
TpTrace Verbose: 0 : 2104, 1, 2022/08/08, 21:30:42.240, 16807671540776, vstest.console.dll, MetadataReaderExtensionsHelper: Discovering extensions inside assembly 'Microsoft.TestPlatform.TestHostRuntimeProvider, Version=15.0.0.0, Culture=neutral, PublicKeyToken=b03f5f7f11d50a3a' file path 'C:\Program Files\dotnet\sdk\6.0.302\Extensions\Microsoft.TestPlatform.TestHostRuntimeProvider.dll'
TpTrace Verbose: 0 : 2104, 1, 2022/08/08, 21:30:42.242, 16807671552289, vstest.console.dll, MetadataReaderExtensionsHelper: Discovering extensions inside assembly 'Microsoft.VisualStudio.TestPlatform.Extensions.Html.TestLogger, Version=15.0.0.0, Culture=neutral, PublicKeyToken=b03f5f7f11d50a3a' file path 'C:\Program Files\dotnet\sdk\6.0.302\Extensions\Microsoft.VisualStudio.TestPlatform.Extensions.Html.TestLogger.dll'
TpTrace Information: 0 : 2104, 1, 2022/08/08, 21:30:42.248, 16807671614596, vstest.console.dll, GetTestExtensionFromType: Register extension with identifier data 'logger://Microsoft/TestPlatform/HtmlLogger/v1' and type 'Microsoft.VisualStudio.TestPlatform.Extensions.HtmlLogger.HtmlLogger, Microsoft.VisualStudio.TestPlatform.Extensions.Html.TestLogger, Version=15.0.0.0, Culture=neutral, PublicKeyToken=b03f5f7f11d50a3a' inside file 'C:\Program Files\dotnet\sdk\6.0.302\Extensions\Microsoft.VisualStudio.TestPlatform.Extensions.Html.TestLogger.dll'
TpTrace Verbose: 0 : 2104, 1, 2022/08/08, 21:30:42.248, 16807671616410, vstest.console.dll, MetadataReaderExtensionsHelper: Discovering extensions inside assembly 'Microsoft.VisualStudio.TestPlatform.Extensions.Trx.TestLogger, Version=15.0.0.0, Culture=neutral, PublicKeyToken=b03f5f7f11d50a3a' file path 'C:\Program Files\dotnet\sdk\6.0.302\Extensions\Microsoft.VisualStudio.TestPlatform.Extensions.Trx.TestLogger.dll'
TpTrace Information: 0 : 2104, 1, 2022/08/08, 21:30:42.249, 16807671626898, vstest.console.dll, GetTestExtensionFromType: Register extension with identifier data 'logger://Microsoft/TestPlatform/TrxLogger/v1' and type 'Microsoft.VisualStudio.TestPlatform.Extensions.TrxLogger.TrxLogger, Microsoft.VisualStudio.TestPlatform.Extensions.Trx.TestLogger, Version=15.0.0.0, Culture=neutral, PublicKeyToken=b03f5f7f11d50a3a' inside file 'C:\Program Files\dotnet\sdk\6.0.302\Extensions\Microsoft.VisualStudio.TestPlatform.Extensions.Trx.TestLogger.dll'
TpTrace Verbose: 0 : 2104, 1, 2022/08/08, 21:30:42.249, 16807671628563, vstest.console.dll, TestPluginCache: Discovered the extensions using extension path ''.
TpTrace Verbose: 0 : 2104, 1, 2022/08/08, 21:30:42.249, 16807671629299, vstest.console.dll, TestPluginCache: Discoverers are ''.
TpTrace Verbose: 0 : 2104, 1, 2022/08/08, 21:30:42.249, 16807671629915, vstest.console.dll, TestPluginCache: Executors are ''.
TpTrace Verbose: 0 : 2104, 1, 2022/08/08, 21:30:42.249, 16807671630510, vstest.console.dll, TestPluginCache: Executors2 are ''.
TpTrace Verbose: 0 : 2104, 1, 2022/08/08, 21:30:42.249, 16807671631114, vstest.console.dll, TestPluginCache: Setting providers are ''.
TpTrace Verbose: 0 : 2104, 1, 2022/08/08, 21:30:42.250, 16807671632532, vstest.console.dll, TestPluginCache: Loggers are 'logger://Microsoft/TestPlatform/Extensions/Blame/v1,logger://Microsoft/TestPlatform/HtmlLogger/v1,logger://Microsoft/TestPlatform/TrxLogger/v1'.
TpTrace Verbose: 0 : 2104, 1, 2022/08/08, 21:30:42.250, 16807671633496, vstest.console.dll, TestPluginCache: TestHosts are 'HostProvider://DefaultTestHost,HostProvider://DotnetTestHost'.
TpTrace Verbose: 0 : 2104, 1, 2022/08/08, 21:30:42.250, 16807671634201, vstest.console.dll, TestPluginCache: DataCollectors are ''.
TpTrace Information: 0 : 2104, 1, 2022/08/08, 21:30:42.252, 16807671654787, vstest.console.dll, TestPluginManager.CreateTestExtension: Attempting to load test extension: Microsoft.TestPlatform.Extensions.BlameDataCollector.BlameLogger
TpTrace Information: 0 : 2104, 1, 2022/08/08, 21:30:42.263, 16807671770711, vstest.console.dll, TestPluginManager.CreateTestExtension: Attempting to load test extension: Microsoft.VisualStudio.TestPlatform.CrossPlatEngine.Hosting.DefaultTestHostManager
TpTrace Information: 0 : 2104, 1, 2022/08/08, 21:30:42.265, 16807671789088, vstest.console.dll, TestPluginManager.CreateTestExtension: Attempting to load test extension: Microsoft.VisualStudio.TestPlatform.CrossPlatEngine.Hosting.DotnetTestHostManager
TpTrace Verbose: 0 : 2104, 1, 2022/08/08, 21:30:42.267, 16807671802813, vstest.console.dll, TestEngine: Initializing Parallel Execution as MaxCpuCount is set to: 1
TpTrace Information: 0 : 2104, 1, 2022/08/08, 21:30:42.268, 16807671814822, vstest.console.dll, InferRunSettingsHelper.IsTestSettingsEnabled: Unable to navigate to RunSettings/MSTest. Current node: RunSettings
TpTrace Verbose: 0 : 2104, 1, 2022/08/08, 21:30:42.270, 16807671838363, vstest.console.dll, TestRequestSender is acting as server.
TpTrace Verbose: 0 : 2104, 1, 2022/08/08, 21:30:42.273, 16807671863435, vstest.console.dll, TestEngine.GetExecutionManager: Chosen execution manager 'Microsoft.VisualStudio.TestPlatform.CrossPlatEngine.Client.Parallel.ParallelProxyExecutionManager, Microsoft.TestPlatform.CrossPlatEngine, Version=15.0.0.0, Culture=neutral, PublicKeyToken=b03f5f7f11d50a3a' ParallelLevel '1' Shared host 'False'
TpTrace Verbose: 0 : 2104, 5, 2022/08/08, 21:30:42.278, 16807671917288, vstest.console.dll, DataCollectionRequestSender.InitializeCommunication : Initialize communication. 
TpTrace Information: 0 : 2104, 5, 2022/08/08, 21:30:42.291, 16807672049863, vstest.console.dll, Listening on Endpoint : 127.0.0.1:57569
TpTrace Verbose: 0 : 2104, 5, 2022/08/08, 21:30:42.308, 16807672217022, vstest.console.dll, DotnetDataCollectionLauncher: Full path of dotnet.exe is C:\Program Files\dotnet\dotnet.exe
TpTrace Verbose: 0 : 2104, 5, 2022/08/08, 21:30:42.308, 16807672219489, vstest.console.dll, DotnetDataCollectionLauncher: Adding  --runtimeconfig "C:\Program Files\dotnet\sdk\6.0.302\datacollector.runtimeconfig.json" in args
TpTrace Verbose: 0 : 2104, 5, 2022/08/08, 21:30:42.308, 16807672220713, vstest.console.dll, DotnetDataCollectionLauncher: Adding  --depsfile "C:\Program Files\dotnet\sdk\6.0.302\datacollector.deps.json" in args
TpTrace Information: 0 : 2104, 5, 2022/08/08, 21:30:42.345, 16807672585309, vstest.console.dll, ProxyDataCollectionManager.Initialize: Launched datacollector processId: 17296 port: 57569
TpTrace Information: 0 : 2104, 5, 2022/08/08, 21:30:42.345, 16807672587833, vstest.console.dll, ProxyDataCollectionManager.Initialize: waiting for connection with timeout: 90 seconds
TpTrace Verbose: 0 : 2104, 5, 2022/08/08, 21:30:42.347, 16807672601752, vstest.console.dll, DataCollectionRequestSender.WaitForRequestHandlerConnection : Waiting for connection with timeout: 90000
TpTrace Information: 0 : 2104, 8, 2022/08/08, 21:30:42.640, 16807675533192, vstest.console.dll, Using the buffer size of 16384 bytes
TpTrace Verbose: 0 : 2104, 5, 2022/08/08, 21:30:42.640, 16807675533426, vstest.console.dll, SocketCommunicationManager.WaitForClientConnection took: 293 ms, with 90000 ms timeout, and finished with True.
TpTrace Information: 0 : 2104, 8, 2022/08/08, 21:30:42.640, 16807675535395, vstest.console.dll, Accepted Client request and set the flag
TpTrace Verbose: 0 : 2104, 5, 2022/08/08, 21:30:42.640, 16807675537656, vstest.console.dll, ProxyDataCollectionManager.InvokeDataCollectionServiceAction: Starting.
TpTrace Information: 0 : 2104, 5, 2022/08/08, 21:30:42.640, 16807675539437, vstest.console.dll, ProxyDataCollectionManager.BeforeTestRunStart: Get environment variable and port for datacollector processId: 17296 port: 57569
TpTrace Verbose: 0 : 2104, 5, 2022/08/08, 21:30:42.641, 16807675541762, vstest.console.dll, DataCollectionRequestSender.SendBeforeTestRunStartAndGetResult: Send BeforeTestRunStart message with settingsXml <RunSettings><RunConfiguration><ResultsDirectory>D:\Workspace\Projects\Sparky_UnitTesting\SparkyXUnitTests\bin\Debug\net6.0\fine-code-coverage\coverage-tool-output</ResultsDirectory><TargetPlatform>X64</TargetPlatform><TargetFrameworkVersion>.NETCoreApp,Version=v6.0</TargetFrameworkVersion><DesignMode>False</DesignMode><CollectSourceInformation>False</CollectSourceInformation><TestAdaptersPaths>C:\Program Files\dotnet\sdk\6.0.302\Extensions</TestAdaptersPaths></RunConfiguration><LoggerRunSettings><Loggers><Logger friendlyName="blame" enabled="True" /><Logger friendlyName="Console" uri="logger://microsoft/TestPlatform/ConsoleLogger/v1" assemblyQualifiedName="Microsoft.VisualStudio.TestPlatform.CommandLine.Internal.ConsoleLogger, vstest.console, Version=15.0.0.0, Culture=neutral, PublicKeyToken=b03f5f7f11d50a3a" codeBase="C:\Program Files\dotnet\sdk\6.0.302\vstest.console.dll" enabled="True" /></Loggers></LoggerRunSettings><DataCollectionRunSettings><DataCollectors><DataCollector friendlyName="blame" enabled="True"><Configuration><ResultsDirectory>D:\Workspace\Projects\Sparky_UnitTesting\SparkyXUnitTests\bin\Debug\net6.0\fine-code-coverage\coverage-tool-output</ResultsDirectory></Configuration></DataCollector></DataCollectors></DataCollectionRunSettings></RunSettings> and sources System.Linq.Enumerable+Concat2Iterator`1[System.String]: 
TpTrace Verbose: 0 : 2104, 5, 2022/08/08, 21:30:42.774, 16807676879720, vstest.console.dll, DataCollectionRequestSender.SendBeforeTestRunStartAndGetResult: Received message: (DataCollection.SendMessage) -> {
  "FriendlyName": null,
  "Uri": null,
  "TestCaseId": "00000000-0000-0000-0000-000000000000",
  "Message": "Logging DataCollector Diagnostics in file: D:\\Workspace\\Projects\\Sparky_UnitTesting\\SparkyXUnitTests\\bin\\Debug\\net6.0\\fine-code-coverage\\coverage-tool-output\\diagnostics.datacollector.22-08-08_21-30-42_30796_5.log",
  "Level": 0
}
TpTrace Verbose: 0 : 2104, 5, 2022/08/08, 21:30:42.945, 16807678586500, vstest.console.dll, DataCollectionRequestSender.SendBeforeTestRunStartAndGetResult: Received message: (DataCollection.BeforeTestRunStartResult) -> {
  "EnvironmentVariables": {},
  "DataCollectionEventsPort": 57571
}
TpTrace Information: 0 : 2104, 5, 2022/08/08, 21:30:42.958, 16807678713253, vstest.console.dll, ProxyDataCollectionManager.BeforeTestRunStart: SendBeforeTestRunStartAndGetResult successful, env variable from datacollector:   and testhost port: 57571
TpTrace Information: 0 : 2104, 5, 2022/08/08, 21:30:42.958, 16807678715077, vstest.console.dll, ProxyDataCollectionManager.InvokeDataCollectionServiceAction: Completed.
TpTrace Verbose: 0 : 2104, 1, 2022/08/08, 21:30:42.958, 16807678719349, vstest.console.dll, TestRunRequest.ExecuteAsync: Creating test run request.
TpTrace Verbose: 0 : 2104, 1, 2022/08/08, 21:30:42.959, 16807678725414, vstest.console.dll, TestRunRequest.ExecuteAsync: Starting.
TpTrace Information: 0 : 2104, 1, 2022/08/08, 21:30:42.960, 16807678733430, vstest.console.dll, TestRunRequest.ExecuteAsync: Starting run with settings:TestRunCriteria:
   KeepAlive=False,FrequencyOfRunStatsChangeEvent=10,RunStatsChangeEventTimeout=00:00:01.5000000,TestCaseFilter=,TestExecutorLauncher=
   Settingsxml=<RunSettings>
  <RunConfiguration>
    <ResultsDirectory>D:\Workspace\Projects\Sparky_UnitTesting\SparkyXUnitTests\bin\Debug\net6.0\fine-code-coverage\coverage-tool-output</ResultsDirectory>
    <TargetPlatform>X64</TargetPlatform>
    <TargetFrameworkVersion>.NETCoreApp,Version=v6.0</TargetFrameworkVersion>
    <DesignMode>False</DesignMode>
    <CollectSourceInformation>False</CollectSourceInformation>
  </RunConfiguration>
  <LoggerRunSettings>
    <Loggers>
      <Logger friendlyName="blame" enabled="True" />
      <Logger friendlyName="Console" uri="logger://microsoft/TestPlatform/ConsoleLogger/v1" assemblyQualifiedName="Microsoft.VisualStudio.TestPlatform.CommandLine.Internal.ConsoleLogger, vstest.console, Version=15.0.0.0, Culture=neutral, PublicKeyToken=b03f5f7f11d50a3a" codeBase="C:\Program Files\dotnet\sdk\6.0.302\vstest.console.dll" enabled="True" />
    </Loggers>
  </LoggerRunSettings>
  <DataCollectionRunSettings>
    <DataCollectors>
      <DataCollector friendlyName="blame" enabled="True">
        <Configuration>
          <ResultsDirectory>D:\Workspace\Projects\Sparky_UnitTesting\SparkyXUnitTests\bin\Debug\net6.0\fine-code-coverage\coverage-tool-output</ResultsDirectory>
        </Configuration>
      </DataCollector>
    </DataCollectors>
  </DataCollectionRunSettings>
</RunSettings>

TpTrace Verbose: 0 : 2104, 1, 2022/08/08, 21:30:42.960, 16807678735152, vstest.console.dll, TestRunRequest.ExecuteAsync: Wait for the first run request is over.
TpTrace Verbose: 0 : 2104, 1, 2022/08/08, 21:30:42.960, 16807678741050, vstest.console.dll, MulticastDelegateUtilities.SafeInvoke: TestRun.TestRunStart: Invoking callbacks was skipped because there are no subscribers.
TpTrace Verbose: 0 : 2104, 1, 2022/08/08, 21:30:42.961, 16807678745785, vstest.console.dll, ParallelProxyExecutionManager: Start execution. Total sources: 1
TpTrace Verbose: 0 : 2104, 4, 2022/08/08, 21:30:42.961, 16807678745810, vstest.console.dll, MulticastDelegateUtilities.SafeInvoke: InternalTestLoggerEvents.SendTestRunStart: Invoking callback 1/1 for Microsoft.VisualStudio.TestPlatform.CommandLine.Internal.ConsoleLogger.TestRunStartHandler, took 0 ms.
TpTrace Information: 0 : 2104, 1, 2022/08/08, 21:30:42.963, 16807678761782, vstest.console.dll, ProxyParallelExecutionManager: Triggering test run for next source: D:\Workspace\Projects\Sparky_UnitTesting\SparkyXUnitTests\bin\Debug\net6.0\fine-code-coverage\build-output\SparkyXUnitTests.dll
TpTrace Verbose: 0 : 2104, 1, 2022/08/08, 21:30:42.963, 16807678766833, vstest.console.dll, ProxyParallelExecutionManager: No sources available for execution.
TpTrace Information: 0 : 2104, 1, 2022/08/08, 21:30:42.963, 16807678768417, vstest.console.dll, TestRunRequest.ExecuteAsync: Started.
TpTrace Verbose: 0 : 2104, 1, 2022/08/08, 21:30:42.963, 16807678770600, vstest.console.dll, TestRunRequest.WaitForCompletion: Waiting with timeout -1.
TpTrace Verbose: 0 : 2104, 5, 2022/08/08, 21:30:42.964, 16807678776411, vstest.console.dll, ParallelProxyExecutionManager: Execution started. Started clients: 1
TpTrace Verbose: 0 : 2104, 5, 2022/08/08, 21:30:42.965, 16807678784923, vstest.console.dll, TestRunRequest:SendTestRunMessage: Starting.
TpTrace Verbose: 0 : 2104, 4, 2022/08/08, 21:30:42.965, 16807678789733, vstest.console.dll, MulticastDelegateUtilities.SafeInvoke: InternalTestLoggerEvents.SendTestRunMessage: Invoking callback 1/1 for Microsoft.VisualStudio.TestPlatform.CommandLine.Internal.ConsoleLogger.TestMessageHandler, took 0 ms.
TpTrace Verbose: 0 : 2104, 5, 2022/08/08, 21:30:42.966, 16807678794130, vstest.console.dll, MulticastDelegateUtilities.SafeInvoke: TestRun.LogMessages: Invoking callback 1/1 for Microsoft.VisualStudio.TestPlatform.CommandLine.TestRunResultAggregator.TestRunMessageHandler, took 0 ms.
TpTrace Information: 0 : 2104, 5, 2022/08/08, 21:30:42.966, 16807678795638, vstest.console.dll, TestRunRequest:SendTestRunMessage: Completed.
TpTrace Verbose: 0 : 2104, 5, 2022/08/08, 21:30:42.967, 16807678802340, vstest.console.dll, ProxyExecutionManager: Test host is always Lazy initialize.
TpTrace Verbose: 0 : 2104, 5, 2022/08/08, 21:30:42.967, 16807678807556, vstest.console.dll, TestRequestSender.InitializeCommunication: initialize communication. 
TpTrace Information: 0 : 2104, 5, 2022/08/08, 21:30:42.968, 16807678817946, vstest.console.dll, SocketServer.Start: Listening on endpoint : 127.0.0.1:57572
TpTrace Verbose: 0 : 2104, 5, 2022/08/08, 21:30:42.970, 16807678831751, vstest.console.dll, DotnetTestHostmanager.GetTestHostProcessStartInfo: Platform environment 'X64' target architecture 'X64' framework '.NETCoreApp,Version=v6.0' OS 'Windows'
TpTrace Verbose: 0 : 2104, 5, 2022/08/08, 21:30:42.970, 16807678836074, vstest.console.dll, DotnetTestHostmanager: Adding  --runtimeconfig "D:\Workspace\Projects\Sparky_UnitTesting\SparkyXUnitTests\bin\Debug\net6.0\fine-code-coverage\build-output\SparkyXUnitTests.runtimeconfig.json" in args
TpTrace Verbose: 0 : 2104, 5, 2022/08/08, 21:30:42.970, 16807678838158, vstest.console.dll, DotnetTestHostmanager: Adding  --depsfile "D:\Workspace\Projects\Sparky_UnitTesting\SparkyXUnitTests\bin\Debug\net6.0\fine-code-coverage\build-output\SparkyXUnitTests.deps.json" in args
TpTrace Verbose: 0 : 2104, 5, 2022/08/08, 21:30:42.971, 16807678845615, vstest.console.dll, DotnetTestHostmanager.IsWinOnArm: Current PROCESSOR_ARCHITECTURE from environment variable 'AMD64'
TpTrace Verbose: 0 : 2104, 5, 2022/08/08, 21:30:42.971, 16807678847534, vstest.console.dll, DotnetTestHostmanager.IsWinOnArm: Is Windows on ARM 'False'
TpTrace Verbose: 0 : 2104, 5, 2022/08/08, 21:30:42.971, 16807678849473, vstest.console.dll, DotnetTestHostManager: testhost.exe found at path: D:\Workspace\Projects\Sparky_UnitTesting\SparkyXUnitTests\bin\Debug\net6.0\fine-code-coverage\build-output\testhost.exe
TpTrace Verbose: 0 : 2104, 5, 2022/08/08, 21:30:42.971, 16807678850676, vstest.console.dll, DotnetTestHostmanager: Full path of host exe is D:\Workspace\Projects\Sparky_UnitTesting\SparkyXUnitTests\bin\Debug\net6.0\fine-code-coverage\build-output\testhost.exe
TpTrace Verbose: 0 : 2104, 5, 2022/08/08, 21:30:42.972, 16807678853891, vstest.console.dll, DotnetTestHostmanager.LaunchTestHostAsync: Found 'VSTEST_WINAPPHOST_DOTNET_ROOT' in env variables, value 'C:\Program Files\dotnet', forwarding to 'DOTNET_ROOT'
TpTrace Verbose: 0 : 2104, 11, 2022/08/08, 21:30:42.975, 16807678884833, vstest.console.dll, DotnetTestHostManager: Starting process 'D:\Workspace\Projects\Sparky_UnitTesting\SparkyXUnitTests\bin\Debug\net6.0\fine-code-coverage\build-output\testhost.exe' with command line ' --runtimeconfig "D:\Workspace\Projects\Sparky_UnitTesting\SparkyXUnitTests\bin\Debug\net6.0\fine-code-coverage\build-output\SparkyXUnitTests.runtimeconfig.json" --depsfile "D:\Workspace\Projects\Sparky_UnitTesting\SparkyXUnitTests\bin\Debug\net6.0\fine-code-coverage\build-output\SparkyXUnitTests.deps.json" --port 57572 --endpoint 127.0.0.1:057572 --role client --parentprocessid 2104 --diag "D:\Workspace\Projects\Sparky_UnitTesting\SparkyXUnitTests\bin\Debug\net6.0\fine-code-coverage\coverage-tool-output\diagnostics.host.22-08-08_21-30-42_96944_5.log" --tracelevel 4 --datacollectionport 57571 --telemetryoptedin false'
TpTrace Verbose: 0 : 2104, 11, 2022/08/08, 21:30:43.071, 16807679843397, vstest.console.dll, MulticastDelegateUtilities.SafeInvoke: HostProviderEvents.OnHostLaunched: Invoking callback 1/2 for Microsoft.VisualStudio.TestPlatform.CrossPlatEngine.Client.ProxyExecutionManagerWithDataCollection.TestHostLaunchedHandler, took 1 ms.
TpTrace Verbose: 0 : 2104, 11, 2022/08/08, 21:30:43.071, 16807679844963, vstest.console.dll, Test Runtime launched
TpTrace Verbose: 0 : 2104, 11, 2022/08/08, 21:30:43.071, 16807679845657, vstest.console.dll, MulticastDelegateUtilities.SafeInvoke: HostProviderEvents.OnHostLaunched: Invoking callback 2/2 for Microsoft.VisualStudio.TestPlatform.CrossPlatEngine.Client.ProxyOperationManager.TestHostManagerHostLaunched, took 0 ms.
TpTrace Verbose: 0 : 2104, 5, 2022/08/08, 21:30:43.072, 16807679852417, vstest.console.dll, TestRequestSender.WaitForRequestHandlerConnection: waiting for connection with timeout: 90000.
TpTrace Verbose: 0 : 2104, 5, 2022/08/08, 21:30:43.912, 16807688252406, vstest.console.dll, TestRequestSender.WaitForRequestHandlerConnection: waiting took 839 ms, with timeout 90000 ms, and result 0, which is success.
TpTrace Verbose: 0 : 2104, 11, 2022/08/08, 21:30:43.912, 16807688252464, vstest.console.dll, MulticastDelegateUtilities.SafeInvoke: SocketServer: ClientConnected: Invoking callback 1/1 for Microsoft.VisualStudio.TestPlatform.CommunicationUtilities.TestRequestSender.<InitializeCommunication>b__23_0, took 0 ms.
TpTrace Verbose: 0 : 2104, 11, 2022/08/08, 21:30:43.912, 16807688254716, vstest.console.dll, SocketServer.OnClientConnected: Client connected for endPoint: 127.0.0.1:57572, starting MessageLoopAsync:
TpTrace Verbose: 0 : 2104, 11, 2022/08/08, 21:30:43.912, 16807688257854, vstest.console.dll, TcpClientExtensions.MessageLoopAsync: Polling on remoteEndPoint: 127.0.0.1:57574 localEndPoint: 127.0.0.1:57572
TpTrace Verbose: 0 : 2104, 5, 2022/08/08, 21:30:43.913, 16807688270452, vstest.console.dll, TestRequestSender.CheckVersionWithTestHost: Sending check version message: {"MessageType":"ProtocolVersion","Payload":6}
TpTrace Verbose: 0 : 2104, 11, 2022/08/08, 21:30:44.141, 16807690541909, vstest.console.dll, TcpClientExtensions.MessageLoopAsync: NotifyDataAvailable remoteEndPoint: 127.0.0.1:57574 localEndPoint: 127.0.0.1:57572
TpTrace Verbose: 0 : 2104, 11, 2022/08/08, 21:30:44.142, 16807690557411, vstest.console.dll, TestRequestSender.CheckVersionWithTestHost: onMessageReceived received message: (ProtocolVersion) -> 6
TpTrace Verbose: 0 : 2104, 11, 2022/08/08, 21:30:44.143, 16807690564038, vstest.console.dll, MulticastDelegateUtilities.SafeInvoke: LengthPrefixCommunicationChannel: MessageReceived: Invoking callback 1/1 for Microsoft.VisualStudio.TestPlatform.CommunicationUtilities.TestRequestSender+<>c__DisplayClass25_0.<CheckVersionWithTestHost>b__0, took 0 ms.
TpTrace Verbose: 0 : 2104, 11, 2022/08/08, 21:30:44.143, 16807690565487, vstest.console.dll, TcpClientExtensions.MessageLoopAsync: Polling on remoteEndPoint: 127.0.0.1:57574 localEndPoint: 127.0.0.1:57572
TpTrace Verbose: 0 : 2104, 5, 2022/08/08, 21:30:44.143, 16807690565582, vstest.console.dll, TestPluginCache.GetExtensionPaths: Filtered extension paths: 
TpTrace Verbose: 0 : 2104, 5, 2022/08/08, 21:30:44.143, 16807690567735, vstest.console.dll, TestPluginCache.GetExtensionPaths: Added default extension paths: C:\Program Files\dotnet\sdk\6.0.302\Extensions\DumpMinitool.exe
C:\Program Files\dotnet\sdk\6.0.302\Extensions\DumpMinitool.x86.exe
C:\Program Files\dotnet\sdk\6.0.302\Extensions\Microsoft.Diagnostics.NETCore.Client.dll
C:\Program Files\dotnet\sdk\6.0.302\Extensions\Microsoft.TestPlatform.Extensions.BlameDataCollector.dll
C:\Program Files\dotnet\sdk\6.0.302\Extensions\Microsoft.TestPlatform.Extensions.EventLogCollector.dll
C:\Program Files\dotnet\sdk\6.0.302\Extensions\Microsoft.TestPlatform.TestHostRuntimeProvider.dll
C:\Program Files\dotnet\sdk\6.0.302\Extensions\Microsoft.VisualStudio.TestPlatform.Extensions.Html.TestLogger.dll
C:\Program Files\dotnet\sdk\6.0.302\Extensions\Microsoft.VisualStudio.TestPlatform.Extensions.Trx.TestLogger.dll
TpTrace Verbose: 0 : 2104, 5, 2022/08/08, 21:30:44.143, 16807690568696, vstest.console.dll, TestPluginCache.GetExtensionPaths: Added unfilterableExtensionPaths: 
TpTrace Verbose: 0 : 2104, 5, 2022/08/08, 21:30:44.148, 16807690616003, vstest.console.dll, TestRequestSender.InitializeExecution: Sending initialize execution with message: {"Version":6,"MessageType":"TestExecution.Initialize","Payload":["D:\\Workspace\\Projects\\Sparky_UnitTesting\\SparkyXUnitTests\\bin\\Debug\\net6.0\\fine-code-coverage\\build-output\\xunit.runner.visualstudio.dotnetcore.testadapter.dll"]}
TpTrace Warning: 0 : 2104, 5, 2022/08/08, 21:30:44.148, 16807690620215, vstest.console.dll, InferRunSettingsHelper.MakeRunsettingsCompatible: Removing the following settings: TargetPlatform from RunSettings file. To use those settings please move to latest version of Microsoft.NET.Test.Sdk
TpTrace Verbose: 0 : 2104, 11, 2022/08/08, 21:30:44.156, 16807690691826, vstest.console.dll, TcpClientExtensions.MessageLoopAsync: NotifyDataAvailable remoteEndPoint: 127.0.0.1:57574 localEndPoint: 127.0.0.1:57572
TpTrace Verbose: 0 : 2104, 11, 2022/08/08, 21:30:44.156, 16807690693946, vstest.console.dll, TestRequestSender.OnExecutionMessageReceived: Received message: {"Version":6,"MessageType":"TestSession.Message","Payload":{"MessageLevel":0,"Message":"Logging TestHost Diagnostics in file: D:\\Workspace\\Projects\\Sparky_UnitTesting\\SparkyXUnitTests\\bin\\Debug\\net6.0\\fine-code-coverage\\coverage-tool-output\\diagnostics.host.22-08-08_21-30-42_96944_5.log"}}
TpTrace Verbose: 0 : 2104, 11, 2022/08/08, 21:30:44.163, 16807690762339, vstest.console.dll, TestRunRequest:SendTestRunMessage: Starting.
TpTrace Verbose: 0 : 2104, 11, 2022/08/08, 21:30:44.163, 16807690764697, vstest.console.dll, MulticastDelegateUtilities.SafeInvoke: TestRun.LogMessages: Invoking callback 1/1 for Microsoft.VisualStudio.TestPlatform.CommandLine.TestRunResultAggregator.TestRunMessageHandler, took 0 ms.
TpTrace Verbose: 0 : 2104, 4, 2022/08/08, 21:30:44.163, 16807690764929, vstest.console.dll, MulticastDelegateUtilities.SafeInvoke: InternalTestLoggerEvents.SendTestRunMessage: Invoking callback 1/1 for Microsoft.VisualStudio.TestPlatform.CommandLine.Internal.ConsoleLogger.TestMessageHandler, took 0 ms.
TpTrace Information: 0 : 2104, 11, 2022/08/08, 21:30:44.163, 16807690765619, vstest.console.dll, TestRunRequest:SendTestRunMessage: Completed.
TpTrace Verbose: 0 : 2104, 11, 2022/08/08, 21:30:44.163, 16807690767606, vstest.console.dll, MulticastDelegateUtilities.SafeInvoke: LengthPrefixCommunicationChannel: MessageReceived: Invoking callback 1/1 for Microsoft.VisualStudio.TestPlatform.CommunicationUtilities.TestRequestSender+<>c__DisplayClass30_0.<StartTestRun>b__1, took 7 ms.
TpTrace Verbose: 0 : 2104, 11, 2022/08/08, 21:30:44.163, 16807690768295, vstest.console.dll, TcpClientExtensions.MessageLoopAsync: Polling on remoteEndPoint: 127.0.0.1:57574 localEndPoint: 127.0.0.1:57572
TpTrace Verbose: 0 : 2104, 5, 2022/08/08, 21:30:44.165, 16807690791090, vstest.console.dll, TestRequestSender.StartTestRun: Sending test run with message: {"Version":6,"MessageType":"TestExecution.StartWithSources","Payload":{"AdapterSourceMap":{"_none_":["D:\\Workspace\\Projects\\Sparky_UnitTesting\\SparkyXUnitTests\\bin\\Debug\\net6.0\\fine-code-coverage\\build-output\\SparkyXUnitTests.dll"]},"RunSettings":"<RunSettings>\r\n  <RunConfiguration>\r\n    <ResultsDirectory>D:\\Workspace\\Projects\\Sparky_UnitTesting\\SparkyXUnitTests\\bin\\Debug\\net6.0\\fine-code-coverage\\coverage-tool-output</ResultsDirectory>\r\n    <TargetFrameworkVersion>.NETCoreApp,Version=v6.0</TargetFrameworkVersion>\r\n    <DesignMode>False</DesignMode>\r\n    <CollectSourceInformation>False</CollectSourceInformation>\r\n  </RunConfiguration>\r\n  <LoggerRunSettings>\r\n    <Loggers>\r\n      <Logger friendlyName=\"blame\" enabled=\"True\" />\r\n      <Logger friendlyName=\"Console\" uri=\"logger://microsoft/TestPlatform/ConsoleLogger/v1\" assemblyQualifiedName=\"Microsoft.VisualStudio.TestPlatform.CommandLine.Internal.ConsoleLogger, vstest.console, Version=15.0.0.0, Culture=neutral, PublicKeyToken=b03f5f7f11d50a3a\" codeBase=\"C:\\Program Files\\dotnet\\sdk\\6.0.302\\vstest.console.dll\" enabled=\"True\" />\r\n    </Loggers>\r\n  </LoggerRunSettings>\r\n  <DataCollectionRunSettings>\r\n    <DataCollectors>\r\n      <DataCollector friendlyName=\"blame\" enabled=\"True\">\r\n        <Configuration>\r\n          <ResultsDirectory>D:\\Workspace\\Projects\\Sparky_UnitTesting\\SparkyXUnitTests\\bin\\Debug\\net6.0\\fine-code-coverage\\coverage-tool-output</ResultsDirectory>\r\n        </Configuration>\r\n      </DataCollector>\r\n    </DataCollectors>\r\n  </DataCollectionRunSettings>\r\n</RunSettings>","TestExecutionContext":{"FrequencyOfRunStatsChangeEvent":10,"RunStatsChangeEventTimeout":"00:00:01.5000000","InIsolation":false,"KeepAlive":false,"AreTestCaseLevelEventsRequired":false,"IsDebug":false,"TestCaseFilter":null,"FilterOptions":null},"Package":null}}
TpTrace Verbose: 0 : 2104, 11, 2022/08/08, 21:30:44.715, 16807696289111, vstest.console.dll, TcpClientExtensions.MessageLoopAsync: NotifyDataAvailable remoteEndPoint: 127.0.0.1:57574 localEndPoint: 127.0.0.1:57572
TpTrace Verbose: 0 : 2104, 11, 2022/08/08, 21:30:44.715, 16807696290798, vstest.console.dll, TestRequestSender.OnExecutionMessageReceived: Received message: {"Version":6,"MessageType":"TestSession.Message","Payload":{"MessageLevel":0,"Message":"[xUnit.net 00:00:00.00] xUnit.net VSTest Adapter v2.4.5+1caef2f33e (64-bit .NET 6.0.7)"}}
TpTrace Verbose: 0 : 2104, 11, 2022/08/08, 21:30:44.716, 16807696294517, vstest.console.dll, TestRunRequest:SendTestRunMessage: Starting.
TpTrace Verbose: 0 : 2104, 11, 2022/08/08, 21:30:44.716, 16807696295714, vstest.console.dll, MulticastDelegateUtilities.SafeInvoke: TestRun.LogMessages: Invoking callback 1/1 for Microsoft.VisualStudio.TestPlatform.CommandLine.TestRunResultAggregator.TestRunMessageHandler, took 0 ms.
TpTrace Verbose: 0 : 2104, 4, 2022/08/08, 21:30:44.716, 16807696296047, vstest.console.dll, MulticastDelegateUtilities.SafeInvoke: InternalTestLoggerEvents.SendTestRunMessage: Invoking callback 1/1 for Microsoft.VisualStudio.TestPlatform.CommandLine.Internal.ConsoleLogger.TestMessageHandler, took 0 ms.
TpTrace Information: 0 : 2104, 11, 2022/08/08, 21:30:44.716, 16807696296471, vstest.console.dll, TestRunRequest:SendTestRunMessage: Completed.
TpTrace Verbose: 0 : 2104, 11, 2022/08/08, 21:30:44.716, 16807696298002, vstest.console.dll, MulticastDelegateUtilities.SafeInvoke: LengthPrefixCommunicationChannel: MessageReceived: Invoking callback 1/1 for Microsoft.VisualStudio.TestPlatform.CommunicationUtilities.TestRequestSender+<>c__DisplayClass30_0.<StartTestRun>b__1, took 0 ms.
TpTrace Verbose: 0 : 2104, 11, 2022/08/08, 21:30:44.716, 16807696298647, vstest.console.dll, TcpClientExtensions.MessageLoopAsync: Polling on remoteEndPoint: 127.0.0.1:57574 localEndPoint: 127.0.0.1:57572
TpTrace Verbose: 0 : 2104, 11, 2022/08/08, 21:30:45.383, 16807702969969, vstest.console.dll, TcpClientExtensions.MessageLoopAsync: NotifyDataAvailable remoteEndPoint: 127.0.0.1:57574 localEndPoint: 127.0.0.1:57572
TpTrace Verbose: 0 : 2104, 11, 2022/08/08, 21:30:45.384, 16807702971987, vstest.console.dll, TestRequestSender.OnExecutionMessageReceived: Received message: {"Version":6,"MessageType":"TestSession.Message","Payload":{"MessageLevel":0,"Message":"[xUnit.net 00:00:00.67]   Discovering: SparkyXUnitTests"}}
TpTrace Verbose: 0 : 2104, 11, 2022/08/08, 21:30:45.384, 16807702975758, vstest.console.dll, TestRunRequest:SendTestRunMessage: Starting.
TpTrace Verbose: 0 : 2104, 11, 2022/08/08, 21:30:45.384, 16807702977267, vstest.console.dll, MulticastDelegateUtilities.SafeInvoke: TestRun.LogMessages: Invoking callback 1/1 for Microsoft.VisualStudio.TestPlatform.CommandLine.TestRunResultAggregator.TestRunMessageHandler, took 0 ms.
TpTrace Verbose: 0 : 2104, 4, 2022/08/08, 21:30:45.384, 16807702977450, vstest.console.dll, MulticastDelegateUtilities.SafeInvoke: InternalTestLoggerEvents.SendTestRunMessage: Invoking callback 1/1 for Microsoft.VisualStudio.TestPlatform.CommandLine.Internal.ConsoleLogger.TestMessageHandler, took 0 ms.
TpTrace Information: 0 : 2104, 11, 2022/08/08, 21:30:45.384, 16807702978371, vstest.console.dll, TestRunRequest:SendTestRunMessage: Completed.
TpTrace Verbose: 0 : 2104, 11, 2022/08/08, 21:30:45.384, 16807702979800, vstest.console.dll, MulticastDelegateUtilities.SafeInvoke: LengthPrefixCommunicationChannel: MessageReceived: Invoking callback 1/1 for Microsoft.VisualStudio.TestPlatform.CommunicationUtilities.TestRequestSender+<>c__DisplayClass30_0.<StartTestRun>b__1, took 0 ms.
TpTrace Verbose: 0 : 2104, 11, 2022/08/08, 21:30:45.384, 16807702980419, vstest.console.dll, TcpClientExtensions.MessageLoopAsync: Polling on remoteEndPoint: 127.0.0.1:57574 localEndPoint: 127.0.0.1:57572
TpTrace Verbose: 0 : 2104, 11, 2022/08/08, 21:30:45.568, 16807704818081, vstest.console.dll, TcpClientExtensions.MessageLoopAsync: NotifyDataAvailable remoteEndPoint: 127.0.0.1:57574 localEndPoint: 127.0.0.1:57572
TpTrace Verbose: 0 : 2104, 11, 2022/08/08, 21:30:45.568, 16807704819833, vstest.console.dll, TestRequestSender.OnExecutionMessageReceived: Received message: {"Version":6,"MessageType":"TestSession.Message","Payload":{"MessageLevel":0,"Message":"[xUnit.net 00:00:00.86]   Discovered:  SparkyXUnitTests"}}
TpTrace Verbose: 0 : 2104, 11, 2022/08/08, 21:30:45.569, 16807704822064, vstest.console.dll, TestRunRequest:SendTestRunMessage: Starting.
TpTrace Verbose: 0 : 2104, 11, 2022/08/08, 21:30:45.569, 16807704823146, vstest.console.dll, MulticastDelegateUtilities.SafeInvoke: TestRun.LogMessages: Invoking callback 1/1 for Microsoft.VisualStudio.TestPlatform.CommandLine.TestRunResultAggregator.TestRunMessageHandler, took 0 ms.
TpTrace Information: 0 : 2104, 11, 2022/08/08, 21:30:45.569, 16807704823799, vstest.console.dll, TestRunRequest:SendTestRunMessage: Completed.
TpTrace Verbose: 0 : 2104, 11, 2022/08/08, 21:30:45.569, 16807704824411, vstest.console.dll, MulticastDelegateUtilities.SafeInvoke: LengthPrefixCommunicationChannel: MessageReceived: Invoking callback 1/1 for Microsoft.VisualStudio.TestPlatform.CommunicationUtilities.TestRequestSender+<>c__DisplayClass30_0.<StartTestRun>b__1, took 0 ms.
TpTrace Verbose: 0 : 2104, 11, 2022/08/08, 21:30:45.569, 16807704825043, vstest.console.dll, TcpClientExtensions.MessageLoopAsync: Polling on remoteEndPoint: 127.0.0.1:57574 localEndPoint: 127.0.0.1:57572
TpTrace Verbose: 0 : 2104, 4, 2022/08/08, 21:30:45.569, 16807704826220, vstest.console.dll, MulticastDelegateUtilities.SafeInvoke: InternalTestLoggerEvents.SendTestRunMessage: Invoking callback 1/1 for Microsoft.VisualStudio.TestPlatform.CommandLine.Internal.ConsoleLogger.TestMessageHandler, took 0 ms.
TpTrace Verbose: 0 : 2104, 11, 2022/08/08, 21:30:45.576, 16807704896984, vstest.console.dll, TcpClientExtensions.MessageLoopAsync: NotifyDataAvailable remoteEndPoint: 127.0.0.1:57574 localEndPoint: 127.0.0.1:57572
TpTrace Verbose: 0 : 2104, 11, 2022/08/08, 21:30:45.576, 16807704898669, vstest.console.dll, TestRequestSender.OnExecutionMessageReceived: Received message: {"Version":6,"MessageType":"TestSession.Message","Payload":{"MessageLevel":0,"Message":"[xUnit.net 00:00:00.86]   Starting:    SparkyXUnitTests"}}
TpTrace Verbose: 0 : 2104, 11, 2022/08/08, 21:30:45.576, 16807704900946, vstest.console.dll, TestRunRequest:SendTestRunMessage: Starting.
TpTrace Verbose: 0 : 2104, 11, 2022/08/08, 21:30:45.577, 16807704901942, vstest.console.dll, MulticastDelegateUtilities.SafeInvoke: TestRun.LogMessages: Invoking callback 1/1 for Microsoft.VisualStudio.TestPlatform.CommandLine.TestRunResultAggregator.TestRunMessageHandler, took 0 ms.
TpTrace Verbose: 0 : 2104, 4, 2022/08/08, 21:30:45.577, 16807704902392, vstest.console.dll, MulticastDelegateUtilities.SafeInvoke: InternalTestLoggerEvents.SendTestRunMessage: Invoking callback 1/1 for Microsoft.VisualStudio.TestPlatform.CommandLine.Internal.ConsoleLogger.TestMessageHandler, took 0 ms.
TpTrace Information: 0 : 2104, 11, 2022/08/08, 21:30:45.577, 16807704902790, vstest.console.dll, TestRunRequest:SendTestRunMessage: Completed.
TpTrace Verbose: 0 : 2104, 11, 2022/08/08, 21:30:45.577, 16807704904683, vstest.console.dll, MulticastDelegateUtilities.SafeInvoke: LengthPrefixCommunicationChannel: MessageReceived: Invoking callback 1/1 for Microsoft.VisualStudio.TestPlatform.CommunicationUtilities.TestRequestSender+<>c__DisplayClass30_0.<StartTestRun>b__1, took 0 ms.
TpTrace Verbose: 0 : 2104, 11, 2022/08/08, 21:30:45.577, 16807704905363, vstest.console.dll, TcpClientExtensions.MessageLoopAsync: Polling on remoteEndPoint: 127.0.0.1:57574 localEndPoint: 127.0.0.1:57572
TpTrace Verbose: 0 : 2104, 11, 2022/08/08, 21:30:45.893, 16807708065798, vstest.console.dll, TcpClientExtensions.MessageLoopAsync: NotifyDataAvailable remoteEndPoint: 127.0.0.1:57574 localEndPoint: 127.0.0.1:57572
TpTrace Verbose: 0 : 2104, 11, 2022/08/08, 21:30:45.893, 16807708069771, vstest.console.dll, TestRequestSender.OnExecutionMessageReceived: Received message: {"Version":6,"MessageType":"TestExecution.StatsChange","Payload":{"NewTestResults":[{"TestCase":{"Id":"38de6f72-c40a-ff13-c0dc-310704f686bd","FullyQualifiedName":"Sparky.CustomerXUnitTests.CustomerType_InputOrderTotal_ReturnCustomerTypeAsBasicIfOrderTotalLessThan100","DisplayName":"Sparky.CustomerXUnitTests.CustomerType_InputOrderTotal_ReturnCustomerTypeAsBasicIfOrderTotalLessThan100","ExecutorUri":"executor://xunit/VsTestRunner2/netcoreapp","Source":"D:\\Workspace\\Projects\\Sparky_UnitTesting\\SparkyXUnitTests\\bin\\Debug\\net6.0\\fine-code-coverage\\build-output\\SparkyXUnitTests.dll","CodeFilePath":null,"LineNumber":0,"Properties":[]},"Attachments":[],"Outcome":1,"ErrorMessage":null,"ErrorStackTrace":null,"DisplayName":"Sparky.CustomerXUnitTests.CustomerType_InputOrderTotal_ReturnCustomerTypeAsBasicIfOrderTotalLessThan100","Messages":[],"ComputerName":"SHREYAN","Duration":"00:00:00.0014349","StartTime":"2022-08-08T16:00:45.75704+00:00","EndTime":"2022-08-08T16:00:45.757086+00:00","Properties":[]},{"TestCase":{"Id":"6b93fda8-bca9-33cf-bb51-f30aa9429f59","FullyQualifiedName":"Sparky.GradingCalculatorXUnitTests.GetGrade_InputScoreAndAttendance_GetProperGrade","DisplayName":"Sparky.GradingCalculatorXUnitTests.GetGrade_InputScoreAndAttendance_GetProperGrade(score: 95, attendance: 55, expectedResult: \"F\")","ExecutorUri":"executor://xunit/VsTestRunner2/netcoreapp","Source":"D:\\Workspace\\Projects\\Sparky_UnitTesting\\SparkyXUnitTests\\bin\\Debug\\net6.0\\fine-code-coverage\\build-output\\SparkyXUnitTests.dll","CodeFilePath":null,"LineNumber":0,"Properties":[]},"Attachments":[],"Outcome":1,"ErrorMessage":null,"ErrorStackTrace":null,"DisplayName":"Sparky.GradingCalculatorXUnitTests.GetGrade_InputScoreAndAttendance_GetProperGrade(score: 95, attendance: 55, expectedResult: \"F\")","Messages":[],"ComputerName":"SHREYAN","Duration":"00:00:00.0116857","StartTime":"2022-08-08T16:00:45.7903537+00:00","EndTime":"2022-08-08T16:00:45.7903538+00:00","Properties":[]},{"TestCase":{"Id":"c6d7c396-8185-da16-1f3c-b0dfc110a3df","FullyQualifiedName":"Sparky.GradingCalculatorXUnitTests.GetGrade_InputScoreAndAttendance_GetProperGrade","DisplayName":"Sparky.GradingCalculatorXUnitTests.GetGrade_InputScoreAndAttendance_GetProperGrade(score: 95, attendance: 65, expectedResult: \"B\")","ExecutorUri":"executor://xunit/VsTestRunner2/netcoreapp","Source":"D:\\Workspace\\Projects\\Sparky_UnitTesting\\SparkyXUnitTests\\bin\\Debug\\net6.0\\fine-code-coverage\\build-output\\SparkyXUnitTests.dll","CodeFilePath":null,"LineNumber":0,"Properties":[]},"Attachments":[],"Outcome":1,"ErrorMessage":null,"ErrorStackTrace":null,"DisplayName":"Sparky.GradingCalculatorXUnitTests.GetGrade_InputScoreAndAttendance_GetProperGrade(score: 95, attendance: 65, expectedResult: \"B\")","Messages":[],"ComputerName":"SHREYAN","Duration":"00:00:00.0000252","StartTime":"2022-08-08T16:00:45.7962773+00:00","EndTime":"2022-08-08T16:00:45.7962775+00:00","Properties":[]},{"TestCase":{"Id":"a8fc6994-df44-9e63-a93a-442373a62eba","FullyQualifiedName":"Sparky.GradingCalculatorXUnitTests.GetGrade_InputScoreAndAttendance_GetProperGrade","DisplayName":"Sparky.GradingCalculatorXUnitTests.GetGrade_InputScoreAndAttendance_GetProperGrade(score: 95, attendance: 90, expectedResult: \"A\")","ExecutorUri":"executor://xunit/VsTestRunner2/netcoreapp","Source":"D:\\Workspace\\Projects\\Sparky_UnitTesting\\SparkyXUnitTests\\bin\\Debug\\net6.0\\fine-code-coverage\\build-output\\SparkyXUnitTests.dll","CodeFilePath":null,"LineNumber":0,"Properties":[]},"Attachments":[],"Outcome":1,"ErrorMessage":null,"ErrorStackTrace":null,"DisplayName":"Sparky.GradingCalculatorXUnitTests.GetGrade_InputScoreAndAttendance_GetProperGrade(score: 95, attendance: 90, expectedResult: \"A\")","Messages":[],"ComputerName":"SHREYAN","Duration":"00:00:00.0000110","StartTime":"2022-08-08T16:00:45.8013267+00:00","EndTime":"2022-08-08T16:00:45.8013268+00:00","Properties":[]},{"TestCase":{"Id":"f2e8a6aa-b3d5-43f4-f0dd-0e7bca16d9ed","FullyQualifiedName":"Sparky.GradingCalculatorXUnitTests.GetGrade_InputScoreAndAttendance_GetProperGrade","DisplayName":"Sparky.GradingCalculatorXUnitTests.GetGrade_InputScoreAndAttendance_GetProperGrade(score: 65, attendance: 55, expectedResult: \"F\")","ExecutorUri":"executor://xunit/VsTestRunner2/netcoreapp","Source":"D:\\Workspace\\Projects\\Sparky_UnitTesting\\SparkyXUnitTests\\bin\\Debug\\net6.0\\fine-code-coverage\\build-output\\SparkyXUnitTests.dll","CodeFilePath":null,"LineNumber":0,"Properties":[]},"Attachments":[],"Outcome":1,"ErrorMessage":null,"ErrorStackTrace":null,"DisplayName":"Sparky.GradingCalculatorXUnitTests.GetGrade_InputScoreAndAttendance_GetProperGrade(score: 65, attendance: 55, expectedResult: \"F\")","Messages":[],"ComputerName":"SHREYAN","Duration":"00:00:00.0000080","StartTime":"2022-08-08T16:00:45.805707+00:00","EndTime":"2022-08-08T16:00:45.8057073+00:00","Properties":[]},{"TestCase":{"Id":"5c05a035-fed6-98d6-27fa-1584720cb075","FullyQualifiedName":"Sparky.GradingCalculatorXUnitTests.GetGrade_InputScoreAndAttendance_GetProperGrade","DisplayName":"Sparky.GradingCalculatorXUnitTests.GetGrade_InputScoreAndAttendance_GetProperGrade(score: 50, attendance: 90, expectedResult: \"F\")","ExecutorUri":"executor://xunit/VsTestRunner2/netcoreapp","Source":"D:\\Workspace\\Projects\\Sparky_UnitTesting\\SparkyXUnitTests\\bin\\Debug\\net6.0\\fine-code-coverage\\build-output\\SparkyXUnitTests.dll","CodeFilePath":null,"LineNumber":0,"Properties":[]},"Attachments":[],"Outcome":1,"ErrorMessage":null,"ErrorStackTrace":null,"DisplayName":"Sparky.GradingCalculatorXUnitTests.GetGrade_InputScoreAndAttendance_GetProperGrade(score: 50, attendance: 90, expectedResult: \"F\")","Messages":[],"ComputerName":"SHREYAN","Duration":"00:00:00.0000070","StartTime":"2022-08-08T16:00:45.8313828+00:00","EndTime":"2022-08-08T16:00:45.8313833+00:00","Properties":[]},{"TestCase":{"Id":"0df5a8d5-3546-26b5-ba24-b9bcd7a6c484","FullyQualifiedName":"Sparky.GradingCalculatorXUnitTests.GetGrade_InputScoreAndAttendance_GetProperGrade","DisplayName":"Sparky.GradingCalculatorXUnitTests.GetGrade_InputScoreAndAttendance_GetProperGrade(score: 65, attendance: 90, expectedResult: \"C\")","ExecutorUri":"executor://xunit/VsTestRunner2/netcoreapp","Source":"D:\\Workspace\\Projects\\Sparky_UnitTesting\\SparkyXUnitTests\\bin\\Debug\\net6.0\\fine-code-coverage\\build-output\\SparkyXUnitTests.dll","CodeFilePath":null,"LineNumber":0,"Properties":[]},"Attachments":[],"Outcome":1,"ErrorMessage":null,"ErrorStackTrace":null,"DisplayName":"Sparky.GradingCalculatorXUnitTests.GetGrade_InputScoreAndAttendance_GetProperGrade(score: 65, attendance: 90, expectedResult: \"C\")","Messages":[],"ComputerName":"SHREYAN","Duration":"00:00:00.0000073","StartTime":"2022-08-08T16:00:45.8350582+00:00","EndTime":"2022-08-08T16:00:45.8350587+00:00","Properties":[]}],"TestRunStatistics":{"ExecutedTests":7,"Stats":{"Passed":7}},"ActiveTests":[{"Id":"748ab0c8-b263-b8a5-7ac5-9fda4034dac6","FullyQualifiedName":"Sparky.ProductXUnitTests.GetProductPriceMOQAbuse_PlatinumCustomer_ReturnPriceWith20Discount","DisplayName":"Sparky.ProductXUnitTests.GetProductPriceMOQAbuse_PlatinumCustomer_ReturnPriceWith20Discount","ExecutorUri":"executor://xunit/VsTestRunner2/netcoreapp","Source":"D:\\Workspace\\Projects\\Sparky_UnitTesting\\SparkyXUnitTests\\bin\\Debug\\net6.0\\fine-code-coverage\\build-output\\SparkyXUnitTests.dll","CodeFilePath":null,"LineNumber":0,"Properties":[]},{"Id":"d0f82025-a431-6ea0-16ff-80d31cad4d21","FullyQualifiedName":"Sparky.FiboXUnitTests.FiboChecker_Input1_returnsFiboSeries","DisplayName":"Sparky.FiboXUnitTests.FiboChecker_Input1_returnsFiboSeries","ExecutorUri":"executor://xunit/VsTestRunner2/netcoreapp","Source":"D:\\Workspace\\Projects\\Sparky_UnitTesting\\SparkyXUnitTests\\bin\\Debug\\net6.0\\fine-code-coverage\\build-output\\SparkyXUnitTests.dll","CodeFilePath":null,"LineNumber":0,"Properties":[]},{"Id":"c26b52bb-60af-8a76-5e86-074c7dec55eb","FullyQualifiedName":"Sparky.GradingCalculatorXUnitTests.GetGrade_InputScoreAndAttendance_GetProperGrade","DisplayName":"Sparky.GradingCalculatorXUnitTests.GetGrade_InputScoreAndAttendance_GetProperGrade(score: 85, attendance: 90, expectedResult: \"B\")","ExecutorUri":"executor://xunit/VsTestRunner2/netcoreapp","Source":"D:\\Workspace\\Projects\\Sparky_UnitTesting\\SparkyXUnitTests\\bin\\Debug\\net6.0\\fine-code-coverage\\build-output\\SparkyXUnitTests.dll","CodeFilePath":null,"LineNumber":0,"Properties":[]}]}}
TpTrace Verbose: 0 : 2104, 11, 2022/08/08, 21:30:45.942, 16807708557816, vstest.console.dll, TestRunRequest:SendTestRunStatsChange: Starting.
TpTrace Verbose: 0 : 2104, 11, 2022/08/08, 21:30:45.942, 16807708559919, vstest.console.dll, InProgress is Sparky.ProductXUnitTests.GetProductPriceMOQAbuse_PlatinumCustomer_ReturnPriceWith20Discount
TpTrace Verbose: 0 : 2104, 11, 2022/08/08, 21:30:45.942, 16807708560774, vstest.console.dll, InProgress is Sparky.FiboXUnitTests.FiboChecker_Input1_returnsFiboSeries
TpTrace Verbose: 0 : 2104, 11, 2022/08/08, 21:30:45.943, 16807708561447, vstest.console.dll, InProgress is Sparky.GradingCalculatorXUnitTests.GetGrade_InputScoreAndAttendance_GetProperGrade(score: 85, attendance: 90, expectedResult: "B")
TpTrace Verbose: 0 : 2104, 11, 2022/08/08, 21:30:45.943, 16807708565643, vstest.console.dll, MulticastDelegateUtilities.SafeInvoke: TestRun.RunStatsChanged: Invoking callbacks was skipped because there are no subscribers.
TpTrace Information: 0 : 2104, 11, 2022/08/08, 21:30:45.943, 16807708566492, vstest.console.dll, TestRunRequest:SendTestRunStatsChange: Completed.
TpTrace Verbose: 0 : 2104, 11, 2022/08/08, 21:30:45.943, 16807708567145, vstest.console.dll, MulticastDelegateUtilities.SafeInvoke: LengthPrefixCommunicationChannel: MessageReceived: Invoking callback 1/1 for Microsoft.VisualStudio.TestPlatform.CommunicationUtilities.TestRequestSender+<>c__DisplayClass30_0.<StartTestRun>b__1, took 49 ms.
TpTrace Verbose: 0 : 2104, 11, 2022/08/08, 21:30:45.943, 16807708567747, vstest.console.dll, TcpClientExtensions.MessageLoopAsync: Polling on remoteEndPoint: 127.0.0.1:57574 localEndPoint: 127.0.0.1:57572
TpTrace Verbose: 0 : 2104, 11, 2022/08/08, 21:30:45.943, 16807708568549, vstest.console.dll, TcpClientExtensions.MessageLoopAsync: NotifyDataAvailable remoteEndPoint: 127.0.0.1:57574 localEndPoint: 127.0.0.1:57572
TpTrace Verbose: 0 : 2104, 11, 2022/08/08, 21:30:45.944, 16807708573197, vstest.console.dll, TestRequestSender.OnExecutionMessageReceived: Received message: {"Version":6,"MessageType":"TestExecution.StatsChange","Payload":{"NewTestResults":[{"TestCase":{"Id":"c26b52bb-60af-8a76-5e86-074c7dec55eb","FullyQualifiedName":"Sparky.GradingCalculatorXUnitTests.GetGrade_InputScoreAndAttendance_GetProperGrade","DisplayName":"Sparky.GradingCalculatorXUnitTests.GetGrade_InputScoreAndAttendance_GetProperGrade(score: 85, attendance: 90, expectedResult: \"B\")","ExecutorUri":"executor://xunit/VsTestRunner2/netcoreapp","Source":"D:\\Workspace\\Projects\\Sparky_UnitTesting\\SparkyXUnitTests\\bin\\Debug\\net6.0\\fine-code-coverage\\build-output\\SparkyXUnitTests.dll","CodeFilePath":null,"LineNumber":0,"Properties":[]},"Attachments":[],"Outcome":1,"ErrorMessage":null,"ErrorStackTrace":null,"DisplayName":"Sparky.GradingCalculatorXUnitTests.GetGrade_InputScoreAndAttendance_GetProperGrade(score: 85, attendance: 90, expectedResult: \"B\")","Messages":[],"ComputerName":"SHREYAN","Duration":"00:00:00.0000072","StartTime":"2022-08-08T16:00:45.8953818+00:00","EndTime":"2022-08-08T16:00:45.895382+00:00","Properties":[]},{"TestCase":{"Id":"e79cff4c-b1e8-d76c-c0f8-031f2c50d4f6","FullyQualifiedName":"Sparky.CustomerXUnitTests.GreetingMsg_NotGreeted_ReturnsNull","DisplayName":"Sparky.CustomerXUnitTests.GreetingMsg_NotGreeted_ReturnsNull","ExecutorUri":"executor://xunit/VsTestRunner2/netcoreapp","Source":"D:\\Workspace\\Projects\\Sparky_UnitTesting\\SparkyXUnitTests\\bin\\Debug\\net6.0\\fine-code-coverage\\build-output\\SparkyXUnitTests.dll","CodeFilePath":null,"LineNumber":0,"Properties":[]},"Attachments":[],"Outcome":1,"ErrorMessage":null,"ErrorStackTrace":null,"DisplayName":"Sparky.CustomerXUnitTests.GreetingMsg_NotGreeted_ReturnsNull","Messages":[],"ComputerName":"SHREYAN","Duration":"00:00:00.0003051","StartTime":"2022-08-08T16:00:45.9005709+00:00","EndTime":"2022-08-08T16:00:45.9005711+00:00","Properties":[]},{"TestCase":{"Id":"985f1b8e-64a3-9c88-564f-d96e74fca8b8","FullyQualifiedName":"Sparky.CustomerXUnitTests.DiscountCheck_DefaultCustomer_ReturnDiscountInRange","DisplayName":"Sparky.CustomerXUnitTests.DiscountCheck_DefaultCustomer_ReturnDiscountInRange","ExecutorUri":"executor://xunit/VsTestRunner2/netcoreapp","Source":"D:\\Workspace\\Projects\\Sparky_UnitTesting\\SparkyXUnitTests\\bin\\Debug\\net6.0\\fine-code-coverage\\build-output\\SparkyXUnitTests.dll","CodeFilePath":null,"LineNumber":0,"Properties":[]},"Attachments":[],"Outcome":1,"ErrorMessage":null,"ErrorStackTrace":null,"DisplayName":"Sparky.CustomerXUnitTests.DiscountCheck_DefaultCustomer_ReturnDiscountInRange","Messages":[],"ComputerName":"SHREYAN","Duration":"00:00:00.0009449","StartTime":"2022-08-08T16:00:45.9048093+00:00","EndTime":"2022-08-08T16:00:45.9048096+00:00","Properties":[]},{"TestCase":{"Id":"6c429b6d-b16c-49a2-9017-f37154754680","FullyQualifiedName":"Sparky.CustomerXUnitTests.GreetMessage_GreetWithoutLastName_ReturnsNotNull","DisplayName":"Sparky.CustomerXUnitTests.GreetMessage_GreetWithoutLastName_ReturnsNotNull","ExecutorUri":"executor://xunit/VsTestRunner2/netcoreapp","Source":"D:\\Workspace\\Projects\\Sparky_UnitTesting\\SparkyXUnitTests\\bin\\Debug\\net6.0\\fine-code-coverage\\build-output\\SparkyXUnitTests.dll","CodeFilePath":null,"LineNumber":0,"Properties":[]},"Attachments":[],"Outcome":1,"ErrorMessage":null,"ErrorStackTrace":null,"DisplayName":"Sparky.CustomerXUnitTests.GreetMessage_GreetWithoutLastName_ReturnsNotNull","Messages":[],"ComputerName":"SHREYAN","Duration":"00:00:00.0008204","StartTime":"2022-08-08T16:00:45.9085739+00:00","EndTime":"2022-08-08T16:00:45.9085741+00:00","Properties":[]},{"TestCase":{"Id":"2db0fd34-34cb-92c7-b741-ca72512026f0","FullyQualifiedName":"Sparky.CustomerXUnitTests.CustomerType_InputOrderTotal_ReturnCustomerTypeAsPlatinumIfOrderTotalMoreThan100","DisplayName":"Sparky.CustomerXUnitTests.CustomerType_InputOrderTotal_ReturnCustomerTypeAsPlatinumIfOrderTotalMoreThan100","ExecutorUri":"executor://xunit/VsTestRunner2/netcoreapp","Source":"D:\\Workspace\\Projects\\Sparky_UnitTesting\\SparkyXUnitTests\\bin\\Debug\\net6.0\\fine-code-coverage\\build-output\\SparkyXUnitTests.dll","CodeFilePath":null,"LineNumber":0,"Properties":[]},"Attachments":[],"Outcome":1,"ErrorMessage":null,"ErrorStackTrace":null,"DisplayName":"Sparky.CustomerXUnitTests.CustomerType_InputOrderTotal_ReturnCustomerTypeAsPlatinumIfOrderTotalMoreThan100","Messages":[],"ComputerName":"SHREYAN","Duration":"00:00:00.0002856","StartTime":"2022-08-08T16:00:45.9198016+00:00","EndTime":"2022-08-08T16:00:45.9198018+00:00","Properties":[]},{"TestCase":{"Id":"f2dd2937-a571-c8a0-2440-08f60951f500","FullyQualifiedName":"Sparky.CustomerXUnitTests.CombineName_InputFirstAndLastName_ReturnFullName","DisplayName":"Sparky.CustomerXUnitTests.CombineName_InputFirstAndLastName_ReturnFullName","ExecutorUri":"executor://xunit/VsTestRunner2/netcoreapp","Source":"D:\\Workspace\\Projects\\Sparky_UnitTesting\\SparkyXUnitTests\\bin\\Debug\\net6.0\\fine-code-coverage\\build-output\\SparkyXUnitTests.dll","CodeFilePath":null,"LineNumber":0,"Properties":[]},"Attachments":[],"Outcome":1,"ErrorMessage":null,"ErrorStackTrace":null,"DisplayName":"Sparky.CustomerXUnitTests.CombineName_InputFirstAndLastName_ReturnFullName","Messages":[],"ComputerName":"SHREYAN","Duration":"00:00:00.0125383","StartTime":"2022-08-08T16:00:45.9241157+00:00","EndTime":"2022-08-08T16:00:45.9241159+00:00","Properties":[]},{"TestCase":{"Id":"b4584f94-7138-6a3d-c55b-1f93238f548e","FullyQualifiedName":"Sparky.CustomerXUnitTests.GreetChecker_EmptyFirstName_ThrowsException","DisplayName":"Sparky.CustomerXUnitTests.GreetChecker_EmptyFirstName_ThrowsException","ExecutorUri":"executor://xunit/VsTestRunner2/netcoreapp","Source":"D:\\Workspace\\Projects\\Sparky_UnitTesting\\SparkyXUnitTests\\bin\\Debug\\net6.0\\fine-code-coverage\\build-output\\SparkyXUnitTests.dll","CodeFilePath":null,"LineNumber":0,"Properties":[]},"Attachments":[],"Outcome":1,"ErrorMessage":null,"ErrorStackTrace":null,"DisplayName":"Sparky.CustomerXUnitTests.GreetChecker_EmptyFirstName_ThrowsException","Messages":[],"ComputerName":"SHREYAN","Duration":"00:00:00.0010153","StartTime":"2022-08-08T16:00:45.9291886+00:00","EndTime":"2022-08-08T16:00:45.9291888+00:00","Properties":[]},{"TestCase":{"Id":"d0f82025-a431-6ea0-16ff-80d31cad4d21","FullyQualifiedName":"Sparky.FiboXUnitTests.FiboChecker_Input1_returnsFiboSeries","DisplayName":"Sparky.FiboXUnitTests.FiboChecker_Input1_returnsFiboSeries","ExecutorUri":"executor://xunit/VsTestRunner2/netcoreapp","Source":"D:\\Workspace\\Projects\\Sparky_UnitTesting\\SparkyXUnitTests\\bin\\Debug\\net6.0\\fine-code-coverage\\build-output\\SparkyXUnitTests.dll","CodeFilePath":null,"LineNumber":0,"Properties":[]},"Attachments":[],"Outcome":1,"ErrorMessage":null,"ErrorStackTrace":null,"DisplayName":"Sparky.FiboXUnitTests.FiboChecker_Input1_returnsFiboSeries","Messages":[],"ComputerName":"SHREYAN","Duration":"00:00:00.0531276","StartTime":"2022-08-08T16:00:45.9312841+00:00","EndTime":"2022-08-08T16:00:45.9312843+00:00","Properties":[]}],"TestRunStatistics":{"ExecutedTests":15,"Stats":{"Passed":15}},"ActiveTests":[{"Id":"080c0525-93b1-2f59-5c78-23b5915f109f","FullyQualifiedName":"Sparky.FiboXUnitTests.FiboChecker_Input6_returnsFiboSeries","DisplayName":"Sparky.FiboXUnitTests.FiboChecker_Input6_returnsFiboSeries","ExecutorUri":"executor://xunit/VsTestRunner2/netcoreapp","Source":"D:\\Workspace\\Projects\\Sparky_UnitTesting\\SparkyXUnitTests\\bin\\Debug\\net6.0\\fine-code-coverage\\build-output\\SparkyXUnitTests.dll","CodeFilePath":null,"LineNumber":0,"Properties":[]},{"Id":"ec993304-1c36-15bc-1d68-39cbb19145e0","FullyQualifiedName":"Sparky.BankAccountXUnitTests.BankLogDummy_VerifyExample","DisplayName":"Sparky.BankAccountXUnitTests.BankLogDummy_VerifyExample","ExecutorUri":"executor://xunit/VsTestRunner2/netcoreapp","Source":"D:\\Workspace\\Projects\\Sparky_UnitTesting\\SparkyXUnitTests\\bin\\Debug\\net6.0\\fine-code-coverage\\build-output\\SparkyXUnitTests.dll","CodeFilePath":null,"LineNumber":0,"Properties":[]}]}}
TpTrace Verbose: 0 : 2104, 11, 2022/08/08, 21:30:45.947, 16807708602426, vstest.console.dll, TestRunRequest:SendTestRunStatsChange: Starting.
TpTrace Verbose: 0 : 2104, 11, 2022/08/08, 21:30:45.947, 16807708605337, vstest.console.dll, InProgress is Sparky.FiboXUnitTests.FiboChecker_Input6_returnsFiboSeries
TpTrace Verbose: 0 : 2104, 11, 2022/08/08, 21:30:45.947, 16807708606538, vstest.console.dll, InProgress is Sparky.BankAccountXUnitTests.BankLogDummy_VerifyExample
TpTrace Verbose: 0 : 2104, 11, 2022/08/08, 21:30:45.947, 16807708608005, vstest.console.dll, MulticastDelegateUtilities.SafeInvoke: TestRun.RunStatsChanged: Invoking callbacks was skipped because there are no subscribers.
TpTrace Information: 0 : 2104, 11, 2022/08/08, 21:30:45.947, 16807708608624, vstest.console.dll, TestRunRequest:SendTestRunStatsChange: Completed.
TpTrace Verbose: 0 : 2104, 11, 2022/08/08, 21:30:45.947, 16807708609315, vstest.console.dll, MulticastDelegateUtilities.SafeInvoke: LengthPrefixCommunicationChannel: MessageReceived: Invoking callback 1/1 for Microsoft.VisualStudio.TestPlatform.CommunicationUtilities.TestRequestSender+<>c__DisplayClass30_0.<StartTestRun>b__1, took 3 ms.
TpTrace Verbose: 0 : 2104, 11, 2022/08/08, 21:30:45.947, 16807708610189, vstest.console.dll, TcpClientExtensions.MessageLoopAsync: Polling on remoteEndPoint: 127.0.0.1:57574 localEndPoint: 127.0.0.1:57572
TpTrace Verbose: 0 : 2104, 4, 2022/08/08, 21:30:45.958, 16807708716335, vstest.console.dll, MulticastDelegateUtilities.SafeInvoke: InternalTestLoggerEvents.SendTestResult: Invoking callback 1/1 for Microsoft.VisualStudio.TestPlatform.CommandLine.Internal.ConsoleLogger.TestResultHandler, took 15 ms.
TpTrace Verbose: 0 : 2104, 4, 2022/08/08, 21:30:45.958, 16807708718165, vstest.console.dll, MulticastDelegateUtilities.SafeInvoke: InternalTestLoggerEvents.SendTestResult: Invoking callback 1/1 for Microsoft.VisualStudio.TestPlatform.CommandLine.Internal.ConsoleLogger.TestResultHandler, took 0 ms.
TpTrace Verbose: 0 : 2104, 4, 2022/08/08, 21:30:45.958, 16807708719037, vstest.console.dll, MulticastDelegateUtilities.SafeInvoke: InternalTestLoggerEvents.SendTestResult: Invoking callback 1/1 for Microsoft.VisualStudio.TestPlatform.CommandLine.Internal.ConsoleLogger.TestResultHandler, took 0 ms.
TpTrace Verbose: 0 : 2104, 4, 2022/08/08, 21:30:45.958, 16807708719790, vstest.console.dll, MulticastDelegateUtilities.SafeInvoke: InternalTestLoggerEvents.SendTestResult: Invoking callback 1/1 for Microsoft.VisualStudio.TestPlatform.CommandLine.Internal.ConsoleLogger.TestResultHandler, took 0 ms.
TpTrace Verbose: 0 : 2104, 4, 2022/08/08, 21:30:45.958, 16807708720631, vstest.console.dll, MulticastDelegateUtilities.SafeInvoke: InternalTestLoggerEvents.SendTestResult: Invoking callback 1/1 for Microsoft.VisualStudio.TestPlatform.CommandLine.Internal.ConsoleLogger.TestResultHandler, took 0 ms.
TpTrace Verbose: 0 : 2104, 4, 2022/08/08, 21:30:45.959, 16807708721420, vstest.console.dll, MulticastDelegateUtilities.SafeInvoke: InternalTestLoggerEvents.SendTestResult: Invoking callback 1/1 for Microsoft.VisualStudio.TestPlatform.CommandLine.Internal.ConsoleLogger.TestResultHandler, took 0 ms.
TpTrace Verbose: 0 : 2104, 4, 2022/08/08, 21:30:45.959, 16807708722148, vstest.console.dll, MulticastDelegateUtilities.SafeInvoke: InternalTestLoggerEvents.SendTestResult: Invoking callback 1/1 for Microsoft.VisualStudio.TestPlatform.CommandLine.Internal.ConsoleLogger.TestResultHandler, took 0 ms.
TpTrace Verbose: 0 : 2104, 4, 2022/08/08, 21:30:45.959, 16807708722973, vstest.console.dll, MulticastDelegateUtilities.SafeInvoke: InternalTestLoggerEvents.SendTestResult: Invoking callback 1/1 for Microsoft.VisualStudio.TestPlatform.CommandLine.Internal.ConsoleLogger.TestResultHandler, took 0 ms.
TpTrace Verbose: 0 : 2104, 4, 2022/08/08, 21:30:45.959, 16807708723696, vstest.console.dll, MulticastDelegateUtilities.SafeInvoke: InternalTestLoggerEvents.SendTestResult: Invoking callback 1/1 for Microsoft.VisualStudio.TestPlatform.CommandLine.Internal.ConsoleLogger.TestResultHandler, took 0 ms.
TpTrace Verbose: 0 : 2104, 4, 2022/08/08, 21:30:45.959, 16807708724499, vstest.console.dll, MulticastDelegateUtilities.SafeInvoke: InternalTestLoggerEvents.SendTestResult: Invoking callback 1/1 for Microsoft.VisualStudio.TestPlatform.CommandLine.Internal.ConsoleLogger.TestResultHandler, took 0 ms.
TpTrace Verbose: 0 : 2104, 4, 2022/08/08, 21:30:45.959, 16807708725315, vstest.console.dll, MulticastDelegateUtilities.SafeInvoke: InternalTestLoggerEvents.SendTestResult: Invoking callback 1/1 for Microsoft.VisualStudio.TestPlatform.CommandLine.Internal.ConsoleLogger.TestResultHandler, took 0 ms.
TpTrace Verbose: 0 : 2104, 4, 2022/08/08, 21:30:45.959, 16807708726088, vstest.console.dll, MulticastDelegateUtilities.SafeInvoke: InternalTestLoggerEvents.SendTestResult: Invoking callback 1/1 for Microsoft.VisualStudio.TestPlatform.CommandLine.Internal.ConsoleLogger.TestResultHandler, took 0 ms.
TpTrace Verbose: 0 : 2104, 4, 2022/08/08, 21:30:45.959, 16807708726842, vstest.console.dll, MulticastDelegateUtilities.SafeInvoke: InternalTestLoggerEvents.SendTestResult: Invoking callback 1/1 for Microsoft.VisualStudio.TestPlatform.CommandLine.Internal.ConsoleLogger.TestResultHandler, took 0 ms.
TpTrace Verbose: 0 : 2104, 4, 2022/08/08, 21:30:45.959, 16807708727586, vstest.console.dll, MulticastDelegateUtilities.SafeInvoke: InternalTestLoggerEvents.SendTestResult: Invoking callback 1/1 for Microsoft.VisualStudio.TestPlatform.CommandLine.Internal.ConsoleLogger.TestResultHandler, took 0 ms.
TpTrace Verbose: 0 : 2104, 4, 2022/08/08, 21:30:45.959, 16807708728370, vstest.console.dll, MulticastDelegateUtilities.SafeInvoke: InternalTestLoggerEvents.SendTestResult: Invoking callback 1/1 for Microsoft.VisualStudio.TestPlatform.CommandLine.Internal.ConsoleLogger.TestResultHandler, took 0 ms.
TpTrace Verbose: 0 : 2104, 11, 2022/08/08, 21:30:45.979, 16807708921802, vstest.console.dll, TcpClientExtensions.MessageLoopAsync: NotifyDataAvailable remoteEndPoint: 127.0.0.1:57574 localEndPoint: 127.0.0.1:57572
TpTrace Verbose: 0 : 2104, 11, 2022/08/08, 21:30:45.979, 16807708926051, vstest.console.dll, TestRequestSender.OnExecutionMessageReceived: Received message: {"Version":6,"MessageType":"TestExecution.StatsChange","Payload":{"NewTestResults":[{"TestCase":{"Id":"ee681afd-75e3-ed60-a72a-f28f92356066","FullyQualifiedName":"Sparky.CalculatorXUnitTests.IsOddChecker_InputEvenInt_ReturnFalse","DisplayName":"Sparky.CalculatorXUnitTests.IsOddChecker_InputEvenInt_ReturnFalse","ExecutorUri":"executor://xunit/VsTestRunner2/netcoreapp","Source":"D:\\Workspace\\Projects\\Sparky_UnitTesting\\SparkyXUnitTests\\bin\\Debug\\net6.0\\fine-code-coverage\\build-output\\SparkyXUnitTests.dll","CodeFilePath":null,"LineNumber":0,"Properties":[]},"Attachments":[],"Outcome":1,"ErrorMessage":null,"ErrorStackTrace":null,"DisplayName":"Sparky.CalculatorXUnitTests.IsOddChecker_InputEvenInt_ReturnFalse","Messages":[],"ComputerName":"SHREYAN","Duration":"00:00:00.0005169","StartTime":"2022-08-08T16:00:45.941111+00:00","EndTime":"2022-08-08T16:00:45.9411113+00:00","Properties":[]},{"TestCase":{"Id":"0f61d542-c53f-bbbc-a084-6cc38f939f83","FullyQualifiedName":"Sparky.CalculatorXUnitTests.AddNumbers_InputTwoDouble_GetCorrectAddition","DisplayName":"Sparky.CalculatorXUnitTests.AddNumbers_InputTwoDouble_GetCorrectAddition(a: 5.4299999999999997, b: 10.529999999999999, expectedresult: 15.960000000000001)","ExecutorUri":"executor://xunit/VsTestRunner2/netcoreapp","Source":"D:\\Workspace\\Projects\\Sparky_UnitTesting\\SparkyXUnitTests\\bin\\Debug\\net6.0\\fine-code-coverage\\build-output\\SparkyXUnitTests.dll","CodeFilePath":null,"LineNumber":0,"Properties":[]},"Attachments":[],"Outcome":1,"ErrorMessage":null,"ErrorStackTrace":null,"DisplayName":"Sparky.CalculatorXUnitTests.AddNumbers_InputTwoDouble_GetCorrectAddition(a: 5.4299999999999997, b: 10.529999999999999, expectedresult: 15.960000000000001)","Messages":[],"ComputerName":"SHREYAN","Duration":"00:00:00.0006459","StartTime":"2022-08-08T16:00:45.9456215+00:00","EndTime":"2022-08-08T16:00:45.9456217+00:00","Properties":[]},{"TestCase":{"Id":"dbee4ba1-461f-4d27-5b9c-d5eecc2871eb","FullyQualifiedName":"Sparky.CalculatorXUnitTests.AddNumbers_InputTwoDouble_GetCorrectAddition","DisplayName":"Sparky.CalculatorXUnitTests.AddNumbers_InputTwoDouble_GetCorrectAddition(a: 5.4900000000000002, b: 10.59, expectedresult: 16.079999999999998)","ExecutorUri":"executor://xunit/VsTestRunner2/netcoreapp","Source":"D:\\Workspace\\Projects\\Sparky_UnitTesting\\SparkyXUnitTests\\bin\\Debug\\net6.0\\fine-code-coverage\\build-output\\SparkyXUnitTests.dll","CodeFilePath":null,"LineNumber":0,"Properties":[]},"Attachments":[],"Outcome":1,"ErrorMessage":null,"ErrorStackTrace":null,"DisplayName":"Sparky.CalculatorXUnitTests.AddNumbers_InputTwoDouble_GetCorrectAddition(a: 5.4900000000000002, b: 10.59, expectedresult: 16.079999999999998)","Messages":[],"ComputerName":"SHREYAN","Duration":"00:00:00.0000226","StartTime":"2022-08-08T16:00:45.9498489+00:00","EndTime":"2022-08-08T16:00:45.9498498+00:00","Properties":[]},{"TestCase":{"Id":"f470a6a9-0583-0730-fda6-6475d68c7efd","FullyQualifiedName":"Sparky.CalculatorXUnitTests.AddNumbers_InputTwoDouble_GetCorrectAddition","DisplayName":"Sparky.CalculatorXUnitTests.AddNumbers_InputTwoDouble_GetCorrectAddition(a: 5.4000000000000004, b: 10.5, expectedresult: 15.9)","ExecutorUri":"executor://xunit/VsTestRunner2/netcoreapp","Source":"D:\\Workspace\\Projects\\Sparky_UnitTesting\\SparkyXUnitTests\\bin\\Debug\\net6.0\\fine-code-coverage\\build-output\\SparkyXUnitTests.dll","CodeFilePath":null,"LineNumber":0,"Properties":[]},"Attachments":[],"Outcome":1,"ErrorMessage":null,"ErrorStackTrace":null,"DisplayName":"Sparky.CalculatorXUnitTests.AddNumbers_InputTwoDouble_GetCorrectAddition(a: 5.4000000000000004, b: 10.5, expectedresult: 15.9)","Messages":[],"ComputerName":"SHREYAN","Duration":"00:00:00.0000082","StartTime":"2022-08-08T16:00:45.9541321+00:00","EndTime":"2022-08-08T16:00:45.9541323+00:00","Properties":[]},{"TestCase":{"Id":"c92d54d9-bd04-dedf-f00c-f2b6a20aa4c4","FullyQualifiedName":"Sparky.CalculatorXUnitTests.IsOddChecker_InputOddInt_ReturnTrue","DisplayName":"Sparky.CalculatorXUnitTests.IsOddChecker_InputOddInt_ReturnTrue(a: 11)","ExecutorUri":"executor://xunit/VsTestRunner2/netcoreapp","Source":"D:\\Workspace\\Projects\\Sparky_UnitTesting\\SparkyXUnitTests\\bin\\Debug\\net6.0\\fine-code-coverage\\build-output\\SparkyXUnitTests.dll","CodeFilePath":null,"LineNumber":0,"Properties":[]},"Attachments":[],"Outcome":1,"ErrorMessage":null,"ErrorStackTrace":null,"DisplayName":"Sparky.CalculatorXUnitTests.IsOddChecker_InputOddInt_ReturnTrue(a: 11)","Messages":[],"ComputerName":"SHREYAN","Duration":"00:00:00.0003516","StartTime":"2022-08-08T16:00:45.9582491+00:00","EndTime":"2022-08-08T16:00:45.9582493+00:00","Properties":[]},{"TestCase":{"Id":"b6a9e959-19d9-6a09-d1c2-ad29c5270d68","FullyQualifiedName":"Sparky.CalculatorXUnitTests.IsOddChecker_InputOddInt_ReturnTrue","DisplayName":"Sparky.CalculatorXUnitTests.IsOddChecker_InputOddInt_ReturnTrue(a: 17)","ExecutorUri":"executor://xunit/VsTestRunner2/netcoreapp","Source":"D:\\Workspace\\Projects\\Sparky_UnitTesting\\SparkyXUnitTests\\bin\\Debug\\net6.0\\fine-code-coverage\\build-output\\SparkyXUnitTests.dll","CodeFilePath":null,"LineNumber":0,"Properties":[]},"Attachments":[],"Outcome":1,"ErrorMessage":null,"ErrorStackTrace":null,"DisplayName":"Sparky.CalculatorXUnitTests.IsOddChecker_InputOddInt_ReturnTrue(a: 17)","Messages":[],"ComputerName":"SHREYAN","Duration":"00:00:00.0000120","StartTime":"2022-08-08T16:00:45.9618665+00:00","EndTime":"2022-08-08T16:00:45.9618667+00:00","Properties":[]},{"TestCase":{"Id":"918ef90c-4107-0fff-32dc-0ea967582257","FullyQualifiedName":"Sparky.CalculatorXUnitTests.IsOddChecker_InputOddInt_ReturnTrue","DisplayName":"Sparky.CalculatorXUnitTests.IsOddChecker_InputOddInt_ReturnTrue(a: 13)","ExecutorUri":"executor://xunit/VsTestRunner2/netcoreapp","Source":"D:\\Workspace\\Projects\\Sparky_UnitTesting\\SparkyXUnitTests\\bin\\Debug\\net6.0\\fine-code-coverage\\build-output\\SparkyXUnitTests.dll","CodeFilePath":null,"LineNumber":0,"Properties":[]},"Attachments":[],"Outcome":1,"ErrorMessage":null,"ErrorStackTrace":null,"DisplayName":"Sparky.CalculatorXUnitTests.IsOddChecker_InputOddInt_ReturnTrue(a: 13)","Messages":[],"ComputerName":"SHREYAN","Duration":"00:00:00.0000085","StartTime":"2022-08-08T16:00:45.965527+00:00","EndTime":"2022-08-08T16:00:45.9655271+00:00","Properties":[]},{"TestCase":{"Id":"080c0525-93b1-2f59-5c78-23b5915f109f","FullyQualifiedName":"Sparky.FiboXUnitTests.FiboChecker_Input6_returnsFiboSeries","DisplayName":"Sparky.FiboXUnitTests.FiboChecker_Input6_returnsFiboSeries","ExecutorUri":"executor://xunit/VsTestRunner2/netcoreapp","Source":"D:\\Workspace\\Projects\\Sparky_UnitTesting\\SparkyXUnitTests\\bin\\Debug\\net6.0\\fine-code-coverage\\build-output\\SparkyXUnitTests.dll","CodeFilePath":null,"LineNumber":0,"Properties":[]},"Attachments":[],"Outcome":1,"ErrorMessage":null,"ErrorStackTrace":null,"DisplayName":"Sparky.FiboXUnitTests.FiboChecker_Input6_returnsFiboSeries","Messages":[],"ComputerName":"SHREYAN","Duration":"00:00:00.0122528","StartTime":"2022-08-08T16:00:45.9708187+00:00","EndTime":"2022-08-08T16:00:45.9708188+00:00","Properties":[]},{"TestCase":{"Id":"33e21827-eee4-3578-bbc2-ef7b2f88bbb0","FullyQualifiedName":"Sparky.CalculatorXUnitTests.IsOddChecker_InputInt_ReturnTrueIfOdd","DisplayName":"Sparky.CalculatorXUnitTests.IsOddChecker_InputInt_ReturnTrueIfOdd(a: 11, expectedResult: True)","ExecutorUri":"executor://xunit/VsTestRunner2/netcoreapp","Source":"D:\\Workspace\\Projects\\Sparky_UnitTesting\\SparkyXUnitTests\\bin\\Debug\\net6.0\\fine-code-coverage\\build-output\\SparkyXUnitTests.dll","CodeFilePath":null,"LineNumber":0,"Properties":[]},"Attachments":[],"Outcome":1,"ErrorMessage":null,"ErrorStackTrace":null,"DisplayName":"Sparky.CalculatorXUnitTests.IsOddChecker_InputInt_ReturnTrueIfOdd(a: 11, expectedResult: True)","Messages":[],"ComputerName":"SHREYAN","Duration":"00:00:00.0039520","StartTime":"2022-08-08T16:00:45.9734467+00:00","EndTime":"2022-08-08T16:00:45.9734469+00:00","Properties":[]}],"TestRunStatistics":{"ExecutedTests":24,"Stats":{"Passed":24}},"ActiveTests":[{"Id":"368f221a-948a-c841-fe87-e8b709afe428","FullyQualifiedName":"Sparky.CalculatorXUnitTests.IsOddChecker_InputInt_ReturnTrueIfOdd","DisplayName":"Sparky.CalculatorXUnitTests.IsOddChecker_InputInt_ReturnTrueIfOdd(a: 10, expectedResult: False)","ExecutorUri":"executor://xunit/VsTestRunner2/netcoreapp","Source":"D:\\Workspace\\Projects\\Sparky_UnitTesting\\SparkyXUnitTests\\bin\\Debug\\net6.0\\fine-code-coverage\\build-output\\SparkyXUnitTests.dll","CodeFilePath":null,"LineNumber":0,"Properties":[]}]}}
TpTrace Verbose: 0 : 2104, 11, 2022/08/08, 21:30:45.982, 16807708952760, vstest.console.dll, TestRunRequest:SendTestRunStatsChange: Starting.
TpTrace Verbose: 0 : 2104, 11, 2022/08/08, 21:30:45.982, 16807708954034, vstest.console.dll, InProgress is Sparky.CalculatorXUnitTests.IsOddChecker_InputInt_ReturnTrueIfOdd(a: 10, expectedResult: False)
TpTrace Verbose: 0 : 2104, 11, 2022/08/08, 21:30:45.982, 16807708956377, vstest.console.dll, MulticastDelegateUtilities.SafeInvoke: TestRun.RunStatsChanged: Invoking callbacks was skipped because there are no subscribers.
TpTrace Information: 0 : 2104, 11, 2022/08/08, 21:30:45.982, 16807708957196, vstest.console.dll, TestRunRequest:SendTestRunStatsChange: Completed.
TpTrace Verbose: 0 : 2104, 11, 2022/08/08, 21:30:45.982, 16807708957951, vstest.console.dll, MulticastDelegateUtilities.SafeInvoke: LengthPrefixCommunicationChannel: MessageReceived: Invoking callback 1/1 for Microsoft.VisualStudio.TestPlatform.CommunicationUtilities.TestRequestSender+<>c__DisplayClass30_0.<StartTestRun>b__1, took 3 ms.
TpTrace Verbose: 0 : 2104, 11, 2022/08/08, 21:30:45.982, 16807708958650, vstest.console.dll, TcpClientExtensions.MessageLoopAsync: Polling on remoteEndPoint: 127.0.0.1:57574 localEndPoint: 127.0.0.1:57572
TpTrace Verbose: 0 : 2104, 4, 2022/08/08, 21:30:45.983, 16807708969416, vstest.console.dll, MulticastDelegateUtilities.SafeInvoke: InternalTestLoggerEvents.SendTestResult: Invoking callback 1/1 for Microsoft.VisualStudio.TestPlatform.CommandLine.Internal.ConsoleLogger.TestResultHandler, took 0 ms.
TpTrace Verbose: 0 : 2104, 4, 2022/08/08, 21:30:45.984, 16807708971849, vstest.console.dll, MulticastDelegateUtilities.SafeInvoke: InternalTestLoggerEvents.SendTestResult: Invoking callback 1/1 for Microsoft.VisualStudio.TestPlatform.CommandLine.Internal.ConsoleLogger.TestResultHandler, took 0 ms.
TpTrace Verbose: 0 : 2104, 4, 2022/08/08, 21:30:45.988, 16807709014686, vstest.console.dll, MulticastDelegateUtilities.SafeInvoke: InternalTestLoggerEvents.SendTestResult: Invoking callback 1/1 for Microsoft.VisualStudio.TestPlatform.CommandLine.Internal.ConsoleLogger.TestResultHandler, took 4 ms.
TpTrace Verbose: 0 : 2104, 4, 2022/08/08, 21:30:45.988, 16807709016730, vstest.console.dll, MulticastDelegateUtilities.SafeInvoke: InternalTestLoggerEvents.SendTestResult: Invoking callback 1/1 for Microsoft.VisualStudio.TestPlatform.CommandLine.Internal.ConsoleLogger.TestResultHandler, took 0 ms.
TpTrace Verbose: 0 : 2104, 4, 2022/08/08, 21:30:45.988, 16807709017798, vstest.console.dll, MulticastDelegateUtilities.SafeInvoke: InternalTestLoggerEvents.SendTestResult: Invoking callback 1/1 for Microsoft.VisualStudio.TestPlatform.CommandLine.Internal.ConsoleLogger.TestResultHandler, took 0 ms.
TpTrace Verbose: 0 : 2104, 4, 2022/08/08, 21:30:45.988, 16807709019204, vstest.console.dll, MulticastDelegateUtilities.SafeInvoke: InternalTestLoggerEvents.SendTestResult: Invoking callback 1/1 for Microsoft.VisualStudio.TestPlatform.CommandLine.Internal.ConsoleLogger.TestResultHandler, took 0 ms.
TpTrace Verbose: 0 : 2104, 4, 2022/08/08, 21:30:45.988, 16807709020159, vstest.console.dll, MulticastDelegateUtilities.SafeInvoke: InternalTestLoggerEvents.SendTestResult: Invoking callback 1/1 for Microsoft.VisualStudio.TestPlatform.CommandLine.Internal.ConsoleLogger.TestResultHandler, took 0 ms.
TpTrace Verbose: 0 : 2104, 4, 2022/08/08, 21:30:45.988, 16807709021061, vstest.console.dll, MulticastDelegateUtilities.SafeInvoke: InternalTestLoggerEvents.SendTestResult: Invoking callback 1/1 for Microsoft.VisualStudio.TestPlatform.CommandLine.Internal.ConsoleLogger.TestResultHandler, took 0 ms.
TpTrace Verbose: 0 : 2104, 4, 2022/08/08, 21:30:45.989, 16807709021985, vstest.console.dll, MulticastDelegateUtilities.SafeInvoke: InternalTestLoggerEvents.SendTestResult: Invoking callback 1/1 for Microsoft.VisualStudio.TestPlatform.CommandLine.Internal.ConsoleLogger.TestResultHandler, took 0 ms.
TpTrace Verbose: 0 : 2104, 11, 2022/08/08, 21:30:46.110, 16807710235573, vstest.console.dll, TcpClientExtensions.MessageLoopAsync: NotifyDataAvailable remoteEndPoint: 127.0.0.1:57574 localEndPoint: 127.0.0.1:57572
TpTrace Verbose: 0 : 2104, 11, 2022/08/08, 21:30:46.110, 16807710240933, vstest.console.dll, TestRequestSender.OnExecutionMessageReceived: Received message: {"Version":6,"MessageType":"TestExecution.StatsChange","Payload":{"NewTestResults":[{"TestCase":{"Id":"368f221a-948a-c841-fe87-e8b709afe428","FullyQualifiedName":"Sparky.CalculatorXUnitTests.IsOddChecker_InputInt_ReturnTrueIfOdd","DisplayName":"Sparky.CalculatorXUnitTests.IsOddChecker_InputInt_ReturnTrueIfOdd(a: 10, expectedResult: False)","ExecutorUri":"executor://xunit/VsTestRunner2/netcoreapp","Source":"D:\\Workspace\\Projects\\Sparky_UnitTesting\\SparkyXUnitTests\\bin\\Debug\\net6.0\\fine-code-coverage\\build-output\\SparkyXUnitTests.dll","CodeFilePath":null,"LineNumber":0,"Properties":[]},"Attachments":[],"Outcome":1,"ErrorMessage":null,"ErrorStackTrace":null,"DisplayName":"Sparky.CalculatorXUnitTests.IsOddChecker_InputInt_ReturnTrueIfOdd(a: 10, expectedResult: False)","Messages":[],"ComputerName":"SHREYAN","Duration":"00:00:00.0000198","StartTime":"2022-08-08T16:00:45.9813844+00:00","EndTime":"2022-08-08T16:00:45.9813845+00:00","Properties":[]},{"TestCase":{"Id":"73013abe-a897-2a7a-4789-dd8a451fb8cf","FullyQualifiedName":"Sparky.CalculatorXUnitTests.AddNumbers_InputTwoInt_GetCorrectAddition","DisplayName":"Sparky.CalculatorXUnitTests.AddNumbers_InputTwoInt_GetCorrectAddition","ExecutorUri":"executor://xunit/VsTestRunner2/netcoreapp","Source":"D:\\Workspace\\Projects\\Sparky_UnitTesting\\SparkyXUnitTests\\bin\\Debug\\net6.0\\fine-code-coverage\\build-output\\SparkyXUnitTests.dll","CodeFilePath":null,"LineNumber":0,"Properties":[]},"Attachments":[],"Outcome":1,"ErrorMessage":null,"ErrorStackTrace":null,"DisplayName":"Sparky.CalculatorXUnitTests.AddNumbers_InputTwoInt_GetCorrectAddition","Messages":[],"ComputerName":"SHREYAN","Duration":"00:00:00.0004135","StartTime":"2022-08-08T16:00:45.9869324+00:00","EndTime":"2022-08-08T16:00:45.9869326+00:00","Properties":[]},{"TestCase":{"Id":"90c435a0-11b8-39f0-ed80-f02020a4e6d0","FullyQualifiedName":"Sparky.CalculatorXUnitTests.OddRanger_InputMinAndMaxRange_ReturnsValidOddNumberRange","DisplayName":"Sparky.CalculatorXUnitTests.OddRanger_InputMinAndMaxRange_ReturnsValidOddNumberRange","ExecutorUri":"executor://xunit/VsTestRunner2/netcoreapp","Source":"D:\\Workspace\\Projects\\Sparky_UnitTesting\\SparkyXUnitTests\\bin\\Debug\\net6.0\\fine-code-coverage\\build-output\\SparkyXUnitTests.dll","CodeFilePath":null,"LineNumber":0,"Properties":[]},"Attachments":[],"Outcome":1,"ErrorMessage":null,"ErrorStackTrace":null,"DisplayName":"Sparky.CalculatorXUnitTests.OddRanger_InputMinAndMaxRange_ReturnsValidOddNumberRange","Messages":[],"ComputerName":"SHREYAN","Duration":"00:00:00.0014215","StartTime":"2022-08-08T16:00:45.9917583+00:00","EndTime":"2022-08-08T16:00:45.9917587+00:00","Properties":[]},{"TestCase":{"Id":"748ab0c8-b263-b8a5-7ac5-9fda4034dac6","FullyQualifiedName":"Sparky.ProductXUnitTests.GetProductPriceMOQAbuse_PlatinumCustomer_ReturnPriceWith20Discount","DisplayName":"Sparky.ProductXUnitTests.GetProductPriceMOQAbuse_PlatinumCustomer_ReturnPriceWith20Discount","ExecutorUri":"executor://xunit/VsTestRunner2/netcoreapp","Source":"D:\\Workspace\\Projects\\Sparky_UnitTesting\\SparkyXUnitTests\\bin\\Debug\\net6.0\\fine-code-coverage\\build-output\\SparkyXUnitTests.dll","CodeFilePath":null,"LineNumber":0,"Properties":[]},"Attachments":[],"Outcome":1,"ErrorMessage":null,"ErrorStackTrace":null,"DisplayName":"Sparky.ProductXUnitTests.GetProductPriceMOQAbuse_PlatinumCustomer_ReturnPriceWith20Discount","Messages":[],"ComputerName":"SHREYAN","Duration":"00:00:00.2981834","StartTime":"2022-08-08T16:00:46.0344853+00:00","EndTime":"2022-08-08T16:00:46.0344856+00:00","Properties":[]},{"TestCase":{"Id":"a0add5eb-6e16-b42b-36d4-898f87f2e559","FullyQualifiedName":"Sparky.ProductXUnitTests.GetProductPrice_PlatinumCustomer_ReturnPriceWith20Discount","DisplayName":"Sparky.ProductXUnitTests.GetProductPrice_PlatinumCustomer_ReturnPriceWith20Discount","ExecutorUri":"executor://xunit/VsTestRunner2/netcoreapp","Source":"D:\\Workspace\\Projects\\Sparky_UnitTesting\\SparkyXUnitTests\\bin\\Debug\\net6.0\\fine-code-coverage\\build-output\\SparkyXUnitTests.dll","CodeFilePath":null,"LineNumber":0,"Properties":[]},"Attachments":[],"Outcome":1,"ErrorMessage":null,"ErrorStackTrace":null,"DisplayName":"Sparky.ProductXUnitTests.GetProductPrice_PlatinumCustomer_ReturnPriceWith20Discount","Messages":[],"ComputerName":"SHREYAN","Duration":"00:00:00.0007644","StartTime":"2022-08-08T16:00:46.0394433+00:00","EndTime":"2022-08-08T16:00:46.0394436+00:00","Properties":[]},{"TestCase":{"Id":"ec993304-1c36-15bc-1d68-39cbb19145e0","FullyQualifiedName":"Sparky.BankAccountXUnitTests.BankLogDummy_VerifyExample","DisplayName":"Sparky.BankAccountXUnitTests.BankLogDummy_VerifyExample","ExecutorUri":"executor://xunit/VsTestRunner2/netcoreapp","Source":"D:\\Workspace\\Projects\\Sparky_UnitTesting\\SparkyXUnitTests\\bin\\Debug\\net6.0\\fine-code-coverage\\build-output\\SparkyXUnitTests.dll","CodeFilePath":null,"LineNumber":0,"Properties":[]},"Attachments":[],"Outcome":1,"ErrorMessage":null,"ErrorStackTrace":null,"DisplayName":"Sparky.BankAccountXUnitTests.BankLogDummy_VerifyExample","Messages":[],"ComputerName":"SHREYAN","Duration":"00:00:00.3089662","StartTime":"2022-08-08T16:00:46.0896319+00:00","EndTime":"2022-08-08T16:00:46.0896322+00:00","Properties":[]},{"TestCase":{"Id":"9ff2665d-db2a-b176-7dc7-87f35592c9b9","FullyQualifiedName":"Sparky.BankAccountXUnitTests.BankWithdraw_Withdraw100With200Balance_ReturnTrue","DisplayName":"Sparky.BankAccountXUnitTests.BankWithdraw_Withdraw100With200Balance_ReturnTrue(balance: 200, withdraw: 100)","ExecutorUri":"executor://xunit/VsTestRunner2/netcoreapp","Source":"D:\\Workspace\\Projects\\Sparky_UnitTesting\\SparkyXUnitTests\\bin\\Debug\\net6.0\\fine-code-coverage\\build-output\\SparkyXUnitTests.dll","CodeFilePath":null,"LineNumber":0,"Properties":[]},"Attachments":[],"Outcome":1,"ErrorMessage":null,"ErrorStackTrace":null,"DisplayName":"Sparky.BankAccountXUnitTests.BankWithdraw_Withdraw100With200Balance_ReturnTrue(balance: 200, withdraw: 100)","Messages":[],"ComputerName":"SHREYAN","Duration":"00:00:00.0094857","StartTime":"2022-08-08T16:00:46.0992459+00:00","EndTime":"2022-08-08T16:00:46.0992462+00:00","Properties":[]},{"TestCase":{"Id":"d1303d6a-80d2-5899-2741-5c272589875c","FullyQualifiedName":"Sparky.BankAccountXUnitTests.BankWithdraw_Withdraw100With200Balance_ReturnTrue","DisplayName":"Sparky.BankAccountXUnitTests.BankWithdraw_Withdraw100With200Balance_ReturnTrue(balance: 200, withdraw: 150)","ExecutorUri":"executor://xunit/VsTestRunner2/netcoreapp","Source":"D:\\Workspace\\Projects\\Sparky_UnitTesting\\SparkyXUnitTests\\bin\\Debug\\net6.0\\fine-code-coverage\\build-output\\SparkyXUnitTests.dll","CodeFilePath":null,"LineNumber":0,"Properties":[]},"Attachments":[],"Outcome":1,"ErrorMessage":null,"ErrorStackTrace":null,"DisplayName":"Sparky.BankAccountXUnitTests.BankWithdraw_Withdraw100With200Balance_ReturnTrue(balance: 200, withdraw: 150)","Messages":[],"ComputerName":"SHREYAN","Duration":"00:00:00.0010043","StartTime":"2022-08-08T16:00:46.1030424+00:00","EndTime":"2022-08-08T16:00:46.1030426+00:00","Properties":[]},{"TestCase":{"Id":"0319e5bc-8f2e-b0be-2e89-9bc7ca2612cb","FullyQualifiedName":"Sparky.BankAccountXUnitTests.BankLogDummy_LogRefChecker_ReturnTrue","DisplayName":"Sparky.BankAccountXUnitTests.BankLogDummy_LogRefChecker_ReturnTrue","ExecutorUri":"executor://xunit/VsTestRunner2/netcoreapp","Source":"D:\\Workspace\\Projects\\Sparky_UnitTesting\\SparkyXUnitTests\\bin\\Debug\\net6.0\\fine-code-coverage\\build-output\\SparkyXUnitTests.dll","CodeFilePath":null,"LineNumber":0,"Properties":[]},"Attachments":[],"Outcome":1,"ErrorMessage":null,"ErrorStackTrace":null,"DisplayName":"Sparky.BankAccountXUnitTests.BankLogDummy_LogRefChecker_ReturnTrue","Messages":[],"ComputerName":"SHREYAN","Duration":"00:00:00.0068537","StartTime":"2022-08-08T16:00:46.1072979+00:00","EndTime":"2022-08-08T16:00:46.1072983+00:00","Properties":[]}],"TestRunStatistics":{"ExecutedTests":33,"Stats":{"Passed":33}},"ActiveTests":[{"Id":"b1df086d-9241-6939-3ba2-f45178cee67f","FullyQualifiedName":"Sparky.BankAccountXUnitTests.BankWithdraw_WithdrawMoreThanBalanceWith200Balance_ReturnTrue","DisplayName":"Sparky.BankAccountXUnitTests.BankWithdraw_WithdrawMoreThanBalanceWith200Balance_ReturnTrue(balance: 200, withdraw: 400)","ExecutorUri":"executor://xunit/VsTestRunner2/netcoreapp","Source":"D:\\Workspace\\Projects\\Sparky_UnitTesting\\SparkyXUnitTests\\bin\\Debug\\net6.0\\fine-code-coverage\\build-output\\SparkyXUnitTests.dll","CodeFilePath":null,"LineNumber":0,"Properties":[]}]}}
TpTrace Verbose: 0 : 2104, 11, 2022/08/08, 21:30:46.113, 16807710270850, vstest.console.dll, TestRunRequest:SendTestRunStatsChange: Starting.
TpTrace Verbose: 0 : 2104, 11, 2022/08/08, 21:30:46.114, 16807710272279, vstest.console.dll, InProgress is Sparky.BankAccountXUnitTests.BankWithdraw_WithdrawMoreThanBalanceWith200Balance_ReturnTrue(balance: 200, withdraw: 400)
TpTrace Verbose: 0 : 2104, 11, 2022/08/08, 21:30:46.114, 16807710273885, vstest.console.dll, MulticastDelegateUtilities.SafeInvoke: TestRun.RunStatsChanged: Invoking callbacks was skipped because there are no subscribers.
TpTrace Verbose: 0 : 2104, 4, 2022/08/08, 21:30:46.114, 16807710274242, vstest.console.dll, MulticastDelegateUtilities.SafeInvoke: InternalTestLoggerEvents.SendTestResult: Invoking callback 1/1 for Microsoft.VisualStudio.TestPlatform.CommandLine.Internal.ConsoleLogger.TestResultHandler, took 0 ms.
TpTrace Information: 0 : 2104, 11, 2022/08/08, 21:30:46.114, 16807710274732, vstest.console.dll, TestRunRequest:SendTestRunStatsChange: Completed.
TpTrace Verbose: 0 : 2104, 11, 2022/08/08, 21:30:46.114, 16807710278095, vstest.console.dll, MulticastDelegateUtilities.SafeInvoke: LengthPrefixCommunicationChannel: MessageReceived: Invoking callback 1/1 for Microsoft.VisualStudio.TestPlatform.CommunicationUtilities.TestRequestSender+<>c__DisplayClass30_0.<StartTestRun>b__1, took 3 ms.
TpTrace Verbose: 0 : 2104, 4, 2022/08/08, 21:30:46.114, 16807710278095, vstest.console.dll, MulticastDelegateUtilities.SafeInvoke: InternalTestLoggerEvents.SendTestResult: Invoking callback 1/1 for Microsoft.VisualStudio.TestPlatform.CommandLine.Internal.ConsoleLogger.TestResultHandler, took 0 ms.
TpTrace Verbose: 0 : 2104, 11, 2022/08/08, 21:30:46.114, 16807710278931, vstest.console.dll, TcpClientExtensions.MessageLoopAsync: Polling on remoteEndPoint: 127.0.0.1:57574 localEndPoint: 127.0.0.1:57572
TpTrace Verbose: 0 : 2104, 4, 2022/08/08, 21:30:46.114, 16807710279919, vstest.console.dll, MulticastDelegateUtilities.SafeInvoke: InternalTestLoggerEvents.SendTestResult: Invoking callback 1/1 for Microsoft.VisualStudio.TestPlatform.CommandLine.Internal.ConsoleLogger.TestResultHandler, took 0 ms.
TpTrace Verbose: 0 : 2104, 4, 2022/08/08, 21:30:46.114, 16807710281147, vstest.console.dll, MulticastDelegateUtilities.SafeInvoke: InternalTestLoggerEvents.SendTestResult: Invoking callback 1/1 for Microsoft.VisualStudio.TestPlatform.CommandLine.Internal.ConsoleLogger.TestResultHandler, took 0 ms.
TpTrace Verbose: 0 : 2104, 4, 2022/08/08, 21:30:46.115, 16807710281973, vstest.console.dll, MulticastDelegateUtilities.SafeInvoke: InternalTestLoggerEvents.SendTestResult: Invoking callback 1/1 for Microsoft.VisualStudio.TestPlatform.CommandLine.Internal.ConsoleLogger.TestResultHandler, took 0 ms.
TpTrace Verbose: 0 : 2104, 4, 2022/08/08, 21:30:46.115, 16807710283007, vstest.console.dll, MulticastDelegateUtilities.SafeInvoke: InternalTestLoggerEvents.SendTestResult: Invoking callback 1/1 for Microsoft.VisualStudio.TestPlatform.CommandLine.Internal.ConsoleLogger.TestResultHandler, took 0 ms.
TpTrace Verbose: 0 : 2104, 4, 2022/08/08, 21:30:46.115, 16807710283836, vstest.console.dll, MulticastDelegateUtilities.SafeInvoke: InternalTestLoggerEvents.SendTestResult: Invoking callback 1/1 for Microsoft.VisualStudio.TestPlatform.CommandLine.Internal.ConsoleLogger.TestResultHandler, took 0 ms.
TpTrace Verbose: 0 : 2104, 4, 2022/08/08, 21:30:46.115, 16807710284675, vstest.console.dll, MulticastDelegateUtilities.SafeInvoke: InternalTestLoggerEvents.SendTestResult: Invoking callback 1/1 for Microsoft.VisualStudio.TestPlatform.CommandLine.Internal.ConsoleLogger.TestResultHandler, took 0 ms.
TpTrace Verbose: 0 : 2104, 4, 2022/08/08, 21:30:46.115, 16807710285626, vstest.console.dll, MulticastDelegateUtilities.SafeInvoke: InternalTestLoggerEvents.SendTestResult: Invoking callback 1/1 for Microsoft.VisualStudio.TestPlatform.CommandLine.Internal.ConsoleLogger.TestResultHandler, took 0 ms.
TpTrace Verbose: 0 : 2104, 11, 2022/08/08, 21:30:46.144, 16807710575049, vstest.console.dll, TcpClientExtensions.MessageLoopAsync: NotifyDataAvailable remoteEndPoint: 127.0.0.1:57574 localEndPoint: 127.0.0.1:57572
TpTrace Verbose: 0 : 2104, 11, 2022/08/08, 21:30:46.144, 16807710576683, vstest.console.dll, TestRequestSender.OnExecutionMessageReceived: Received message: {"Version":6,"MessageType":"TestSession.Message","Payload":{"MessageLevel":0,"Message":"[xUnit.net 00:00:01.43]   Finished:    SparkyXUnitTests"}}
TpTrace Verbose: 0 : 2104, 11, 2022/08/08, 21:30:46.144, 16807710579555, vstest.console.dll, TestRunRequest:SendTestRunMessage: Starting.
TpTrace Verbose: 0 : 2104, 11, 2022/08/08, 21:30:46.144, 16807710580811, vstest.console.dll, MulticastDelegateUtilities.SafeInvoke: TestRun.LogMessages: Invoking callback 1/1 for Microsoft.VisualStudio.TestPlatform.CommandLine.TestRunResultAggregator.TestRunMessageHandler, took 0 ms.
TpTrace Information: 0 : 2104, 11, 2022/08/08, 21:30:46.145, 16807710581608, vstest.console.dll, TestRunRequest:SendTestRunMessage: Completed.
TpTrace Verbose: 0 : 2104, 11, 2022/08/08, 21:30:46.145, 16807710582352, vstest.console.dll, MulticastDelegateUtilities.SafeInvoke: LengthPrefixCommunicationChannel: MessageReceived: Invoking callback 1/1 for Microsoft.VisualStudio.TestPlatform.CommunicationUtilities.TestRequestSender+<>c__DisplayClass30_0.<StartTestRun>b__1, took 0 ms.
TpTrace Verbose: 0 : 2104, 11, 2022/08/08, 21:30:46.145, 16807710583112, vstest.console.dll, TcpClientExtensions.MessageLoopAsync: Polling on remoteEndPoint: 127.0.0.1:57574 localEndPoint: 127.0.0.1:57572
TpTrace Verbose: 0 : 2104, 4, 2022/08/08, 21:30:46.144, 16807710580914, vstest.console.dll, MulticastDelegateUtilities.SafeInvoke: InternalTestLoggerEvents.SendTestRunMessage: Invoking callback 1/1 for Microsoft.VisualStudio.TestPlatform.CommandLine.Internal.ConsoleLogger.TestMessageHandler, took 0 ms.
TpTrace Verbose: 0 : 2104, 11, 2022/08/08, 21:30:46.180, 16807710934966, vstest.console.dll, TcpClientExtensions.MessageLoopAsync: NotifyDataAvailable remoteEndPoint: 127.0.0.1:57574 localEndPoint: 127.0.0.1:57572
TpTrace Verbose: 0 : 2104, 11, 2022/08/08, 21:30:46.180, 16807710938742, vstest.console.dll, TestRequestSender.OnExecutionMessageReceived: Received message: {"Version":6,"MessageType":"TestExecution.Completed","Payload":{"TestRunCompleteArgs":{"TestRunStatistics":{"ExecutedTests":39,"Stats":{"Passed":39}},"IsCanceled":false,"IsAborted":false,"Error":null,"AttachmentSets":[],"InvokedDataCollectors":[],"ElapsedTimeInRunningTests":"00:00:01.4518969","Metrics":{},"DiscoveredExtensions":{"TestDiscoverers":["Xunit.Runner.VisualStudio.VsTestRunner, xunit.runner.visualstudio.dotnetcore.testadapter, Version=2.4.0.0, Culture=neutral, PublicKeyToken=8d05b1bb7a6fdb6c"],"TestExecutors":["executor://xunit/VsTestRunner2/netcoreapp"],"TestExecutors2":[],"TestSettingsProviders":[]}},"LastRunTests":{"NewTestResults":[{"TestCase":{"Id":"b1df086d-9241-6939-3ba2-f45178cee67f","FullyQualifiedName":"Sparky.BankAccountXUnitTests.BankWithdraw_WithdrawMoreThanBalanceWith200Balance_ReturnTrue","DisplayName":"Sparky.BankAccountXUnitTests.BankWithdraw_WithdrawMoreThanBalanceWith200Balance_ReturnTrue(balance: 200, withdraw: 400)","ExecutorUri":"executor://xunit/VsTestRunner2/netcoreapp","Source":"D:\\Workspace\\Projects\\Sparky_UnitTesting\\SparkyXUnitTests\\bin\\Debug\\net6.0\\fine-code-coverage\\build-output\\SparkyXUnitTests.dll","CodeFilePath":null,"LineNumber":0,"Properties":[]},"Attachments":[],"Outcome":1,"ErrorMessage":null,"ErrorStackTrace":null,"DisplayName":"Sparky.BankAccountXUnitTests.BankWithdraw_WithdrawMoreThanBalanceWith200Balance_ReturnTrue(balance: 200, withdraw: 400)","Messages":[],"ComputerName":"SHREYAN","Duration":"00:00:00.0107642","StartTime":"2022-08-08T16:00:46.1181819+00:00","EndTime":"2022-08-08T16:00:46.1181822+00:00","Properties":[]},{"TestCase":{"Id":"dbd0341e-7071-7ef0-dcf8-d9fa1ec91959","FullyQualifiedName":"Sparky.BankAccountXUnitTests.BankWithdraw_WithdrawMoreThanBalanceWith200Balance_ReturnTrue","DisplayName":"Sparky.BankAccountXUnitTests.BankWithdraw_WithdrawMoreThanBalanceWith200Balance_ReturnTrue(balance: 200, withdraw: 300)","ExecutorUri":"executor://xunit/VsTestRunner2/netcoreapp","Source":"D:\\Workspace\\Projects\\Sparky_UnitTesting\\SparkyXUnitTests\\bin\\Debug\\net6.0\\fine-code-coverage\\build-output\\SparkyXUnitTests.dll","CodeFilePath":null,"LineNumber":0,"Properties":[]},"Attachments":[],"Outcome":1,"ErrorMessage":null,"ErrorStackTrace":null,"DisplayName":"Sparky.BankAccountXUnitTests.BankWithdraw_WithdrawMoreThanBalanceWith200Balance_ReturnTrue(balance: 200, withdraw: 300)","Messages":[],"ComputerName":"SHREYAN","Duration":"00:00:00.0023777","StartTime":"2022-08-08T16:00:46.1212867+00:00","EndTime":"2022-08-08T16:00:46.1212868+00:00","Properties":[]},{"TestCase":{"Id":"85a3405f-60c9-f66e-55d6-a3bb25ae6717","FullyQualifiedName":"Sparky.BankAccountXUnitTests.BankLogDummy_LogMockString_ReturnTrue","DisplayName":"Sparky.BankAccountXUnitTests.BankLogDummy_LogMockString_ReturnTrue","ExecutorUri":"executor://xunit/VsTestRunner2/netcoreapp","Source":"D:\\Workspace\\Projects\\Sparky_UnitTesting\\SparkyXUnitTests\\bin\\Debug\\net6.0\\fine-code-coverage\\build-output\\SparkyXUnitTests.dll","CodeFilePath":null,"LineNumber":0,"Properties":[]},"Attachments":[],"Outcome":1,"ErrorMessage":null,"ErrorStackTrace":null,"DisplayName":"Sparky.BankAccountXUnitTests.BankLogDummy_LogMockString_ReturnTrue","Messages":[],"ComputerName":"SHREYAN","Duration":"00:00:00.0072511","StartTime":"2022-08-08T16:00:46.1280151+00:00","EndTime":"2022-08-08T16:00:46.1280171+00:00","Properties":[]},{"TestCase":{"Id":"dfee2a84-1a6b-9e80-f13e-51fd7988dc46","FullyQualifiedName":"Sparky.BankAccountXUnitTests.Deposit_Add100_ReturnTrue","DisplayName":"Sparky.BankAccountXUnitTests.Deposit_Add100_ReturnTrue","ExecutorUri":"executor://xunit/VsTestRunner2/netcoreapp","Source":"D:\\Workspace\\Projects\\Sparky_UnitTesting\\SparkyXUnitTests\\bin\\Debug\\net6.0\\fine-code-coverage\\build-output\\SparkyXUnitTests.dll","CodeFilePath":null,"LineNumber":0,"Properties":[]},"Attachments":[],"Outcome":1,"ErrorMessage":null,"ErrorStackTrace":null,"DisplayName":"Sparky.BankAccountXUnitTests.Deposit_Add100_ReturnTrue","Messages":[],"ComputerName":"SHREYAN","Duration":"00:00:00.0015467","StartTime":"2022-08-08T16:00:46.1310252+00:00","EndTime":"2022-08-08T16:00:46.1310253+00:00","Properties":[]},{"TestCase":{"Id":"5bcb8c6b-f8fa-51fa-56a2-2f8e407e9dc5","FullyQualifiedName":"Sparky.BankAccountXUnitTests.BankLogDummy_SetAndCheckSeverityAndLogTypeMock_MockTest","DisplayName":"Sparky.BankAccountXUnitTests.BankLogDummy_SetAndCheckSeverityAndLogTypeMock_MockTest","ExecutorUri":"executor://xunit/VsTestRunner2/netcoreapp","Source":"D:\\Workspace\\Projects\\Sparky_UnitTesting\\SparkyXUnitTests\\bin\\Debug\\net6.0\\fine-code-coverage\\build-output\\SparkyXUnitTests.dll","CodeFilePath":null,"LineNumber":0,"Properties":[]},"Attachments":[],"Outcome":1,"ErrorMessage":null,"ErrorStackTrace":null,"DisplayName":"Sparky.BankAccountXUnitTests.BankLogDummy_SetAndCheckSeverityAndLogTypeMock_MockTest","Messages":[],"ComputerName":"SHREYAN","Duration":"00:00:00.0073260","StartTime":"2022-08-08T16:00:46.1371616+00:00","EndTime":"2022-08-08T16:00:46.1371628+00:00","Properties":[]},{"TestCase":{"Id":"b7baa360-3bfc-3c10-c46d-c8973e4fed22","FullyQualifiedName":"Sparky.BankAccountXUnitTests.BankLogDummy_LogMockStringOutputStr_ReturnTrue","DisplayName":"Sparky.BankAccountXUnitTests.BankLogDummy_LogMockStringOutputStr_ReturnTrue","ExecutorUri":"executor://xunit/VsTestRunner2/netcoreapp","Source":"D:\\Workspace\\Projects\\Sparky_UnitTesting\\SparkyXUnitTests\\bin\\Debug\\net6.0\\fine-code-coverage\\build-output\\SparkyXUnitTests.dll","CodeFilePath":null,"LineNumber":0,"Properties":[]},"Attachments":[],"Outcome":1,"ErrorMessage":null,"ErrorStackTrace":null,"DisplayName":"Sparky.BankAccountXUnitTests.BankLogDummy_LogMockStringOutputStr_ReturnTrue","Messages":[],"ComputerName":"SHREYAN","Duration":"00:00:00.0023834","StartTime":"2022-08-08T16:00:46.1412622+00:00","EndTime":"2022-08-08T16:00:46.1412624+00:00","Properties":[]}],"TestRunStatistics":{"ExecutedTests":39,"Stats":{"Passed":39}},"ActiveTests":[]},"RunAttachments":[],"ExecutorUris":["executor://xunit/VsTestRunner2/netcoreapp"]}}
TpTrace Verbose: 0 : 2104, 11, 2022/08/08, 21:30:46.181, 16807710944613, vstest.console.dll, TestRequestSender.EndSession: Sending end session.
TpTrace Verbose: 0 : 2104, 11, 2022/08/08, 21:30:46.181, 16807710948474, vstest.console.dll, ProxyOperationManager.Close: waiting for test host to exit for 100 ms
TpTrace Warning: 0 : 2104, 7, 2022/08/08, 21:30:46.261, 16807711749303, vstest.console.dll, TestHostManagerCallbacks.ErrorReceivedCallback Test host standard error line: 
TpTrace Verbose: 0 : 2104, 7, 2022/08/08, 21:30:46.281, 16807711946354, vstest.console.dll, TestHostProvider.ExitCallBack: Host exited starting callback.
TpTrace Warning: 0 : 2104, 11, 2022/08/08, 21:30:46.282, 16807711955426, vstest.console.dll, ProxyOperationManager: Timed out waiting for test host to exit. Will terminate process.
TpTrace Information: 0 : 2104, 11, 2022/08/08, 21:30:46.282, 16807711957329, vstest.console.dll, SocketServer.Stop: Stop server endPoint: 127.0.0.1:57572
TpTrace Information: 0 : 2104, 11, 2022/08/08, 21:30:46.282, 16807711958117, vstest.console.dll, SocketServer.Stop: Cancellation requested. Stopping message loop.
TpTrace Information: 0 : 2104, 7, 2022/08/08, 21:30:46.282, 16807711960455, vstest.console.dll, TestHostManagerCallbacks.ExitCallBack: Testhost processId: 19772 exited with exitcode: 0 error: ''
TpTrace Information: 0 : 2104, 11, 2022/08/08, 21:30:46.282, 16807711960451, vstest.console.dll, Closing the connection
TpTrace Verbose: 0 : 2104, 7, 2022/08/08, 21:30:46.283, 16807711961497, vstest.console.dll, DotnetTestHostManager.OnHostExited: invoking OnHostExited callback
TpTrace Verbose: 0 : 2104, 7, 2022/08/08, 21:30:46.283, 16807711963242, vstest.console.dll, CrossPlatEngine.TestHostManagerHostExited: calling on client process exit callback.
TpTrace Information: 0 : 2104, 7, 2022/08/08, 21:30:46.283, 16807711964412, vstest.console.dll, TestRequestSender.OnClientProcessExit: Test host process exited. Standard error: 
TpTrace Information: 0 : 2104, 7, 2022/08/08, 21:30:46.283, 16807711965296, vstest.console.dll, SocketServer.Stop: Stop server endPoint: 127.0.0.1:57572
TpTrace Information: 0 : 2104, 7, 2022/08/08, 21:30:46.283, 16807711965910, vstest.console.dll, SocketServer.Stop: Cancellation requested. Stopping message loop.
TpTrace Verbose: 0 : 2104, 7, 2022/08/08, 21:30:46.283, 16807711966688, vstest.console.dll, MulticastDelegateUtilities.SafeInvoke: HostProviderEvents.OnHostExited: Invoking callback 1/1 for Microsoft.VisualStudio.TestPlatform.CrossPlatEngine.Client.ProxyOperationManager.TestHostManagerHostExited, took 0 ms.
TpTrace Verbose: 0 : 2104, 11, 2022/08/08, 21:30:46.283, 16807711969605, vstest.console.dll, ProxyDataCollectionManager.InvokeDataCollectionServiceAction: Starting.
TpTrace Information: 0 : 2104, 11, 2022/08/08, 21:30:46.283, 16807711970750, vstest.console.dll, ProxyDataCollectionManager.AfterTestRunEnd: Get attachment set and invoked data collectors processId: 17296 port: 57569
TpTrace Verbose: 0 : 2104, 11, 2022/08/08, 21:30:46.284, 16807711971687, vstest.console.dll, DataCollectionRequestSender.SendAfterTestRunStartAndGetResult: Send AfterTestRunEnd message with isCancelled: False
TpTrace Verbose: 0 : 2104, 11, 2022/08/08, 21:30:46.296, 16807712093848, vstest.console.dll, DataCollectionRequestSender.SendAfterTestRunStartAndGetResult: Received message: (DataCollection.AfterTestRunEndResult) -> {
  "AttachmentSets": [],
  "InvokedDataCollectors": [
    {
      "Uri": "datacollector://Microsoft/TestPlatform/Extensions/Blame/v1",
      "FriendlyName": "Blame",
      "AssemblyQualifiedName": "Microsoft.TestPlatform.Extensions.BlameDataCollector.BlameCollector, Microsoft.TestPlatform.Extensions.BlameDataCollector, Version=15.0.0.0, Culture=neutral, PublicKeyToken=b03f5f7f11d50a3a",
      "FilePath": "C:\\Program Files\\dotnet\\sdk\\6.0.302\\Extensions\\Microsoft.TestPlatform.Extensions.BlameDataCollector.dll",
      "HasAttachmentProcessor": false
    }
  ],
  "Metrics": {}
}
TpTrace Warning: 0 : 2104, 10, 2022/08/08, 21:30:46.302, 16807712154822, vstest.console.dll, DataCollectionLauncher.ErrorReceivedCallback datacollector standard error line: 
TpTrace Information: 0 : 2104, 11, 2022/08/08, 21:30:46.307, 16807712201948, vstest.console.dll, ProxyDataCollectionManager.InvokeDataCollectionServiceAction: Completed.
TpTrace Information: 0 : 2104, 10, 2022/08/08, 21:30:46.312, 16807712252036, vstest.console.dll, DataCollectionLauncher.ExitCallBack: Data collector exited with exitcode: 0 error: ''
TpTrace Verbose: 0 : 2104, 11, 2022/08/08, 21:30:46.349, 16807712621673, vstest.console.dll, TestRunRequest:SendTestRunStatsChange: Starting.
TpTrace Verbose: 0 : 2104, 11, 2022/08/08, 21:30:46.349, 16807712623243, vstest.console.dll, MulticastDelegateUtilities.SafeInvoke: TestRun.RunStatsChanged: Invoking callbacks was skipped because there are no subscribers.
TpTrace Information: 0 : 2104, 11, 2022/08/08, 21:30:46.349, 16807712623737, vstest.console.dll, TestRunRequest:SendTestRunStatsChange: Completed.
TpTrace Verbose: 0 : 2104, 4, 2022/08/08, 21:30:46.349, 16807712623951, vstest.console.dll, MulticastDelegateUtilities.SafeInvoke: InternalTestLoggerEvents.SendTestResult: Invoking callback 1/1 for Microsoft.VisualStudio.TestPlatform.CommandLine.Internal.ConsoleLogger.TestResultHandler, took 0 ms.
TpTrace Verbose: 0 : 2104, 4, 2022/08/08, 21:30:46.349, 16807712625303, vstest.console.dll, MulticastDelegateUtilities.SafeInvoke: InternalTestLoggerEvents.SendTestResult: Invoking callback 1/1 for Microsoft.VisualStudio.TestPlatform.CommandLine.Internal.ConsoleLogger.TestResultHandler, took 0 ms.
TpTrace Verbose: 0 : 2104, 4, 2022/08/08, 21:30:46.349, 16807712625959, vstest.console.dll, MulticastDelegateUtilities.SafeInvoke: InternalTestLoggerEvents.SendTestResult: Invoking callback 1/1 for Microsoft.VisualStudio.TestPlatform.CommandLine.Internal.ConsoleLogger.TestResultHandler, took 0 ms.
TpTrace Verbose: 0 : 2104, 4, 2022/08/08, 21:30:46.349, 16807712626488, vstest.console.dll, MulticastDelegateUtilities.SafeInvoke: InternalTestLoggerEvents.SendTestResult: Invoking callback 1/1 for Microsoft.VisualStudio.TestPlatform.CommandLine.Internal.ConsoleLogger.TestResultHandler, took 0 ms.
TpTrace Verbose: 0 : 2104, 4, 2022/08/08, 21:30:46.349, 16807712627123, vstest.console.dll, MulticastDelegateUtilities.SafeInvoke: InternalTestLoggerEvents.SendTestResult: Invoking callback 1/1 for Microsoft.VisualStudio.TestPlatform.CommandLine.Internal.ConsoleLogger.TestResultHandler, took 0 ms.
TpTrace Verbose: 0 : 2104, 11, 2022/08/08, 21:30:46.349, 16807712627194, vstest.console.dll, ParallelProxyExecutionManager: HandlePartialRunComplete: Total completed clients = 1, Run complete = True, Run canceled: False.
TpTrace Verbose: 0 : 2104, 4, 2022/08/08, 21:30:46.349, 16807712627680, vstest.console.dll, MulticastDelegateUtilities.SafeInvoke: InternalTestLoggerEvents.SendTestResult: Invoking callback 1/1 for Microsoft.VisualStudio.TestPlatform.CommandLine.Internal.ConsoleLogger.TestResultHandler, took 0 ms.
TpTrace Verbose: 0 : 2104, 4, 2022/08/08, 21:30:46.359, 16807712730819, vstest.console.dll, MulticastDelegateUtilities.SafeInvoke: InternalTestLoggerEvents.SendTestRunComplete: Invoking callback 1/2 for Microsoft.TestPlatform.Extensions.BlameDataCollector.BlameLogger.TestRunCompleteHandler, took 0 ms.
TpTrace Verbose: 0 : 2104, 4, 2022/08/08, 21:30:46.368, 16807712816933, vstest.console.dll, MulticastDelegateUtilities.SafeInvoke: InternalTestLoggerEvents.SendTestRunComplete: Invoking callback 2/2 for Microsoft.VisualStudio.TestPlatform.CommandLine.Internal.ConsoleLogger.TestRunCompleteHandler, took 8 ms.
TpTrace Verbose: 0 : 2104, 11, 2022/08/08, 21:30:46.369, 16807712821539, vstest.console.dll, TestRunRequest:TestRunComplete: Starting. IsAborted:False IsCanceled:False.
TpTrace Verbose: 0 : 2104, 11, 2022/08/08, 21:30:46.370, 16807712832839, vstest.console.dll, TestLoggerManager.HandleTestRunComplete: Ignoring as the object is disposed.
TpTrace Verbose: 0 : 2104, 11, 2022/08/08, 21:30:46.370, 16807712836030, vstest.console.dll, MulticastDelegateUtilities.SafeInvoke: TestRun.TestRunComplete: Invoking callback 1/2 for Microsoft.VisualStudio.TestPlatform.CommandLine.TestRunResultAggregator.TestRunCompletionHandler, took 0 ms.
TpTrace Verbose: 0 : 2104, 11, 2022/08/08, 21:30:46.370, 16807712836930, vstest.console.dll, MulticastDelegateUtilities.SafeInvoke: TestRun.TestRunComplete: Invoking callback 2/2 for Microsoft.VisualStudio.TestPlatform.CommandLine.Processors.RunTestsArgumentExecutor+TestRunRequestEventsRegistrar.TestRunRequest_OnRunCompletion, took 0 ms.
TpTrace Information: 0 : 2104, 11, 2022/08/08, 21:30:46.370, 16807712838082, vstest.console.dll, TestRunRequest:TestRunComplete: Completed.
TpTrace Verbose: 0 : 2104, 11, 2022/08/08, 21:30:46.370, 16807712838589, vstest.console.dll, TestRequestSender.SetOperationComplete: Setting operation complete.
TpTrace Verbose: 0 : 2104, 1, 2022/08/08, 21:30:46.370, 16807712838850, vstest.console.dll, TestRunRequest.Dispose: Starting.
TpTrace Information: 0 : 2104, 11, 2022/08/08, 21:30:46.370, 16807712839043, vstest.console.dll, SocketServer.Stop: Stop server endPoint: 127.0.0.1:57572
TpTrace Information: 0 : 2104, 1, 2022/08/08, 21:30:46.370, 16807712840175, vstest.console.dll, TestRunRequest.Dispose: Completed.
TpTrace Information: 0 : 2104, 11, 2022/08/08, 21:30:46.370, 16807712840514, vstest.console.dll, SocketServer.Stop: Cancellation requested. Stopping message loop.
TpTrace Information: 0 : 2104, 1, 2022/08/08, 21:30:46.371, 16807712841532, vstest.console.dll, TestRequestManager.RunTests: run tests completed.
TpTrace Verbose: 0 : 2104, 11, 2022/08/08, 21:30:46.371, 16807712841923, vstest.console.dll, MulticastDelegateUtilities.SafeInvoke: LengthPrefixCommunicationChannel: MessageReceived: Invoking callback 1/1 for Microsoft.VisualStudio.TestPlatform.CommunicationUtilities.TestRequestSender+<>c__DisplayClass30_0.<StartTestRun>b__1, took 190 ms.
TpTrace Information: 0 : 2104, 11, 2022/08/08, 21:30:46.371, 16807712843821, vstest.console.dll, SocketServer.PrivateStop: Stopping server endPoint: 127.0.0.1:57572 error: 
TpTrace Information: 0 : 2104, 1, 2022/08/08, 21:30:46.371, 16807712844096, vstest.console.dll, RunTestsArgumentProcessor:Execute: Test run is completed.
TpTrace Verbose: 0 : 2104, 1, 2022/08/08, 21:30:46.371, 16807712847188, vstest.console.dll, Executor.Execute: Exiting with exit code of 0
TpTrace Verbose: 0 : 2104, 11, 2022/08/08, 21:30:46.371, 16807712849076, vstest.console.dll, LengthPrefixCommunicationChannel.Dispose: Dispose reader and writer.
TpTrace Information: 0 : 2104, 11, 2022/08/08, 21:30:46.371, 16807712850478, vstest.console.dll, SocketServer.Stop: Raise disconnected event endPoint: 127.0.0.1:57572 error: 
TpTrace Verbose: 0 : 2104, 11, 2022/08/08, 21:30:46.372, 16807712851585, vstest.console.dll, TestRequestSender: OnTestRunAbort: Operation is already complete. Skip error message.
TpTrace Verbose: 0 : 2104, 11, 2022/08/08, 21:30:46.372, 16807712852401, vstest.console.dll, MulticastDelegateUtilities.SafeInvoke: SocketServer: ClientDisconnected: Invoking callback 1/1 for Microsoft.VisualStudio.TestPlatform.CommunicationUtilities.TestRequestSender.<InitializeCommunication>b__23_1, took 0 ms.
TpTrace Verbose: 0 : 2104, 11, 2022/08/08, 21:30:46.372, 16807712852869, vstest.console.dll, TcpClientExtensions.MessageLoopAsync: exiting MessageLoopAsync remoteEndPoint: 127.0.0.1:57574 localEndPoint: 127.0.0.1:57572
