TpTrace Verbose: 0 : 23320, 1, 2022/08/08, 21:31:36.799, 16808217121821, vstest.console.dll, Version: 17.2.0-release-20220408-11 Current process architecture: X64
TpTrace Information: 0 : 23320, 1, 2022/08/08, 21:31:36.816, 16808217299485, vstest.console.dll, FilePatternParser: The given file D:\Workspace\Projects\Sparky_UnitTesting\Bongo.Models.Tests\bin\Debug\net6.0\fine-code-coverage\build-output\Bongo.Models.Tests.dll is a full path.
TpTrace Verbose: 0 : 23320, 1, 2022/08/08, 21:31:36.852, 16808217660409, vstest.console.dll, TestPluginCache.DiscoverTestExtensions: finding test extensions in assemblies ends with: RuntimeProvider.dll TPluginInfo: Microsoft.VisualStudio.TestPlatform.Common.ExtensionFramework.Utilities.TestRuntimePluginInformation TExtension: Microsoft.VisualStudio.TestPlatform.ObjectModel.Host.ITestRuntimeProvider
TpTrace Verbose: 0 : 23320, 1, 2022/08/08, 21:31:36.853, 16808217668654, vstest.console.dll, TestPluginCache.GetExtensionPaths: Filtered extension paths: 
TpTrace Verbose: 0 : 23320, 1, 2022/08/08, 21:31:36.854, 16808217671482, vstest.console.dll, TestPluginCache.GetExtensionPaths: Added default extension paths: C:\Program Files\dotnet\sdk\6.0.302\Extensions\DumpMinitool.exe
C:\Program Files\dotnet\sdk\6.0.302\Extensions\DumpMinitool.x86.exe
C:\Program Files\dotnet\sdk\6.0.302\Extensions\Microsoft.Diagnostics.NETCore.Client.dll
C:\Program Files\dotnet\sdk\6.0.302\Extensions\Microsoft.TestPlatform.Extensions.BlameDataCollector.dll
C:\Program Files\dotnet\sdk\6.0.302\Extensions\Microsoft.TestPlatform.Extensions.EventLogCollector.dll
C:\Program Files\dotnet\sdk\6.0.302\Extensions\Microsoft.TestPlatform.TestHostRuntimeProvider.dll
C:\Program Files\dotnet\sdk\6.0.302\Extensions\Microsoft.VisualStudio.TestPlatform.Extensions.Html.TestLogger.dll
C:\Program Files\dotnet\sdk\6.0.302\Extensions\Microsoft.VisualStudio.TestPlatform.Extensions.Trx.TestLogger.dll
TpTrace Verbose: 0 : 23320, 1, 2022/08/08, 21:31:36.854, 16808217672893, vstest.console.dll, TestPluginCache.GetExtensionPaths: Added unfilterableExtensionPaths: 
TpTrace Information: 0 : 23320, 1, 2022/08/08, 21:31:36.855, 16808217687249, vstest.console.dll, AssemblyResolver.ctor: Creating AssemblyResolver with searchDirectories C:\Program Files\dotnet\sdk\6.0.302\Extensions,C:\Program Files\dotnet\sdk\6.0.302
TpTrace Verbose: 0 : 23320, 1, 2022/08/08, 21:31:36.857, 16808217703044, vstest.console.dll, TestPluginCache.DiscoverTestExtensions: Discovering the extensions using extension path.
TpTrace Verbose: 0 : 23320, 1, 2022/08/08, 21:31:36.857, 16808217706447, vstest.console.dll, TestPluginCache.GetExtensionPaths: Filtered extension paths: 
TpTrace Verbose: 0 : 23320, 1, 2022/08/08, 21:31:36.857, 16808217707606, vstest.console.dll, TestPluginCache.GetExtensionPaths: Added default extension paths: C:\Program Files\dotnet\sdk\6.0.302\Extensions\DumpMinitool.exe
C:\Program Files\dotnet\sdk\6.0.302\Extensions\DumpMinitool.x86.exe
C:\Program Files\dotnet\sdk\6.0.302\Extensions\Microsoft.Diagnostics.NETCore.Client.dll
C:\Program Files\dotnet\sdk\6.0.302\Extensions\Microsoft.TestPlatform.Extensions.BlameDataCollector.dll
C:\Program Files\dotnet\sdk\6.0.302\Extensions\Microsoft.TestPlatform.Extensions.EventLogCollector.dll
C:\Program Files\dotnet\sdk\6.0.302\Extensions\Microsoft.TestPlatform.TestHostRuntimeProvider.dll
C:\Program Files\dotnet\sdk\6.0.302\Extensions\Microsoft.VisualStudio.TestPlatform.Extensions.Html.TestLogger.dll
C:\Program Files\dotnet\sdk\6.0.302\Extensions\Microsoft.VisualStudio.TestPlatform.Extensions.Trx.TestLogger.dll
TpTrace Verbose: 0 : 23320, 1, 2022/08/08, 21:31:36.857, 16808217708393, vstest.console.dll, TestPluginCache.GetExtensionPaths: Added unfilterableExtensionPaths: 
TpTrace Verbose: 0 : 23320, 1, 2022/08/08, 21:31:36.857, 16808217710178, vstest.console.dll, TestPluginCache.DiscoverTestExtensions: Discovering the extensions using allExtensionPaths: C:\Program Files\dotnet\sdk\6.0.302\Extensions\DumpMinitool.exe
C:\Program Files\dotnet\sdk\6.0.302\Extensions\DumpMinitool.x86.exe
C:\Program Files\dotnet\sdk\6.0.302\Extensions\Microsoft.Diagnostics.NETCore.Client.dll
C:\Program Files\dotnet\sdk\6.0.302\Extensions\Microsoft.TestPlatform.Extensions.BlameDataCollector.dll
C:\Program Files\dotnet\sdk\6.0.302\Extensions\Microsoft.TestPlatform.Extensions.EventLogCollector.dll
C:\Program Files\dotnet\sdk\6.0.302\Extensions\Microsoft.TestPlatform.TestHostRuntimeProvider.dll
C:\Program Files\dotnet\sdk\6.0.302\Extensions\Microsoft.VisualStudio.TestPlatform.Extensions.Html.TestLogger.dll
C:\Program Files\dotnet\sdk\6.0.302\Extensions\Microsoft.VisualStudio.TestPlatform.Extensions.Trx.TestLogger.dll
TpTrace Information: 0 : 23320, 1, 2022/08/08, 21:31:36.858, 16808217714673, vstest.console.dll, AssemblyResolver.AddSearchDirectories: Adding more searchDirectories C:\Program Files\dotnet\sdk\6.0.302\Extensions,C:\Program Files\dotnet\sdk\6.0.302
TpTrace Information: 0 : 23320, 1, 2022/08/08, 21:31:36.858, 16808217716307, vstest.console.dll, AssemblyResolver.AddSearchDirectories: Adding more searchDirectories C:\Program Files\dotnet\sdk\6.0.302\Extensions,C:\Program Files\dotnet\sdk\6.0.302
TpTrace Information: 0 : 23320, 1, 2022/08/08, 21:31:36.858, 16808217717293, vstest.console.dll, AssemblyResolver.AddSearchDirectories: Adding more searchDirectories C:\Program Files\dotnet\sdk\6.0.302\Extensions,C:\Program Files\dotnet\sdk\6.0.302
TpTrace Information: 0 : 23320, 1, 2022/08/08, 21:31:36.858, 16808217718213, vstest.console.dll, AssemblyResolver.AddSearchDirectories: Adding more searchDirectories C:\Program Files\dotnet\sdk\6.0.302\Extensions,C:\Program Files\dotnet\sdk\6.0.302
TpTrace Information: 0 : 23320, 1, 2022/08/08, 21:31:36.858, 16808217719083, vstest.console.dll, AssemblyResolver.AddSearchDirectories: Adding more searchDirectories C:\Program Files\dotnet\sdk\6.0.302\Extensions,C:\Program Files\dotnet\sdk\6.0.302
TpTrace Information: 0 : 23320, 1, 2022/08/08, 21:31:36.858, 16808217720127, vstest.console.dll, AssemblyResolver.AddSearchDirectories: Adding more searchDirectories C:\Program Files\dotnet\sdk\6.0.302\Extensions,C:\Program Files\dotnet\sdk\6.0.302
TpTrace Information: 0 : 23320, 1, 2022/08/08, 21:31:36.858, 16808217721138, vstest.console.dll, AssemblyResolver.AddSearchDirectories: Adding more searchDirectories C:\Program Files\dotnet\sdk\6.0.302\Extensions,C:\Program Files\dotnet\sdk\6.0.302
TpTrace Information: 0 : 23320, 1, 2022/08/08, 21:31:36.859, 16808217722032, vstest.console.dll, AssemblyResolver.AddSearchDirectories: Adding more searchDirectories C:\Program Files\dotnet\sdk\6.0.302\Extensions,C:\Program Files\dotnet\sdk\6.0.302
TpTrace Information: 0 : 23320, 1, 2022/08/08, 21:31:36.859, 16808217730720, vstest.console.dll, AssemblyResolver.OnResolve: DumpMinitool: Resolving assembly.
TpTrace Information: 0 : 23320, 1, 2022/08/08, 21:31:36.860, 16808217732726, vstest.console.dll, AssemblyResolver.OnResolve: DumpMinitool: Searching in: 'C:\Program Files\dotnet\sdk\6.0.302\Extensions'.
TpTrace Information: 0 : 23320, 1, 2022/08/08, 21:31:36.860, 16808217735171, vstest.console.dll, AssemblyResolver.OnResolve: DumpMinitool: Assembly path does not exist: 'C:\Program Files\dotnet\sdk\6.0.302\Extensions\DumpMinitool.dll', returning.
TpTrace Information: 0 : 23320, 1, 2022/08/08, 21:31:36.861, 16808217746248, vstest.console.dll, AssemblyResolver.OnResolve: DumpMinitool: Loading assembly 'C:\Program Files\dotnet\sdk\6.0.302\Extensions\DumpMinitool.exe'.
TpTrace Information: 0 : 23320, 1, 2022/08/08, 21:31:36.863, 16808217762538, vstest.console.dll, AssemblyResolver.OnResolve: Resolved assembly: DumpMinitool, from path: C:\Program Files\dotnet\sdk\6.0.302\Extensions\DumpMinitool.exe
TpTrace Verbose: 0 : 23320, 1, 2022/08/08, 21:31:36.885, 16808217982011, vstest.console.dll, MetadataReaderExtensionsHelper: Discovering extensions inside assembly 'DumpMinitool, Version=15.0.0.0, Culture=neutral, PublicKeyToken=b03f5f7f11d50a3a' file path 'C:\Program Files\dotnet\sdk\6.0.302\Extensions\DumpMinitool.exe'
TpTrace Information: 0 : 23320, 1, 2022/08/08, 21:31:36.902, 16808218153267, vstest.console.dll, AssemblyResolver.OnResolve: DumpMinitool.x86: Resolving assembly.
TpTrace Information: 0 : 23320, 1, 2022/08/08, 21:31:36.902, 16808218156213, vstest.console.dll, AssemblyResolver.OnResolve: DumpMinitool.x86: Searching in: 'C:\Program Files\dotnet\sdk\6.0.302\Extensions'.
TpTrace Information: 0 : 23320, 1, 2022/08/08, 21:31:36.902, 16808218158207, vstest.console.dll, AssemblyResolver.OnResolve: DumpMinitool.x86: Assembly path does not exist: 'C:\Program Files\dotnet\sdk\6.0.302\Extensions\DumpMinitool.x86.dll', returning.
TpTrace Information: 0 : 23320, 1, 2022/08/08, 21:31:36.904, 16808218180377, vstest.console.dll, AssemblyResolver.OnResolve: DumpMinitool.x86: Loading assembly 'C:\Program Files\dotnet\sdk\6.0.302\Extensions\DumpMinitool.x86.exe'.
TpTrace Information: 0 : 23320, 1, 2022/08/08, 21:31:36.907, 16808218204745, vstest.console.dll, AssemblyResolver.OnResolve: Resolved assembly: DumpMinitool.x86, from path: C:\Program Files\dotnet\sdk\6.0.302\Extensions\DumpMinitool.x86.exe
TpTrace Verbose: 0 : 23320, 1, 2022/08/08, 21:31:36.907, 16808218206628, vstest.console.dll, MetadataReaderExtensionsHelper: Discovering extensions inside assembly 'DumpMinitool.x86, Version=15.0.0.0, Culture=neutral, PublicKeyToken=b03f5f7f11d50a3a' file path 'C:\Program Files\dotnet\sdk\6.0.302\Extensions\DumpMinitool.x86.exe'
TpTrace Information: 0 : 23320, 1, 2022/08/08, 21:31:36.909, 16808218221452, vstest.console.dll, AssemblyResolver.OnResolve: Microsoft.Diagnostics.NETCore.Client: Resolving assembly.
TpTrace Information: 0 : 23320, 1, 2022/08/08, 21:31:36.909, 16808218222847, vstest.console.dll, AssemblyResolver.OnResolve: Microsoft.Diagnostics.NETCore.Client: Searching in: 'C:\Program Files\dotnet\sdk\6.0.302\Extensions'.
TpTrace Information: 0 : 23320, 1, 2022/08/08, 21:31:36.910, 16808218232556, vstest.console.dll, AssemblyResolver.OnResolve: Microsoft.Diagnostics.NETCore.Client: Loading assembly 'C:\Program Files\dotnet\sdk\6.0.302\Extensions\Microsoft.Diagnostics.NETCore.Client.dll'.
TpTrace Information: 0 : 23320, 1, 2022/08/08, 21:31:36.913, 16808218264110, vstest.console.dll, AssemblyResolver.OnResolve: Resolved assembly: Microsoft.Diagnostics.NETCore.Client, from path: C:\Program Files\dotnet\sdk\6.0.302\Extensions\Microsoft.Diagnostics.NETCore.Client.dll
TpTrace Verbose: 0 : 23320, 1, 2022/08/08, 21:31:36.913, 16808218265861, vstest.console.dll, MetadataReaderExtensionsHelper: Discovering extensions inside assembly 'Microsoft.Diagnostics.NETCore.Client, Version=0.2.5.801, Culture=neutral, PublicKeyToken=31bf3856ad364e35' file path 'C:\Program Files\dotnet\sdk\6.0.302\Extensions\Microsoft.Diagnostics.NETCore.Client.dll'
TpTrace Information: 0 : 23320, 1, 2022/08/08, 21:31:36.932, 16808218453534, vstest.console.dll, AssemblyResolver.OnResolve: Microsoft.Bcl.AsyncInterfaces: Resolving assembly.
TpTrace Information: 0 : 23320, 1, 2022/08/08, 21:31:36.932, 16808218455582, vstest.console.dll, AssemblyResolver.OnResolve: Microsoft.Bcl.AsyncInterfaces: Searching in: 'C:\Program Files\dotnet\sdk\6.0.302\Extensions'.
TpTrace Information: 0 : 23320, 1, 2022/08/08, 21:31:36.932, 16808218457523, vstest.console.dll, AssemblyResolver.OnResolve: Microsoft.Bcl.AsyncInterfaces: Assembly path does not exist: 'C:\Program Files\dotnet\sdk\6.0.302\Extensions\Microsoft.Bcl.AsyncInterfaces.dll', returning.
TpTrace Information: 0 : 23320, 1, 2022/08/08, 21:31:36.932, 16808218459288, vstest.console.dll, AssemblyResolver.OnResolve: Microsoft.Bcl.AsyncInterfaces: Assembly path does not exist: 'C:\Program Files\dotnet\sdk\6.0.302\Extensions\Microsoft.Bcl.AsyncInterfaces.exe', returning.
TpTrace Information: 0 : 23320, 1, 2022/08/08, 21:31:36.932, 16808218460198, vstest.console.dll, AssemblyResolver.OnResolve: Microsoft.Bcl.AsyncInterfaces: Searching in: 'C:\Program Files\dotnet\sdk\6.0.302'.
TpTrace Information: 0 : 23320, 1, 2022/08/08, 21:31:36.933, 16808218461839, vstest.console.dll, AssemblyResolver.OnResolve: Microsoft.Bcl.AsyncInterfaces: Assembly path does not exist: 'C:\Program Files\dotnet\sdk\6.0.302\Microsoft.Bcl.AsyncInterfaces.dll', returning.
TpTrace Information: 0 : 23320, 1, 2022/08/08, 21:31:36.933, 16808218463542, vstest.console.dll, AssemblyResolver.OnResolve: Microsoft.Bcl.AsyncInterfaces: Assembly path does not exist: 'C:\Program Files\dotnet\sdk\6.0.302\Microsoft.Bcl.AsyncInterfaces.exe', returning.
TpTrace Information: 0 : 23320, 1, 2022/08/08, 21:31:36.933, 16808218464477, vstest.console.dll, AssemblyResolver.OnResolve: Microsoft.Bcl.AsyncInterfaces: Failed to load assembly.
TpTrace Verbose: 0 : 23320, 1, 2022/08/08, 21:31:36.933, 16808218465534, vstest.console.dll, CurrentDomainAssemblyResolve: Resolving assembly 'Microsoft.Bcl.AsyncInterfaces'.
TpTrace Information: 0 : 23320, 1, 2022/08/08, 21:31:36.933, 16808218467190, vstest.console.dll, AssemblyResolver.OnResolve: Microsoft.Bcl.AsyncInterfaces: Resolving assembly.
TpTrace Information: 0 : 23320, 1, 2022/08/08, 21:31:36.933, 16808218468341, vstest.console.dll, AssemblyResolver.OnResolve: Microsoft.Bcl.AsyncInterfaces: Resolved from cache.
TpTrace Verbose: 0 : 23320, 1, 2022/08/08, 21:31:36.933, 16808218469307, vstest.console.dll, CurrentDomainAssemblyResolve: Resolving assembly 'Microsoft.Bcl.AsyncInterfaces'.
TpTrace Verbose: 0 : 23320, 1, 2022/08/08, 21:31:36.933, 16808218470257, vstest.console.dll, CurrentDomainAssemblyResolve: Failed to resolve assembly 'Microsoft.Bcl.AsyncInterfaces'.
TpTrace Verbose: 0 : 23320, 1, 2022/08/08, 21:31:36.935, 16808218486863, vstest.console.dll, CurrentDomainAssemblyResolve: Failed to resolve assembly 'Microsoft.Bcl.AsyncInterfaces'.
TpTrace Warning: 0 : 23320, 1, 2022/08/08, 21:31:36.964, 16808218778943, vstest.console.dll, TestPluginDiscoverer: Failed to get types from assembly 'Microsoft.Diagnostics.NETCore.Client, Version=0.2.5.801, Culture=neutral, PublicKeyToken=31bf3856ad364e35'. Error: System.Reflection.ReflectionTypeLoadException: Unable to load one or more of the requested types.
Could not load file or assembly 'Microsoft.Bcl.AsyncInterfaces, Version=1.0.0.0, Culture=neutral, PublicKeyToken=cc7b13ffcd2ddd51'. The system cannot find the file specified.
   at System.Reflection.RuntimeModule.GetTypes(RuntimeModule module)
   at System.Reflection.Assembly.GetTypes()
   at Microsoft.VisualStudio.TestPlatform.Common.ExtensionFramework.TestPluginDiscoverer.GetTestExtensionsFromAssembly[TPluginInfo,TExtension](Assembly assembly, Dictionary`2 pluginInfos, String filePath)
System.IO.FileNotFoundException: Could not load file or assembly 'Microsoft.Bcl.AsyncInterfaces, Version=1.0.0.0, Culture=neutral, PublicKeyToken=cc7b13ffcd2ddd51'. The system cannot find the file specified.
File name: 'Microsoft.Bcl.AsyncInterfaces, Version=1.0.0.0, Culture=neutral, PublicKeyToken=cc7b13ffcd2ddd51'
 ---> System.IO.FileNotFoundException: Could not load file or assembly 'Microsoft.Bcl.AsyncInterfaces, Culture=neutral, PublicKeyToken=null'. The system cannot find the file specified.
File name: 'Microsoft.Bcl.AsyncInterfaces, Culture=neutral, PublicKeyToken=null'
   at System.Reflection.RuntimeAssembly.InternalLoad(ObjectHandleOnStack assemblyName, ObjectHandleOnStack requestingAssembly, StackCrawlMarkHandle stackMark, Boolean throwOnFileNotFound, ObjectHandleOnStack assemblyLoadContext, ObjectHandleOnStack retAssembly)
   at System.Reflection.RuntimeAssembly.InternalLoad(AssemblyName assemblyName, RuntimeAssembly requestingAssembly, StackCrawlMark& stackMark, Boolean throwOnFileNotFound, AssemblyLoadContext assemblyLoadContext)
   at System.Reflection.Assembly.Load(AssemblyName assemblyRef)
   at Microsoft.VisualStudio.TestPlatform.Common.ExtensionFramework.TestPluginCache.CurrentDomainAssemblyResolve(Object sender, AssemblyResolveEventArgs args)
   at Microsoft.VisualStudio.TestPlatform.PlatformAbstractions.PlatformAssemblyResolver.AssemblyResolverEvent(Object sender, Object eventArgs)
   at System.Runtime.Loader.AssemblyLoadContext.GetFirstResolvedAssemblyFromResolvingEvent(AssemblyName assemblyName)
   at System.Runtime.Loader.AssemblyLoadContext.ResolveUsingEvent(AssemblyName assemblyName)
   at System.Runtime.Loader.AssemblyLoadContext.ResolveUsingResolvingEvent(IntPtr gchManagedAssemblyLoadContext, AssemblyName assemblyName)
TpTrace Warning: 0 : 23320, 1, 2022/08/08, 21:31:36.965, 16808218787583, vstest.console.dll, LoaderExceptions: System.IO.FileNotFoundException: Could not load file or assembly 'Microsoft.Bcl.AsyncInterfaces, Version=1.0.0.0, Culture=neutral, PublicKeyToken=cc7b13ffcd2ddd51'. The system cannot find the file specified.
File name: 'Microsoft.Bcl.AsyncInterfaces, Version=1.0.0.0, Culture=neutral, PublicKeyToken=cc7b13ffcd2ddd51'
 ---> System.IO.FileNotFoundException: Could not load file or assembly 'Microsoft.Bcl.AsyncInterfaces, Culture=neutral, PublicKeyToken=null'. The system cannot find the file specified.
File name: 'Microsoft.Bcl.AsyncInterfaces, Culture=neutral, PublicKeyToken=null'
   at System.Reflection.RuntimeAssembly.InternalLoad(ObjectHandleOnStack assemblyName, ObjectHandleOnStack requestingAssembly, StackCrawlMarkHandle stackMark, Boolean throwOnFileNotFound, ObjectHandleOnStack assemblyLoadContext, ObjectHandleOnStack retAssembly)
   at System.Reflection.RuntimeAssembly.InternalLoad(AssemblyName assemblyName, RuntimeAssembly requestingAssembly, StackCrawlMark& stackMark, Boolean throwOnFileNotFound, AssemblyLoadContext assemblyLoadContext)
   at System.Reflection.Assembly.Load(AssemblyName assemblyRef)
   at Microsoft.VisualStudio.TestPlatform.Common.ExtensionFramework.TestPluginCache.CurrentDomainAssemblyResolve(Object sender, AssemblyResolveEventArgs args)
   at Microsoft.VisualStudio.TestPlatform.PlatformAbstractions.PlatformAssemblyResolver.AssemblyResolverEvent(Object sender, Object eventArgs)
   at System.Runtime.Loader.AssemblyLoadContext.GetFirstResolvedAssemblyFromResolvingEvent(AssemblyName assemblyName)
   at System.Runtime.Loader.AssemblyLoadContext.ResolveUsingEvent(AssemblyName assemblyName)
   at System.Runtime.Loader.AssemblyLoadContext.ResolveUsingResolvingEvent(IntPtr gchManagedAssemblyLoadContext, AssemblyName assemblyName)
TpTrace Information: 0 : 23320, 1, 2022/08/08, 21:31:36.966, 16808218791442, vstest.console.dll, AssemblyResolver.OnResolve: Microsoft.TestPlatform.Extensions.BlameDataCollector: Resolving assembly.
TpTrace Information: 0 : 23320, 1, 2022/08/08, 21:31:36.966, 16808218792607, vstest.console.dll, AssemblyResolver.OnResolve: Microsoft.TestPlatform.Extensions.BlameDataCollector: Searching in: 'C:\Program Files\dotnet\sdk\6.0.302\Extensions'.
TpTrace Information: 0 : 23320, 1, 2022/08/08, 21:31:36.967, 16808218805433, vstest.console.dll, AssemblyResolver.OnResolve: Microsoft.TestPlatform.Extensions.BlameDataCollector: Loading assembly 'C:\Program Files\dotnet\sdk\6.0.302\Extensions\Microsoft.TestPlatform.Extensions.BlameDataCollector.dll'.
TpTrace Information: 0 : 23320, 1, 2022/08/08, 21:31:36.968, 16808218820115, vstest.console.dll, AssemblyResolver.OnResolve: Resolved assembly: Microsoft.TestPlatform.Extensions.BlameDataCollector, from path: C:\Program Files\dotnet\sdk\6.0.302\Extensions\Microsoft.TestPlatform.Extensions.BlameDataCollector.dll
TpTrace Verbose: 0 : 23320, 1, 2022/08/08, 21:31:36.969, 16808218821736, vstest.console.dll, MetadataReaderExtensionsHelper: Discovering extensions inside assembly 'Microsoft.TestPlatform.Extensions.BlameDataCollector, Version=15.0.0.0, Culture=neutral, PublicKeyToken=b03f5f7f11d50a3a' file path 'C:\Program Files\dotnet\sdk\6.0.302\Extensions\Microsoft.TestPlatform.Extensions.BlameDataCollector.dll'
TpTrace Information: 0 : 23320, 1, 2022/08/08, 21:31:36.971, 16808218848561, vstest.console.dll, AssemblyResolver.OnResolve: Microsoft.TestPlatform.Extensions.EventLogCollector: Resolving assembly.
TpTrace Information: 0 : 23320, 1, 2022/08/08, 21:31:36.971, 16808218850091, vstest.console.dll, AssemblyResolver.OnResolve: Microsoft.TestPlatform.Extensions.EventLogCollector: Searching in: 'C:\Program Files\dotnet\sdk\6.0.302\Extensions'.
TpTrace Information: 0 : 23320, 1, 2022/08/08, 21:31:36.974, 16808218871376, vstest.console.dll, AssemblyResolver.OnResolve: Microsoft.TestPlatform.Extensions.EventLogCollector: Loading assembly 'C:\Program Files\dotnet\sdk\6.0.302\Extensions\Microsoft.TestPlatform.Extensions.EventLogCollector.dll'.
TpTrace Information: 0 : 23320, 1, 2022/08/08, 21:31:36.975, 16808218884087, vstest.console.dll, AssemblyResolver.OnResolve: Resolved assembly: Microsoft.TestPlatform.Extensions.EventLogCollector, from path: C:\Program Files\dotnet\sdk\6.0.302\Extensions\Microsoft.TestPlatform.Extensions.EventLogCollector.dll
TpTrace Verbose: 0 : 23320, 1, 2022/08/08, 21:31:36.975, 16808218886307, vstest.console.dll, MetadataReaderExtensionsHelper: Discovering extensions inside assembly 'Microsoft.TestPlatform.Extensions.EventLogCollector, Version=15.0.0.0, Culture=neutral, PublicKeyToken=b03f5f7f11d50a3a' file path 'C:\Program Files\dotnet\sdk\6.0.302\Extensions\Microsoft.TestPlatform.Extensions.EventLogCollector.dll'
TpTrace Information: 0 : 23320, 1, 2022/08/08, 21:31:36.978, 16808218912177, vstest.console.dll, AssemblyResolver.OnResolve: Microsoft.TestPlatform.TestHostRuntimeProvider: Resolving assembly.
TpTrace Information: 0 : 23320, 1, 2022/08/08, 21:31:36.978, 16808218913824, vstest.console.dll, AssemblyResolver.OnResolve: Microsoft.TestPlatform.TestHostRuntimeProvider: Searching in: 'C:\Program Files\dotnet\sdk\6.0.302\Extensions'.
TpTrace Information: 0 : 23320, 1, 2022/08/08, 21:31:36.979, 16808218927613, vstest.console.dll, AssemblyResolver.OnResolve: Microsoft.TestPlatform.TestHostRuntimeProvider: Loading assembly 'C:\Program Files\dotnet\sdk\6.0.302\Extensions\Microsoft.TestPlatform.TestHostRuntimeProvider.dll'.
TpTrace Information: 0 : 23320, 1, 2022/08/08, 21:31:36.981, 16808218942959, vstest.console.dll, AssemblyResolver.OnResolve: Resolved assembly: Microsoft.TestPlatform.TestHostRuntimeProvider, from path: C:\Program Files\dotnet\sdk\6.0.302\Extensions\Microsoft.TestPlatform.TestHostRuntimeProvider.dll
TpTrace Verbose: 0 : 23320, 1, 2022/08/08, 21:31:36.981, 16808218945146, vstest.console.dll, MetadataReaderExtensionsHelper: Discovering extensions inside assembly 'Microsoft.TestPlatform.TestHostRuntimeProvider, Version=15.0.0.0, Culture=neutral, PublicKeyToken=b03f5f7f11d50a3a' file path 'C:\Program Files\dotnet\sdk\6.0.302\Extensions\Microsoft.TestPlatform.TestHostRuntimeProvider.dll'
TpTrace Information: 0 : 23320, 1, 2022/08/08, 21:31:36.988, 16808219012812, vstest.console.dll, GetTestExtensionFromType: Register extension with identifier data 'HostProvider://DefaultTestHost' and type 'Microsoft.VisualStudio.TestPlatform.CrossPlatEngine.Hosting.DefaultTestHostManager, Microsoft.TestPlatform.TestHostRuntimeProvider, Version=15.0.0.0, Culture=neutral, PublicKeyToken=b03f5f7f11d50a3a' inside file 'C:\Program Files\dotnet\sdk\6.0.302\Extensions\Microsoft.TestPlatform.TestHostRuntimeProvider.dll'
TpTrace Information: 0 : 23320, 1, 2022/08/08, 21:31:36.988, 16808219015312, vstest.console.dll, GetTestExtensionFromType: Register extension with identifier data 'HostProvider://DotnetTestHost' and type 'Microsoft.VisualStudio.TestPlatform.CrossPlatEngine.Hosting.DotnetTestHostManager, Microsoft.TestPlatform.TestHostRuntimeProvider, Version=15.0.0.0, Culture=neutral, PublicKeyToken=b03f5f7f11d50a3a' inside file 'C:\Program Files\dotnet\sdk\6.0.302\Extensions\Microsoft.TestPlatform.TestHostRuntimeProvider.dll'
TpTrace Information: 0 : 23320, 1, 2022/08/08, 21:31:36.988, 16808219017149, vstest.console.dll, AssemblyResolver.OnResolve: Microsoft.VisualStudio.TestPlatform.Extensions.Html.TestLogger: Resolving assembly.
TpTrace Information: 0 : 23320, 1, 2022/08/08, 21:31:36.988, 16808219018058, vstest.console.dll, AssemblyResolver.OnResolve: Microsoft.VisualStudio.TestPlatform.Extensions.Html.TestLogger: Searching in: 'C:\Program Files\dotnet\sdk\6.0.302\Extensions'.
TpTrace Information: 0 : 23320, 1, 2022/08/08, 21:31:36.991, 16808219050371, vstest.console.dll, AssemblyResolver.OnResolve: Microsoft.VisualStudio.TestPlatform.Extensions.Html.TestLogger: Loading assembly 'C:\Program Files\dotnet\sdk\6.0.302\Extensions\Microsoft.VisualStudio.TestPlatform.Extensions.Html.TestLogger.dll'.
TpTrace Information: 0 : 23320, 1, 2022/08/08, 21:31:36.993, 16808219070664, vstest.console.dll, AssemblyResolver.OnResolve: Resolved assembly: Microsoft.VisualStudio.TestPlatform.Extensions.Html.TestLogger, from path: C:\Program Files\dotnet\sdk\6.0.302\Extensions\Microsoft.VisualStudio.TestPlatform.Extensions.Html.TestLogger.dll
TpTrace Verbose: 0 : 23320, 1, 2022/08/08, 21:31:36.994, 16808219072430, vstest.console.dll, MetadataReaderExtensionsHelper: Discovering extensions inside assembly 'Microsoft.VisualStudio.TestPlatform.Extensions.Html.TestLogger, Version=15.0.0.0, Culture=neutral, PublicKeyToken=b03f5f7f11d50a3a' file path 'C:\Program Files\dotnet\sdk\6.0.302\Extensions\Microsoft.VisualStudio.TestPlatform.Extensions.Html.TestLogger.dll'
TpTrace Information: 0 : 23320, 1, 2022/08/08, 21:31:36.995, 16808219087537, vstest.console.dll, AssemblyResolver.OnResolve: Microsoft.VisualStudio.TestPlatform.Extensions.Trx.TestLogger: Resolving assembly.
TpTrace Information: 0 : 23320, 1, 2022/08/08, 21:31:36.995, 16808219088605, vstest.console.dll, AssemblyResolver.OnResolve: Microsoft.VisualStudio.TestPlatform.Extensions.Trx.TestLogger: Searching in: 'C:\Program Files\dotnet\sdk\6.0.302\Extensions'.
TpTrace Information: 0 : 23320, 1, 2022/08/08, 21:31:36.996, 16808219095140, vstest.console.dll, AssemblyResolver.OnResolve: Microsoft.VisualStudio.TestPlatform.Extensions.Trx.TestLogger: Loading assembly 'C:\Program Files\dotnet\sdk\6.0.302\Extensions\Microsoft.VisualStudio.TestPlatform.Extensions.Trx.TestLogger.dll'.
TpTrace Information: 0 : 23320, 1, 2022/08/08, 21:31:36.998, 16808219115981, vstest.console.dll, AssemblyResolver.OnResolve: Resolved assembly: Microsoft.VisualStudio.TestPlatform.Extensions.Trx.TestLogger, from path: C:\Program Files\dotnet\sdk\6.0.302\Extensions\Microsoft.VisualStudio.TestPlatform.Extensions.Trx.TestLogger.dll
TpTrace Verbose: 0 : 23320, 1, 2022/08/08, 21:31:36.998, 16808219118073, vstest.console.dll, MetadataReaderExtensionsHelper: Discovering extensions inside assembly 'Microsoft.VisualStudio.TestPlatform.Extensions.Trx.TestLogger, Version=15.0.0.0, Culture=neutral, PublicKeyToken=b03f5f7f11d50a3a' file path 'C:\Program Files\dotnet\sdk\6.0.302\Extensions\Microsoft.VisualStudio.TestPlatform.Extensions.Trx.TestLogger.dll'
TpTrace Verbose: 0 : 23320, 1, 2022/08/08, 21:31:37.000, 16808219137698, vstest.console.dll, TestPluginCache: Discovered the extensions using extension path ''.
TpTrace Verbose: 0 : 23320, 1, 2022/08/08, 21:31:37.000, 16808219139321, vstest.console.dll, TestPluginCache: Discoverers are ''.
TpTrace Verbose: 0 : 23320, 1, 2022/08/08, 21:31:37.000, 16808219139891, vstest.console.dll, TestPluginCache: Executors are ''.
TpTrace Verbose: 0 : 23320, 1, 2022/08/08, 21:31:37.000, 16808219140303, vstest.console.dll, TestPluginCache: Executors2 are ''.
TpTrace Verbose: 0 : 23320, 1, 2022/08/08, 21:31:37.000, 16808219140701, vstest.console.dll, TestPluginCache: Setting providers are ''.
TpTrace Verbose: 0 : 23320, 1, 2022/08/08, 21:31:37.000, 16808219141093, vstest.console.dll, TestPluginCache: Loggers are ''.
TpTrace Verbose: 0 : 23320, 1, 2022/08/08, 21:31:37.001, 16808219143014, vstest.console.dll, TestPluginCache: TestHosts are 'HostProvider://DefaultTestHost,HostProvider://DotnetTestHost'.
TpTrace Verbose: 0 : 23320, 1, 2022/08/08, 21:31:37.001, 16808219143565, vstest.console.dll, TestPluginCache: DataCollectors are ''.
TpTrace Information: 0 : 23320, 1, 2022/08/08, 21:31:37.021, 16808219349260, vstest.console.dll, RunTestsArgumentProcessor:Execute: Test run is starting.
TpTrace Verbose: 0 : 23320, 1, 2022/08/08, 21:31:37.021, 16808219350692, vstest.console.dll, RunTestsArgumentProcessor:Execute: Queuing Test run.
TpTrace Information: 0 : 23320, 1, 2022/08/08, 21:31:37.022, 16808219355479, vstest.console.dll, TestRequestManager.RunTests: run tests started.
TpTrace Information: 0 : 23320, 1, 2022/08/08, 21:31:37.026, 16808219392512, vstest.console.dll, AssemblyMetadataProvider.GetFrameWork: Determined framework:'.NETCoreApp,Version=v6.0' for source: 'D:\Workspace\Projects\Sparky_UnitTesting\Bongo.Models.Tests\bin\Debug\net6.0\fine-code-coverage\build-output\Bongo.Models.Tests.dll'
TpTrace Information: 0 : 23320, 1, 2022/08/08, 21:31:37.026, 16808219396676, vstest.console.dll, Determined framework for all sources: .NETCoreApp,Version=v6.0
TpTrace Verbose: 0 : 23320, 1, 2022/08/08, 21:31:37.027, 16808219404254, vstest.console.dll, TestRequestManager.UpdateRunSettingsIfRequired: Default architecture: X64 IsDefaultTargetArchitecture: True, Current process architecture: X64 OperatingSystem: Windows.
TpTrace Information: 0 : 23320, 1, 2022/08/08, 21:31:37.027, 16808219409642, vstest.console.dll, AssemblyMetadataProvider.GetArchitecture: Determined architecture:AnyCPU info for assembly: D:\Workspace\Projects\Sparky_UnitTesting\Bongo.Models.Tests\bin\Debug\net6.0\fine-code-coverage\build-output\Bongo.Models.Tests.dll
TpTrace Information: 0 : 23320, 1, 2022/08/08, 21:31:37.028, 16808219411202, vstest.console.dll, Determined platform for source 'D:\Workspace\Projects\Sparky_UnitTesting\Bongo.Models.Tests\bin\Debug\net6.0\fine-code-coverage\build-output\Bongo.Models.Tests.dll' is 'AnyCPU'
TpTrace Information: 0 : 23320, 1, 2022/08/08, 21:31:37.030, 16808219440841, vstest.console.dll, Determined platform for all sources: X64
TpTrace Information: 0 : 23320, 1, 2022/08/08, 21:31:37.031, 16808219442282, vstest.console.dll, Infered platform 'X64'.
TpTrace Information: 0 : 23320, 1, 2022/08/08, 21:31:37.031, 16808219443067, vstest.console.dll, Platform update to 'X64' required.
TpTrace Information: 0 : 23320, 1, 2022/08/08, 21:31:37.035, 16808219481324, vstest.console.dll, Compatible sources list: 
TpTrace Information: 0 : 23320, 1, 2022/08/08, 21:31:37.035, 16808219482560, vstest.console.dll, D:\Workspace\Projects\Sparky_UnitTesting\Bongo.Models.Tests\bin\Debug\net6.0\fine-code-coverage\build-output\Bongo.Models.Tests.dll
TpTrace Information: 0 : 23320, 1, 2022/08/08, 21:31:37.038, 16808219519609, vstest.console.dll, InferRunSettingsHelper.IsTestSettingsEnabled: Unable to navigate to RunSettings/MSTest. Current node: RunSettings
TpTrace Information: 0 : 23320, 1, 2022/08/08, 21:31:37.040, 16808219533668, vstest.console.dll, AssemblyResolver.OnResolve: Microsoft.VisualStudio.TestPlatform.Fakes: Resolving assembly.
TpTrace Information: 0 : 23320, 1, 2022/08/08, 21:31:37.040, 16808219535286, vstest.console.dll, AssemblyResolver.OnResolve: Microsoft.VisualStudio.TestPlatform.Fakes: Searching in: 'C:\Program Files\dotnet\sdk\6.0.302\Extensions'.
TpTrace Information: 0 : 23320, 1, 2022/08/08, 21:31:37.040, 16808219537389, vstest.console.dll, AssemblyResolver.OnResolve: Microsoft.VisualStudio.TestPlatform.Fakes: Assembly path does not exist: 'C:\Program Files\dotnet\sdk\6.0.302\Extensions\Microsoft.VisualStudio.TestPlatform.Fakes.dll', returning.
TpTrace Information: 0 : 23320, 1, 2022/08/08, 21:31:37.040, 16808219538913, vstest.console.dll, AssemblyResolver.OnResolve: Microsoft.VisualStudio.TestPlatform.Fakes: Assembly path does not exist: 'C:\Program Files\dotnet\sdk\6.0.302\Extensions\Microsoft.VisualStudio.TestPlatform.Fakes.exe', returning.
TpTrace Information: 0 : 23320, 1, 2022/08/08, 21:31:37.040, 16808219539711, vstest.console.dll, AssemblyResolver.OnResolve: Microsoft.VisualStudio.TestPlatform.Fakes: Searching in: 'C:\Program Files\dotnet\sdk\6.0.302'.
TpTrace Information: 0 : 23320, 1, 2022/08/08, 21:31:37.040, 16808219541142, vstest.console.dll, AssemblyResolver.OnResolve: Microsoft.VisualStudio.TestPlatform.Fakes: Assembly path does not exist: 'C:\Program Files\dotnet\sdk\6.0.302\Microsoft.VisualStudio.TestPlatform.Fakes.dll', returning.
TpTrace Information: 0 : 23320, 1, 2022/08/08, 21:31:37.041, 16808219542701, vstest.console.dll, AssemblyResolver.OnResolve: Microsoft.VisualStudio.TestPlatform.Fakes: Assembly path does not exist: 'C:\Program Files\dotnet\sdk\6.0.302\Microsoft.VisualStudio.TestPlatform.Fakes.exe', returning.
TpTrace Information: 0 : 23320, 1, 2022/08/08, 21:31:37.041, 16808219543516, vstest.console.dll, AssemblyResolver.OnResolve: Microsoft.VisualStudio.TestPlatform.Fakes: Failed to load assembly.
TpTrace Information: 0 : 23320, 1, 2022/08/08, 21:31:37.041, 16808219550958, vstest.console.dll, Failed to load assembly Microsoft.VisualStudio.TestPlatform.Fakes, Version=17.0.0.0, Culture=neutral. Reason:System.IO.FileNotFoundException: Could not load file or assembly 'Microsoft.VisualStudio.TestPlatform.Fakes, Version=17.0.0.0, Culture=neutral, PublicKeyToken=null'. The system cannot find the file specified.
File name: 'Microsoft.VisualStudio.TestPlatform.Fakes, Version=17.0.0.0, Culture=neutral, PublicKeyToken=null'
   at System.Reflection.RuntimeAssembly.InternalLoad(ObjectHandleOnStack assemblyName, ObjectHandleOnStack requestingAssembly, StackCrawlMarkHandle stackMark, Boolean throwOnFileNotFound, ObjectHandleOnStack assemblyLoadContext, ObjectHandleOnStack retAssembly)
   at System.Reflection.RuntimeAssembly.InternalLoad(AssemblyName assemblyName, RuntimeAssembly requestingAssembly, StackCrawlMark& stackMark, Boolean throwOnFileNotFound, AssemblyLoadContext assemblyLoadContext)
   at System.Reflection.Assembly.Load(AssemblyName assemblyRef)
   at Microsoft.VisualStudio.TestPlatform.Common.Utilities.FakesUtilities.LoadTestPlatformAssembly()
TpTrace Verbose: 0 : 23320, 1, 2022/08/08, 21:31:37.072, 16808219857949, vstest.console.dll, TestPluginCache.DiscoverTestExtensions: finding test extensions in assemblies ends with: TestLogger.dll TPluginInfo: Microsoft.VisualStudio.TestPlatform.Common.ExtensionFramework.Utilities.TestLoggerPluginInformation TExtension: Microsoft.VisualStudio.TestPlatform.ObjectModel.Client.ITestLogger
TpTrace Verbose: 0 : 23320, 1, 2022/08/08, 21:31:37.072, 16808219859239, vstest.console.dll, TestPluginCache.GetExtensionPaths: Filtered extension paths: 
TpTrace Verbose: 0 : 23320, 1, 2022/08/08, 21:31:37.072, 16808219859853, vstest.console.dll, TestPluginCache.GetExtensionPaths: Added default extension paths: C:\Program Files\dotnet\sdk\6.0.302\Extensions\DumpMinitool.exe
C:\Program Files\dotnet\sdk\6.0.302\Extensions\DumpMinitool.x86.exe
C:\Program Files\dotnet\sdk\6.0.302\Extensions\Microsoft.Diagnostics.NETCore.Client.dll
C:\Program Files\dotnet\sdk\6.0.302\Extensions\Microsoft.TestPlatform.Extensions.BlameDataCollector.dll
C:\Program Files\dotnet\sdk\6.0.302\Extensions\Microsoft.TestPlatform.Extensions.EventLogCollector.dll
C:\Program Files\dotnet\sdk\6.0.302\Extensions\Microsoft.TestPlatform.TestHostRuntimeProvider.dll
C:\Program Files\dotnet\sdk\6.0.302\Extensions\Microsoft.VisualStudio.TestPlatform.Extensions.Html.TestLogger.dll
C:\Program Files\dotnet\sdk\6.0.302\Extensions\Microsoft.VisualStudio.TestPlatform.Extensions.Trx.TestLogger.dll
TpTrace Verbose: 0 : 23320, 1, 2022/08/08, 21:31:37.072, 16808219860327, vstest.console.dll, TestPluginCache.GetExtensionPaths: Added unfilterableExtensionPaths: 
TpTrace Information: 0 : 23320, 1, 2022/08/08, 21:31:37.073, 16808219862098, vstest.console.dll, AssemblyResolver.AddSearchDirectories: Adding more searchDirectories C:\Program Files\dotnet\sdk\6.0.302\Extensions,C:\Program Files\dotnet\sdk\6.0.302
TpTrace Verbose: 0 : 23320, 1, 2022/08/08, 21:31:37.073, 16808219862719, vstest.console.dll, TestPluginCache.DiscoverTestExtensions: Discovering the extensions using extension path.
TpTrace Verbose: 0 : 23320, 1, 2022/08/08, 21:31:37.073, 16808219863223, vstest.console.dll, TestPluginCache.GetExtensionPaths: Filtered extension paths: 
TpTrace Verbose: 0 : 23320, 1, 2022/08/08, 21:31:37.073, 16808219863664, vstest.console.dll, TestPluginCache.GetExtensionPaths: Added default extension paths: C:\Program Files\dotnet\sdk\6.0.302\Extensions\DumpMinitool.exe
C:\Program Files\dotnet\sdk\6.0.302\Extensions\DumpMinitool.x86.exe
C:\Program Files\dotnet\sdk\6.0.302\Extensions\Microsoft.Diagnostics.NETCore.Client.dll
C:\Program Files\dotnet\sdk\6.0.302\Extensions\Microsoft.TestPlatform.Extensions.BlameDataCollector.dll
C:\Program Files\dotnet\sdk\6.0.302\Extensions\Microsoft.TestPlatform.Extensions.EventLogCollector.dll
C:\Program Files\dotnet\sdk\6.0.302\Extensions\Microsoft.TestPlatform.TestHostRuntimeProvider.dll
C:\Program Files\dotnet\sdk\6.0.302\Extensions\Microsoft.VisualStudio.TestPlatform.Extensions.Html.TestLogger.dll
C:\Program Files\dotnet\sdk\6.0.302\Extensions\Microsoft.VisualStudio.TestPlatform.Extensions.Trx.TestLogger.dll
TpTrace Verbose: 0 : 23320, 1, 2022/08/08, 21:31:37.073, 16808219865406, vstest.console.dll, TestPluginCache.GetExtensionPaths: Added unfilterableExtensionPaths: 
TpTrace Verbose: 0 : 23320, 1, 2022/08/08, 21:31:37.073, 16808219866537, vstest.console.dll, TestPluginCache.DiscoverTestExtensions: Discovering the extensions using allExtensionPaths: C:\Program Files\dotnet\sdk\6.0.302\Extensions\DumpMinitool.exe
C:\Program Files\dotnet\sdk\6.0.302\Extensions\DumpMinitool.x86.exe
C:\Program Files\dotnet\sdk\6.0.302\Extensions\Microsoft.Diagnostics.NETCore.Client.dll
C:\Program Files\dotnet\sdk\6.0.302\Extensions\Microsoft.TestPlatform.Extensions.BlameDataCollector.dll
C:\Program Files\dotnet\sdk\6.0.302\Extensions\Microsoft.TestPlatform.Extensions.EventLogCollector.dll
C:\Program Files\dotnet\sdk\6.0.302\Extensions\Microsoft.TestPlatform.TestHostRuntimeProvider.dll
C:\Program Files\dotnet\sdk\6.0.302\Extensions\Microsoft.VisualStudio.TestPlatform.Extensions.Html.TestLogger.dll
C:\Program Files\dotnet\sdk\6.0.302\Extensions\Microsoft.VisualStudio.TestPlatform.Extensions.Trx.TestLogger.dll
TpTrace Information: 0 : 23320, 1, 2022/08/08, 21:31:37.073, 16808219867947, vstest.console.dll, AssemblyResolver.AddSearchDirectories: Adding more searchDirectories C:\Program Files\dotnet\sdk\6.0.302\Extensions,C:\Program Files\dotnet\sdk\6.0.302
TpTrace Information: 0 : 23320, 1, 2022/08/08, 21:31:37.075, 16808219882208, vstest.console.dll, AssemblyResolver.AddSearchDirectories: Adding more searchDirectories C:\Program Files\dotnet\sdk\6.0.302\Extensions,C:\Program Files\dotnet\sdk\6.0.302
TpTrace Information: 0 : 23320, 1, 2022/08/08, 21:31:37.075, 16808219883301, vstest.console.dll, AssemblyResolver.AddSearchDirectories: Adding more searchDirectories C:\Program Files\dotnet\sdk\6.0.302\Extensions,C:\Program Files\dotnet\sdk\6.0.302
TpTrace Information: 0 : 23320, 1, 2022/08/08, 21:31:37.075, 16808219884166, vstest.console.dll, AssemblyResolver.AddSearchDirectories: Adding more searchDirectories C:\Program Files\dotnet\sdk\6.0.302\Extensions,C:\Program Files\dotnet\sdk\6.0.302
TpTrace Information: 0 : 23320, 1, 2022/08/08, 21:31:37.075, 16808219885010, vstest.console.dll, AssemblyResolver.AddSearchDirectories: Adding more searchDirectories C:\Program Files\dotnet\sdk\6.0.302\Extensions,C:\Program Files\dotnet\sdk\6.0.302
TpTrace Information: 0 : 23320, 1, 2022/08/08, 21:31:37.075, 16808219885797, vstest.console.dll, AssemblyResolver.AddSearchDirectories: Adding more searchDirectories C:\Program Files\dotnet\sdk\6.0.302\Extensions,C:\Program Files\dotnet\sdk\6.0.302
TpTrace Information: 0 : 23320, 1, 2022/08/08, 21:31:37.075, 16808219886597, vstest.console.dll, AssemblyResolver.AddSearchDirectories: Adding more searchDirectories C:\Program Files\dotnet\sdk\6.0.302\Extensions,C:\Program Files\dotnet\sdk\6.0.302
TpTrace Information: 0 : 23320, 1, 2022/08/08, 21:31:37.075, 16808219887409, vstest.console.dll, AssemblyResolver.AddSearchDirectories: Adding more searchDirectories C:\Program Files\dotnet\sdk\6.0.302\Extensions,C:\Program Files\dotnet\sdk\6.0.302
TpTrace Verbose: 0 : 23320, 1, 2022/08/08, 21:31:37.075, 16808219890624, vstest.console.dll, MetadataReaderExtensionsHelper: Discovering extensions inside assembly 'DumpMinitool, Version=15.0.0.0, Culture=neutral, PublicKeyToken=b03f5f7f11d50a3a' file path 'C:\Program Files\dotnet\sdk\6.0.302\Extensions\DumpMinitool.exe'
TpTrace Verbose: 0 : 23320, 1, 2022/08/08, 21:31:37.077, 16808219901876, vstest.console.dll, MetadataReaderExtensionsHelper: Discovering extensions inside assembly 'DumpMinitool.x86, Version=15.0.0.0, Culture=neutral, PublicKeyToken=b03f5f7f11d50a3a' file path 'C:\Program Files\dotnet\sdk\6.0.302\Extensions\DumpMinitool.x86.exe'
TpTrace Verbose: 0 : 23320, 1, 2022/08/08, 21:31:37.077, 16808219910078, vstest.console.dll, MetadataReaderExtensionsHelper: Discovering extensions inside assembly 'Microsoft.Diagnostics.NETCore.Client, Version=0.2.5.801, Culture=neutral, PublicKeyToken=31bf3856ad364e35' file path 'C:\Program Files\dotnet\sdk\6.0.302\Extensions\Microsoft.Diagnostics.NETCore.Client.dll'
TpTrace Information: 0 : 23320, 1, 2022/08/08, 21:31:37.078, 16808219920453, vstest.console.dll, AssemblyResolver.OnResolve: Microsoft.Bcl.AsyncInterfaces: Resolving assembly.
TpTrace Information: 0 : 23320, 1, 2022/08/08, 21:31:37.079, 16808219921630, vstest.console.dll, AssemblyResolver.OnResolve: Microsoft.Bcl.AsyncInterfaces: Resolved from cache.
TpTrace Verbose: 0 : 23320, 1, 2022/08/08, 21:31:37.079, 16808219922491, vstest.console.dll, CurrentDomainAssemblyResolve: Resolving assembly 'Microsoft.Bcl.AsyncInterfaces'.
TpTrace Information: 0 : 23320, 1, 2022/08/08, 21:31:37.079, 16808219923608, vstest.console.dll, AssemblyResolver.OnResolve: Microsoft.Bcl.AsyncInterfaces: Resolving assembly.
TpTrace Information: 0 : 23320, 1, 2022/08/08, 21:31:37.079, 16808219924421, vstest.console.dll, AssemblyResolver.OnResolve: Microsoft.Bcl.AsyncInterfaces: Resolved from cache.
TpTrace Verbose: 0 : 23320, 1, 2022/08/08, 21:31:37.079, 16808219925200, vstest.console.dll, CurrentDomainAssemblyResolve: Resolving assembly 'Microsoft.Bcl.AsyncInterfaces'.
TpTrace Verbose: 0 : 23320, 1, 2022/08/08, 21:31:37.079, 16808219925983, vstest.console.dll, CurrentDomainAssemblyResolve: Failed to resolve assembly 'Microsoft.Bcl.AsyncInterfaces'.
TpTrace Verbose: 0 : 23320, 1, 2022/08/08, 21:31:37.079, 16808219929052, vstest.console.dll, CurrentDomainAssemblyResolve: Failed to resolve assembly 'Microsoft.Bcl.AsyncInterfaces'.
TpTrace Warning: 0 : 23320, 1, 2022/08/08, 21:31:37.080, 16808219937845, vstest.console.dll, TestPluginDiscoverer: Failed to get types from assembly 'Microsoft.Diagnostics.NETCore.Client, Version=0.2.5.801, Culture=neutral, PublicKeyToken=31bf3856ad364e35'. Error: System.Reflection.ReflectionTypeLoadException: Unable to load one or more of the requested types.
Could not load file or assembly 'Microsoft.Bcl.AsyncInterfaces, Version=1.0.0.0, Culture=neutral, PublicKeyToken=cc7b13ffcd2ddd51'. The system cannot find the file specified.
   at System.Reflection.RuntimeModule.GetTypes(RuntimeModule module)
   at System.Reflection.Assembly.GetTypes()
   at Microsoft.VisualStudio.TestPlatform.Common.ExtensionFramework.TestPluginDiscoverer.GetTestExtensionsFromAssembly[TPluginInfo,TExtension](Assembly assembly, Dictionary`2 pluginInfos, String filePath)
System.IO.FileNotFoundException: Could not load file or assembly 'Microsoft.Bcl.AsyncInterfaces, Version=1.0.0.0, Culture=neutral, PublicKeyToken=cc7b13ffcd2ddd51'. The system cannot find the file specified.
File name: 'Microsoft.Bcl.AsyncInterfaces, Version=1.0.0.0, Culture=neutral, PublicKeyToken=cc7b13ffcd2ddd51'
 ---> System.IO.FileNotFoundException: Could not load file or assembly 'Microsoft.Bcl.AsyncInterfaces, Culture=neutral, PublicKeyToken=null'. The system cannot find the file specified.
File name: 'Microsoft.Bcl.AsyncInterfaces, Culture=neutral, PublicKeyToken=null'
   at System.Reflection.RuntimeAssembly.InternalLoad(ObjectHandleOnStack assemblyName, ObjectHandleOnStack requestingAssembly, StackCrawlMarkHandle stackMark, Boolean throwOnFileNotFound, ObjectHandleOnStack assemblyLoadContext, ObjectHandleOnStack retAssembly)
   at System.Reflection.RuntimeAssembly.InternalLoad(AssemblyName assemblyName, RuntimeAssembly requestingAssembly, StackCrawlMark& stackMark, Boolean throwOnFileNotFound, AssemblyLoadContext assemblyLoadContext)
   at System.Reflection.Assembly.Load(AssemblyName assemblyRef)
   at Microsoft.VisualStudio.TestPlatform.Common.ExtensionFramework.TestPluginCache.CurrentDomainAssemblyResolve(Object sender, AssemblyResolveEventArgs args)
   at Microsoft.VisualStudio.TestPlatform.PlatformAbstractions.PlatformAssemblyResolver.AssemblyResolverEvent(Object sender, Object eventArgs)
   at System.Runtime.Loader.AssemblyLoadContext.GetFirstResolvedAssemblyFromResolvingEvent(AssemblyName assemblyName)
   at System.Runtime.Loader.AssemblyLoadContext.ResolveUsingEvent(AssemblyName assemblyName)
   at System.Runtime.Loader.AssemblyLoadContext.ResolveUsingResolvingEvent(IntPtr gchManagedAssemblyLoadContext, AssemblyName assemblyName)
TpTrace Warning: 0 : 23320, 1, 2022/08/08, 21:31:37.081, 16808219942622, vstest.console.dll, LoaderExceptions: System.IO.FileNotFoundException: Could not load file or assembly 'Microsoft.Bcl.AsyncInterfaces, Version=1.0.0.0, Culture=neutral, PublicKeyToken=cc7b13ffcd2ddd51'. The system cannot find the file specified.
File name: 'Microsoft.Bcl.AsyncInterfaces, Version=1.0.0.0, Culture=neutral, PublicKeyToken=cc7b13ffcd2ddd51'
 ---> System.IO.FileNotFoundException: Could not load file or assembly 'Microsoft.Bcl.AsyncInterfaces, Culture=neutral, PublicKeyToken=null'. The system cannot find the file specified.
File name: 'Microsoft.Bcl.AsyncInterfaces, Culture=neutral, PublicKeyToken=null'
   at System.Reflection.RuntimeAssembly.InternalLoad(ObjectHandleOnStack assemblyName, ObjectHandleOnStack requestingAssembly, StackCrawlMarkHandle stackMark, Boolean throwOnFileNotFound, ObjectHandleOnStack assemblyLoadContext, ObjectHandleOnStack retAssembly)
   at System.Reflection.RuntimeAssembly.InternalLoad(AssemblyName assemblyName, RuntimeAssembly requestingAssembly, StackCrawlMark& stackMark, Boolean throwOnFileNotFound, AssemblyLoadContext assemblyLoadContext)
   at System.Reflection.Assembly.Load(AssemblyName assemblyRef)
   at Microsoft.VisualStudio.TestPlatform.Common.ExtensionFramework.TestPluginCache.CurrentDomainAssemblyResolve(Object sender, AssemblyResolveEventArgs args)
   at Microsoft.VisualStudio.TestPlatform.PlatformAbstractions.PlatformAssemblyResolver.AssemblyResolverEvent(Object sender, Object eventArgs)
   at System.Runtime.Loader.AssemblyLoadContext.GetFirstResolvedAssemblyFromResolvingEvent(AssemblyName assemblyName)
   at System.Runtime.Loader.AssemblyLoadContext.ResolveUsingEvent(AssemblyName assemblyName)
   at System.Runtime.Loader.AssemblyLoadContext.ResolveUsingResolvingEvent(IntPtr gchManagedAssemblyLoadContext, AssemblyName assemblyName)
TpTrace Verbose: 0 : 23320, 1, 2022/08/08, 21:31:37.081, 16808219944434, vstest.console.dll, MetadataReaderExtensionsHelper: Discovering extensions inside assembly 'Microsoft.TestPlatform.Extensions.BlameDataCollector, Version=15.0.0.0, Culture=neutral, PublicKeyToken=b03f5f7f11d50a3a' file path 'C:\Program Files\dotnet\sdk\6.0.302\Extensions\Microsoft.TestPlatform.Extensions.BlameDataCollector.dll'
TpTrace Information: 0 : 23320, 1, 2022/08/08, 21:31:37.082, 16808219955013, vstest.console.dll, GetTestExtensionFromType: Register extension with identifier data 'logger://Microsoft/TestPlatform/Extensions/Blame/v1' and type 'Microsoft.TestPlatform.Extensions.BlameDataCollector.BlameLogger, Microsoft.TestPlatform.Extensions.BlameDataCollector, Version=15.0.0.0, Culture=neutral, PublicKeyToken=b03f5f7f11d50a3a' inside file 'C:\Program Files\dotnet\sdk\6.0.302\Extensions\Microsoft.TestPlatform.Extensions.BlameDataCollector.dll'
TpTrace Verbose: 0 : 23320, 1, 2022/08/08, 21:31:37.082, 16808219956527, vstest.console.dll, MetadataReaderExtensionsHelper: Discovering extensions inside assembly 'Microsoft.TestPlatform.Extensions.EventLogCollector, Version=15.0.0.0, Culture=neutral, PublicKeyToken=b03f5f7f11d50a3a' file path 'C:\Program Files\dotnet\sdk\6.0.302\Extensions\Microsoft.TestPlatform.Extensions.EventLogCollector.dll'
TpTrace Verbose: 0 : 23320, 1, 2022/08/08, 21:31:37.083, 16808219965897, vstest.console.dll, MetadataReaderExtensionsHelper: Discovering extensions inside assembly 'Microsoft.TestPlatform.TestHostRuntimeProvider, Version=15.0.0.0, Culture=neutral, PublicKeyToken=b03f5f7f11d50a3a' file path 'C:\Program Files\dotnet\sdk\6.0.302\Extensions\Microsoft.TestPlatform.TestHostRuntimeProvider.dll'
TpTrace Verbose: 0 : 23320, 1, 2022/08/08, 21:31:37.084, 16808219974622, vstest.console.dll, MetadataReaderExtensionsHelper: Discovering extensions inside assembly 'Microsoft.VisualStudio.TestPlatform.Extensions.Html.TestLogger, Version=15.0.0.0, Culture=neutral, PublicKeyToken=b03f5f7f11d50a3a' file path 'C:\Program Files\dotnet\sdk\6.0.302\Extensions\Microsoft.VisualStudio.TestPlatform.Extensions.Html.TestLogger.dll'
TpTrace Information: 0 : 23320, 1, 2022/08/08, 21:31:37.085, 16808219984700, vstest.console.dll, GetTestExtensionFromType: Register extension with identifier data 'logger://Microsoft/TestPlatform/HtmlLogger/v1' and type 'Microsoft.VisualStudio.TestPlatform.Extensions.HtmlLogger.HtmlLogger, Microsoft.VisualStudio.TestPlatform.Extensions.Html.TestLogger, Version=15.0.0.0, Culture=neutral, PublicKeyToken=b03f5f7f11d50a3a' inside file 'C:\Program Files\dotnet\sdk\6.0.302\Extensions\Microsoft.VisualStudio.TestPlatform.Extensions.Html.TestLogger.dll'
TpTrace Verbose: 0 : 23320, 1, 2022/08/08, 21:31:37.085, 16808219986195, vstest.console.dll, MetadataReaderExtensionsHelper: Discovering extensions inside assembly 'Microsoft.VisualStudio.TestPlatform.Extensions.Trx.TestLogger, Version=15.0.0.0, Culture=neutral, PublicKeyToken=b03f5f7f11d50a3a' file path 'C:\Program Files\dotnet\sdk\6.0.302\Extensions\Microsoft.VisualStudio.TestPlatform.Extensions.Trx.TestLogger.dll'
TpTrace Information: 0 : 23320, 1, 2022/08/08, 21:31:37.086, 16808219997303, vstest.console.dll, GetTestExtensionFromType: Register extension with identifier data 'logger://Microsoft/TestPlatform/TrxLogger/v1' and type 'Microsoft.VisualStudio.TestPlatform.Extensions.TrxLogger.TrxLogger, Microsoft.VisualStudio.TestPlatform.Extensions.Trx.TestLogger, Version=15.0.0.0, Culture=neutral, PublicKeyToken=b03f5f7f11d50a3a' inside file 'C:\Program Files\dotnet\sdk\6.0.302\Extensions\Microsoft.VisualStudio.TestPlatform.Extensions.Trx.TestLogger.dll'
TpTrace Verbose: 0 : 23320, 1, 2022/08/08, 21:31:37.086, 16808219998921, vstest.console.dll, TestPluginCache: Discovered the extensions using extension path ''.
TpTrace Verbose: 0 : 23320, 1, 2022/08/08, 21:31:37.086, 16808219999706, vstest.console.dll, TestPluginCache: Discoverers are ''.
TpTrace Verbose: 0 : 23320, 1, 2022/08/08, 21:31:37.086, 16808220000373, vstest.console.dll, TestPluginCache: Executors are ''.
TpTrace Verbose: 0 : 23320, 1, 2022/08/08, 21:31:37.086, 16808220001049, vstest.console.dll, TestPluginCache: Executors2 are ''.
TpTrace Verbose: 0 : 23320, 1, 2022/08/08, 21:31:37.087, 16808220001713, vstest.console.dll, TestPluginCache: Setting providers are ''.
TpTrace Verbose: 0 : 23320, 1, 2022/08/08, 21:31:37.087, 16808220003205, vstest.console.dll, TestPluginCache: Loggers are 'logger://Microsoft/TestPlatform/Extensions/Blame/v1,logger://Microsoft/TestPlatform/HtmlLogger/v1,logger://Microsoft/TestPlatform/TrxLogger/v1'.
TpTrace Verbose: 0 : 23320, 1, 2022/08/08, 21:31:37.087, 16808220004590, vstest.console.dll, TestPluginCache: TestHosts are 'HostProvider://DefaultTestHost,HostProvider://DotnetTestHost'.
TpTrace Verbose: 0 : 23320, 1, 2022/08/08, 21:31:37.087, 16808220005369, vstest.console.dll, TestPluginCache: DataCollectors are ''.
TpTrace Information: 0 : 23320, 1, 2022/08/08, 21:31:37.089, 16808220022502, vstest.console.dll, TestPluginManager.CreateTestExtension: Attempting to load test extension: Microsoft.TestPlatform.Extensions.BlameDataCollector.BlameLogger
TpTrace Information: 0 : 23320, 1, 2022/08/08, 21:31:37.095, 16808220088023, vstest.console.dll, TestPluginManager.CreateTestExtension: Attempting to load test extension: Microsoft.VisualStudio.TestPlatform.CrossPlatEngine.Hosting.DefaultTestHostManager
TpTrace Information: 0 : 23320, 1, 2022/08/08, 21:31:37.097, 16808220102650, vstest.console.dll, TestPluginManager.CreateTestExtension: Attempting to load test extension: Microsoft.VisualStudio.TestPlatform.CrossPlatEngine.Hosting.DotnetTestHostManager
TpTrace Verbose: 0 : 23320, 1, 2022/08/08, 21:31:37.097, 16808220110674, vstest.console.dll, TestEngine: Initializing Parallel Execution as MaxCpuCount is set to: 1
TpTrace Information: 0 : 23320, 1, 2022/08/08, 21:31:37.098, 16808220116965, vstest.console.dll, InferRunSettingsHelper.IsTestSettingsEnabled: Unable to navigate to RunSettings/MSTest. Current node: RunSettings
TpTrace Verbose: 0 : 23320, 1, 2022/08/08, 21:31:37.100, 16808220132632, vstest.console.dll, TestRequestSender is acting as server.
TpTrace Verbose: 0 : 23320, 1, 2022/08/08, 21:31:37.101, 16808220149688, vstest.console.dll, TestEngine.GetExecutionManager: Chosen execution manager 'Microsoft.VisualStudio.TestPlatform.CrossPlatEngine.Client.Parallel.ParallelProxyExecutionManager, Microsoft.TestPlatform.CrossPlatEngine, Version=15.0.0.0, Culture=neutral, PublicKeyToken=b03f5f7f11d50a3a' ParallelLevel '1' Shared host 'False'
TpTrace Verbose: 0 : 23320, 5, 2022/08/08, 21:31:37.106, 16808220199360, vstest.console.dll, DataCollectionRequestSender.InitializeCommunication : Initialize communication. 
TpTrace Information: 0 : 23320, 5, 2022/08/08, 21:31:37.115, 16808220287039, vstest.console.dll, Listening on Endpoint : 127.0.0.1:57611
TpTrace Verbose: 0 : 23320, 5, 2022/08/08, 21:31:37.128, 16808220412316, vstest.console.dll, DotnetDataCollectionLauncher: Full path of dotnet.exe is C:\Program Files\dotnet\dotnet.exe
TpTrace Verbose: 0 : 23320, 5, 2022/08/08, 21:31:37.128, 16808220415573, vstest.console.dll, DotnetDataCollectionLauncher: Adding  --runtimeconfig "C:\Program Files\dotnet\sdk\6.0.302\datacollector.runtimeconfig.json" in args
TpTrace Verbose: 0 : 23320, 5, 2022/08/08, 21:31:37.128, 16808220417128, vstest.console.dll, DotnetDataCollectionLauncher: Adding  --depsfile "C:\Program Files\dotnet\sdk\6.0.302\datacollector.deps.json" in args
TpTrace Information: 0 : 23320, 5, 2022/08/08, 21:31:37.170, 16808220838584, vstest.console.dll, ProxyDataCollectionManager.Initialize: Launched datacollector processId: 8836 port: 57611
TpTrace Information: 0 : 23320, 5, 2022/08/08, 21:31:37.171, 16808220841472, vstest.console.dll, ProxyDataCollectionManager.Initialize: waiting for connection with timeout: 90 seconds
TpTrace Verbose: 0 : 23320, 5, 2022/08/08, 21:31:37.171, 16808220843014, vstest.console.dll, DataCollectionRequestSender.WaitForRequestHandlerConnection : Waiting for connection with timeout: 90000
TpTrace Information: 0 : 23320, 8, 2022/08/08, 21:31:37.419, 16808223328306, vstest.console.dll, Using the buffer size of 16384 bytes
TpTrace Verbose: 0 : 23320, 5, 2022/08/08, 21:31:37.419, 16808223328478, vstest.console.dll, SocketCommunicationManager.WaitForClientConnection took: 248 ms, with 90000 ms timeout, and finished with True.
TpTrace Information: 0 : 23320, 8, 2022/08/08, 21:31:37.419, 16808223329918, vstest.console.dll, Accepted Client request and set the flag
TpTrace Verbose: 0 : 23320, 5, 2022/08/08, 21:31:37.420, 16808223331887, vstest.console.dll, ProxyDataCollectionManager.InvokeDataCollectionServiceAction: Starting.
TpTrace Information: 0 : 23320, 5, 2022/08/08, 21:31:37.420, 16808223333314, vstest.console.dll, ProxyDataCollectionManager.BeforeTestRunStart: Get environment variable and port for datacollector processId: 8836 port: 57611
TpTrace Verbose: 0 : 23320, 5, 2022/08/08, 21:31:37.420, 16808223335355, vstest.console.dll, DataCollectionRequestSender.SendBeforeTestRunStartAndGetResult: Send BeforeTestRunStart message with settingsXml <RunSettings><RunConfiguration><ResultsDirectory>D:\Workspace\Projects\Sparky_UnitTesting\Bongo.Models.Tests\bin\Debug\net6.0\fine-code-coverage\coverage-tool-output</ResultsDirectory><TargetPlatform>X64</TargetPlatform><TargetFrameworkVersion>.NETCoreApp,Version=v6.0</TargetFrameworkVersion><DesignMode>False</DesignMode><CollectSourceInformation>False</CollectSourceInformation><TestAdaptersPaths>C:\Program Files\dotnet\sdk\6.0.302\Extensions</TestAdaptersPaths></RunConfiguration><LoggerRunSettings><Loggers><Logger friendlyName="blame" enabled="True" /><Logger friendlyName="Console" uri="logger://microsoft/TestPlatform/ConsoleLogger/v1" assemblyQualifiedName="Microsoft.VisualStudio.TestPlatform.CommandLine.Internal.ConsoleLogger, vstest.console, Version=15.0.0.0, Culture=neutral, PublicKeyToken=b03f5f7f11d50a3a" codeBase="C:\Program Files\dotnet\sdk\6.0.302\vstest.console.dll" enabled="True" /></Loggers></LoggerRunSettings><DataCollectionRunSettings><DataCollectors><DataCollector friendlyName="blame" enabled="True"><Configuration><ResultsDirectory>D:\Workspace\Projects\Sparky_UnitTesting\Bongo.Models.Tests\bin\Debug\net6.0\fine-code-coverage\coverage-tool-output</ResultsDirectory></Configuration></DataCollector></DataCollectors></DataCollectionRunSettings></RunSettings> and sources System.Linq.Enumerable+Concat2Iterator`1[System.String]: 
TpTrace Verbose: 0 : 23320, 5, 2022/08/08, 21:31:37.541, 16808224543351, vstest.console.dll, DataCollectionRequestSender.SendBeforeTestRunStartAndGetResult: Received message: (DataCollection.SendMessage) -> {
  "FriendlyName": null,
  "Uri": null,
  "TestCaseId": "00000000-0000-0000-0000-000000000000",
  "Message": "Logging DataCollector Diagnostics in file: D:\\Workspace\\Projects\\Sparky_UnitTesting\\Bongo.Models.Tests\\bin\\Debug\\net6.0\\fine-code-coverage\\coverage-tool-output\\diagnostics.datacollector.22-08-08_21-31-37_12730_5.log",
  "Level": 0
}
TpTrace Verbose: 0 : 23320, 5, 2022/08/08, 21:31:37.742, 16808226558085, vstest.console.dll, DataCollectionRequestSender.SendBeforeTestRunStartAndGetResult: Received message: (DataCollection.BeforeTestRunStartResult) -> {
  "EnvironmentVariables": {},
  "DataCollectionEventsPort": 57614
}
TpTrace Information: 0 : 23320, 5, 2022/08/08, 21:31:37.754, 16808226680310, vstest.console.dll, ProxyDataCollectionManager.BeforeTestRunStart: SendBeforeTestRunStartAndGetResult successful, env variable from datacollector:   and testhost port: 57614
TpTrace Information: 0 : 23320, 5, 2022/08/08, 21:31:37.755, 16808226681825, vstest.console.dll, ProxyDataCollectionManager.InvokeDataCollectionServiceAction: Completed.
TpTrace Verbose: 0 : 23320, 1, 2022/08/08, 21:31:37.755, 16808226683861, vstest.console.dll, TestRunRequest.ExecuteAsync: Creating test run request.
TpTrace Verbose: 0 : 23320, 1, 2022/08/08, 21:31:37.755, 16808226689695, vstest.console.dll, TestRunRequest.ExecuteAsync: Starting.
TpTrace Information: 0 : 23320, 1, 2022/08/08, 21:31:37.756, 16808226697380, vstest.console.dll, TestRunRequest.ExecuteAsync: Starting run with settings:TestRunCriteria:
   KeepAlive=False,FrequencyOfRunStatsChangeEvent=10,RunStatsChangeEventTimeout=00:00:01.5000000,TestCaseFilter=,TestExecutorLauncher=
   Settingsxml=<RunSettings>
  <RunConfiguration>
    <ResultsDirectory>D:\Workspace\Projects\Sparky_UnitTesting\Bongo.Models.Tests\bin\Debug\net6.0\fine-code-coverage\coverage-tool-output</ResultsDirectory>
    <TargetPlatform>X64</TargetPlatform>
    <TargetFrameworkVersion>.NETCoreApp,Version=v6.0</TargetFrameworkVersion>
    <DesignMode>False</DesignMode>
    <CollectSourceInformation>False</CollectSourceInformation>
  </RunConfiguration>
  <LoggerRunSettings>
    <Loggers>
      <Logger friendlyName="blame" enabled="True" />
      <Logger friendlyName="Console" uri="logger://microsoft/TestPlatform/ConsoleLogger/v1" assemblyQualifiedName="Microsoft.VisualStudio.TestPlatform.CommandLine.Internal.ConsoleLogger, vstest.console, Version=15.0.0.0, Culture=neutral, PublicKeyToken=b03f5f7f11d50a3a" codeBase="C:\Program Files\dotnet\sdk\6.0.302\vstest.console.dll" enabled="True" />
    </Loggers>
  </LoggerRunSettings>
  <DataCollectionRunSettings>
    <DataCollectors>
      <DataCollector friendlyName="blame" enabled="True">
        <Configuration>
          <ResultsDirectory>D:\Workspace\Projects\Sparky_UnitTesting\Bongo.Models.Tests\bin\Debug\net6.0\fine-code-coverage\coverage-tool-output</ResultsDirectory>
        </Configuration>
      </DataCollector>
    </DataCollectors>
  </DataCollectionRunSettings>
</RunSettings>

TpTrace Verbose: 0 : 23320, 1, 2022/08/08, 21:31:37.756, 16808226698747, vstest.console.dll, TestRunRequest.ExecuteAsync: Wait for the first run request is over.
TpTrace Verbose: 0 : 23320, 1, 2022/08/08, 21:31:37.757, 16808226704618, vstest.console.dll, MulticastDelegateUtilities.SafeInvoke: TestRun.TestRunStart: Invoking callbacks was skipped because there are no subscribers.
TpTrace Verbose: 0 : 23320, 4, 2022/08/08, 21:31:37.757, 16808226708260, vstest.console.dll, MulticastDelegateUtilities.SafeInvoke: InternalTestLoggerEvents.SendTestRunStart: Invoking callback 1/1 for Microsoft.VisualStudio.TestPlatform.CommandLine.Internal.ConsoleLogger.TestRunStartHandler, took 0 ms.
TpTrace Verbose: 0 : 23320, 1, 2022/08/08, 21:31:37.757, 16808226709171, vstest.console.dll, ParallelProxyExecutionManager: Start execution. Total sources: 1
TpTrace Information: 0 : 23320, 1, 2022/08/08, 21:31:37.759, 16808226724437, vstest.console.dll, ProxyParallelExecutionManager: Triggering test run for next source: D:\Workspace\Projects\Sparky_UnitTesting\Bongo.Models.Tests\bin\Debug\net6.0\fine-code-coverage\build-output\Bongo.Models.Tests.dll
TpTrace Verbose: 0 : 23320, 5, 2022/08/08, 21:31:37.759, 16808226727358, vstest.console.dll, ParallelProxyExecutionManager: Execution started. Started clients: 1
TpTrace Verbose: 0 : 23320, 1, 2022/08/08, 21:31:37.759, 16808226728291, vstest.console.dll, ProxyParallelExecutionManager: No sources available for execution.
TpTrace Information: 0 : 23320, 1, 2022/08/08, 21:31:37.759, 16808226729568, vstest.console.dll, TestRunRequest.ExecuteAsync: Started.
TpTrace Verbose: 0 : 23320, 1, 2022/08/08, 21:31:37.759, 16808226730770, vstest.console.dll, TestRunRequest.WaitForCompletion: Waiting with timeout -1.
TpTrace Verbose: 0 : 23320, 5, 2022/08/08, 21:31:37.760, 16808226732980, vstest.console.dll, TestRunRequest:SendTestRunMessage: Starting.
TpTrace Verbose: 0 : 23320, 4, 2022/08/08, 21:31:37.760, 16808226735421, vstest.console.dll, MulticastDelegateUtilities.SafeInvoke: InternalTestLoggerEvents.SendTestRunMessage: Invoking callback 1/1 for Microsoft.VisualStudio.TestPlatform.CommandLine.Internal.ConsoleLogger.TestMessageHandler, took 0 ms.
TpTrace Verbose: 0 : 23320, 5, 2022/08/08, 21:31:37.760, 16808226735424, vstest.console.dll, MulticastDelegateUtilities.SafeInvoke: TestRun.LogMessages: Invoking callback 1/1 for Microsoft.VisualStudio.TestPlatform.CommandLine.TestRunResultAggregator.TestRunMessageHandler, took 0 ms.
TpTrace Information: 0 : 23320, 5, 2022/08/08, 21:31:37.760, 16808226737428, vstest.console.dll, TestRunRequest:SendTestRunMessage: Completed.
TpTrace Verbose: 0 : 23320, 5, 2022/08/08, 21:31:37.761, 16808226741463, vstest.console.dll, ProxyExecutionManager: Test host is always Lazy initialize.
TpTrace Verbose: 0 : 23320, 5, 2022/08/08, 21:31:37.761, 16808226745335, vstest.console.dll, TestRequestSender.InitializeCommunication: initialize communication. 
TpTrace Information: 0 : 23320, 5, 2022/08/08, 21:31:37.762, 16808226755697, vstest.console.dll, SocketServer.Start: Listening on endpoint : 127.0.0.1:57616
TpTrace Verbose: 0 : 23320, 5, 2022/08/08, 21:31:37.763, 16808226769672, vstest.console.dll, DotnetTestHostmanager.GetTestHostProcessStartInfo: Platform environment 'X64' target architecture 'X64' framework '.NETCoreApp,Version=v6.0' OS 'Windows'
TpTrace Verbose: 0 : 23320, 5, 2022/08/08, 21:31:37.764, 16808226773513, vstest.console.dll, DotnetTestHostmanager: Adding  --runtimeconfig "D:\Workspace\Projects\Sparky_UnitTesting\Bongo.Models.Tests\bin\Debug\net6.0\fine-code-coverage\build-output\Bongo.Models.Tests.runtimeconfig.json" in args
TpTrace Verbose: 0 : 23320, 5, 2022/08/08, 21:31:37.764, 16808226774767, vstest.console.dll, DotnetTestHostmanager: Adding  --depsfile "D:\Workspace\Projects\Sparky_UnitTesting\Bongo.Models.Tests\bin\Debug\net6.0\fine-code-coverage\build-output\Bongo.Models.Tests.deps.json" in args
TpTrace Verbose: 0 : 23320, 5, 2022/08/08, 21:31:37.764, 16808226781148, vstest.console.dll, DotnetTestHostmanager.IsWinOnArm: Current PROCESSOR_ARCHITECTURE from environment variable 'AMD64'
TpTrace Verbose: 0 : 23320, 5, 2022/08/08, 21:31:37.765, 16808226782738, vstest.console.dll, DotnetTestHostmanager.IsWinOnArm: Is Windows on ARM 'False'
TpTrace Verbose: 0 : 23320, 5, 2022/08/08, 21:31:37.765, 16808226784134, vstest.console.dll, DotnetTestHostManager: testhost.exe found at path: D:\Workspace\Projects\Sparky_UnitTesting\Bongo.Models.Tests\bin\Debug\net6.0\fine-code-coverage\build-output\testhost.exe
TpTrace Verbose: 0 : 23320, 5, 2022/08/08, 21:31:37.765, 16808226785019, vstest.console.dll, DotnetTestHostmanager: Full path of host exe is D:\Workspace\Projects\Sparky_UnitTesting\Bongo.Models.Tests\bin\Debug\net6.0\fine-code-coverage\build-output\testhost.exe
TpTrace Verbose: 0 : 23320, 5, 2022/08/08, 21:31:37.765, 16808226788155, vstest.console.dll, DotnetTestHostmanager.LaunchTestHostAsync: Found 'VSTEST_WINAPPHOST_DOTNET_ROOT' in env variables, value 'C:\Program Files\dotnet', forwarding to 'DOTNET_ROOT'
TpTrace Verbose: 0 : 23320, 7, 2022/08/08, 21:31:37.767, 16808226803468, vstest.console.dll, DotnetTestHostManager: Starting process 'D:\Workspace\Projects\Sparky_UnitTesting\Bongo.Models.Tests\bin\Debug\net6.0\fine-code-coverage\build-output\testhost.exe' with command line ' --runtimeconfig "D:\Workspace\Projects\Sparky_UnitTesting\Bongo.Models.Tests\bin\Debug\net6.0\fine-code-coverage\build-output\Bongo.Models.Tests.runtimeconfig.json" --depsfile "D:\Workspace\Projects\Sparky_UnitTesting\Bongo.Models.Tests\bin\Debug\net6.0\fine-code-coverage\build-output\Bongo.Models.Tests.deps.json" --port 57616 --endpoint 127.0.0.1:057616 --role client --parentprocessid 23320 --diag "D:\Workspace\Projects\Sparky_UnitTesting\Bongo.Models.Tests\bin\Debug\net6.0\fine-code-coverage\coverage-tool-output\diagnostics.host.22-08-08_21-31-37_76324_5.log" --tracelevel 4 --datacollectionport 57614 --telemetryoptedin false'
TpTrace Verbose: 0 : 23320, 7, 2022/08/08, 21:31:37.777, 16808226909765, vstest.console.dll, MulticastDelegateUtilities.SafeInvoke: HostProviderEvents.OnHostLaunched: Invoking callback 1/2 for Microsoft.VisualStudio.TestPlatform.CrossPlatEngine.Client.ProxyExecutionManagerWithDataCollection.TestHostLaunchedHandler, took 1 ms.
TpTrace Verbose: 0 : 23320, 7, 2022/08/08, 21:31:37.778, 16808226911599, vstest.console.dll, Test Runtime launched
TpTrace Verbose: 0 : 23320, 7, 2022/08/08, 21:31:37.778, 16808226912594, vstest.console.dll, MulticastDelegateUtilities.SafeInvoke: HostProviderEvents.OnHostLaunched: Invoking callback 2/2 for Microsoft.VisualStudio.TestPlatform.CrossPlatEngine.Client.ProxyOperationManager.TestHostManagerHostLaunched, took 0 ms.
TpTrace Verbose: 0 : 23320, 5, 2022/08/08, 21:31:37.779, 16808226925095, vstest.console.dll, TestRequestSender.WaitForRequestHandlerConnection: waiting for connection with timeout: 90000.
TpTrace Verbose: 0 : 23320, 5, 2022/08/08, 21:31:38.214, 16808231271352, vstest.console.dll, TestRequestSender.WaitForRequestHandlerConnection: waiting took 434 ms, with timeout 90000 ms, and result 0, which is success.
TpTrace Verbose: 0 : 23320, 7, 2022/08/08, 21:31:38.214, 16808231271362, vstest.console.dll, MulticastDelegateUtilities.SafeInvoke: SocketServer: ClientConnected: Invoking callback 1/1 for Microsoft.VisualStudio.TestPlatform.CommunicationUtilities.TestRequestSender.<InitializeCommunication>b__23_0, took 0 ms.
TpTrace Verbose: 0 : 23320, 7, 2022/08/08, 21:31:38.214, 16808231273642, vstest.console.dll, SocketServer.OnClientConnected: Client connected for endPoint: 127.0.0.1:57616, starting MessageLoopAsync:
TpTrace Verbose: 0 : 23320, 7, 2022/08/08, 21:31:38.214, 16808231276393, vstest.console.dll, TcpClientExtensions.MessageLoopAsync: Polling on remoteEndPoint: 127.0.0.1:57617 localEndPoint: 127.0.0.1:57616
TpTrace Verbose: 0 : 23320, 5, 2022/08/08, 21:31:38.215, 16808231289989, vstest.console.dll, TestRequestSender.CheckVersionWithTestHost: Sending check version message: {"MessageType":"ProtocolVersion","Payload":6}
TpTrace Verbose: 0 : 23320, 7, 2022/08/08, 21:31:38.508, 16808234218881, vstest.console.dll, TcpClientExtensions.MessageLoopAsync: NotifyDataAvailable remoteEndPoint: 127.0.0.1:57617 localEndPoint: 127.0.0.1:57616
TpTrace Verbose: 0 : 23320, 7, 2022/08/08, 21:31:38.509, 16808234222251, vstest.console.dll, TestRequestSender.CheckVersionWithTestHost: onMessageReceived received message: (ProtocolVersion) -> 6
TpTrace Verbose: 0 : 23320, 7, 2022/08/08, 21:31:38.509, 16808234226654, vstest.console.dll, MulticastDelegateUtilities.SafeInvoke: LengthPrefixCommunicationChannel: MessageReceived: Invoking callback 1/1 for Microsoft.VisualStudio.TestPlatform.CommunicationUtilities.TestRequestSender+<>c__DisplayClass25_0.<CheckVersionWithTestHost>b__0, took 0 ms.
TpTrace Verbose: 0 : 23320, 5, 2022/08/08, 21:31:38.509, 16808234227665, vstest.console.dll, TestPluginCache.GetExtensionPaths: Filtered extension paths: 
TpTrace Verbose: 0 : 23320, 7, 2022/08/08, 21:31:38.509, 16808234228210, vstest.console.dll, TcpClientExtensions.MessageLoopAsync: Polling on remoteEndPoint: 127.0.0.1:57617 localEndPoint: 127.0.0.1:57616
TpTrace Verbose: 0 : 23320, 5, 2022/08/08, 21:31:38.509, 16808234230637, vstest.console.dll, TestPluginCache.GetExtensionPaths: Added default extension paths: C:\Program Files\dotnet\sdk\6.0.302\Extensions\DumpMinitool.exe
C:\Program Files\dotnet\sdk\6.0.302\Extensions\DumpMinitool.x86.exe
C:\Program Files\dotnet\sdk\6.0.302\Extensions\Microsoft.Diagnostics.NETCore.Client.dll
C:\Program Files\dotnet\sdk\6.0.302\Extensions\Microsoft.TestPlatform.Extensions.BlameDataCollector.dll
C:\Program Files\dotnet\sdk\6.0.302\Extensions\Microsoft.TestPlatform.Extensions.EventLogCollector.dll
C:\Program Files\dotnet\sdk\6.0.302\Extensions\Microsoft.TestPlatform.TestHostRuntimeProvider.dll
C:\Program Files\dotnet\sdk\6.0.302\Extensions\Microsoft.VisualStudio.TestPlatform.Extensions.Html.TestLogger.dll
C:\Program Files\dotnet\sdk\6.0.302\Extensions\Microsoft.VisualStudio.TestPlatform.Extensions.Trx.TestLogger.dll
TpTrace Verbose: 0 : 23320, 5, 2022/08/08, 21:31:38.510, 16808234231693, vstest.console.dll, TestPluginCache.GetExtensionPaths: Added unfilterableExtensionPaths: 
TpTrace Verbose: 0 : 23320, 5, 2022/08/08, 21:31:38.515, 16808234286082, vstest.console.dll, TestRequestSender.InitializeExecution: Sending initialize execution with message: {"Version":6,"MessageType":"TestExecution.Initialize","Payload":["D:\\Workspace\\Projects\\Sparky_UnitTesting\\Bongo.Models.Tests\\bin\\Debug\\net6.0\\fine-code-coverage\\build-output\\NUnit3.TestAdapter.dll"]}
TpTrace Warning: 0 : 23320, 5, 2022/08/08, 21:31:38.516, 16808234291981, vstest.console.dll, InferRunSettingsHelper.MakeRunsettingsCompatible: Removing the following settings: TargetPlatform from RunSettings file. To use those settings please move to latest version of Microsoft.NET.Test.Sdk
TpTrace Verbose: 0 : 23320, 7, 2022/08/08, 21:31:38.526, 16808234395595, vstest.console.dll, TcpClientExtensions.MessageLoopAsync: NotifyDataAvailable remoteEndPoint: 127.0.0.1:57617 localEndPoint: 127.0.0.1:57616
TpTrace Verbose: 0 : 23320, 7, 2022/08/08, 21:31:38.526, 16808234398354, vstest.console.dll, TestRequestSender.OnExecutionMessageReceived: Received message: {"Version":6,"MessageType":"TestSession.Message","Payload":{"MessageLevel":0,"Message":"Logging TestHost Diagnostics in file: D:\\Workspace\\Projects\\Sparky_UnitTesting\\Bongo.Models.Tests\\bin\\Debug\\net6.0\\fine-code-coverage\\coverage-tool-output\\diagnostics.host.22-08-08_21-31-37_76324_5.log"}}
TpTrace Verbose: 0 : 23320, 7, 2022/08/08, 21:31:38.529, 16808234428852, vstest.console.dll, TestRunRequest:SendTestRunMessage: Starting.
TpTrace Verbose: 0 : 23320, 7, 2022/08/08, 21:31:38.530, 16808234431195, vstest.console.dll, MulticastDelegateUtilities.SafeInvoke: TestRun.LogMessages: Invoking callback 1/1 for Microsoft.VisualStudio.TestPlatform.CommandLine.TestRunResultAggregator.TestRunMessageHandler, took 0 ms.
TpTrace Verbose: 0 : 23320, 4, 2022/08/08, 21:31:38.530, 16808234431393, vstest.console.dll, MulticastDelegateUtilities.SafeInvoke: InternalTestLoggerEvents.SendTestRunMessage: Invoking callback 1/1 for Microsoft.VisualStudio.TestPlatform.CommandLine.Internal.ConsoleLogger.TestMessageHandler, took 0 ms.
TpTrace Information: 0 : 23320, 7, 2022/08/08, 21:31:38.530, 16808234432147, vstest.console.dll, TestRunRequest:SendTestRunMessage: Completed.
TpTrace Verbose: 0 : 23320, 7, 2022/08/08, 21:31:38.530, 16808234434078, vstest.console.dll, MulticastDelegateUtilities.SafeInvoke: LengthPrefixCommunicationChannel: MessageReceived: Invoking callback 1/1 for Microsoft.VisualStudio.TestPlatform.CommunicationUtilities.TestRequestSender+<>c__DisplayClass30_0.<StartTestRun>b__1, took 3 ms.
TpTrace Verbose: 0 : 23320, 7, 2022/08/08, 21:31:38.535, 16808234488508, vstest.console.dll, TcpClientExtensions.MessageLoopAsync: Polling on remoteEndPoint: 127.0.0.1:57617 localEndPoint: 127.0.0.1:57616
TpTrace Verbose: 0 : 23320, 5, 2022/08/08, 21:31:38.537, 16808234505647, vstest.console.dll, TestRequestSender.StartTestRun: Sending test run with message: {"Version":6,"MessageType":"TestExecution.StartWithSources","Payload":{"AdapterSourceMap":{"_none_":["D:\\Workspace\\Projects\\Sparky_UnitTesting\\Bongo.Models.Tests\\bin\\Debug\\net6.0\\fine-code-coverage\\build-output\\Bongo.Models.Tests.dll"]},"RunSettings":"<RunSettings>\r\n  <RunConfiguration>\r\n    <ResultsDirectory>D:\\Workspace\\Projects\\Sparky_UnitTesting\\Bongo.Models.Tests\\bin\\Debug\\net6.0\\fine-code-coverage\\coverage-tool-output</ResultsDirectory>\r\n    <TargetFrameworkVersion>.NETCoreApp,Version=v6.0</TargetFrameworkVersion>\r\n    <DesignMode>False</DesignMode>\r\n    <CollectSourceInformation>False</CollectSourceInformation>\r\n  </RunConfiguration>\r\n  <LoggerRunSettings>\r\n    <Loggers>\r\n      <Logger friendlyName=\"blame\" enabled=\"True\" />\r\n      <Logger friendlyName=\"Console\" uri=\"logger://microsoft/TestPlatform/ConsoleLogger/v1\" assemblyQualifiedName=\"Microsoft.VisualStudio.TestPlatform.CommandLine.Internal.ConsoleLogger, vstest.console, Version=15.0.0.0, Culture=neutral, PublicKeyToken=b03f5f7f11d50a3a\" codeBase=\"C:\\Program Files\\dotnet\\sdk\\6.0.302\\vstest.console.dll\" enabled=\"True\" />\r\n    </Loggers>\r\n  </LoggerRunSettings>\r\n  <DataCollectionRunSettings>\r\n    <DataCollectors>\r\n      <DataCollector friendlyName=\"blame\" enabled=\"True\">\r\n        <Configuration>\r\n          <ResultsDirectory>D:\\Workspace\\Projects\\Sparky_UnitTesting\\Bongo.Models.Tests\\bin\\Debug\\net6.0\\fine-code-coverage\\coverage-tool-output</ResultsDirectory>\r\n        </Configuration>\r\n      </DataCollector>\r\n    </DataCollectors>\r\n  </DataCollectionRunSettings>\r\n</RunSettings>","TestExecutionContext":{"FrequencyOfRunStatsChangeEvent":10,"RunStatsChangeEventTimeout":"00:00:01.5000000","InIsolation":false,"KeepAlive":false,"AreTestCaseLevelEventsRequired":false,"IsDebug":false,"TestCaseFilter":null,"FilterOptions":null},"Package":null}}
TpTrace Verbose: 0 : 23320, 7, 2022/08/08, 21:31:38.863, 16808237766922, vstest.console.dll, TcpClientExtensions.MessageLoopAsync: NotifyDataAvailable remoteEndPoint: 127.0.0.1:57617 localEndPoint: 127.0.0.1:57616
TpTrace Verbose: 0 : 23320, 7, 2022/08/08, 21:31:38.863, 16808237769563, vstest.console.dll, TestRequestSender.OnExecutionMessageReceived: Received message: {"Version":6,"MessageType":"TestSession.Message","Payload":{"MessageLevel":0,"Message":"NUnit Adapter 4.2.0.0: Test execution started"}}
TpTrace Verbose: 0 : 23320, 7, 2022/08/08, 21:31:38.864, 16808237773643, vstest.console.dll, TestRunRequest:SendTestRunMessage: Starting.
TpTrace Verbose: 0 : 23320, 7, 2022/08/08, 21:31:38.864, 16808237775059, vstest.console.dll, MulticastDelegateUtilities.SafeInvoke: TestRun.LogMessages: Invoking callback 1/1 for Microsoft.VisualStudio.TestPlatform.CommandLine.TestRunResultAggregator.TestRunMessageHandler, took 0 ms.
TpTrace Verbose: 0 : 23320, 4, 2022/08/08, 21:31:38.864, 16808237775169, vstest.console.dll, MulticastDelegateUtilities.SafeInvoke: InternalTestLoggerEvents.SendTestRunMessage: Invoking callback 1/1 for Microsoft.VisualStudio.TestPlatform.CommandLine.Internal.ConsoleLogger.TestMessageHandler, took 0 ms.
TpTrace Information: 0 : 23320, 7, 2022/08/08, 21:31:38.864, 16808237775873, vstest.console.dll, TestRunRequest:SendTestRunMessage: Completed.
TpTrace Verbose: 0 : 23320, 7, 2022/08/08, 21:31:38.864, 16808237777531, vstest.console.dll, MulticastDelegateUtilities.SafeInvoke: LengthPrefixCommunicationChannel: MessageReceived: Invoking callback 1/1 for Microsoft.VisualStudio.TestPlatform.CommunicationUtilities.TestRequestSender+<>c__DisplayClass30_0.<StartTestRun>b__1, took 0 ms.
TpTrace Verbose: 0 : 23320, 7, 2022/08/08, 21:31:38.864, 16808237778227, vstest.console.dll, TcpClientExtensions.MessageLoopAsync: Polling on remoteEndPoint: 127.0.0.1:57617 localEndPoint: 127.0.0.1:57616
TpTrace Verbose: 0 : 23320, 7, 2022/08/08, 21:31:38.923, 16808238369904, vstest.console.dll, TcpClientExtensions.MessageLoopAsync: NotifyDataAvailable remoteEndPoint: 127.0.0.1:57617 localEndPoint: 127.0.0.1:57616
TpTrace Verbose: 0 : 23320, 7, 2022/08/08, 21:31:38.924, 16808238371514, vstest.console.dll, TestRequestSender.OnExecutionMessageReceived: Received message: {"Version":6,"MessageType":"TestSession.Message","Payload":{"MessageLevel":0,"Message":"Running all tests in D:\\Workspace\\Projects\\Sparky_UnitTesting\\Bongo.Models.Tests\\bin\\Debug\\net6.0\\fine-code-coverage\\build-output\\Bongo.Models.Tests.dll"}}
TpTrace Verbose: 0 : 23320, 7, 2022/08/08, 21:31:38.924, 16808238373890, vstest.console.dll, TestRunRequest:SendTestRunMessage: Starting.
TpTrace Verbose: 0 : 23320, 7, 2022/08/08, 21:31:38.924, 16808238374901, vstest.console.dll, MulticastDelegateUtilities.SafeInvoke: TestRun.LogMessages: Invoking callback 1/1 for Microsoft.VisualStudio.TestPlatform.CommandLine.TestRunResultAggregator.TestRunMessageHandler, took 0 ms.
TpTrace Information: 0 : 23320, 7, 2022/08/08, 21:31:38.924, 16808238375594, vstest.console.dll, TestRunRequest:SendTestRunMessage: Completed.
TpTrace Verbose: 0 : 23320, 4, 2022/08/08, 21:31:38.924, 16808238375204, vstest.console.dll, MulticastDelegateUtilities.SafeInvoke: InternalTestLoggerEvents.SendTestRunMessage: Invoking callback 1/1 for Microsoft.VisualStudio.TestPlatform.CommandLine.Internal.ConsoleLogger.TestMessageHandler, took 0 ms.
TpTrace Verbose: 0 : 23320, 7, 2022/08/08, 21:31:38.924, 16808238376237, vstest.console.dll, MulticastDelegateUtilities.SafeInvoke: LengthPrefixCommunicationChannel: MessageReceived: Invoking callback 1/1 for Microsoft.VisualStudio.TestPlatform.CommunicationUtilities.TestRequestSender+<>c__DisplayClass30_0.<StartTestRun>b__1, took 0 ms.
TpTrace Verbose: 0 : 23320, 7, 2022/08/08, 21:31:38.924, 16808238377749, vstest.console.dll, TcpClientExtensions.MessageLoopAsync: Polling on remoteEndPoint: 127.0.0.1:57617 localEndPoint: 127.0.0.1:57616
TpTrace Verbose: 0 : 23320, 7, 2022/08/08, 21:31:39.150, 16808240640667, vstest.console.dll, TcpClientExtensions.MessageLoopAsync: NotifyDataAvailable remoteEndPoint: 127.0.0.1:57617 localEndPoint: 127.0.0.1:57616
TpTrace Verbose: 0 : 23320, 7, 2022/08/08, 21:31:39.151, 16808240642500, vstest.console.dll, TestRequestSender.OnExecutionMessageReceived: Received message: {"Version":6,"MessageType":"TestSession.Message","Payload":{"MessageLevel":0,"Message":"   NUnit3TestExecutor discovered 3 of 3 NUnit test cases using Current Discovery mode, Non-Explicit run"}}
TpTrace Verbose: 0 : 23320, 7, 2022/08/08, 21:31:39.151, 16808240644995, vstest.console.dll, TestRunRequest:SendTestRunMessage: Starting.
TpTrace Verbose: 0 : 23320, 7, 2022/08/08, 21:31:39.151, 16808240646026, vstest.console.dll, MulticastDelegateUtilities.SafeInvoke: TestRun.LogMessages: Invoking callback 1/1 for Microsoft.VisualStudio.TestPlatform.CommandLine.TestRunResultAggregator.TestRunMessageHandler, took 0 ms.
TpTrace Verbose: 0 : 23320, 4, 2022/08/08, 21:31:39.151, 16808240646242, vstest.console.dll, MulticastDelegateUtilities.SafeInvoke: InternalTestLoggerEvents.SendTestRunMessage: Invoking callback 1/1 for Microsoft.VisualStudio.TestPlatform.CommandLine.Internal.ConsoleLogger.TestMessageHandler, took 0 ms.
TpTrace Information: 0 : 23320, 7, 2022/08/08, 21:31:39.151, 16808240646750, vstest.console.dll, TestRunRequest:SendTestRunMessage: Completed.
TpTrace Verbose: 0 : 23320, 7, 2022/08/08, 21:31:39.151, 16808240648204, vstest.console.dll, MulticastDelegateUtilities.SafeInvoke: LengthPrefixCommunicationChannel: MessageReceived: Invoking callback 1/1 for Microsoft.VisualStudio.TestPlatform.CommunicationUtilities.TestRequestSender+<>c__DisplayClass30_0.<StartTestRun>b__1, took 0 ms.
TpTrace Verbose: 0 : 23320, 7, 2022/08/08, 21:31:39.151, 16808240648971, vstest.console.dll, TcpClientExtensions.MessageLoopAsync: Polling on remoteEndPoint: 127.0.0.1:57617 localEndPoint: 127.0.0.1:57616
TpTrace Verbose: 0 : 23320, 7, 2022/08/08, 21:31:39.373, 16808242868888, vstest.console.dll, TcpClientExtensions.MessageLoopAsync: NotifyDataAvailable remoteEndPoint: 127.0.0.1:57617 localEndPoint: 127.0.0.1:57616
TpTrace Verbose: 0 : 23320, 7, 2022/08/08, 21:31:39.373, 16808242870398, vstest.console.dll, TestRequestSender.OnExecutionMessageReceived: Received message: {"Version":6,"MessageType":"TestSession.Message","Payload":{"MessageLevel":0,"Message":"NUnit Adapter 4.2.0.0: Test execution complete"}}
TpTrace Verbose: 0 : 23320, 7, 2022/08/08, 21:31:39.374, 16808242873348, vstest.console.dll, TestRunRequest:SendTestRunMessage: Starting.
TpTrace Verbose: 0 : 23320, 7, 2022/08/08, 21:31:39.374, 16808242874378, vstest.console.dll, MulticastDelegateUtilities.SafeInvoke: TestRun.LogMessages: Invoking callback 1/1 for Microsoft.VisualStudio.TestPlatform.CommandLine.TestRunResultAggregator.TestRunMessageHandler, took 0 ms.
TpTrace Verbose: 0 : 23320, 4, 2022/08/08, 21:31:39.374, 16808242874630, vstest.console.dll, MulticastDelegateUtilities.SafeInvoke: InternalTestLoggerEvents.SendTestRunMessage: Invoking callback 1/1 for Microsoft.VisualStudio.TestPlatform.CommandLine.Internal.ConsoleLogger.TestMessageHandler, took 0 ms.
TpTrace Information: 0 : 23320, 7, 2022/08/08, 21:31:39.374, 16808242875093, vstest.console.dll, TestRunRequest:SendTestRunMessage: Completed.
TpTrace Verbose: 0 : 23320, 7, 2022/08/08, 21:31:39.374, 16808242876684, vstest.console.dll, MulticastDelegateUtilities.SafeInvoke: LengthPrefixCommunicationChannel: MessageReceived: Invoking callback 1/1 for Microsoft.VisualStudio.TestPlatform.CommunicationUtilities.TestRequestSender+<>c__DisplayClass30_0.<StartTestRun>b__1, took 0 ms.
TpTrace Verbose: 0 : 23320, 7, 2022/08/08, 21:31:39.374, 16808242877334, vstest.console.dll, TcpClientExtensions.MessageLoopAsync: Polling on remoteEndPoint: 127.0.0.1:57617 localEndPoint: 127.0.0.1:57616
TpTrace Verbose: 0 : 23320, 7, 2022/08/08, 21:31:39.481, 16808243944644, vstest.console.dll, TcpClientExtensions.MessageLoopAsync: NotifyDataAvailable remoteEndPoint: 127.0.0.1:57617 localEndPoint: 127.0.0.1:57616
TpTrace Verbose: 0 : 23320, 7, 2022/08/08, 21:31:39.481, 16808243947446, vstest.console.dll, TestRequestSender.OnExecutionMessageReceived: Received message: {"Version":6,"MessageType":"TestExecution.Completed","Payload":{"TestRunCompleteArgs":{"TestRunStatistics":{"ExecutedTests":3,"Stats":{"Passed":3}},"IsCanceled":false,"IsAborted":false,"Error":null,"AttachmentSets":[],"InvokedDataCollectors":[],"ElapsedTimeInRunningTests":"00:00:00.5722597","Metrics":{},"DiscoveredExtensions":{"TestDiscoverers":["NUnit.VisualStudio.TestAdapter.NUnit3TestDiscoverer, NUnit3.TestAdapter, Version=4.2.0.0, Culture=neutral, PublicKeyToken=4cb40d35494691ac"],"TestExecutors":["executor://NUnit3TestExecutor"],"TestExecutors2":[],"TestSettingsProviders":[]}},"LastRunTests":{"NewTestResults":[{"TestCase":{"Id":"934475fa-db40-7cc4-ff1e-7cf4f2f5e1b3","FullyQualifiedName":"Bongo.Models.DateInFutureAttributeTests.DateValidator_InputExpectedDateRange_DateValidity(-100)","DisplayName":"DateValidator_InputExpectedDateRange_DateValidity(-100)","ExecutorUri":"executor://NUnit3TestExecutor","Source":"D:\\Workspace\\Projects\\Sparky_UnitTesting\\Bongo.Models.Tests\\bin\\Debug\\net6.0\\fine-code-coverage\\build-output\\Bongo.Models.Tests.dll","CodeFilePath":null,"LineNumber":0,"Properties":[{"Key":{"Id":"NUnit.Seed","Label":"Seed","Category":"","Description":"","Attributes":0,"ValueType":"System.String"},"Value":"457908116"}]},"Attachments":[],"Outcome":1,"ErrorMessage":null,"ErrorStackTrace":null,"DisplayName":"DateValidator_InputExpectedDateRange_DateValidity(-100)","Messages":[],"ComputerName":"SHREYAN","Duration":"00:00:00.0278380","StartTime":"2022-08-08T16:01:39.221097+00:00","EndTime":"2022-08-08T16:01:39.2487852+00:00","Properties":[{"Key":{"Id":"NUnit.Seed","Label":"Seed","Category":"","Description":"","Attributes":0,"ValueType":"System.String"},"Value":"457908116"}]},{"TestCase":{"Id":"d2788fc0-1754-d3bc-1b43-720607d37b43","FullyQualifiedName":"Bongo.Models.DateInFutureAttributeTests.DateValidator_InputExpectedDateRange_DateValidity(100)","DisplayName":"DateValidator_InputExpectedDateRange_DateValidity(100)","ExecutorUri":"executor://NUnit3TestExecutor","Source":"D:\\Workspace\\Projects\\Sparky_UnitTesting\\Bongo.Models.Tests\\bin\\Debug\\net6.0\\fine-code-coverage\\build-output\\Bongo.Models.Tests.dll","CodeFilePath":null,"LineNumber":0,"Properties":[{"Key":{"Id":"NUnit.Seed","Label":"Seed","Category":"","Description":"","Attributes":0,"ValueType":"System.String"},"Value":"1467850640"}]},"Attachments":[],"Outcome":1,"ErrorMessage":null,"ErrorStackTrace":null,"DisplayName":"DateValidator_InputExpectedDateRange_DateValidity(100)","Messages":[],"ComputerName":"SHREYAN","Duration":"00:00:00.0003270","StartTime":"2022-08-08T16:01:39.2746851+00:00","EndTime":"2022-08-08T16:01:39.2750128+00:00","Properties":[{"Key":{"Id":"NUnit.Seed","Label":"Seed","Category":"","Description":"","Attributes":0,"ValueType":"System.String"},"Value":"1467850640"}]},{"TestCase":{"Id":"926be612-ea1b-9eda-7413-d040c406d88f","FullyQualifiedName":"Bongo.Models.DateInFutureAttributeTests.DateValidator_NotValidDate_ReturnErrorMessage","DisplayName":"DateValidator_NotValidDate_ReturnErrorMessage","ExecutorUri":"executor://NUnit3TestExecutor","Source":"D:\\Workspace\\Projects\\Sparky_UnitTesting\\Bongo.Models.Tests\\bin\\Debug\\net6.0\\fine-code-coverage\\build-output\\Bongo.Models.Tests.dll","CodeFilePath":null,"LineNumber":0,"Properties":[{"Key":{"Id":"NUnit.Seed","Label":"Seed","Category":"","Description":"","Attributes":0,"ValueType":"System.String"},"Value":"902589461"}]},"Attachments":[],"Outcome":1,"ErrorMessage":null,"ErrorStackTrace":null,"DisplayName":"DateValidator_NotValidDate_ReturnErrorMessage","Messages":[],"ComputerName":"SHREYAN","Duration":"00:00:00.0006240","StartTime":"2022-08-08T16:01:39.3155834+00:00","EndTime":"2022-08-08T16:01:39.3162075+00:00","Properties":[{"Key":{"Id":"NUnit.Seed","Label":"Seed","Category":"","Description":"","Attributes":0,"ValueType":"System.String"},"Value":"902589461"}]}],"TestRunStatistics":{"ExecutedTests":3,"Stats":{"Passed":3}},"ActiveTests":[]},"RunAttachments":[],"ExecutorUris":["executor://nunit3testexecutor/"]}}
TpTrace Verbose: 0 : 23320, 7, 2022/08/08, 21:31:39.484, 16808243977891, vstest.console.dll, TestRequestSender.EndSession: Sending end session.
TpTrace Verbose: 0 : 23320, 7, 2022/08/08, 21:31:39.484, 16808243981001, vstest.console.dll, ProxyOperationManager.Close: waiting for test host to exit for 100 ms
TpTrace Warning: 0 : 23320, 11, 2022/08/08, 21:31:39.505, 16808244188839, vstest.console.dll, TestHostManagerCallbacks.ErrorReceivedCallback Test host standard error line: 
TpTrace Verbose: 0 : 23320, 11, 2022/08/08, 21:31:39.518, 16808244320354, vstest.console.dll, TestHostProvider.ExitCallBack: Host exited starting callback.
TpTrace Information: 0 : 23320, 11, 2022/08/08, 21:31:39.519, 16808244327386, vstest.console.dll, TestHostManagerCallbacks.ExitCallBack: Testhost processId: 23492 exited with exitcode: 0 error: ''
TpTrace Verbose: 0 : 23320, 11, 2022/08/08, 21:31:39.519, 16808244329002, vstest.console.dll, DotnetTestHostManager.OnHostExited: invoking OnHostExited callback
TpTrace Verbose: 0 : 23320, 11, 2022/08/08, 21:31:39.519, 16808244330211, vstest.console.dll, CrossPlatEngine.TestHostManagerHostExited: calling on client process exit callback.
TpTrace Information: 0 : 23320, 11, 2022/08/08, 21:31:39.520, 16808244331221, vstest.console.dll, TestRequestSender.OnClientProcessExit: Test host process exited. Standard error: 
TpTrace Information: 0 : 23320, 7, 2022/08/08, 21:31:39.520, 16808244331566, vstest.console.dll, SocketServer.Stop: Stop server endPoint: 127.0.0.1:57616
TpTrace Information: 0 : 23320, 11, 2022/08/08, 21:31:39.520, 16808244332097, vstest.console.dll, SocketServer.Stop: Stop server endPoint: 127.0.0.1:57616
TpTrace Information: 0 : 23320, 11, 2022/08/08, 21:31:39.520, 16808244333539, vstest.console.dll, SocketServer.Stop: Cancellation requested. Stopping message loop.
TpTrace Information: 0 : 23320, 7, 2022/08/08, 21:31:39.520, 16808244332766, vstest.console.dll, SocketServer.Stop: Cancellation requested. Stopping message loop.
TpTrace Information: 0 : 23320, 7, 2022/08/08, 21:31:39.520, 16808244335173, vstest.console.dll, Closing the connection
TpTrace Verbose: 0 : 23320, 11, 2022/08/08, 21:31:39.520, 16808244335377, vstest.console.dll, MulticastDelegateUtilities.SafeInvoke: HostProviderEvents.OnHostExited: Invoking callback 1/1 for Microsoft.VisualStudio.TestPlatform.CrossPlatEngine.Client.ProxyOperationManager.TestHostManagerHostExited, took 0 ms.
TpTrace Verbose: 0 : 23320, 7, 2022/08/08, 21:31:39.521, 16808244342473, vstest.console.dll, ProxyDataCollectionManager.InvokeDataCollectionServiceAction: Starting.
TpTrace Information: 0 : 23320, 7, 2022/08/08, 21:31:39.521, 16808244343623, vstest.console.dll, ProxyDataCollectionManager.AfterTestRunEnd: Get attachment set and invoked data collectors processId: 8836 port: 57611
TpTrace Verbose: 0 : 23320, 7, 2022/08/08, 21:31:39.521, 16808244344442, vstest.console.dll, DataCollectionRequestSender.SendAfterTestRunStartAndGetResult: Send AfterTestRunEnd message with isCancelled: False
TpTrace Verbose: 0 : 23320, 7, 2022/08/08, 21:31:39.536, 16808244492691, vstest.console.dll, DataCollectionRequestSender.SendAfterTestRunStartAndGetResult: Received message: (DataCollection.AfterTestRunEndResult) -> {
  "AttachmentSets": [],
  "InvokedDataCollectors": [
    {
      "Uri": "datacollector://Microsoft/TestPlatform/Extensions/Blame/v1",
      "FriendlyName": "Blame",
      "AssemblyQualifiedName": "Microsoft.TestPlatform.Extensions.BlameDataCollector.BlameCollector, Microsoft.TestPlatform.Extensions.BlameDataCollector, Version=15.0.0.0, Culture=neutral, PublicKeyToken=b03f5f7f11d50a3a",
      "FilePath": "C:\\Program Files\\dotnet\\sdk\\6.0.302\\Extensions\\Microsoft.TestPlatform.Extensions.BlameDataCollector.dll",
      "HasAttachmentProcessor": false
    }
  ],
  "Metrics": {}
}
TpTrace Warning: 0 : 23320, 10, 2022/08/08, 21:31:39.545, 16808244586532, vstest.console.dll, DataCollectionLauncher.ErrorReceivedCallback datacollector standard error line: 
TpTrace Information: 0 : 23320, 7, 2022/08/08, 21:31:39.547, 16808244609607, vstest.console.dll, ProxyDataCollectionManager.InvokeDataCollectionServiceAction: Completed.
TpTrace Information: 0 : 23320, 10, 2022/08/08, 21:31:39.553, 16808244666201, vstest.console.dll, DataCollectionLauncher.ExitCallBack: Data collector exited with exitcode: 0 error: ''
TpTrace Verbose: 0 : 23320, 7, 2022/08/08, 21:31:39.630, 16808245434859, vstest.console.dll, TestRunRequest:SendTestRunStatsChange: Starting.
TpTrace Verbose: 0 : 23320, 7, 2022/08/08, 21:31:39.630, 16808245438625, vstest.console.dll, MulticastDelegateUtilities.SafeInvoke: TestRun.RunStatsChanged: Invoking callbacks was skipped because there are no subscribers.
TpTrace Information: 0 : 23320, 7, 2022/08/08, 21:31:39.630, 16808245439352, vstest.console.dll, TestRunRequest:SendTestRunStatsChange: Completed.
TpTrace Verbose: 0 : 23320, 7, 2022/08/08, 21:31:39.631, 16808245442953, vstest.console.dll, ParallelProxyExecutionManager: HandlePartialRunComplete: Total completed clients = 1, Run complete = True, Run canceled: False.
TpTrace Verbose: 0 : 23320, 4, 2022/08/08, 21:31:39.634, 16808245479916, vstest.console.dll, MulticastDelegateUtilities.SafeInvoke: InternalTestLoggerEvents.SendTestResult: Invoking callback 1/1 for Microsoft.VisualStudio.TestPlatform.CommandLine.Internal.ConsoleLogger.TestResultHandler, took 4 ms.
TpTrace Verbose: 0 : 23320, 4, 2022/08/08, 21:31:39.635, 16808245481871, vstest.console.dll, MulticastDelegateUtilities.SafeInvoke: InternalTestLoggerEvents.SendTestResult: Invoking callback 1/1 for Microsoft.VisualStudio.TestPlatform.CommandLine.Internal.ConsoleLogger.TestResultHandler, took 0 ms.
TpTrace Verbose: 0 : 23320, 4, 2022/08/08, 21:31:39.635, 16808245482945, vstest.console.dll, MulticastDelegateUtilities.SafeInvoke: InternalTestLoggerEvents.SendTestResult: Invoking callback 1/1 for Microsoft.VisualStudio.TestPlatform.CommandLine.Internal.ConsoleLogger.TestResultHandler, took 0 ms.
TpTrace Verbose: 0 : 23320, 4, 2022/08/08, 21:31:39.644, 16808245581039, vstest.console.dll, MulticastDelegateUtilities.SafeInvoke: InternalTestLoggerEvents.SendTestRunComplete: Invoking callback 1/2 for Microsoft.TestPlatform.Extensions.BlameDataCollector.BlameLogger.TestRunCompleteHandler, took 0 ms.
TpTrace Verbose: 0 : 23320, 4, 2022/08/08, 21:31:39.653, 16808245670601, vstest.console.dll, MulticastDelegateUtilities.SafeInvoke: InternalTestLoggerEvents.SendTestRunComplete: Invoking callback 2/2 for Microsoft.VisualStudio.TestPlatform.CommandLine.Internal.ConsoleLogger.TestRunCompleteHandler, took 8 ms.
TpTrace Verbose: 0 : 23320, 7, 2022/08/08, 21:31:39.654, 16808245673976, vstest.console.dll, TestRunRequest:TestRunComplete: Starting. IsAborted:False IsCanceled:False.
TpTrace Verbose: 0 : 23320, 7, 2022/08/08, 21:31:39.655, 16808245682240, vstest.console.dll, TestLoggerManager.HandleTestRunComplete: Ignoring as the object is disposed.
TpTrace Verbose: 0 : 23320, 7, 2022/08/08, 21:31:39.655, 16808245684875, vstest.console.dll, MulticastDelegateUtilities.SafeInvoke: TestRun.TestRunComplete: Invoking callback 1/2 for Microsoft.VisualStudio.TestPlatform.CommandLine.TestRunResultAggregator.TestRunCompletionHandler, took 0 ms.
TpTrace Verbose: 0 : 23320, 7, 2022/08/08, 21:31:39.655, 16808245685983, vstest.console.dll, MulticastDelegateUtilities.SafeInvoke: TestRun.TestRunComplete: Invoking callback 2/2 for Microsoft.VisualStudio.TestPlatform.CommandLine.Processors.RunTestsArgumentExecutor+TestRunRequestEventsRegistrar.TestRunRequest_OnRunCompletion, took 0 ms.
TpTrace Information: 0 : 23320, 7, 2022/08/08, 21:31:39.655, 16808245687019, vstest.console.dll, TestRunRequest:TestRunComplete: Completed.
TpTrace Verbose: 0 : 23320, 7, 2022/08/08, 21:31:39.655, 16808245687537, vstest.console.dll, TestRequestSender.SetOperationComplete: Setting operation complete.
TpTrace Verbose: 0 : 23320, 1, 2022/08/08, 21:31:39.655, 16808245687548, vstest.console.dll, TestRunRequest.Dispose: Starting.
TpTrace Information: 0 : 23320, 7, 2022/08/08, 21:31:39.655, 16808245688178, vstest.console.dll, SocketServer.Stop: Stop server endPoint: 127.0.0.1:57616
TpTrace Information: 0 : 23320, 1, 2022/08/08, 21:31:39.655, 16808245689322, vstest.console.dll, TestRunRequest.Dispose: Completed.
TpTrace Information: 0 : 23320, 7, 2022/08/08, 21:31:39.655, 16808245689895, vstest.console.dll, SocketServer.Stop: Cancellation requested. Stopping message loop.
TpTrace Information: 0 : 23320, 1, 2022/08/08, 21:31:39.655, 16808245690906, vstest.console.dll, TestRequestManager.RunTests: run tests completed.
TpTrace Verbose: 0 : 23320, 7, 2022/08/08, 21:31:39.656, 16808245691316, vstest.console.dll, MulticastDelegateUtilities.SafeInvoke: LengthPrefixCommunicationChannel: MessageReceived: Invoking callback 1/1 for Microsoft.VisualStudio.TestPlatform.CommunicationUtilities.TestRequestSender+<>c__DisplayClass30_0.<StartTestRun>b__1, took 174 ms.
TpTrace Information: 0 : 23320, 7, 2022/08/08, 21:31:39.656, 16808245692519, vstest.console.dll, SocketServer.PrivateStop: Stopping server endPoint: 127.0.0.1:57616 error: 
TpTrace Information: 0 : 23320, 1, 2022/08/08, 21:31:39.656, 16808245692745, vstest.console.dll, RunTestsArgumentProcessor:Execute: Test run is completed.
TpTrace Verbose: 0 : 23320, 1, 2022/08/08, 21:31:39.656, 16808245695961, vstest.console.dll, Executor.Execute: Exiting with exit code of 0
TpTrace Verbose: 0 : 23320, 7, 2022/08/08, 21:31:39.656, 16808245697818, vstest.console.dll, LengthPrefixCommunicationChannel.Dispose: Dispose reader and writer.
TpTrace Information: 0 : 23320, 7, 2022/08/08, 21:31:39.656, 16808245699085, vstest.console.dll, SocketServer.Stop: Raise disconnected event endPoint: 127.0.0.1:57616 error: 
TpTrace Verbose: 0 : 23320, 7, 2022/08/08, 21:31:39.656, 16808245699853, vstest.console.dll, TestRequestSender: OnTestRunAbort: Operation is already complete. Skip error message.
TpTrace Verbose: 0 : 23320, 7, 2022/08/08, 21:31:39.656, 16808245700411, vstest.console.dll, MulticastDelegateUtilities.SafeInvoke: SocketServer: ClientDisconnected: Invoking callback 1/1 for Microsoft.VisualStudio.TestPlatform.CommunicationUtilities.TestRequestSender.<InitializeCommunication>b__23_1, took 0 ms.
TpTrace Verbose: 0 : 23320, 7, 2022/08/08, 21:31:39.656, 16808245700838, vstest.console.dll, TcpClientExtensions.MessageLoopAsync: exiting MessageLoopAsync remoteEndPoint: 127.0.0.1:57617 localEndPoint: 127.0.0.1:57616
